18.0360 	EXP 	Created window1 = Window(allowGUI=False, allowStencil=False, args=UNKNOWN, autoLog=True, bitsMode=UNKNOWN, blendMode='avg', color='white', colorSpace='named', fullscr=UNKNOWN, gamma=None, kwargs=UNKNOWN, lms=UNKNOWN, monitor=<psychopy.monitors.calibTools.Monitor object at 0x1E4A60F0>, multiSample=False, name='window1', numSamples=2, pos=[0, 0], screen=0, size=array([1920, 1080]), stereo=False, units=u'norm', useFBO=True, useRetina=False, viewOri=0.0, viewPos=None, viewScale=None, waitBlanking=True, winType=u'pyglet')
18.0361 	EXP 	window1: recordFrameIntervals = False
18.2019 	EXP 	window1: recordFrameIntervals = True
18.3859 	EXP 	window1: recordFrameIntervals = False
18.7423 	EXP 	Created wel_text = TextStim(alignHoriz='center', alignVert='center', antialias=True, autoLog=True, bold=False, color='black', colorSpace='named', contrast=1.0, depth=0.0, flipHoriz=False, flipVert=False, font='Consolas', fontFiles=[], height=0.1, italic=False, name='wel_text', opacity=1.0, ori=0, pos=array([ 0.,  0.]), rgb=array([ 0.,  0.,  0.]), text=newstr(...), units=u'norm', win=Window(...), wrapWidth=1)
18.7473 	EXP 	Created image_practice = ImageStim(autoLog=True, color=array([ 1.,  1.,  1.]), colorSpace='rgb', contrast=1.0, depth=0.0, flipHoriz=False, flipVert=False, image='sin', interpolate=True, mask=None, maskParams=None, name='image_practice', opacity=1.0, ori=0.0, pos=array([ 0.,  0.]), size=array([ 0.45,  0.8 ]), texRes=128, units=u'norm', win=Window(...))
18.7794 	EXP 	Created point_prac = TextStim(alignHoriz='center', alignVert='center', antialias=True, autoLog=True, bold=False, color='black', colorSpace='named', contrast=1.0, depth=-2.0, flipHoriz=False, flipVert=False, font='Arial', fontFiles=[], height=0.1, italic=False, name='point_prac', opacity=1.0, ori=0, pos=array([ 0.,  0.]), rgb=array([ 0.,  0.,  0.]), text='+', units=u'norm', win=Window(...), wrapWidth=1)
18.8469 	EXP 	Created text_base = TextStim(alignHoriz='center', alignVert='center', antialias=True, autoLog=True, bold=False, color='black', colorSpace='named', contrast=1.0, depth=0.0, flipHoriz=False, flipVert=False, font='Consolas', fontFiles=[], height=0.1, italic=False, name='text_base', opacity=1.0, ori=0, pos=array([ 0.,  0.]), rgb=array([ 0.,  0.,  0.]), text=newstr(...), units=u'norm', win=Window(...), wrapWidth=1)
18.8563 	EXP 	Created huan_point = TextStim(alignHoriz='center', alignVert='center', antialias=True, autoLog=True, bold=False, color='black', colorSpace='named', contrast=1.0, depth=0.0, flipHoriz=False, flipVert=False, font='Arial', fontFiles=[], height=0.1, italic=False, name='huan_point', opacity=1.0, ori=0, pos=array([ 0.,  0.]), rgb=array([ 0.,  0.,  0.]), text='+', units=u'norm', win=Window(...), wrapWidth=1)
18.8626 	EXP 	Created image_huan = ImageStim(autoLog=True, color=array([ 1.,  1.,  1.]), colorSpace='rgb', contrast=1.0, depth=-1.0, flipHoriz=False, flipVert=False, image='sin', interpolate=True, mask=None, maskParams=None, name='image_huan', opacity=1.0, ori=0.0, pos=array([ 0.,  0.]), size=array([ 0.45,  0.8 ]), texRes=128, units=u'norm', win=Window(...))
18.8725 	EXP 	Created point_base = TextStim(alignHoriz='center', alignVert='center', antialias=True, autoLog=True, bold=False, color='black', colorSpace='named', contrast=1.0, depth=0.0, flipHoriz=False, flipVert=False, font='Arial', fontFiles=[], height=0.1, italic=False, name='point_base', opacity=1.0, ori=0, pos=array([ 0.,  0.]), rgb=array([ 0.,  0.,  0.]), text='+', units=u'norm', win=Window(...), wrapWidth=1)
18.8792 	EXP 	Created image_base = ImageStim(autoLog=True, color=array([ 1.,  1.,  1.]), colorSpace='rgb', contrast=1.0, depth=-1.0, flipHoriz=False, flipVert=False, image='sin', interpolate=True, mask=None, maskParams=None, name='image_base', opacity=1.0, ori=0.0, pos=array([ 0.,  0.]), size=array([ 0.45,  0.8 ]), texRes=128, units=u'norm', win=Window(...))
18.8903 	EXP 	Created point_for = TextStim(alignHoriz='center', alignVert='center', antialias=True, autoLog=True, bold=False, color='black', colorSpace='named', contrast=1.0, depth=0.0, flipHoriz=False, flipVert=False, font='Arial', fontFiles=[], height=0.1, italic=False, name='point_for', opacity=1.0, ori=0, pos=array([ 0.,  0.]), rgb=array([ 0.,  0.,  0.]), text='+', units=u'norm', win=Window(...), wrapWidth=1)
18.8969 	EXP 	Created image_for = ImageStim(autoLog=True, color=array([ 1.,  1.,  1.]), colorSpace='rgb', contrast=1.0, depth=-2.0, flipHoriz=False, flipVert=False, image='sin', interpolate=True, mask=None, maskParams=None, name='image_for', opacity=1.0, ori=0.0, pos=array([ 0.,  0.]), size=array([ 0.45,  0.8 ]), texRes=128, units=u'norm', win=Window(...))
18.9140 	EXP 	wel_text: autoDraw = True
33.4842 	DATA 	Keypress: space
33.4945 	EXP 	Imported pic\prac_click.csv as conditions, 47 conditions, 4 params
33.4954 	EXP 	Created sequence: random, trialTypes=47, nReps=1, seed=None
33.4961 	EXP 	New trial (rep=0, index=0): OrderedDict([('no', 46), ('pic', u'pic/8.png'), ('cla', u'practice'), ('ans', ['num_8'])])
33.5586 	EXP 	wel_text: autoDraw = False
33.5586 	EXP 	image_practice: image = u'pic/8.png'
33.5586 	EXP 	point_prac: autoDraw = True
34.5014 	EXP 	point_prac: autoDraw = False
34.5713 	EXP 	image_practice: autoDraw = True
35.3363 	DATA 	Keypress: num_8
35.3382 	EXP 	New trial (rep=0, index=1): OrderedDict([('no', 11), ('pic', u'pic/2.png'), ('cla', u'practice'), ('ans', ['num_2'])])
35.3863 	EXP 	image_practice: autoDraw = False
35.3863 	EXP 	point_prac: autoDraw = False
35.3863 	EXP 	image_practice: image = u'pic/2.png'
35.3863 	EXP 	point_prac: autoDraw = True
36.3532 	EXP 	point_prac: autoDraw = False
36.3699 	EXP 	image_practice: autoDraw = True
36.8711 	DATA 	Keypress: num_2
36.8736 	EXP 	New trial (rep=0, index=2): OrderedDict([('no', 14), ('pic', u'pic/5.png'), ('cla', u'practice'), ('ans', ['num_5'])])
36.9311 	EXP 	image_practice: autoDraw = False
36.9311 	EXP 	point_prac: autoDraw = False
36.9311 	EXP 	image_practice: image = u'pic/5.png'
36.9311 	EXP 	point_prac: autoDraw = True
37.8881 	EXP 	point_prac: autoDraw = False
37.9048 	EXP 	image_practice: autoDraw = True
38.4065 	DATA 	Keypress: num_5
38.4238 	EXP 	New trial (rep=0, index=3): OrderedDict([('no', 7), ('pic', u'pic/7.png'), ('cla', u'practice'), ('ans', ['num_7'])])
38.4715 	EXP 	image_practice: autoDraw = False
38.4715 	EXP 	point_prac: autoDraw = False
38.4715 	EXP 	image_practice: image = u'pic/7.png'
38.4715 	EXP 	point_prac: autoDraw = True
39.4397 	EXP 	point_prac: autoDraw = False
39.4564 	EXP 	image_practice: autoDraw = True
40.2253 	DATA 	Keypress: num_7
40.2279 	EXP 	New trial (rep=0, index=4): OrderedDict([('no', 37), ('pic', u'pic/1.png'), ('cla', u'practice'), ('ans', ['num_1'])])
40.2848 	EXP 	image_practice: autoDraw = False
40.2848 	EXP 	point_prac: autoDraw = False
40.2848 	EXP 	image_practice: image = u'pic/1.png'
40.2848 	EXP 	point_prac: autoDraw = True
41.2421 	EXP 	point_prac: autoDraw = False
41.2582 	EXP 	image_practice: autoDraw = True
41.7592 	DATA 	Keypress: num_1
41.7606 	EXP 	New trial (rep=0, index=5): OrderedDict([('no', 34), ('pic', u'pic/7.png'), ('cla', u'practice'), ('ans', ['num_7'])])
41.8091 	EXP 	image_practice: autoDraw = False
41.8091 	EXP 	point_prac: autoDraw = False
41.8091 	EXP 	image_practice: image = u'pic/7.png'
41.8091 	EXP 	point_prac: autoDraw = True
42.7763 	EXP 	point_prac: autoDraw = False
42.7930 	EXP 	image_practice: autoDraw = True
43.7779 	DATA 	Keypress: num_7
43.7794 	EXP 	New trial (rep=0, index=6): OrderedDict([('no', 12), ('pic', u'pic/3.png'), ('cla', u'practice'), ('ans', ['num_3'])])
43.8373 	EXP 	image_practice: autoDraw = False
43.8373 	EXP 	point_prac: autoDraw = False
43.8373 	EXP 	image_practice: image = u'pic/3.png'
43.8373 	EXP 	point_prac: autoDraw = True
44.7950 	EXP 	point_prac: autoDraw = False
44.8117 	EXP 	image_practice: autoDraw = True
45.5131 	DATA 	Keypress: num_3
45.5156 	EXP 	New trial (rep=0, index=7): OrderedDict([('no', 8), ('pic', u'pic/8.png'), ('cla', u'practice'), ('ans', ['num_8'])])
45.5685 	EXP 	image_practice: autoDraw = False
45.5685 	EXP 	point_prac: autoDraw = False
45.5685 	EXP 	image_practice: image = u'pic/8.png'
45.5685 	EXP 	point_prac: autoDraw = True
46.5302 	EXP 	point_prac: autoDraw = False
46.5469 	EXP 	image_practice: autoDraw = True
47.0979 	DATA 	Keypress: num_8
47.0995 	EXP 	New trial (rep=0, index=8): OrderedDict([('no', 24), ('pic', u'pic/6.png'), ('cla', u'practice'), ('ans', ['num_6'])])
47.1475 	EXP 	image_practice: autoDraw = False
47.1475 	EXP 	point_prac: autoDraw = False
47.1475 	EXP 	image_practice: image = u'pic/6.png'
47.1475 	EXP 	point_prac: autoDraw = True
48.1150 	EXP 	point_prac: autoDraw = False
48.1317 	EXP 	image_practice: autoDraw = True
48.6496 	DATA 	Keypress: num_6
48.6522 	EXP 	New trial (rep=0, index=9): OrderedDict([('no', 28), ('pic', u'pic/1.png'), ('cla', u'practice'), ('ans', ['num_1'])])
48.7100 	EXP 	image_practice: autoDraw = False
48.7100 	EXP 	point_prac: autoDraw = False
48.7100 	EXP 	image_practice: image = u'pic/1.png'
48.7100 	EXP 	point_prac: autoDraw = True
49.6666 	EXP 	point_prac: autoDraw = False
49.6832 	EXP 	image_practice: autoDraw = True
50.2513 	DATA 	Keypress: num_1
50.2540 	EXP 	New trial (rep=0, index=10): OrderedDict([('no', 43), ('pic', u'pic/7.png'), ('cla', u'practice'), ('ans', ['num_7'])])
50.3102 	EXP 	image_practice: autoDraw = False
50.3102 	EXP 	point_prac: autoDraw = False
50.3102 	EXP 	image_practice: image = u'pic/7.png'
50.3102 	EXP 	point_prac: autoDraw = True
51.2681 	EXP 	point_prac: autoDraw = False
51.2848 	EXP 	image_practice: autoDraw = True
51.8383 	DATA 	Keypress: num_7
51.8535 	EXP 	New trial (rep=0, index=11): OrderedDict([('no', 35), ('pic', u'pic/8.png'), ('cla', u'practice'), ('ans', ['num_8'])])
51.8978 	EXP 	image_practice: autoDraw = False
51.8978 	EXP 	point_prac: autoDraw = False
51.8978 	EXP 	image_practice: image = u'pic/8.png'
51.8978 	EXP 	point_prac: autoDraw = True
52.8697 	EXP 	point_prac: autoDraw = False
52.8864 	EXP 	image_practice: autoDraw = True
53.3208 	DATA 	Keypress: num_8
53.3224 	EXP 	New trial (rep=0, index=12): OrderedDict([('no', 22), ('pic', u'pic/4.png'), ('cla', u'practice'), ('ans', ['num_4'])])
53.3727 	EXP 	image_practice: autoDraw = False
53.3727 	EXP 	point_prac: autoDraw = False
53.3727 	EXP 	image_practice: image = u'pic/4.png'
53.3727 	EXP 	point_prac: autoDraw = True
54.3378 	EXP 	point_prac: autoDraw = False
54.3545 	EXP 	image_practice: autoDraw = True
54.8066 	DATA 	Keypress: num_4
54.8232 	EXP 	New trial (rep=0, index=13): OrderedDict([('no', 21), ('pic', u'pic/3.png'), ('cla', u'practice'), ('ans', ['num_3'])])
54.8748 	EXP 	image_practice: autoDraw = False
54.8748 	EXP 	point_prac: autoDraw = False
54.8748 	EXP 	image_practice: image = u'pic/3.png'
54.8748 	EXP 	point_prac: autoDraw = True
55.8394 	EXP 	point_prac: autoDraw = False
55.8561 	EXP 	image_practice: autoDraw = True
56.5743 	DATA 	Keypress: num_3
56.5769 	EXP 	New trial (rep=0, index=14): OrderedDict([('no', 6), ('pic', u'pic/6.png'), ('cla', u'practice'), ('ans', ['num_6'])])
56.6371 	EXP 	image_practice: autoDraw = False
56.6371 	EXP 	point_prac: autoDraw = False
56.6371 	EXP 	image_practice: image = u'pic/6.png'
56.6371 	EXP 	point_prac: autoDraw = True
57.5911 	EXP 	point_prac: autoDraw = False
57.6078 	EXP 	image_practice: autoDraw = True
58.1589 	DATA 	Keypress: num_6
58.1605 	EXP 	New trial (rep=0, index=15): OrderedDict([('no', 32), ('pic', u'pic/5.png'), ('cla', u'practice'), ('ans', ['num_5'])])
58.2067 	EXP 	image_practice: autoDraw = False
58.2067 	EXP 	point_prac: autoDraw = False
58.2067 	EXP 	image_practice: image = u'pic/5.png'
58.2067 	EXP 	point_prac: autoDraw = True
59.1760 	EXP 	point_prac: autoDraw = False
59.1927 	EXP 	image_practice: autoDraw = True
59.5939 	DATA 	Keypress: num_5
59.5955 	EXP 	New trial (rep=0, index=16): OrderedDict([('no', 5), ('pic', u'pic/5.png'), ('cla', u'practice'), ('ans', ['num_5'])])
59.6483 	EXP 	image_practice: autoDraw = False
59.6483 	EXP 	point_prac: autoDraw = False
59.6483 	EXP 	image_practice: image = u'pic/5.png'
59.6483 	EXP 	point_prac: autoDraw = True
60.6108 	EXP 	point_prac: autoDraw = False
60.6275 	EXP 	image_practice: autoDraw = True
60.9785 	DATA 	Keypress: num_5
60.9803 	EXP 	New trial (rep=0, index=17): OrderedDict([('no', 38), ('pic', u'pic/2.png'), ('cla', u'practice'), ('ans', ['num_2'])])
61.0311 	EXP 	image_practice: autoDraw = False
61.0311 	EXP 	point_prac: autoDraw = False
61.0311 	EXP 	image_practice: image = u'pic/2.png'
61.0311 	EXP 	point_prac: autoDraw = True
61.9955 	EXP 	point_prac: autoDraw = False
62.0122 	EXP 	image_practice: autoDraw = True
62.5633 	DATA 	Keypress: num_2
62.5659 	EXP 	New trial (rep=0, index=18): OrderedDict([('no', 33), ('pic', u'pic/6.png'), ('cla', u'practice'), ('ans', ['num_6'])])
62.6188 	EXP 	image_practice: autoDraw = False
62.6188 	EXP 	point_prac: autoDraw = False
62.6188 	EXP 	image_practice: image = u'pic/6.png'
62.6188 	EXP 	point_prac: autoDraw = True
63.5806 	EXP 	point_prac: autoDraw = False
63.5971 	EXP 	image_practice: autoDraw = True
64.1649 	DATA 	Keypress: num_6
64.1664 	EXP 	New trial (rep=0, index=19): OrderedDict([('no', 1), ('pic', u'pic/1.png'), ('cla', u'practice'), ('ans', ['num_1'])])
64.2172 	EXP 	image_practice: autoDraw = False
64.2172 	EXP 	point_prac: autoDraw = False
64.2172 	EXP 	image_practice: image = u'pic/1.png'
64.2172 	EXP 	point_prac: autoDraw = True
65.1820 	EXP 	point_prac: autoDraw = False
65.1987 	EXP 	image_practice: autoDraw = True
65.7666 	DATA 	Keypress: num_1
65.7691 	EXP 	New trial (rep=0, index=20): OrderedDict([('no', 2), ('pic', u'pic/2.png'), ('cla', u'practice'), ('ans', ['num_2'])])
65.8283 	EXP 	image_practice: autoDraw = False
65.8283 	EXP 	point_prac: autoDraw = False
65.8283 	EXP 	image_practice: image = u'pic/2.png'
65.8283 	EXP 	point_prac: autoDraw = True
66.7836 	EXP 	point_prac: autoDraw = False
66.8004 	EXP 	image_practice: autoDraw = True
67.2347 	DATA 	Keypress: num_2
67.2373 	EXP 	New trial (rep=0, index=21): OrderedDict([('no', 36), ('pic', u'pic/9.png'), ('cla', u'practice'), ('ans', ['num_9'])])
67.2992 	EXP 	image_practice: autoDraw = False
67.2992 	EXP 	point_prac: autoDraw = False
67.2992 	EXP 	image_practice: image = u'pic/9.png'
67.2992 	EXP 	point_prac: autoDraw = True
68.2519 	EXP 	point_prac: autoDraw = False
68.2685 	EXP 	image_practice: autoDraw = True
69.0031 	DATA 	Keypress: num_9
69.0046 	EXP 	New trial (rep=0, index=22): OrderedDict([('no', 45), ('pic', u'pic/9.png'), ('cla', u'practice'), ('ans', ['num_9'])])
69.0521 	EXP 	image_practice: autoDraw = False
69.0521 	EXP 	point_prac: autoDraw = False
69.0521 	EXP 	image_practice: image = u'pic/9.png'
69.0521 	EXP 	point_prac: autoDraw = True
70.0202 	EXP 	point_prac: autoDraw = False
70.0369 	EXP 	image_practice: autoDraw = True
70.5382 	DATA 	Keypress: num_9
70.5398 	EXP 	New trial (rep=0, index=23): OrderedDict([('no', 31), ('pic', u'pic/4.png'), ('cla', u'practice'), ('ans', ['num_4'])])
70.5871 	EXP 	image_practice: autoDraw = False
70.5871 	EXP 	point_prac: autoDraw = False
70.5871 	EXP 	image_practice: image = u'pic/4.png'
70.5871 	EXP 	point_prac: autoDraw = True
71.5551 	EXP 	point_prac: autoDraw = False
71.5717 	EXP 	image_practice: autoDraw = True
72.1563 	DATA 	Keypress: num_4
72.1578 	EXP 	New trial (rep=0, index=24): OrderedDict([('no', 27), ('pic', u'pic/9.png'), ('cla', u'practice'), ('ans', ['num_9'])])
72.2064 	EXP 	image_practice: autoDraw = False
72.2064 	EXP 	point_prac: autoDraw = False
72.2064 	EXP 	image_practice: image = u'pic/9.png'
72.2064 	EXP 	point_prac: autoDraw = True
73.1733 	EXP 	point_prac: autoDraw = False
73.1900 	EXP 	image_practice: autoDraw = True
73.6077 	DATA 	Keypress: num_9
73.6092 	EXP 	New trial (rep=0, index=25): OrderedDict([('no', 29), ('pic', u'pic/2.png'), ('cla', u'practice'), ('ans', ['num_2'])])
73.6579 	EXP 	image_practice: autoDraw = False
73.6579 	EXP 	point_prac: autoDraw = False
73.6579 	EXP 	image_practice: image = u'pic/2.png'
73.6579 	EXP 	point_prac: autoDraw = True
74.6248 	EXP 	point_prac: autoDraw = False
74.6415 	EXP 	image_practice: autoDraw = True
75.2261 	DATA 	Keypress: num_2
75.2275 	EXP 	New trial (rep=0, index=26): OrderedDict([('no', 42), ('pic', u'pic/6.png'), ('cla', u'practice'), ('ans', ['num_6'])])
75.2798 	EXP 	image_practice: autoDraw = False
75.2798 	EXP 	point_prac: autoDraw = False
75.2798 	EXP 	image_practice: image = u'pic/6.png'
75.2798 	EXP 	point_prac: autoDraw = True
76.2431 	EXP 	point_prac: autoDraw = False
76.2598 	EXP 	image_practice: autoDraw = True
76.6941 	DATA 	Keypress: num_6
76.6957 	EXP 	New trial (rep=0, index=27): OrderedDict([('no', 25), ('pic', u'pic/7.png'), ('cla', u'practice'), ('ans', ['num_7'])])
76.7469 	EXP 	image_practice: autoDraw = False
76.7469 	EXP 	point_prac: autoDraw = False
76.7469 	EXP 	image_practice: image = u'pic/7.png'
76.7469 	EXP 	point_prac: autoDraw = True
77.7112 	EXP 	point_prac: autoDraw = False
77.7279 	EXP 	image_practice: autoDraw = True
78.4796 	DATA 	Keypress: num_7
78.4821 	EXP 	New trial (rep=0, index=28): OrderedDict([('no', 10), ('pic', u'pic/1.png'), ('cla', u'practice'), ('ans', ['num_1'])])
78.5372 	EXP 	image_practice: autoDraw = False
78.5372 	EXP 	point_prac: autoDraw = False
78.5372 	EXP 	image_practice: image = u'pic/1.png'
78.5372 	EXP 	point_prac: autoDraw = True
79.4964 	EXP 	point_prac: autoDraw = False
79.5130 	EXP 	image_practice: autoDraw = True
80.2143 	DATA 	Keypress: num_1
80.2168 	EXP 	New trial (rep=0, index=29): OrderedDict([('no', 4), ('pic', u'pic/4.png'), ('cla', u'practice'), ('ans', ['num_4'])])
80.2732 	EXP 	image_practice: autoDraw = False
80.2732 	EXP 	point_prac: autoDraw = False
80.2732 	EXP 	image_practice: image = u'pic/4.png'
80.2732 	EXP 	point_prac: autoDraw = True
81.2314 	EXP 	point_prac: autoDraw = False
81.2481 	EXP 	image_practice: autoDraw = True
81.6992 	DATA 	Keypress: num_4
81.7009 	EXP 	New trial (rep=0, index=30): OrderedDict([('no', 30), ('pic', u'pic/3.png'), ('cla', u'practice'), ('ans', ['num_3'])])
81.7555 	EXP 	image_practice: autoDraw = False
81.7555 	EXP 	point_prac: autoDraw = False
81.7555 	EXP 	image_practice: image = u'pic/3.png'
81.7555 	EXP 	point_prac: autoDraw = True
82.7162 	EXP 	point_prac: autoDraw = False
82.7330 	EXP 	image_practice: autoDraw = True
83.3341 	DATA 	Keypress: num_3
83.3357 	EXP 	New trial (rep=0, index=31): OrderedDict([('no', 47), ('pic', u'pic/2.png'), ('cla', u'practice'), ('ans', ['num_2'])])
83.3838 	EXP 	image_practice: autoDraw = False
83.3838 	EXP 	point_prac: autoDraw = False
83.3838 	EXP 	image_practice: image = u'pic/2.png'
83.3838 	EXP 	point_prac: autoDraw = True
84.3512 	EXP 	point_prac: autoDraw = False
84.3679 	EXP 	image_practice: autoDraw = True
84.9357 	DATA 	Keypress: num_2
84.9383 	EXP 	New trial (rep=0, index=32): OrderedDict([('no', 44), ('pic', u'pic/8.png'), ('cla', u'practice'), ('ans', ['num_8'])])
84.9929 	EXP 	image_practice: autoDraw = False
84.9929 	EXP 	point_prac: autoDraw = False
84.9929 	EXP 	image_practice: image = u'pic/8.png'
84.9929 	EXP 	point_prac: autoDraw = True
85.9528 	EXP 	point_prac: autoDraw = False
85.9695 	EXP 	image_practice: autoDraw = True
86.7042 	DATA 	Keypress: num_8
86.7067 	EXP 	New trial (rep=0, index=33): OrderedDict([('no', 13), ('pic', u'pic/4.png'), ('cla', u'practice'), ('ans', ['num_4'])])
86.7639 	EXP 	image_practice: autoDraw = False
86.7639 	EXP 	point_prac: autoDraw = False
86.7639 	EXP 	image_practice: image = u'pic/4.png'
86.7639 	EXP 	point_prac: autoDraw = True
87.7213 	EXP 	point_prac: autoDraw = False
87.7379 	EXP 	image_practice: autoDraw = True
88.3060 	DATA 	Keypress: num_4
88.3087 	EXP 	New trial (rep=0, index=34): OrderedDict([('no', 23), ('pic', u'pic/5.png'), ('cla', u'practice'), ('ans', ['num_5'])])
88.3584 	EXP 	image_practice: autoDraw = False
88.3584 	EXP 	point_prac: autoDraw = False
88.3584 	EXP 	image_practice: image = u'pic/5.png'
88.3584 	EXP 	point_prac: autoDraw = True
89.3228 	EXP 	point_prac: autoDraw = False
89.3395 	EXP 	image_practice: autoDraw = True
89.7745 	DATA 	Keypress: num_5
89.7915 	EXP 	New trial (rep=0, index=35): OrderedDict([('no', 9), ('pic', u'pic/9.png'), ('cla', u'practice'), ('ans', ['num_9'])])
89.8387 	EXP 	image_practice: autoDraw = False
89.8387 	EXP 	point_prac: autoDraw = False
89.8387 	EXP 	image_practice: image = u'pic/9.png'
89.8387 	EXP 	point_prac: autoDraw = True
90.8076 	EXP 	point_prac: autoDraw = False
90.8243 	EXP 	image_practice: autoDraw = True
91.5090 	DATA 	Keypress: num_9
91.5107 	EXP 	New trial (rep=0, index=36): OrderedDict([('no', 16), ('pic', u'pic/7.png'), ('cla', u'practice'), ('ans', ['num_7'])])
91.5588 	EXP 	image_practice: autoDraw = False
91.5588 	EXP 	point_prac: autoDraw = False
91.5588 	EXP 	image_practice: image = u'pic/7.png'
91.5588 	EXP 	point_prac: autoDraw = True
92.5260 	EXP 	point_prac: autoDraw = False
92.5427 	EXP 	image_practice: autoDraw = True
93.1443 	DATA 	Keypress: num_7
93.1473 	EXP 	New trial (rep=0, index=37): OrderedDict([('no', 39), ('pic', u'pic/3.png'), ('cla', u'practice'), ('ans', ['num_3'])])
93.1994 	EXP 	image_practice: autoDraw = False
93.1994 	EXP 	point_prac: autoDraw = False
93.1994 	EXP 	image_practice: image = u'pic/3.png'
93.1994 	EXP 	point_prac: autoDraw = True
94.1612 	EXP 	point_prac: autoDraw = False
94.1779 	EXP 	image_practice: autoDraw = True
94.7789 	DATA 	Keypress: num_3
94.7815 	EXP 	New trial (rep=0, index=38): OrderedDict([('no', 18), ('pic', u'pic/9.png'), ('cla', u'practice'), ('ans', ['num_9'])])
94.8343 	EXP 	image_practice: autoDraw = False
94.8343 	EXP 	point_prac: autoDraw = False
94.8343 	EXP 	image_practice: image = u'pic/9.png'
94.8343 	EXP 	point_prac: autoDraw = True
95.7960 	EXP 	point_prac: autoDraw = False
95.8126 	EXP 	image_practice: autoDraw = True
96.3638 	DATA 	Keypress: num_9
96.3654 	EXP 	New trial (rep=0, index=39): OrderedDict([('no', 20), ('pic', u'pic/2.png'), ('cla', u'practice'), ('ans', ['num_2'])])
96.4189 	EXP 	image_practice: autoDraw = False
96.4189 	EXP 	point_prac: autoDraw = False
96.4189 	EXP 	image_practice: image = u'pic/2.png'
96.4189 	EXP 	point_prac: autoDraw = True
97.3809 	EXP 	point_prac: autoDraw = False
97.3975 	EXP 	image_practice: autoDraw = True
97.8986 	DATA 	Keypress: num_2
97.9002 	EXP 	New trial (rep=0, index=40): OrderedDict([('no', 3), ('pic', u'pic/3.png'), ('cla', u'practice'), ('ans', ['num_3'])])
97.9534 	EXP 	image_practice: autoDraw = False
97.9534 	EXP 	point_prac: autoDraw = False
97.9534 	EXP 	image_practice: image = u'pic/3.png'
97.9534 	EXP 	point_prac: autoDraw = True
98.9157 	EXP 	point_prac: autoDraw = False
98.9325 	EXP 	image_practice: autoDraw = True
99.3668 	DATA 	Keypress: num_3
99.3684 	EXP 	New trial (rep=0, index=41): OrderedDict([('no', 40), ('pic', u'pic/4.png'), ('cla', u'practice'), ('ans', ['num_4'])])
99.4151 	EXP 	image_practice: autoDraw = False
99.4151 	EXP 	point_prac: autoDraw = False
99.4151 	EXP 	image_practice: image = u'pic/4.png'
99.4151 	EXP 	point_prac: autoDraw = True
100.3839 	EXP 	point_prac: autoDraw = False
100.4005 	EXP 	image_practice: autoDraw = True
100.9851 	DATA 	Keypress: num_4
100.9867 	EXP 	New trial (rep=0, index=42): OrderedDict([('no', 26), ('pic', u'pic/8.png'), ('cla', u'practice'), ('ans', ['num_8'])])
101.0405 	EXP 	image_practice: autoDraw = False
101.0405 	EXP 	point_prac: autoDraw = False
101.0405 	EXP 	image_practice: image = u'pic/8.png'
101.0405 	EXP 	point_prac: autoDraw = True
102.0022 	EXP 	point_prac: autoDraw = False
102.0188 	EXP 	image_practice: autoDraw = True
102.6701 	DATA 	Keypress: num_8
102.6717 	EXP 	New trial (rep=0, index=43): OrderedDict([('no', 17), ('pic', u'pic/8.png'), ('cla', u'practice'), ('ans', ['num_8'])])
102.7170 	EXP 	image_practice: autoDraw = False
102.7170 	EXP 	point_prac: autoDraw = False
102.7170 	EXP 	image_practice: image = u'pic/8.png'
102.7170 	EXP 	point_prac: autoDraw = True
103.6872 	EXP 	point_prac: autoDraw = False
103.7039 	EXP 	image_practice: autoDraw = True
104.1050 	DATA 	Keypress: num_8
104.1075 	EXP 	New trial (rep=0, index=44): OrderedDict([('no', 15), ('pic', u'pic/6.png'), ('cla', u'practice'), ('ans', ['num_6'])])
104.1650 	EXP 	image_practice: autoDraw = False
104.1650 	EXP 	point_prac: autoDraw = False
104.1650 	EXP 	image_practice: image = u'pic/6.png'
104.1650 	EXP 	point_prac: autoDraw = True
105.1219 	EXP 	point_prac: autoDraw = False
105.1386 	EXP 	image_practice: autoDraw = True
105.6066 	DATA 	Keypress: num_6
105.6092 	EXP 	New trial (rep=0, index=45): OrderedDict([('no', 19), ('pic', u'pic/1.png'), ('cla', u'practice'), ('ans', ['num_1'])])
105.6628 	EXP 	image_practice: autoDraw = False
105.6628 	EXP 	point_prac: autoDraw = False
105.6628 	EXP 	image_practice: image = u'pic/1.png'
105.6628 	EXP 	point_prac: autoDraw = True
106.6234 	EXP 	point_prac: autoDraw = False
106.6401 	EXP 	image_practice: autoDraw = True
107.2746 	DATA 	Keypress: num_1
107.2772 	EXP 	New trial (rep=0, index=46): OrderedDict([('no', 41), ('pic', u'pic/5.png'), ('cla', u'practice'), ('ans', ['num_5'])])
107.3448 	EXP 	image_practice: autoDraw = False
107.3448 	EXP 	point_prac: autoDraw = False
107.3448 	EXP 	image_practice: image = u'pic/5.png'
107.3448 	EXP 	point_prac: autoDraw = True
108.2917 	EXP 	point_prac: autoDraw = False
108.3084 	EXP 	image_practice: autoDraw = True
108.8096 	DATA 	Keypress: num_5
108.8257 	EXP 	image_practice: autoDraw = False
108.8257 	EXP 	point_prac: autoDraw = False
108.8257 	EXP 	text_base: autoDraw = True
115.1660 	DATA 	Keypress: space
115.1716 	EXP 	Imported pic\huan.csv as conditions, 2 conditions, 4 params
115.1722 	EXP 	Created sequence: random, trialTypes=2, nReps=1, seed=None
115.1729 	EXP 	New trial (rep=0, index=0): OrderedDict([('no', 1), ('pic', u'pic/2.png'), ('cla', u'huan'), ('ans', ['num_2'])])
115.2298 	EXP 	text_base: autoDraw = False
115.2298 	EXP 	image_huan: image = u'pic/2.png'
115.2298 	EXP 	huan_point: autoDraw = True
116.1831 	EXP 	huan_point: autoDraw = False
116.1996 	EXP 	image_huan: autoDraw = True
116.7842 	DATA 	Keypress: num_2
116.7859 	EXP 	New trial (rep=0, index=1): OrderedDict([('no', 2), ('pic', u'pic/9.png'), ('cla', u'huan'), ('ans', ['num_9'])])
116.8363 	EXP 	huan_point: autoDraw = False
116.8363 	EXP 	image_huan: autoDraw = False
116.8363 	EXP 	image_huan: image = u'pic/9.png'
116.8363 	EXP 	huan_point: autoDraw = True
117.8013 	EXP 	huan_point: autoDraw = False
117.8179 	EXP 	image_huan: autoDraw = True
118.4692 	DATA 	Keypress: num_9
118.4775 	EXP 	Imported pic\baseline_c.csv as conditions, 27 conditions, 4 params
118.4783 	EXP 	Created sequence: random, trialTypes=27, nReps=1, seed=None
118.4789 	EXP 	New trial (rep=0, index=0): OrderedDict([('no', 27), ('pic', u'pic/9.png'), ('cla', u'baseline'), ('ans', ['num_9'])])
118.5303 	EXP 	huan_point: autoDraw = False
118.5303 	EXP 	image_huan: autoDraw = False
118.5303 	EXP 	image_base: image = u'pic/9.png'
118.5303 	EXP 	point_base: autoDraw = True
119.4862 	EXP 	point_base: autoDraw = False
119.5029 	EXP 	image_base: autoDraw = True
119.9708 	DATA 	Keypress: num_9
119.9735 	EXP 	New trial (rep=0, index=1): OrderedDict([('no', 17), ('pic', u'pic/8.png'), ('cla', u'baseline'), ('ans', ['num_8'])])
120.0287 	EXP 	point_base: autoDraw = False
120.0287 	EXP 	image_base: autoDraw = False
120.0287 	EXP 	image_base: image = u'pic/8.png'
120.0287 	EXP 	point_base: autoDraw = True
120.9878 	EXP 	point_base: autoDraw = False
121.0044 	EXP 	image_base: autoDraw = True
121.4222 	DATA 	Keypress: num_8
121.4244 	EXP 	New trial (rep=0, index=2): OrderedDict([('no', 7), ('pic', u'pic/7.png'), ('cla', u'baseline'), ('ans', ['num_7'])])
121.4819 	EXP 	point_base: autoDraw = False
121.4819 	EXP 	image_base: autoDraw = False
121.4819 	EXP 	image_base: image = u'pic/7.png'
121.4819 	EXP 	point_base: autoDraw = True
122.4392 	EXP 	point_base: autoDraw = False
122.4560 	EXP 	image_base: autoDraw = True
122.9737 	DATA 	Keypress: num_7
122.9751 	EXP 	New trial (rep=0, index=3): OrderedDict([('no', 19), ('pic', u'pic/1.png'), ('cla', u'baseline'), ('ans', ['num_1'])])
123.0217 	EXP 	point_base: autoDraw = False
123.0217 	EXP 	image_base: autoDraw = False
123.0217 	EXP 	image_base: image = u'pic/1.png'
123.0217 	EXP 	point_base: autoDraw = True
123.9909 	EXP 	point_base: autoDraw = False
124.0075 	EXP 	image_base: autoDraw = True
124.4253 	DATA 	Keypress: num_1
124.4269 	EXP 	New trial (rep=0, index=4): OrderedDict([('no', 4), ('pic', u'pic/4.png'), ('cla', u'baseline'), ('ans', ['num_4'])])
124.4730 	EXP 	point_base: autoDraw = False
124.4730 	EXP 	image_base: autoDraw = False
124.4730 	EXP 	image_base: image = u'pic/4.png'
124.4730 	EXP 	point_base: autoDraw = True
125.4422 	EXP 	point_base: autoDraw = False
125.4589 	EXP 	image_base: autoDraw = True
125.8766 	DATA 	Keypress: num_4
125.8781 	EXP 	New trial (rep=0, index=5): OrderedDict([('no', 24), ('pic', u'pic/6.png'), ('cla', u'baseline'), ('ans', ['num_6'])])
125.9295 	EXP 	point_base: autoDraw = False
125.9295 	EXP 	image_base: autoDraw = False
125.9295 	EXP 	image_base: image = u'pic/6.png'
125.9295 	EXP 	point_base: autoDraw = True
126.8937 	EXP 	point_base: autoDraw = False
126.9103 	EXP 	image_base: autoDraw = True
127.3281 	DATA 	Keypress: num_6
127.3296 	EXP 	New trial (rep=0, index=6): OrderedDict([('no', 26), ('pic', u'pic/8.png'), ('cla', u'baseline'), ('ans', ['num_8'])])
127.3780 	EXP 	point_base: autoDraw = False
127.3780 	EXP 	image_base: autoDraw = False
127.3780 	EXP 	image_base: image = u'pic/8.png'
127.3780 	EXP 	point_base: autoDraw = True
128.3451 	EXP 	point_base: autoDraw = False
128.3618 	EXP 	image_base: autoDraw = True
128.9464 	DATA 	Keypress: num_8
128.9477 	EXP 	New trial (rep=0, index=7): OrderedDict([('no', 12), ('pic', u'pic/3.png'), ('cla', u'baseline'), ('ans', ['num_3'])])
128.9989 	EXP 	point_base: autoDraw = False
128.9989 	EXP 	image_base: autoDraw = False
128.9989 	EXP 	image_base: image = u'pic/3.png'
128.9989 	EXP 	point_base: autoDraw = True
129.9634 	EXP 	point_base: autoDraw = False
129.9801 	EXP 	image_base: autoDraw = True
130.7825 	DATA 	Keypress: num_3
130.8004 	EXP 	New trial (rep=0, index=8): OrderedDict([('no', 10), ('pic', u'pic/1.png'), ('cla', u'baseline'), ('ans', ['num_1'])])
130.8526 	EXP 	point_base: autoDraw = False
130.8526 	EXP 	image_base: autoDraw = False
130.8526 	EXP 	image_base: image = u'pic/1.png'
130.8526 	EXP 	point_base: autoDraw = True
131.8154 	EXP 	point_base: autoDraw = False
131.8318 	EXP 	image_base: autoDraw = True
132.2830 	DATA 	Keypress: num_1
132.2853 	EXP 	New trial (rep=0, index=9): OrderedDict([('no', 9), ('pic', u'pic/9.png'), ('cla', u'baseline'), ('ans', ['num_9'])])
132.3431 	EXP 	point_base: autoDraw = False
132.3431 	EXP 	image_base: autoDraw = False
132.3431 	EXP 	image_base: image = u'pic/9.png'
132.3431 	EXP 	point_base: autoDraw = True
133.3001 	EXP 	point_base: autoDraw = False
133.3168 	EXP 	image_base: autoDraw = True
133.9015 	DATA 	Keypress: num_9
133.9032 	EXP 	New trial (rep=0, index=10): OrderedDict([('no', 18), ('pic', u'pic/9.png'), ('cla', u'baseline'), ('ans', ['num_9'])])
133.9527 	EXP 	point_base: autoDraw = False
133.9527 	EXP 	image_base: autoDraw = False
133.9527 	EXP 	image_base: image = u'pic/9.png'
133.9527 	EXP 	point_base: autoDraw = True
134.9183 	EXP 	point_base: autoDraw = False
134.9351 	EXP 	image_base: autoDraw = True
135.4529 	DATA 	Keypress: num_9
135.4544 	EXP 	New trial (rep=0, index=11): OrderedDict([('no', 8), ('pic', u'pic/8.png'), ('cla', u'baseline'), ('ans', ['num_8'])])
135.5079 	EXP 	point_base: autoDraw = False
135.5079 	EXP 	image_base: autoDraw = False
135.5079 	EXP 	image_base: image = u'pic/8.png'
135.5079 	EXP 	point_base: autoDraw = True
136.4699 	EXP 	point_base: autoDraw = False
136.4866 	EXP 	image_base: autoDraw = True
136.9545 	DATA 	Keypress: num_8
136.9561 	EXP 	New trial (rep=0, index=12): OrderedDict([('no', 1), ('pic', u'pic/1.png'), ('cla', u'baseline'), ('ans', ['num_1'])])
137.0081 	EXP 	point_base: autoDraw = False
137.0081 	EXP 	image_base: autoDraw = False
137.0081 	EXP 	image_base: image = u'pic/1.png'
137.0081 	EXP 	point_base: autoDraw = True
137.9714 	EXP 	point_base: autoDraw = False
137.9881 	EXP 	image_base: autoDraw = True
138.6062 	DATA 	Keypress: num_1
138.6085 	EXP 	New trial (rep=0, index=13): OrderedDict([('no', 25), ('pic', u'pic/7.png'), ('cla', u'baseline'), ('ans', ['num_7'])])
138.6719 	EXP 	point_base: autoDraw = False
138.6719 	EXP 	image_base: autoDraw = False
138.6719 	EXP 	image_base: image = u'pic/7.png'
138.6719 	EXP 	point_base: autoDraw = True
139.6231 	EXP 	point_base: autoDraw = False
139.6397 	EXP 	image_base: autoDraw = True
140.1576 	DATA 	Keypress: num_7
140.1590 	EXP 	New trial (rep=0, index=14): OrderedDict([('no', 13), ('pic', u'pic/4.png'), ('cla', u'baseline'), ('ans', ['num_4'])])
140.2072 	EXP 	point_base: autoDraw = False
140.2072 	EXP 	image_base: autoDraw = False
140.2072 	EXP 	image_base: image = u'pic/4.png'
140.2072 	EXP 	point_base: autoDraw = True
141.1746 	EXP 	point_base: autoDraw = False
141.1913 	EXP 	image_base: autoDraw = True
141.6093 	DATA 	Keypress: num_4
141.6117 	EXP 	New trial (rep=0, index=15): OrderedDict([('no', 2), ('pic', u'pic/2.png'), ('cla', u'baseline'), ('ans', ['num_2'])])
141.6631 	EXP 	point_base: autoDraw = False
141.6631 	EXP 	image_base: autoDraw = False
141.6631 	EXP 	image_base: image = u'pic/2.png'
141.6631 	EXP 	point_base: autoDraw = True
142.6260 	EXP 	point_base: autoDraw = False
142.6427 	EXP 	image_base: autoDraw = True
143.1606 	DATA 	Keypress: num_2
143.1628 	EXP 	New trial (rep=0, index=16): OrderedDict([('no', 11), ('pic', u'pic/2.png'), ('cla', u'baseline'), ('ans', ['num_2'])])
143.2159 	EXP 	point_base: autoDraw = False
143.2159 	EXP 	image_base: autoDraw = False
143.2159 	EXP 	image_base: image = u'pic/2.png'
143.2159 	EXP 	point_base: autoDraw = True
144.1776 	EXP 	point_base: autoDraw = False
144.1943 	EXP 	image_base: autoDraw = True
144.5621 	DATA 	Keypress: num_2
144.5636 	EXP 	New trial (rep=0, index=17): OrderedDict([('no', 5), ('pic', u'pic/5.png'), ('cla', u'baseline'), ('ans', ['num_5'])])
144.6208 	EXP 	point_base: autoDraw = False
144.6208 	EXP 	image_base: autoDraw = False
144.6208 	EXP 	image_base: image = u'pic/5.png'
144.6208 	EXP 	point_base: autoDraw = True
145.5790 	EXP 	point_base: autoDraw = False
145.5957 	EXP 	image_base: autoDraw = True
146.0635 	DATA 	Keypress: num_5
146.0649 	EXP 	New trial (rep=0, index=18): OrderedDict([('no', 22), ('pic', u'pic/4.png'), ('cla', u'baseline'), ('ans', ['num_4'])])
146.1174 	EXP 	point_base: autoDraw = False
146.1174 	EXP 	image_base: autoDraw = False
146.1174 	EXP 	image_base: image = u'pic/4.png'
146.1174 	EXP 	point_base: autoDraw = True
147.0805 	EXP 	point_base: autoDraw = False
147.0974 	EXP 	image_base: autoDraw = True
147.5987 	DATA 	Keypress: num_4
147.6010 	EXP 	New trial (rep=0, index=19): OrderedDict([('no', 14), ('pic', u'pic/5.png'), ('cla', u'baseline'), ('ans', ['num_5'])])
147.6532 	EXP 	point_base: autoDraw = False
147.6532 	EXP 	image_base: autoDraw = False
147.6532 	EXP 	image_base: image = u'pic/5.png'
147.6532 	EXP 	point_base: autoDraw = True
148.6154 	EXP 	point_base: autoDraw = False
148.6320 	EXP 	image_base: autoDraw = True
149.0331 	DATA 	Keypress: num_5
149.0347 	EXP 	New trial (rep=0, index=20): OrderedDict([('no', 6), ('pic', u'pic/6.png'), ('cla', u'baseline'), ('ans', ['num_6'])])
149.0812 	EXP 	point_base: autoDraw = False
149.0812 	EXP 	image_base: autoDraw = False
149.0812 	EXP 	image_base: image = u'pic/6.png'
149.0812 	EXP 	point_base: autoDraw = True
150.0502 	EXP 	point_base: autoDraw = False
150.0668 	EXP 	image_base: autoDraw = True
150.5847 	DATA 	Keypress: num_6
150.5869 	EXP 	New trial (rep=0, index=21): OrderedDict([('no', 3), ('pic', u'pic/3.png'), ('cla', u'baseline'), ('ans', ['num_3'])])
150.6356 	EXP 	point_base: autoDraw = False
150.6356 	EXP 	image_base: autoDraw = False
150.6356 	EXP 	image_base: image = u'pic/3.png'
150.6356 	EXP 	point_base: autoDraw = True
151.6017 	EXP 	point_base: autoDraw = False
151.6183 	EXP 	image_base: autoDraw = True
152.1696 	DATA 	Keypress: num_3
152.1718 	EXP 	New trial (rep=0, index=22): OrderedDict([('no', 15), ('pic', u'pic/6.png'), ('cla', u'baseline'), ('ans', ['num_6'])])
152.2214 	EXP 	point_base: autoDraw = False
152.2214 	EXP 	image_base: autoDraw = False
152.2214 	EXP 	image_base: image = u'pic/6.png'
152.2214 	EXP 	point_base: autoDraw = True
153.1866 	EXP 	point_base: autoDraw = False
153.2035 	EXP 	image_base: autoDraw = True
153.6544 	DATA 	Keypress: num_6
153.6557 	EXP 	New trial (rep=0, index=23): OrderedDict([('no', 16), ('pic', u'pic/7.png'), ('cla', u'baseline'), ('ans', ['num_7'])])
153.7087 	EXP 	point_base: autoDraw = False
153.7087 	EXP 	image_base: autoDraw = False
153.7087 	EXP 	image_base: image = u'pic/7.png'
153.7087 	EXP 	point_base: autoDraw = True
154.6714 	EXP 	point_base: autoDraw = False
154.6882 	EXP 	image_base: autoDraw = True
155.2395 	DATA 	Keypress: num_7
155.2420 	EXP 	New trial (rep=0, index=24): OrderedDict([('no', 21), ('pic', u'pic/3.png'), ('cla', u'baseline'), ('ans', ['num_3'])])
155.2920 	EXP 	point_base: autoDraw = False
155.2920 	EXP 	image_base: autoDraw = False
155.2920 	EXP 	image_base: image = u'pic/3.png'
155.2920 	EXP 	point_base: autoDraw = True
156.2565 	EXP 	point_base: autoDraw = False
156.2737 	EXP 	image_base: autoDraw = True
156.9578 	DATA 	Keypress: num_3
156.9596 	EXP 	New trial (rep=0, index=25): OrderedDict([('no', 20), ('pic', u'pic/2.png'), ('cla', u'baseline'), ('ans', ['num_2'])])
157.0156 	EXP 	point_base: autoDraw = False
157.0156 	EXP 	image_base: autoDraw = False
157.0156 	EXP 	image_base: image = u'pic/2.png'
157.0156 	EXP 	point_base: autoDraw = True
157.9748 	EXP 	point_base: autoDraw = False
157.9914 	EXP 	image_base: autoDraw = True
158.6097 	DATA 	Keypress: num_2
158.6121 	EXP 	New trial (rep=0, index=26): OrderedDict([('no', 23), ('pic', u'pic/5.png'), ('cla', u'baseline'), ('ans', ['num_5'])])
158.6641 	EXP 	point_base: autoDraw = False
158.6641 	EXP 	image_base: autoDraw = False
158.6641 	EXP 	image_base: image = u'pic/5.png'
158.6641 	EXP 	point_base: autoDraw = True
159.6264 	EXP 	point_base: autoDraw = False
159.6431 	EXP 	image_base: autoDraw = True
160.0441 	DATA 	Keypress: num_5
160.1700 	EXP 	Imported pic\formal_click.csv as conditions, 105 conditions, 4 params
160.1709 	EXP 	Created sequence: sequential, trialTypes=105, nReps=1, seed=None
160.1715 	EXP 	New trial (rep=0, index=0): OrderedDict([('pic', u'pic/5.png'), ('ans', ['num_5']), ('cla', u'aa'), ('no', 1)])
160.2221 	EXP 	point_base: autoDraw = False
160.2221 	EXP 	image_base: autoDraw = False
160.2221 	EXP 	image_for: image = u'pic/5.png'
160.2221 	EXP 	point_for: autoDraw = True
161.1784 	EXP 	point_for: autoDraw = False
161.1948 	EXP 	image_for: autoDraw = True
161.5289 	DATA 	Keypress: num_5
161.5307 	EXP 	New trial (rep=0, index=1): OrderedDict([('pic', u'pic/5.png'), ('ans', ['num_5']), ('cla', u'aa'), ('no', 2)])
161.5802 	EXP 	point_for: autoDraw = False
161.5802 	EXP 	image_for: autoDraw = False
161.5802 	EXP 	image_for: image = u'pic/5.png'
161.5802 	EXP 	point_for: autoDraw = True
162.5459 	EXP 	point_for: autoDraw = False
162.5626 	EXP 	image_for: autoDraw = True
162.8970 	DATA 	Keypress: num_5
162.8992 	EXP 	New trial (rep=0, index=2): OrderedDict([('pic', u'pic/2.png'), ('ans', ['num_2']), ('cla', u'aa'), ('no', 3)])
162.9640 	EXP 	point_for: autoDraw = False
162.9640 	EXP 	image_for: autoDraw = False
162.9640 	EXP 	image_for: image = u'pic/2.png'
162.9640 	EXP 	point_for: autoDraw = True
163.9140 	EXP 	point_for: autoDraw = False
163.9306 	EXP 	image_for: autoDraw = True
164.3987 	DATA 	Keypress: num_2
164.4004 	EXP 	New trial (rep=0, index=3): OrderedDict([('pic', u'pic/2.png'), ('ans', ['num_2']), ('cla', u'aa'), ('no', 4)])
164.4498 	EXP 	point_for: autoDraw = False
164.4498 	EXP 	image_for: autoDraw = False
164.4498 	EXP 	image_for: image = u'pic/2.png'
164.4498 	EXP 	point_for: autoDraw = True
165.4156 	EXP 	point_for: autoDraw = False
165.4321 	EXP 	image_for: autoDraw = True
165.8166 	DATA 	Keypress: num_2
165.8182 	EXP 	New trial (rep=0, index=4): OrderedDict([('pic', u'pic/6.png'), ('ans', ['num_6']), ('cla', u'aa'), ('no', 5)])
165.8657 	EXP 	point_for: autoDraw = False
165.8657 	EXP 	image_for: autoDraw = False
165.8657 	EXP 	image_for: image = u'pic/6.png'
165.8657 	EXP 	point_for: autoDraw = True
166.8337 	EXP 	point_for: autoDraw = False
166.8503 	EXP 	image_for: autoDraw = True
167.4349 	DATA 	Keypress: num_6
167.4372 	EXP 	New trial (rep=0, index=5): OrderedDict([('pic', u'pic/6.png'), ('ans', ['num_6']), ('cla', u'aa'), ('no', 6)])
167.4961 	EXP 	point_for: autoDraw = False
167.4961 	EXP 	image_for: autoDraw = False
167.4961 	EXP 	image_for: image = u'pic/6.png'
167.4961 	EXP 	point_for: autoDraw = True
168.4518 	EXP 	point_for: autoDraw = False
168.4687 	EXP 	image_for: autoDraw = True
168.8195 	DATA 	Keypress: num_6
168.8209 	EXP 	New trial (rep=0, index=6): OrderedDict([('pic', u'pic/3.png'), ('ans', ['num_3']), ('cla', u'aa'), ('no', 7)])
168.8740 	EXP 	point_for: autoDraw = False
168.8740 	EXP 	image_for: autoDraw = False
168.8740 	EXP 	image_for: image = u'pic/3.png'
168.8740 	EXP 	point_for: autoDraw = True
169.8366 	EXP 	point_for: autoDraw = False
169.8533 	EXP 	image_for: autoDraw = True
170.4045 	DATA 	Keypress: num_3
170.4059 	EXP 	New trial (rep=0, index=7): OrderedDict([('pic', u'pic/3.png'), ('ans', ['num_3']), ('cla', u'aa'), ('no', 8)])
170.4611 	EXP 	point_for: autoDraw = False
170.4611 	EXP 	image_for: autoDraw = False
170.4611 	EXP 	image_for: image = u'pic/3.png'
170.4611 	EXP 	point_for: autoDraw = True
171.4216 	EXP 	point_for: autoDraw = False
171.4384 	EXP 	image_for: autoDraw = True
171.8561 	DATA 	Keypress: num_3
171.8584 	EXP 	New trial (rep=0, index=8): OrderedDict([('pic', u'pic/7.png'), ('ans', ['num_7']), ('cla', u'aa'), ('no', 9)])
171.9189 	EXP 	point_for: autoDraw = False
171.9189 	EXP 	image_for: autoDraw = False
171.9189 	EXP 	image_for: image = u'pic/7.png'
171.9189 	EXP 	point_for: autoDraw = True
172.8729 	EXP 	point_for: autoDraw = False
172.8896 	EXP 	image_for: autoDraw = True
173.8748 	DATA 	Keypress: num_7
173.8772 	EXP 	New trial (rep=0, index=9): OrderedDict([('pic', u'pic/7.png'), ('ans', ['num_7']), ('cla', u'aa'), ('no', 10)])
173.9347 	EXP 	point_for: autoDraw = False
173.9347 	EXP 	image_for: autoDraw = False
173.9347 	EXP 	image_for: image = u'pic/7.png'
173.9347 	EXP 	point_for: autoDraw = True
174.8916 	EXP 	point_for: autoDraw = False
174.9083 	EXP 	image_for: autoDraw = True
175.4595 	DATA 	Keypress: num_7
175.4609 	EXP 	New trial (rep=0, index=10): OrderedDict([('pic', u'pic/8.png'), ('ans', ['num_8']), ('cla', u'huan'), ('no', -1)])
175.5143 	EXP 	point_for: autoDraw = False
175.5143 	EXP 	image_for: autoDraw = False
175.5143 	EXP 	image_for: image = u'pic/8.png'
175.5143 	EXP 	point_for: autoDraw = True
176.4765 	EXP 	point_for: autoDraw = False
176.4933 	EXP 	image_for: autoDraw = True
177.0277 	DATA 	Keypress: num_8
177.0291 	EXP 	New trial (rep=0, index=11): OrderedDict([('pic', u'pic/5.png'), ('ans', ['num_5']), ('cla', u'huan'), ('no', -1)])
177.0736 	EXP 	point_for: autoDraw = False
177.0736 	EXP 	image_for: autoDraw = False
177.0736 	EXP 	image_for: image = u'pic/5.png'
177.0736 	EXP 	point_for: autoDraw = True
178.0448 	EXP 	point_for: autoDraw = False
178.0615 	EXP 	image_for: autoDraw = True
178.6460 	DATA 	Keypress: num_5
178.6474 	EXP 	New trial (rep=0, index=12): OrderedDict([('pic', u'pic/2.png'), ('ans', ['num_2']), ('cla', u'aaa'), ('no', 11)])
178.7005 	EXP 	point_for: autoDraw = False
178.7005 	EXP 	image_for: autoDraw = False
178.7005 	EXP 	image_for: image = u'pic/2.png'
178.7005 	EXP 	point_for: autoDraw = True
179.6631 	EXP 	point_for: autoDraw = False
179.6800 	EXP 	image_for: autoDraw = True
180.4813 	DATA 	Keypress: num_2
180.4836 	EXP 	New trial (rep=0, index=13): OrderedDict([('pic', u'pic/2.png'), ('ans', ['num_2']), ('cla', u'aaa'), ('no', 12)])
180.5400 	EXP 	point_for: autoDraw = False
180.5400 	EXP 	image_for: autoDraw = False
180.5400 	EXP 	image_for: image = u'pic/2.png'
180.5400 	EXP 	point_for: autoDraw = True
181.4982 	EXP 	point_for: autoDraw = False
181.5149 	EXP 	image_for: autoDraw = True
182.0662 	DATA 	Keypress: num_2
182.0677 	EXP 	New trial (rep=0, index=14): OrderedDict([('pic', u'pic/2.png'), ('ans', ['num_2']), ('cla', u'aaa'), ('no', 13)])
182.1246 	EXP 	point_for: autoDraw = False
182.1246 	EXP 	image_for: autoDraw = False
182.1246 	EXP 	image_for: image = u'pic/2.png'
182.1246 	EXP 	point_for: autoDraw = True
183.0830 	EXP 	point_for: autoDraw = False
183.0998 	EXP 	image_for: autoDraw = True
183.5182 	DATA 	Keypress: num_2
183.5353 	EXP 	New trial (rep=0, index=15): OrderedDict([('pic', u'pic/1.png'), ('ans', ['num_1']), ('cla', u'aaa'), ('no', 14)])
183.5834 	EXP 	point_for: autoDraw = False
183.5834 	EXP 	image_for: autoDraw = False
183.5834 	EXP 	image_for: image = u'pic/1.png'
183.5834 	EXP 	point_for: autoDraw = True
184.5513 	EXP 	point_for: autoDraw = False
184.5680 	EXP 	image_for: autoDraw = True
185.1191 	DATA 	Keypress: num_1
185.1205 	EXP 	New trial (rep=0, index=16): OrderedDict([('pic', u'pic/1.png'), ('ans', ['num_1']), ('cla', u'aaa'), ('no', 15)])
185.1752 	EXP 	point_for: autoDraw = False
185.1752 	EXP 	image_for: autoDraw = False
185.1752 	EXP 	image_for: image = u'pic/1.png'
185.1752 	EXP 	point_for: autoDraw = True
186.1362 	EXP 	point_for: autoDraw = False
186.1529 	EXP 	image_for: autoDraw = True
186.4705 	DATA 	Keypress: num_1
186.4719 	EXP 	New trial (rep=0, index=17): OrderedDict([('pic', u'pic/1.png'), ('ans', ['num_1']), ('cla', u'aaa'), ('no', 16)])
186.5271 	EXP 	point_for: autoDraw = False
186.5271 	EXP 	image_for: autoDraw = False
186.5271 	EXP 	image_for: image = u'pic/1.png'
186.5271 	EXP 	point_for: autoDraw = True
187.4875 	EXP 	point_for: autoDraw = False
187.5042 	EXP 	image_for: autoDraw = True
188.0390 	DATA 	Keypress: num_1
188.0413 	EXP 	New trial (rep=0, index=18): OrderedDict([('pic', u'pic/9.png'), ('ans', ['num_9']), ('cla', u'aaa'), ('no', 17)])
188.0937 	EXP 	point_for: autoDraw = False
188.0937 	EXP 	image_for: autoDraw = False
188.0937 	EXP 	image_for: image = u'pic/9.png'
188.0937 	EXP 	point_for: autoDraw = True
189.0558 	EXP 	point_for: autoDraw = False
189.0725 	EXP 	image_for: autoDraw = True
189.8741 	DATA 	Keypress: num_9
189.8757 	EXP 	New trial (rep=0, index=19): OrderedDict([('pic', u'pic/9.png'), ('ans', ['num_9']), ('cla', u'aaa'), ('no', 18)])
189.9239 	EXP 	point_for: autoDraw = False
189.9239 	EXP 	image_for: autoDraw = False
189.9239 	EXP 	image_for: image = u'pic/9.png'
189.9239 	EXP 	point_for: autoDraw = True
190.8910 	EXP 	point_for: autoDraw = False
190.9076 	EXP 	image_for: autoDraw = True
191.5756 	DATA 	Keypress: num_9
191.5779 	EXP 	New trial (rep=0, index=20): OrderedDict([('pic', u'pic/9.png'), ('ans', ['num_9']), ('cla', u'aaa'), ('no', 19)])
191.6298 	EXP 	point_for: autoDraw = False
191.6298 	EXP 	image_for: autoDraw = False
191.6298 	EXP 	image_for: image = u'pic/9.png'
191.6298 	EXP 	point_for: autoDraw = True
192.5926 	EXP 	point_for: autoDraw = False
192.6093 	EXP 	image_for: autoDraw = True
193.0272 	DATA 	Keypress: num_9
193.0295 	EXP 	New trial (rep=0, index=21): OrderedDict([('pic', u'pic/7.png'), ('ans', ['num_7']), ('cla', u'aaa'), ('no', 20)])
193.0801 	EXP 	point_for: autoDraw = False
193.0801 	EXP 	image_for: autoDraw = False
193.0801 	EXP 	image_for: image = u'pic/7.png'
193.0801 	EXP 	point_for: autoDraw = True
194.0442 	EXP 	point_for: autoDraw = False
194.0608 	EXP 	image_for: autoDraw = True
194.5953 	DATA 	Keypress: num_7
194.5968 	EXP 	New trial (rep=0, index=22): OrderedDict([('pic', u'pic/7.png'), ('ans', ['num_7']), ('cla', u'aaa'), ('no', 21)])
194.6488 	EXP 	point_for: autoDraw = False
194.6488 	EXP 	image_for: autoDraw = False
194.6488 	EXP 	image_for: image = u'pic/7.png'
194.6488 	EXP 	point_for: autoDraw = True
195.6123 	EXP 	point_for: autoDraw = False
195.6290 	EXP 	image_for: autoDraw = True
196.0633 	DATA 	Keypress: num_7
196.0648 	EXP 	New trial (rep=0, index=23): OrderedDict([('pic', u'pic/7.png'), ('ans', ['num_7']), ('cla', u'aaa'), ('no', 22)])
196.1172 	EXP 	point_for: autoDraw = False
196.1172 	EXP 	image_for: autoDraw = False
196.1172 	EXP 	image_for: image = u'pic/7.png'
196.1172 	EXP 	point_for: autoDraw = True
197.0804 	EXP 	point_for: autoDraw = False
197.0972 	EXP 	image_for: autoDraw = True
197.4483 	DATA 	Keypress: num_7
197.4507 	EXP 	New trial (rep=0, index=24): OrderedDict([('pic', u'pic/9.png'), ('ans', ['num_9']), ('cla', u'huan'), ('no', -1)])
197.5048 	EXP 	point_for: autoDraw = False
197.5048 	EXP 	image_for: autoDraw = False
197.5048 	EXP 	image_for: image = u'pic/9.png'
197.5048 	EXP 	point_for: autoDraw = True
198.4652 	EXP 	point_for: autoDraw = False
198.4818 	EXP 	image_for: autoDraw = True
198.9830 	DATA 	Keypress: num_9
198.9844 	EXP 	New trial (rep=0, index=25): OrderedDict([('pic', u'pic/4.png'), ('ans', ['num_4']), ('cla', u'huan'), ('no', -1)])
199.0366 	EXP 	point_for: autoDraw = False
199.0366 	EXP 	image_for: autoDraw = False
199.0366 	EXP 	image_for: image = u'pic/4.png'
199.0366 	EXP 	point_for: autoDraw = True
200.0000 	EXP 	point_for: autoDraw = False
200.0167 	EXP 	image_for: autoDraw = True
200.5345 	DATA 	Keypress: num_4
200.5360 	EXP 	New trial (rep=0, index=26): OrderedDict([('pic', u'pic/4.png'), ('ans', ['num_4']), ('cla', u'abb'), ('no', 23)])
200.5842 	EXP 	point_for: autoDraw = False
200.5842 	EXP 	image_for: autoDraw = False
200.5842 	EXP 	image_for: image = u'pic/4.png'
200.5842 	EXP 	point_for: autoDraw = True
201.5515 	EXP 	point_for: autoDraw = False
201.5682 	EXP 	image_for: autoDraw = True
202.0697 	DATA 	Keypress: num_4
202.0720 	EXP 	New trial (rep=0, index=27): OrderedDict([('pic', u'pic/5.png'), ('ans', ['num_5']), ('cla', u'abb'), ('no', 24)])
202.1167 	EXP 	point_for: autoDraw = False
202.1167 	EXP 	image_for: autoDraw = False
202.1167 	EXP 	image_for: image = u'pic/5.png'
202.1167 	EXP 	point_for: autoDraw = True
203.0866 	EXP 	point_for: autoDraw = False
203.1032 	EXP 	image_for: autoDraw = True
203.5211 	DATA 	Keypress: num_5
203.5235 	EXP 	New trial (rep=0, index=28): OrderedDict([('pic', u'pic/5.png'), ('ans', ['num_5']), ('cla', u'abb'), ('no', 25)])
203.5771 	EXP 	point_for: autoDraw = False
203.5771 	EXP 	image_for: autoDraw = False
203.5771 	EXP 	image_for: image = u'pic/5.png'
203.5771 	EXP 	point_for: autoDraw = True
204.5379 	EXP 	point_for: autoDraw = False
204.5545 	EXP 	image_for: autoDraw = True
204.9058 	DATA 	Keypress: num_5
204.9072 	EXP 	New trial (rep=0, index=29): OrderedDict([('pic', u'pic/9.png'), ('ans', ['num_9']), ('cla', u'abb'), ('no', 26)])
204.9557 	EXP 	point_for: autoDraw = False
204.9557 	EXP 	image_for: autoDraw = False
204.9557 	EXP 	image_for: image = u'pic/9.png'
204.9557 	EXP 	point_for: autoDraw = True
205.9226 	EXP 	point_for: autoDraw = False
205.9393 	EXP 	image_for: autoDraw = True
206.5238 	DATA 	Keypress: num_9
206.5253 	EXP 	New trial (rep=0, index=30): OrderedDict([('pic', u'pic/1.png'), ('ans', ['num_1']), ('cla', u'abb'), ('no', 27)])
206.5792 	EXP 	point_for: autoDraw = False
206.5792 	EXP 	image_for: autoDraw = False
206.5792 	EXP 	image_for: image = u'pic/1.png'
206.5792 	EXP 	point_for: autoDraw = True
207.5409 	EXP 	point_for: autoDraw = False
207.5576 	EXP 	image_for: autoDraw = True
208.2756 	DATA 	Keypress: num_1
208.2771 	EXP 	New trial (rep=0, index=31): OrderedDict([('pic', u'pic/1.png'), ('ans', ['num_1']), ('cla', u'abb'), ('no', 28)])
208.3303 	EXP 	point_for: autoDraw = False
208.3303 	EXP 	image_for: autoDraw = False
208.3303 	EXP 	image_for: image = u'pic/1.png'
208.3303 	EXP 	point_for: autoDraw = True
209.2926 	EXP 	point_for: autoDraw = False
209.3093 	EXP 	image_for: autoDraw = True
209.7271 	DATA 	Keypress: num_1
209.7286 	EXP 	New trial (rep=0, index=32): OrderedDict([('pic', u'pic/8.png'), ('ans', ['num_8']), ('cla', u'abb'), ('no', 29)])
209.7750 	EXP 	point_for: autoDraw = False
209.7750 	EXP 	image_for: autoDraw = False
209.7750 	EXP 	image_for: image = u'pic/8.png'
209.7750 	EXP 	point_for: autoDraw = True
210.7441 	EXP 	point_for: autoDraw = False
210.7608 	EXP 	image_for: autoDraw = True
211.2953 	DATA 	Keypress: num_8
211.2968 	EXP 	New trial (rep=0, index=33): OrderedDict([('pic', u'pic/6.png'), ('ans', ['num_6']), ('cla', u'abb'), ('no', 30)])
211.3432 	EXP 	point_for: autoDraw = False
211.3432 	EXP 	image_for: autoDraw = False
211.3432 	EXP 	image_for: image = u'pic/6.png'
211.3432 	EXP 	point_for: autoDraw = True
212.3130 	EXP 	point_for: autoDraw = False
212.3291 	EXP 	image_for: autoDraw = True
212.8136 	DATA 	Keypress: num_6
212.8159 	EXP 	New trial (rep=0, index=34): OrderedDict([('pic', u'pic/6.png'), ('ans', ['num_6']), ('cla', u'abb'), ('no', 31)])
212.8720 	EXP 	point_for: autoDraw = False
212.8720 	EXP 	image_for: autoDraw = False
212.8720 	EXP 	image_for: image = u'pic/6.png'
212.8720 	EXP 	point_for: autoDraw = True
213.8305 	EXP 	point_for: autoDraw = False
213.8472 	EXP 	image_for: autoDraw = True
214.2483 	DATA 	Keypress: num_6
214.2497 	EXP 	New trial (rep=0, index=35): OrderedDict([('pic', u'pic/6.png'), ('ans', ['num_6']), ('cla', u'abb'), ('no', 32)])
214.3009 	EXP 	point_for: autoDraw = False
214.3009 	EXP 	image_for: autoDraw = False
214.3009 	EXP 	image_for: image = u'pic/6.png'
214.3009 	EXP 	point_for: autoDraw = True
215.2653 	EXP 	point_for: autoDraw = False
215.2820 	EXP 	image_for: autoDraw = True
215.6163 	DATA 	Keypress: num_6
215.6178 	EXP 	New trial (rep=0, index=36): OrderedDict([('pic', u'pic/3.png'), ('ans', ['num_3']), ('cla', u'abb'), ('no', 33)])
215.6749 	EXP 	point_for: autoDraw = False
215.6749 	EXP 	image_for: autoDraw = False
215.6749 	EXP 	image_for: image = u'pic/3.png'
215.6749 	EXP 	point_for: autoDraw = True
216.6333 	EXP 	point_for: autoDraw = False
216.6500 	EXP 	image_for: autoDraw = True
217.3513 	DATA 	Keypress: num_3
217.3528 	EXP 	New trial (rep=0, index=37): OrderedDict([('pic', u'pic/3.png'), ('ans', ['num_3']), ('cla', u'abb'), ('no', 34)])
217.4052 	EXP 	point_for: autoDraw = False
217.4052 	EXP 	image_for: autoDraw = False
217.4052 	EXP 	image_for: image = u'pic/3.png'
217.4052 	EXP 	point_for: autoDraw = True
218.3685 	EXP 	point_for: autoDraw = False
218.3851 	EXP 	image_for: autoDraw = True
218.7694 	DATA 	Keypress: num_3
218.7708 	EXP 	New trial (rep=0, index=38): OrderedDict([('pic', u'pic/4.png'), ('ans', ['num_4']), ('cla', u'abb'), ('no', 35)])
218.8203 	EXP 	point_for: autoDraw = False
218.8203 	EXP 	image_for: autoDraw = False
218.8203 	EXP 	image_for: image = u'pic/4.png'
218.8203 	EXP 	point_for: autoDraw = True
219.7870 	EXP 	point_for: autoDraw = False
219.8032 	EXP 	image_for: autoDraw = True
220.3212 	DATA 	Keypress: num_4
220.3237 	EXP 	New trial (rep=0, index=39): OrderedDict([('pic', u'pic/3.png'), ('ans', ['num_3']), ('cla', u'abb'), ('no', 36)])
220.3824 	EXP 	point_for: autoDraw = False
220.3824 	EXP 	image_for: autoDraw = False
220.3824 	EXP 	image_for: image = u'pic/3.png'
220.3824 	EXP 	point_for: autoDraw = True
221.3381 	EXP 	point_for: autoDraw = False
221.3547 	EXP 	image_for: autoDraw = True
221.7894 	DATA 	Keypress: num_3
221.7918 	EXP 	New trial (rep=0, index=40): OrderedDict([('pic', u'pic/3.png'), ('ans', ['num_3']), ('cla', u'abb'), ('no', 37)])
221.8538 	EXP 	point_for: autoDraw = False
221.8538 	EXP 	image_for: autoDraw = False
221.8538 	EXP 	image_for: image = u'pic/3.png'
221.8538 	EXP 	point_for: autoDraw = True
222.8062 	EXP 	point_for: autoDraw = False
222.8228 	EXP 	image_for: autoDraw = True
223.1905 	DATA 	Keypress: num_3
223.1920 	EXP 	New trial (rep=0, index=41): OrderedDict([('pic', u'pic/6.png'), ('ans', ['num_6']), ('cla', u'abb'), ('no', 38)])
223.2426 	EXP 	point_for: autoDraw = False
223.2426 	EXP 	image_for: autoDraw = False
223.2426 	EXP 	image_for: image = u'pic/6.png'
223.2426 	EXP 	point_for: autoDraw = True
224.2075 	EXP 	point_for: autoDraw = False
224.2243 	EXP 	image_for: autoDraw = True
224.7588 	DATA 	Keypress: num_6
224.7611 	EXP 	New trial (rep=0, index=42): OrderedDict([('pic', u'pic/9.png'), ('ans', ['num_9']), ('cla', u'abb'), ('no', 39)])
224.8139 	EXP 	point_for: autoDraw = False
224.8139 	EXP 	image_for: autoDraw = False
224.8139 	EXP 	image_for: image = u'pic/9.png'
224.8139 	EXP 	point_for: autoDraw = True
225.7758 	EXP 	point_for: autoDraw = False
225.7925 	EXP 	image_for: autoDraw = True
226.2936 	DATA 	Keypress: num_9
226.2959 	EXP 	New trial (rep=0, index=43): OrderedDict([('pic', u'pic/9.png'), ('ans', ['num_9']), ('cla', u'abb'), ('no', 40)])
226.3554 	EXP 	point_for: autoDraw = False
226.3554 	EXP 	image_for: autoDraw = False
226.3554 	EXP 	image_for: image = u'pic/9.png'
226.3554 	EXP 	point_for: autoDraw = True
227.3110 	EXP 	point_for: autoDraw = False
227.3274 	EXP 	image_for: autoDraw = True
227.7451 	DATA 	Keypress: num_9
227.7467 	EXP 	New trial (rep=0, index=44): OrderedDict([('pic', u'pic/7.png'), ('ans', ['num_7']), ('cla', u'abb'), ('no', 41)])
227.7954 	EXP 	point_for: autoDraw = False
227.7954 	EXP 	image_for: autoDraw = False
227.7954 	EXP 	image_for: image = u'pic/7.png'
227.7954 	EXP 	point_for: autoDraw = True
228.7621 	EXP 	point_for: autoDraw = False
228.7788 	EXP 	image_for: autoDraw = True
229.3800 	DATA 	Keypress: num_7
229.3812 	EXP 	New trial (rep=0, index=45): OrderedDict([('pic', u'pic/6.png'), ('ans', ['num_6']), ('cla', u'abb'), ('no', 42)])
229.4251 	EXP 	point_for: autoDraw = False
229.4251 	EXP 	image_for: autoDraw = False
229.4251 	EXP 	image_for: image = u'pic/6.png'
229.4251 	EXP 	point_for: autoDraw = True
230.3972 	EXP 	point_for: autoDraw = False
230.4138 	EXP 	image_for: autoDraw = True
230.9484 	DATA 	Keypress: num_6
230.9502 	EXP 	New trial (rep=0, index=46): OrderedDict([('pic', u'pic/6.png'), ('ans', ['num_6']), ('cla', u'abb'), ('no', 43)])
230.9959 	EXP 	point_for: autoDraw = False
230.9959 	EXP 	image_for: autoDraw = False
230.9959 	EXP 	image_for: image = u'pic/6.png'
230.9959 	EXP 	point_for: autoDraw = True
231.9653 	EXP 	point_for: autoDraw = False
231.9820 	EXP 	image_for: autoDraw = True
232.3832 	DATA 	Keypress: num_6
232.3847 	EXP 	New trial (rep=0, index=47): OrderedDict([('pic', u'pic/1.png'), ('ans', ['num_1']), ('cla', u'abb'), ('no', 44)])
232.4346 	EXP 	point_for: autoDraw = False
232.4346 	EXP 	image_for: autoDraw = False
232.4346 	EXP 	image_for: image = u'pic/1.png'
232.4346 	EXP 	point_for: autoDraw = True
233.4002 	EXP 	point_for: autoDraw = False
233.4168 	EXP 	image_for: autoDraw = True
234.0346 	DATA 	Keypress: num_1
234.0361 	EXP 	New trial (rep=0, index=48): OrderedDict([('pic', u'pic/2.png'), ('ans', ['num_2']), ('cla', u'abb'), ('no', 45)])
234.0877 	EXP 	point_for: autoDraw = False
234.0877 	EXP 	image_for: autoDraw = False
234.0877 	EXP 	image_for: image = u'pic/2.png'
234.0877 	EXP 	point_for: autoDraw = True
235.0517 	EXP 	point_for: autoDraw = False
235.0684 	EXP 	image_for: autoDraw = True
235.5698 	DATA 	Keypress: num_2
235.5718 	EXP 	New trial (rep=0, index=49): OrderedDict([('pic', u'pic/2.png'), ('ans', ['num_2']), ('cla', u'abb'), ('no', 46)])
235.6247 	EXP 	point_for: autoDraw = False
235.6247 	EXP 	image_for: autoDraw = False
235.6247 	EXP 	image_for: image = u'pic/2.png'
235.6247 	EXP 	point_for: autoDraw = True
236.5865 	EXP 	point_for: autoDraw = False
236.6033 	EXP 	image_for: autoDraw = True
237.0543 	DATA 	Keypress: num_2
237.0565 	EXP 	New trial (rep=0, index=50): OrderedDict([('pic', u'pic/9.png'), ('ans', ['num_9']), ('cla', u'huan'), ('no', -1)])
237.1174 	EXP 	point_for: autoDraw = False
237.1174 	EXP 	image_for: autoDraw = False
237.1174 	EXP 	image_for: image = u'pic/9.png'
237.1174 	EXP 	point_for: autoDraw = True
238.0714 	EXP 	point_for: autoDraw = False
238.0881 	EXP 	image_for: autoDraw = True
238.8061 	DATA 	Keypress: num_9
238.8075 	EXP 	New trial (rep=0, index=51): OrderedDict([('pic', u'pic/2.png'), ('ans', ['num_2']), ('cla', u'huan'), ('no', -1)])
238.8651 	EXP 	point_for: autoDraw = False
238.8651 	EXP 	image_for: autoDraw = False
238.8651 	EXP 	image_for: image = u'pic/2.png'
238.8651 	EXP 	point_for: autoDraw = True
239.8232 	EXP 	point_for: autoDraw = False
239.8398 	EXP 	image_for: autoDraw = True
240.5078 	DATA 	Keypress: num_2
240.5090 	EXP 	New trial (rep=0, index=52): OrderedDict([('pic', u'pic/1.png'), ('ans', ['num_1']), ('cla', u'wh'), ('no', 47)])
240.5523 	EXP 	point_for: autoDraw = False
240.5523 	EXP 	image_for: autoDraw = False
240.5523 	EXP 	image_for: image = u'pic/1.png'
240.5523 	EXP 	point_for: autoDraw = True
241.5249 	EXP 	point_for: autoDraw = False
241.5415 	EXP 	image_for: autoDraw = True
242.0262 	DATA 	Keypress: num_1
242.0283 	EXP 	New trial (rep=0, index=53): OrderedDict([('pic', u'pic/4.png'), ('ans', ['num_4']), ('cla', u'wh'), ('no', 48)])
242.0820 	EXP 	point_for: autoDraw = False
242.0820 	EXP 	image_for: autoDraw = False
242.0820 	EXP 	image_for: image = u'pic/4.png'
242.0820 	EXP 	point_for: autoDraw = True
243.0430 	EXP 	point_for: autoDraw = False
243.0597 	EXP 	image_for: autoDraw = True
243.6945 	DATA 	Keypress: num_4
243.6968 	EXP 	New trial (rep=0, index=54): OrderedDict([('pic', u'pic/7.png'), ('ans', ['num_7']), ('cla', u'wh'), ('no', 49)])
243.7482 	EXP 	point_for: autoDraw = False
243.7482 	EXP 	image_for: autoDraw = False
243.7482 	EXP 	image_for: image = u'pic/7.png'
243.7482 	EXP 	point_for: autoDraw = True
244.7113 	EXP 	point_for: autoDraw = False
244.7281 	EXP 	image_for: autoDraw = True
245.2125 	DATA 	Keypress: num_7
245.2140 	EXP 	New trial (rep=0, index=55): OrderedDict([('pic', u'pic/1.png'), ('ans', ['num_1']), ('cla', u'wh'), ('no', 50)])
245.2617 	EXP 	point_for: autoDraw = False
245.2617 	EXP 	image_for: autoDraw = False
245.2617 	EXP 	image_for: image = u'pic/1.png'
245.2617 	EXP 	point_for: autoDraw = True
246.2295 	EXP 	point_for: autoDraw = False
246.2462 	EXP 	image_for: autoDraw = True
246.7974 	DATA 	Keypress: num_1
246.7990 	EXP 	New trial (rep=0, index=56): OrderedDict([('pic', u'pic/4.png'), ('ans', ['num_4']), ('cla', u'wh'), ('no', 51)])
246.8521 	EXP 	point_for: autoDraw = False
246.8521 	EXP 	image_for: autoDraw = False
246.8521 	EXP 	image_for: image = u'pic/4.png'
246.8521 	EXP 	point_for: autoDraw = True
247.8144 	EXP 	point_for: autoDraw = False
247.8312 	EXP 	image_for: autoDraw = True
248.3489 	DATA 	Keypress: num_4
248.3504 	EXP 	New trial (rep=0, index=57): OrderedDict([('pic', u'pic/7.png'), ('ans', ['num_7']), ('cla', u'wh'), ('no', 52)])
248.4060 	EXP 	point_for: autoDraw = False
248.4060 	EXP 	image_for: autoDraw = False
248.4060 	EXP 	image_for: image = u'pic/7.png'
248.4060 	EXP 	point_for: autoDraw = True
249.3660 	EXP 	point_for: autoDraw = False
249.3827 	EXP 	image_for: autoDraw = True
250.0840 	DATA 	Keypress: num_7
250.0854 	EXP 	New trial (rep=0, index=58): OrderedDict([('pic', u'pic/3.png'), ('ans', ['num_3']), ('cla', u'wh'), ('no', 53)])
250.1352 	EXP 	point_for: autoDraw = False
250.1352 	EXP 	image_for: autoDraw = False
250.1352 	EXP 	image_for: image = u'pic/3.png'
250.1352 	EXP 	point_for: autoDraw = True
251.1011 	EXP 	point_for: autoDraw = False
251.1177 	EXP 	image_for: autoDraw = True
251.9694 	DATA 	Keypress: num_3
251.9716 	EXP 	New trial (rep=0, index=59): OrderedDict([('pic', u'pic/6.png'), ('ans', ['num_6']), ('cla', u'wh'), ('no', 54)])
252.0290 	EXP 	point_for: autoDraw = False
252.0290 	EXP 	image_for: autoDraw = False
252.0290 	EXP 	image_for: image = u'pic/6.png'
252.0290 	EXP 	point_for: autoDraw = True
252.9865 	EXP 	point_for: autoDraw = False
253.0036 	EXP 	image_for: autoDraw = True
253.9712 	DATA 	Keypress: num_6
253.9735 	EXP 	New trial (rep=0, index=60): OrderedDict([('pic', u'pic/9.png'), ('ans', ['num_9']), ('cla', u'wh'), ('no', 55)])
254.0285 	EXP 	point_for: autoDraw = False
254.0285 	EXP 	image_for: autoDraw = False
254.0285 	EXP 	image_for: image = u'pic/9.png'
254.0285 	EXP 	point_for: autoDraw = True
254.9884 	EXP 	point_for: autoDraw = False
255.0050 	EXP 	image_for: autoDraw = True
255.5228 	DATA 	Keypress: num_9
255.5242 	EXP 	New trial (rep=0, index=61): OrderedDict([('pic', u'pic/4.png'), ('ans', ['num_4']), ('cla', u'wh'), ('no', 56)])
255.5776 	EXP 	point_for: autoDraw = False
255.5776 	EXP 	image_for: autoDraw = False
255.5776 	EXP 	image_for: image = u'pic/4.png'
255.5776 	EXP 	point_for: autoDraw = True
256.5399 	EXP 	point_for: autoDraw = False
256.5566 	EXP 	image_for: autoDraw = True
257.0412 	DATA 	Keypress: num_4
257.0435 	EXP 	New trial (rep=0, index=62): OrderedDict([('pic', u'pic/5.png'), ('ans', ['num_5']), ('cla', u'wh'), ('no', 57)])
257.1019 	EXP 	point_for: autoDraw = False
257.1019 	EXP 	image_for: autoDraw = False
257.1019 	EXP 	image_for: image = u'pic/5.png'
257.1019 	EXP 	point_for: autoDraw = True
258.0580 	EXP 	point_for: autoDraw = False
258.0749 	EXP 	image_for: autoDraw = True
258.5102 	DATA 	Keypress: num_5
258.5269 	EXP 	New trial (rep=0, index=63): OrderedDict([('pic', u'pic/6.png'), ('ans', ['num_6']), ('cla', u'wh'), ('no', 58)])
258.5751 	EXP 	point_for: autoDraw = False
258.5751 	EXP 	image_for: autoDraw = False
258.5751 	EXP 	image_for: image = u'pic/6.png'
258.5751 	EXP 	point_for: autoDraw = True
259.5429 	EXP 	point_for: autoDraw = False
259.5595 	EXP 	image_for: autoDraw = True
260.0274 	DATA 	Keypress: num_6
260.0298 	EXP 	New trial (rep=0, index=64): OrderedDict([('pic', u'pic/3.png'), ('ans', ['num_3']), ('cla', u'cross'), ('no', 59)])
260.0842 	EXP 	point_for: autoDraw = False
260.0842 	EXP 	image_for: autoDraw = False
260.0842 	EXP 	image_for: image = u'pic/3.png'
260.0842 	EXP 	point_for: autoDraw = True
261.0443 	EXP 	point_for: autoDraw = False
261.0610 	EXP 	image_for: autoDraw = True
261.6622 	DATA 	Keypress: num_3
261.6636 	EXP 	New trial (rep=0, index=65): OrderedDict([('pic', u'pic/5.png'), ('ans', ['num_5']), ('cla', u'cross'), ('no', 60)])
261.7175 	EXP 	point_for: autoDraw = False
261.7175 	EXP 	image_for: autoDraw = False
261.7175 	EXP 	image_for: image = u'pic/5.png'
261.7175 	EXP 	point_for: autoDraw = True
262.6793 	EXP 	point_for: autoDraw = False
262.6960 	EXP 	image_for: autoDraw = True
263.1806 	DATA 	Keypress: num_5
263.1823 	EXP 	New trial (rep=0, index=66): OrderedDict([('pic', u'pic/7.png'), ('ans', ['num_7']), ('cla', u'cross'), ('no', 61)])
263.2256 	EXP 	point_for: autoDraw = False
263.2256 	EXP 	image_for: autoDraw = False
263.2256 	EXP 	image_for: image = u'pic/7.png'
263.2256 	EXP 	point_for: autoDraw = True
264.1977 	EXP 	point_for: autoDraw = False
264.2142 	EXP 	image_for: autoDraw = True
264.7155 	DATA 	Keypress: num_7
264.7179 	EXP 	New trial (rep=0, index=67): OrderedDict([('pic', u'pic/9.png'), ('ans', ['num_9']), ('cla', u'cross'), ('no', 62)])
264.7752 	EXP 	point_for: autoDraw = False
264.7752 	EXP 	image_for: autoDraw = False
264.7752 	EXP 	image_for: image = u'pic/9.png'
264.7752 	EXP 	point_for: autoDraw = True
265.7324 	EXP 	point_for: autoDraw = False
265.7490 	EXP 	image_for: autoDraw = True
266.2168 	DATA 	Keypress: num_9
266.2183 	EXP 	New trial (rep=0, index=68): OrderedDict([('pic', u'pic/5.png'), ('ans', ['num_5']), ('cla', u'cross'), ('no', 63)])
266.2735 	EXP 	point_for: autoDraw = False
266.2735 	EXP 	image_for: autoDraw = False
266.2735 	EXP 	image_for: image = u'pic/5.png'
266.2735 	EXP 	point_for: autoDraw = True
267.2338 	EXP 	point_for: autoDraw = False
267.2507 	EXP 	image_for: autoDraw = True
267.7022 	DATA 	Keypress: num_5
267.7193 	EXP 	New trial (rep=0, index=69): OrderedDict([('pic', u'pic/1.png'), ('ans', ['num_1']), ('cla', u'cross'), ('no', 64)])
267.7795 	EXP 	point_for: autoDraw = False
267.7795 	EXP 	image_for: autoDraw = False
267.7795 	EXP 	image_for: image = u'pic/1.png'
267.7795 	EXP 	point_for: autoDraw = True
268.7353 	EXP 	point_for: autoDraw = False
268.7520 	EXP 	image_for: autoDraw = True
269.3533 	DATA 	Keypress: num_1
269.3546 	EXP 	New trial (rep=0, index=70): OrderedDict([('pic', u'pic/3.png'), ('ans', ['num_3']), ('cla', u'cross'), ('no', 65)])
269.3996 	EXP 	point_for: autoDraw = False
269.3996 	EXP 	image_for: autoDraw = False
269.3996 	EXP 	image_for: image = u'pic/3.png'
269.3996 	EXP 	point_for: autoDraw = True
270.3703 	EXP 	point_for: autoDraw = False
270.3870 	EXP 	image_for: autoDraw = True
270.9382 	DATA 	Keypress: num_3
270.9405 	EXP 	New trial (rep=0, index=71): OrderedDict([('pic', u'pic/5.png'), ('ans', ['num_5']), ('cla', u'cross'), ('no', 66)])
270.9900 	EXP 	point_for: autoDraw = False
270.9900 	EXP 	image_for: autoDraw = False
270.9900 	EXP 	image_for: image = u'pic/5.png'
270.9900 	EXP 	point_for: autoDraw = True
271.9553 	EXP 	point_for: autoDraw = False
271.9719 	EXP 	image_for: autoDraw = True
272.4734 	DATA 	Keypress: num_5
272.4747 	EXP 	New trial (rep=0, index=72): OrderedDict([('pic', u'pic/7.png'), ('ans', ['num_7']), ('cla', u'cross'), ('no', 67)])
272.5248 	EXP 	point_for: autoDraw = False
272.5248 	EXP 	image_for: autoDraw = False
272.5248 	EXP 	image_for: image = u'pic/7.png'
272.5248 	EXP 	point_for: autoDraw = True
273.4901 	EXP 	point_for: autoDraw = False
273.5068 	EXP 	image_for: autoDraw = True
274.0914 	DATA 	Keypress: num_7
274.0935 	EXP 	New trial (rep=0, index=73): OrderedDict([('pic', u'pic/7.png'), ('ans', ['num_7']), ('cla', u'cross'), ('no', 68)])
274.1473 	EXP 	point_for: autoDraw = False
274.1473 	EXP 	image_for: autoDraw = False
274.1473 	EXP 	image_for: image = u'pic/7.png'
274.1473 	EXP 	point_for: autoDraw = True
275.1084 	EXP 	point_for: autoDraw = False
275.1252 	EXP 	image_for: autoDraw = True
276.0434 	DATA 	Keypress: num_7
276.0457 	EXP 	New trial (rep=0, index=74): OrderedDict([('pic', u'pic/5.png'), ('ans', ['num_5']), ('cla', u'cross'), ('no', 69)])
276.1065 	EXP 	point_for: autoDraw = False
276.1065 	EXP 	image_for: autoDraw = False
276.1065 	EXP 	image_for: image = u'pic/5.png'
276.1065 	EXP 	point_for: autoDraw = True
277.0604 	EXP 	point_for: autoDraw = False
277.0770 	EXP 	image_for: autoDraw = True
277.5614 	DATA 	Keypress: num_5
277.5627 	EXP 	New trial (rep=0, index=75): OrderedDict([('pic', u'pic/3.png'), ('ans', ['num_3']), ('cla', u'cross'), ('no', 70)])
277.6066 	EXP 	point_for: autoDraw = False
277.6066 	EXP 	image_for: autoDraw = False
277.6066 	EXP 	image_for: image = u'pic/3.png'
277.6066 	EXP 	point_for: autoDraw = True
278.5785 	EXP 	point_for: autoDraw = False
278.5952 	EXP 	image_for: autoDraw = True
279.1631 	DATA 	Keypress: num_3
279.1646 	EXP 	New trial (rep=0, index=76): OrderedDict([('pic', u'pic/1.png'), ('ans', ['num_1']), ('cla', u'huan'), ('no', -1)])
279.2134 	EXP 	point_for: autoDraw = False
279.2134 	EXP 	image_for: autoDraw = False
279.2134 	EXP 	image_for: image = u'pic/1.png'
279.2134 	EXP 	point_for: autoDraw = True
280.1801 	EXP 	point_for: autoDraw = False
280.1968 	EXP 	image_for: autoDraw = True
280.8482 	DATA 	Keypress: num_1
280.8496 	EXP 	New trial (rep=0, index=77): OrderedDict([('pic', u'pic/3.png'), ('ans', ['num_3']), ('cla', u'huan'), ('no', -1)])
280.9078 	EXP 	point_for: autoDraw = False
280.9078 	EXP 	image_for: autoDraw = False
280.9078 	EXP 	image_for: image = u'pic/3.png'
280.9078 	EXP 	point_for: autoDraw = True
281.8652 	EXP 	point_for: autoDraw = False
281.8819 	EXP 	image_for: autoDraw = True
282.3496 	DATA 	Keypress: num_3
282.3510 	EXP 	New trial (rep=0, index=78): OrderedDict([('pic', u'pic/2.png'), ('ans', ['num_2']), ('cla', u'abc3'), ('no', 71)])
282.4013 	EXP 	point_for: autoDraw = False
282.4013 	EXP 	image_for: autoDraw = False
282.4013 	EXP 	image_for: image = u'pic/2.png'
282.4013 	EXP 	point_for: autoDraw = True
283.3666 	EXP 	point_for: autoDraw = False
283.3833 	EXP 	image_for: autoDraw = True
283.9180 	DATA 	Keypress: num_2
283.9360 	EXP 	New trial (rep=0, index=79): OrderedDict([('pic', u'pic/8.png'), ('ans', ['num_8']), ('cla', u'abc3'), ('no', 72)])
283.9899 	EXP 	point_for: autoDraw = False
283.9899 	EXP 	image_for: autoDraw = False
283.9899 	EXP 	image_for: image = u'pic/8.png'
283.9899 	EXP 	point_for: autoDraw = True
284.9516 	EXP 	point_for: autoDraw = False
284.9682 	EXP 	image_for: autoDraw = True
285.8700 	DATA 	Keypress: num_8
285.8723 	EXP 	New trial (rep=0, index=80): OrderedDict([('pic', u'pic/3.png'), ('ans', ['num_3']), ('cla', u'abc3'), ('no', 73)])
285.9238 	EXP 	point_for: autoDraw = False
285.9238 	EXP 	image_for: autoDraw = False
285.9238 	EXP 	image_for: image = u'pic/3.png'
285.9238 	EXP 	point_for: autoDraw = True
286.8869 	EXP 	point_for: autoDraw = False
286.9035 	EXP 	image_for: autoDraw = True
287.4379 	DATA 	Keypress: num_3
287.4393 	EXP 	New trial (rep=0, index=81): OrderedDict([('pic', u'pic/2.png'), ('ans', ['num_2']), ('cla', u'abc3'), ('no', 74)])
287.4949 	EXP 	point_for: autoDraw = False
287.4949 	EXP 	image_for: autoDraw = False
287.4949 	EXP 	image_for: image = u'pic/2.png'
287.4949 	EXP 	point_for: autoDraw = True
288.4551 	EXP 	point_for: autoDraw = False
288.4717 	EXP 	image_for: autoDraw = True
289.4401 	DATA 	Keypress: num_2
289.4416 	EXP 	New trial (rep=0, index=82): OrderedDict([('pic', u'pic/8.png'), ('ans', ['num_8']), ('cla', u'abc3'), ('no', 75)])
289.4952 	EXP 	point_for: autoDraw = False
289.4952 	EXP 	image_for: autoDraw = False
289.4952 	EXP 	image_for: image = u'pic/8.png'
289.4952 	EXP 	point_for: autoDraw = True
290.4571 	EXP 	point_for: autoDraw = False
290.4738 	EXP 	image_for: autoDraw = True
291.2085 	DATA 	Keypress: num_8
291.2099 	EXP 	New trial (rep=0, index=83): OrderedDict([('pic', u'pic/3.png'), ('ans', ['num_3']), ('cla', u'abc3'), ('no', 76)])
291.2564 	EXP 	point_for: autoDraw = False
291.2564 	EXP 	image_for: autoDraw = False
291.2564 	EXP 	image_for: image = u'pic/3.png'
291.2564 	EXP 	point_for: autoDraw = True
292.2255 	EXP 	point_for: autoDraw = False
292.2422 	EXP 	image_for: autoDraw = True
292.7433 	DATA 	Keypress: num_3
292.7456 	EXP 	New trial (rep=0, index=84): OrderedDict([('pic', u'pic/2.png'), ('ans', ['num_2']), ('cla', u'abc3'), ('no', 77)])
292.8013 	EXP 	point_for: autoDraw = False
292.8013 	EXP 	image_for: autoDraw = False
292.8013 	EXP 	image_for: image = u'pic/2.png'
292.8013 	EXP 	point_for: autoDraw = True
293.7604 	EXP 	point_for: autoDraw = False
293.7770 	EXP 	image_for: autoDraw = True
294.1949 	DATA 	Keypress: num_2
294.1963 	EXP 	New trial (rep=0, index=85): OrderedDict([('pic', u'pic/8.png'), ('ans', ['num_8']), ('cla', u'abc3'), ('no', 78)])
294.2496 	EXP 	point_for: autoDraw = False
294.2496 	EXP 	image_for: autoDraw = False
294.2496 	EXP 	image_for: image = u'pic/8.png'
294.2496 	EXP 	point_for: autoDraw = True
295.2118 	EXP 	point_for: autoDraw = False
295.2285 	EXP 	image_for: autoDraw = True
295.8799 	DATA 	Keypress: num_8
295.8822 	EXP 	New trial (rep=0, index=86): OrderedDict([('pic', u'pic/3.png'), ('ans', ['num_3']), ('cla', u'abc3'), ('no', 79)])
295.9495 	EXP 	point_for: autoDraw = False
295.9495 	EXP 	image_for: autoDraw = False
295.9495 	EXP 	image_for: image = u'pic/3.png'
295.9495 	EXP 	point_for: autoDraw = True
296.8968 	EXP 	point_for: autoDraw = False
296.9135 	EXP 	image_for: autoDraw = True
297.3812 	DATA 	Keypress: num_3
297.3827 	EXP 	New trial (rep=0, index=87): OrderedDict([('pic', u'pic/3.png'), ('ans', ['num_3']), ('cla', u'abc3'), ('no', 80)])
297.4340 	EXP 	point_for: autoDraw = False
297.4340 	EXP 	image_for: autoDraw = False
297.4340 	EXP 	image_for: image = u'pic/3.png'
297.4340 	EXP 	point_for: autoDraw = True
298.3983 	EXP 	point_for: autoDraw = False
298.4150 	EXP 	image_for: autoDraw = True
298.8494 	DATA 	Keypress: num_3
298.8517 	EXP 	New trial (rep=0, index=88): OrderedDict([('pic', u'pic/6.png'), ('ans', ['num_6']), ('cla', u'abc3'), ('no', 81)])
298.9034 	EXP 	point_for: autoDraw = False
298.9034 	EXP 	image_for: autoDraw = False
298.9034 	EXP 	image_for: image = u'pic/6.png'
298.9034 	EXP 	point_for: autoDraw = True
299.8664 	EXP 	point_for: autoDraw = False
299.8831 	EXP 	image_for: autoDraw = True
300.5179 	DATA 	Keypress: num_6
300.5350 	EXP 	New trial (rep=0, index=89): OrderedDict([('pic', u'pic/8.png'), ('ans', ['num_8']), ('cla', u'abc3'), ('no', 82)])
300.5778 	EXP 	point_for: autoDraw = False
300.5778 	EXP 	image_for: autoDraw = False
300.5778 	EXP 	image_for: image = u'pic/8.png'
300.5778 	EXP 	point_for: autoDraw = True
301.5515 	EXP 	point_for: autoDraw = False
301.5682 	EXP 	image_for: autoDraw = True
302.3699 	DATA 	Keypress: num_8
302.3723 	EXP 	New trial (rep=0, index=90): OrderedDict([('pic', u'pic/3.png'), ('ans', ['num_3']), ('cla', u'abc3'), ('no', 83)])
302.4238 	EXP 	point_for: autoDraw = False
302.4238 	EXP 	image_for: autoDraw = False
302.4238 	EXP 	image_for: image = u'pic/3.png'
302.4238 	EXP 	point_for: autoDraw = True
303.3866 	EXP 	point_for: autoDraw = False
303.4034 	EXP 	image_for: autoDraw = True
304.2550 	DATA 	Keypress: num_3
304.2575 	EXP 	New trial (rep=0, index=91): OrderedDict([('pic', u'pic/6.png'), ('ans', ['num_6']), ('cla', u'abc3'), ('no', 84)])
304.3144 	EXP 	point_for: autoDraw = False
304.3144 	EXP 	image_for: autoDraw = False
304.3144 	EXP 	image_for: image = u'pic/6.png'
304.3144 	EXP 	point_for: autoDraw = True
305.2719 	EXP 	point_for: autoDraw = False
305.2885 	EXP 	image_for: autoDraw = True
305.9898 	DATA 	Keypress: num_6
305.9913 	EXP 	New trial (rep=0, index=92): OrderedDict([('pic', u'pic/8.png'), ('ans', ['num_8']), ('cla', u'abc3'), ('no', 85)])
306.0431 	EXP 	point_for: autoDraw = False
306.0431 	EXP 	image_for: autoDraw = False
306.0431 	EXP 	image_for: image = u'pic/8.png'
306.0431 	EXP 	point_for: autoDraw = True
307.0069 	EXP 	point_for: autoDraw = False
307.0236 	EXP 	image_for: autoDraw = True
307.5248 	DATA 	Keypress: num_8
307.5264 	EXP 	New trial (rep=0, index=93): OrderedDict([('pic', u'pic/3.png'), ('ans', ['num_3']), ('cla', u'abc3'), ('no', 86)])
307.5800 	EXP 	point_for: autoDraw = False
307.5800 	EXP 	image_for: autoDraw = False
307.5800 	EXP 	image_for: image = u'pic/3.png'
307.5800 	EXP 	point_for: autoDraw = True
308.5418 	EXP 	point_for: autoDraw = False
308.5586 	EXP 	image_for: autoDraw = True
309.1266 	DATA 	Keypress: num_3
309.1289 	EXP 	New trial (rep=0, index=94): OrderedDict([('pic', u'pic/6.png'), ('ans', ['num_6']), ('cla', u'abc3'), ('no', 87)])
309.1811 	EXP 	point_for: autoDraw = False
309.1811 	EXP 	image_for: autoDraw = False
309.1811 	EXP 	image_for: image = u'pic/6.png'
309.1811 	EXP 	point_for: autoDraw = True
310.1434 	EXP 	point_for: autoDraw = False
310.1600 	EXP 	image_for: autoDraw = True
310.6779 	DATA 	Keypress: num_6
310.6794 	EXP 	New trial (rep=0, index=95): OrderedDict([('pic', u'pic/8.png'), ('ans', ['num_8']), ('cla', u'abc3'), ('no', 88)])
310.7332 	EXP 	point_for: autoDraw = False
310.7332 	EXP 	image_for: autoDraw = False
310.7332 	EXP 	image_for: image = u'pic/8.png'
310.7332 	EXP 	point_for: autoDraw = True
311.6950 	EXP 	point_for: autoDraw = False
311.7116 	EXP 	image_for: autoDraw = True
312.2794 	DATA 	Keypress: num_8
312.2818 	EXP 	New trial (rep=0, index=96): OrderedDict([('pic', u'pic/5.png'), ('ans', ['num_5']), ('cla', u'abc3'), ('no', 89)])
312.3393 	EXP 	point_for: autoDraw = False
312.3393 	EXP 	image_for: autoDraw = False
312.3393 	EXP 	image_for: image = u'pic/5.png'
312.3393 	EXP 	point_for: autoDraw = True
313.2966 	EXP 	point_for: autoDraw = False
313.3132 	EXP 	image_for: autoDraw = True
313.7977 	DATA 	Keypress: num_5
313.7991 	EXP 	New trial (rep=0, index=97): OrderedDict([('pic', u'pic/8.png'), ('ans', ['num_8']), ('cla', u'abc3'), ('no', 90)])
313.8574 	EXP 	point_for: autoDraw = False
313.8574 	EXP 	image_for: autoDraw = False
313.8574 	EXP 	image_for: image = u'pic/8.png'
313.8574 	EXP 	point_for: autoDraw = True
314.8151 	EXP 	point_for: autoDraw = False
314.8319 	EXP 	image_for: autoDraw = True
315.5161 	DATA 	Keypress: num_8
315.5176 	EXP 	New trial (rep=0, index=98): OrderedDict([('pic', u'pic/9.png'), ('ans', ['num_9']), ('cla', u'abc3'), ('no', 91)])
315.5658 	EXP 	point_for: autoDraw = False
315.5658 	EXP 	image_for: autoDraw = False
315.5658 	EXP 	image_for: image = u'pic/9.png'
315.5658 	EXP 	point_for: autoDraw = True
316.5332 	EXP 	point_for: autoDraw = False
316.5498 	EXP 	image_for: autoDraw = True
317.1182 	DATA 	Keypress: num_9
317.1365 	EXP 	New trial (rep=0, index=99): OrderedDict([('pic', u'pic/5.png'), ('ans', ['num_5']), ('cla', u'abc3'), ('no', 92)])
317.1858 	EXP 	point_for: autoDraw = False
317.1858 	EXP 	image_for: autoDraw = False
317.1858 	EXP 	image_for: image = u'pic/5.png'
317.1858 	EXP 	point_for: autoDraw = True
318.1516 	EXP 	point_for: autoDraw = False
318.1687 	EXP 	image_for: autoDraw = True
318.9198 	DATA 	Keypress: num_5
318.9221 	EXP 	New trial (rep=0, index=100): OrderedDict([('pic', u'pic/8.png'), ('ans', ['num_8']), ('cla', u'abc3'), ('no', 93)])
318.9798 	EXP 	point_for: autoDraw = False
318.9798 	EXP 	image_for: autoDraw = False
318.9798 	EXP 	image_for: image = u'pic/8.png'
318.9798 	EXP 	point_for: autoDraw = True
319.9366 	EXP 	point_for: autoDraw = False
319.9532 	EXP 	image_for: autoDraw = True
320.4385 	DATA 	Keypress: num_8
320.4553 	EXP 	New trial (rep=0, index=101): OrderedDict([('pic', u'pic/9.png'), ('ans', ['num_9']), ('cla', u'abc3'), ('no', 94)])
320.5072 	EXP 	point_for: autoDraw = False
320.5072 	EXP 	image_for: autoDraw = False
320.5072 	EXP 	image_for: image = u'pic/9.png'
320.5072 	EXP 	point_for: autoDraw = True
321.4714 	EXP 	point_for: autoDraw = False
321.4880 	EXP 	image_for: autoDraw = True
322.0392 	DATA 	Keypress: num_9
322.0407 	EXP 	New trial (rep=0, index=102): OrderedDict([('pic', u'pic/5.png'), ('ans', ['num_5']), ('cla', u'abc3'), ('no', 95)])
322.0878 	EXP 	point_for: autoDraw = False
322.0878 	EXP 	image_for: autoDraw = False
322.0878 	EXP 	image_for: image = u'pic/5.png'
322.0878 	EXP 	point_for: autoDraw = True
323.0564 	EXP 	point_for: autoDraw = False
323.0730 	EXP 	image_for: autoDraw = True
323.5411 	DATA 	Keypress: num_5
323.5435 	EXP 	New trial (rep=0, index=103): OrderedDict([('pic', u'pic/8.png'), ('ans', ['num_8']), ('cla', u'abc3'), ('no', 96)])
323.5948 	EXP 	point_for: autoDraw = False
323.5948 	EXP 	image_for: autoDraw = False
323.5948 	EXP 	image_for: image = u'pic/8.png'
323.5948 	EXP 	point_for: autoDraw = True
324.5579 	EXP 	point_for: autoDraw = False
324.5745 	EXP 	image_for: autoDraw = True
325.0592 	DATA 	Keypress: num_8
325.0614 	EXP 	New trial (rep=0, index=104): OrderedDict([('pic', u'pic/9.png'), ('ans', ['num_9']), ('cla', u'abc3'), ('no', 97)])
325.1158 	EXP 	point_for: autoDraw = False
325.1158 	EXP 	image_for: autoDraw = False
325.1158 	EXP 	image_for: image = u'pic/9.png'
325.1158 	EXP 	point_for: autoDraw = True
326.0759 	EXP 	point_for: autoDraw = False
326.0927 	EXP 	image_for: autoDraw = True
326.6774 	DATA 	Keypress: num_9
327.5637 	EXP 	window1: mouseVisible = True
