27.9564 	EXP 	Created window1 = Window(allowGUI=False, allowStencil=False, args=UNKNOWN, autoLog=True, bitsMode=UNKNOWN, blendMode='avg', color='white', colorSpace='named', fullscr=UNKNOWN, gamma=None, kwargs=UNKNOWN, lms=UNKNOWN, monitor=<psychopy.monitors.calibTools.Monitor object at 0x1EEA30F0>, multiSample=False, name='window1', numSamples=2, pos=[0, 0], screen=0, size=array([1920, 1080]), stereo=False, units=u'norm', useFBO=True, useRetina=False, viewOri=0.0, viewPos=None, viewScale=None, waitBlanking=True, winType=u'pyglet')
27.9565 	EXP 	window1: recordFrameIntervals = False
28.1213 	EXP 	window1: recordFrameIntervals = True
28.3059 	EXP 	window1: recordFrameIntervals = False
28.6836 	EXP 	Created wel_text = TextStim(alignHoriz='center', alignVert='center', antialias=True, autoLog=True, bold=False, color='black', colorSpace='named', contrast=1.0, depth=0.0, flipHoriz=False, flipVert=False, font='Consolas', fontFiles=[], height=0.1, italic=False, name='wel_text', opacity=1.0, ori=0, pos=array([ 0.,  0.]), rgb=array([ 0.,  0.,  0.]), text=newstr(...), units=u'norm', win=Window(...), wrapWidth=1)
28.6892 	EXP 	Created image_practice = ImageStim(autoLog=True, color=array([ 1.,  1.,  1.]), colorSpace='rgb', contrast=1.0, depth=0.0, flipHoriz=False, flipVert=False, image='sin', interpolate=True, mask=None, maskParams=None, name='image_practice', opacity=1.0, ori=0.0, pos=array([ 0.,  0.]), size=array([ 0.45,  0.8 ]), texRes=128, units=u'norm', win=Window(...))
28.7169 	EXP 	Created point_prac = TextStim(alignHoriz='center', alignVert='center', antialias=True, autoLog=True, bold=False, color='black', colorSpace='named', contrast=1.0, depth=-2.0, flipHoriz=False, flipVert=False, font='Arial', fontFiles=[], height=0.1, italic=False, name='point_prac', opacity=1.0, ori=0, pos=array([ 0.,  0.]), rgb=array([ 0.,  0.,  0.]), text='+', units=u'norm', win=Window(...), wrapWidth=1)
28.7818 	EXP 	Created text_base = TextStim(alignHoriz='center', alignVert='center', antialias=True, autoLog=True, bold=False, color='black', colorSpace='named', contrast=1.0, depth=0.0, flipHoriz=False, flipVert=False, font='Consolas', fontFiles=[], height=0.1, italic=False, name='text_base', opacity=1.0, ori=0, pos=array([ 0.,  0.]), rgb=array([ 0.,  0.,  0.]), text=newstr(...), units=u'norm', win=Window(...), wrapWidth=1)
28.7888 	EXP 	Created huan_point = TextStim(alignHoriz='center', alignVert='center', antialias=True, autoLog=True, bold=False, color='black', colorSpace='named', contrast=1.0, depth=0.0, flipHoriz=False, flipVert=False, font='Arial', fontFiles=[], height=0.1, italic=False, name='huan_point', opacity=1.0, ori=0, pos=array([ 0.,  0.]), rgb=array([ 0.,  0.,  0.]), text='+', units=u'norm', win=Window(...), wrapWidth=1)
28.7932 	EXP 	Created image_huan = ImageStim(autoLog=True, color=array([ 1.,  1.,  1.]), colorSpace='rgb', contrast=1.0, depth=-1.0, flipHoriz=False, flipVert=False, image='sin', interpolate=True, mask=None, maskParams=None, name='image_huan', opacity=1.0, ori=0.0, pos=array([ 0.,  0.]), size=array([ 0.45,  0.8 ]), texRes=128, units=u'norm', win=Window(...))
28.8002 	EXP 	Created point_base = TextStim(alignHoriz='center', alignVert='center', antialias=True, autoLog=True, bold=False, color='black', colorSpace='named', contrast=1.0, depth=0.0, flipHoriz=False, flipVert=False, font='Arial', fontFiles=[], height=0.1, italic=False, name='point_base', opacity=1.0, ori=0, pos=array([ 0.,  0.]), rgb=array([ 0.,  0.,  0.]), text='+', units=u'norm', win=Window(...), wrapWidth=1)
28.8050 	EXP 	Created image_base = ImageStim(autoLog=True, color=array([ 1.,  1.,  1.]), colorSpace='rgb', contrast=1.0, depth=-1.0, flipHoriz=False, flipVert=False, image='sin', interpolate=True, mask=None, maskParams=None, name='image_base', opacity=1.0, ori=0.0, pos=array([ 0.,  0.]), size=array([ 0.45,  0.8 ]), texRes=128, units=u'norm', win=Window(...))
28.8117 	EXP 	Created point_for = TextStim(alignHoriz='center', alignVert='center', antialias=True, autoLog=True, bold=False, color='black', colorSpace='named', contrast=1.0, depth=0.0, flipHoriz=False, flipVert=False, font='Arial', fontFiles=[], height=0.1, italic=False, name='point_for', opacity=1.0, ori=0, pos=array([ 0.,  0.]), rgb=array([ 0.,  0.,  0.]), text='+', units=u'norm', win=Window(...), wrapWidth=1)
28.8166 	EXP 	Created image_for = ImageStim(autoLog=True, color=array([ 1.,  1.,  1.]), colorSpace='rgb', contrast=1.0, depth=-2.0, flipHoriz=False, flipVert=False, image='sin', interpolate=True, mask=None, maskParams=None, name='image_for', opacity=1.0, ori=0.0, pos=array([ 0.,  0.]), size=array([ 0.45,  0.8 ]), texRes=128, units=u'norm', win=Window(...))
28.8377 	EXP 	wel_text: autoDraw = True
40.2016 	DATA 	Keypress: space
40.2251 	EXP 	Imported pic\prac_click.csv as conditions, 47 conditions, 4 params
40.2270 	EXP 	Created sequence: random, trialTypes=47, nReps=1, seed=None
40.2288 	EXP 	New trial (rep=0, index=0): OrderedDict([('no', 20), ('pic', u'pic/2.png'), ('cla', u'practice'), ('ans', ['num_2'])])
40.3209 	EXP 	wel_text: autoDraw = False
40.3209 	EXP 	image_practice: image = u'pic/2.png'
40.3209 	EXP 	point_prac: autoDraw = True
41.2350 	EXP 	point_prac: autoDraw = False
41.3415 	EXP 	image_practice: autoDraw = True
41.9872 	DATA 	Keypress: num_2
41.9915 	EXP 	New trial (rep=0, index=1): OrderedDict([('no', 28), ('pic', u'pic/1.png'), ('cla', u'practice'), ('ans', ['num_1'])])
42.0763 	EXP 	image_practice: autoDraw = False
42.0763 	EXP 	point_prac: autoDraw = False
42.0763 	EXP 	image_practice: image = u'pic/1.png'
42.0763 	EXP 	point_prac: autoDraw = True
43.0034 	EXP 	point_prac: autoDraw = False
43.0201 	EXP 	image_practice: autoDraw = True
43.5719 	DATA 	Keypress: num_1
43.5752 	EXP 	New trial (rep=0, index=2): OrderedDict([('no', 21), ('pic', u'pic/3.png'), ('cla', u'practice'), ('ans', ['num_3'])])
43.6642 	EXP 	image_practice: autoDraw = False
43.6642 	EXP 	point_prac: autoDraw = False
43.6642 	EXP 	image_practice: image = u'pic/3.png'
43.6642 	EXP 	point_prac: autoDraw = True
44.5883 	EXP 	point_prac: autoDraw = False
44.6050 	EXP 	image_practice: autoDraw = True
45.1085 	DATA 	Keypress: num_3
45.1261 	EXP 	New trial (rep=0, index=3): OrderedDict([('no', 24), ('pic', u'pic/6.png'), ('cla', u'practice'), ('ans', ['num_6'])])
45.2134 	EXP 	image_practice: autoDraw = False
45.2134 	EXP 	point_prac: autoDraw = False
45.2134 	EXP 	image_practice: image = u'pic/6.png'
45.2134 	EXP 	point_prac: autoDraw = True
46.1399 	EXP 	point_prac: autoDraw = False
46.1566 	EXP 	image_practice: autoDraw = True
46.6258 	DATA 	Keypress: num_6
46.6294 	EXP 	New trial (rep=0, index=4): OrderedDict([('no', 6), ('pic', u'pic/6.png'), ('cla', u'practice'), ('ans', ['num_6'])])
46.7103 	EXP 	image_practice: autoDraw = False
46.7103 	EXP 	point_prac: autoDraw = False
46.7103 	EXP 	image_practice: image = u'pic/6.png'
46.7103 	EXP 	point_prac: autoDraw = True
47.6432 	EXP 	point_prac: autoDraw = False
47.6590 	EXP 	image_practice: autoDraw = True
48.1430 	DATA 	Keypress: num_6
48.1472 	EXP 	New trial (rep=0, index=5): OrderedDict([('no', 19), ('pic', u'pic/1.png'), ('cla', u'practice'), ('ans', ['num_1'])])
48.2499 	EXP 	image_practice: autoDraw = False
48.2499 	EXP 	point_prac: autoDraw = False
48.2499 	EXP 	image_practice: image = u'pic/1.png'
48.2499 	EXP 	point_prac: autoDraw = True
49.1591 	EXP 	point_prac: autoDraw = False
49.1757 	EXP 	image_practice: autoDraw = True
49.7615 	DATA 	Keypress: num_1
49.7648 	EXP 	New trial (rep=0, index=6): OrderedDict([('no', 8), ('pic', u'pic/8.png'), ('cla', u'practice'), ('ans', ['num_8'])])
49.8674 	EXP 	image_practice: autoDraw = False
49.8674 	EXP 	point_prac: autoDraw = False
49.8674 	EXP 	image_practice: image = u'pic/8.png'
49.8674 	EXP 	point_prac: autoDraw = True
50.7772 	EXP 	point_prac: autoDraw = False
50.7941 	EXP 	image_practice: autoDraw = True
51.2634 	DATA 	Keypress: num_8
51.2667 	EXP 	New trial (rep=0, index=7): OrderedDict([('no', 25), ('pic', u'pic/7.png'), ('cla', u'practice'), ('ans', ['num_7'])])
51.3518 	EXP 	image_practice: autoDraw = False
51.3518 	EXP 	point_prac: autoDraw = False
51.3518 	EXP 	image_practice: image = u'pic/7.png'
51.3518 	EXP 	point_prac: autoDraw = True
52.2793 	EXP 	point_prac: autoDraw = False
52.2960 	EXP 	image_practice: autoDraw = True
52.7978 	DATA 	Keypress: num_7
52.8011 	EXP 	New trial (rep=0, index=8): OrderedDict([('no', 3), ('pic', u'pic/3.png'), ('cla', u'practice'), ('ans', ['num_3'])])
52.9048 	EXP 	image_practice: autoDraw = False
52.9048 	EXP 	point_prac: autoDraw = False
52.9048 	EXP 	image_practice: image = u'pic/3.png'
52.9048 	EXP 	point_prac: autoDraw = True
53.8143 	EXP 	point_prac: autoDraw = False
53.8310 	EXP 	image_practice: autoDraw = True
54.3676 	DATA 	Keypress: num_3
54.3714 	EXP 	New trial (rep=0, index=9): OrderedDict([('no', 32), ('pic', u'pic/5.png'), ('cla', u'practice'), ('ans', ['num_5'])])
54.4687 	EXP 	image_practice: autoDraw = False
54.4687 	EXP 	point_prac: autoDraw = False
54.4687 	EXP 	image_practice: image = u'pic/5.png'
54.4687 	EXP 	point_prac: autoDraw = True
55.3824 	EXP 	point_prac: autoDraw = False
55.3992 	EXP 	image_practice: autoDraw = True
55.9018 	DATA 	Keypress: num_5
55.9055 	EXP 	New trial (rep=0, index=10): OrderedDict([('no', 26), ('pic', u'pic/8.png'), ('cla', u'practice'), ('ans', ['num_8'])])
56.0116 	EXP 	image_practice: autoDraw = False
56.0116 	EXP 	point_prac: autoDraw = False
56.0116 	EXP 	image_practice: image = u'pic/8.png'
56.0116 	EXP 	point_prac: autoDraw = True
56.9173 	EXP 	point_prac: autoDraw = False
56.9340 	EXP 	image_practice: autoDraw = True
57.4206 	DATA 	Keypress: num_8
57.4393 	EXP 	New trial (rep=0, index=11): OrderedDict([('no', 43), ('pic', u'pic/7.png'), ('cla', u'practice'), ('ans', ['num_7'])])
57.5300 	EXP 	image_practice: autoDraw = False
57.5300 	EXP 	point_prac: autoDraw = False
57.5300 	EXP 	image_practice: image = u'pic/7.png'
57.5300 	EXP 	point_prac: autoDraw = True
58.4516 	EXP 	point_prac: autoDraw = False
58.4686 	EXP 	image_practice: autoDraw = True
59.0044 	DATA 	Keypress: num_7
59.0078 	EXP 	New trial (rep=0, index=12): OrderedDict([('no', 7), ('pic', u'pic/7.png'), ('cla', u'practice'), ('ans', ['num_7'])])
59.0951 	DATA 	Keypress: num_4
59.1022 	EXP 	image_practice: autoDraw = False
59.1022 	EXP 	point_prac: autoDraw = False
59.1022 	EXP 	image_practice: image = u'pic/7.png'
59.1022 	EXP 	point_prac: autoDraw = True
60.0212 	EXP 	point_prac: autoDraw = False
60.0370 	EXP 	image_practice: autoDraw = True
60.8566 	DATA 	Keypress: num_7
60.8604 	EXP 	New trial (rep=0, index=13): OrderedDict([('no', 11), ('pic', u'pic/2.png'), ('cla', u'practice'), ('ans', ['num_2'])])
60.9537 	EXP 	image_practice: autoDraw = False
60.9537 	EXP 	point_prac: autoDraw = False
60.9537 	EXP 	image_practice: image = u'pic/2.png'
60.9537 	EXP 	point_prac: autoDraw = True
61.8723 	EXP 	point_prac: autoDraw = False
61.8889 	EXP 	image_practice: autoDraw = True
62.4243 	DATA 	Keypress: num_2
62.4281 	EXP 	New trial (rep=0, index=14): OrderedDict([('no', 23), ('pic', u'pic/5.png'), ('cla', u'practice'), ('ans', ['num_5'])])
62.5185 	EXP 	image_practice: autoDraw = False
62.5185 	EXP 	point_prac: autoDraw = False
62.5185 	EXP 	image_practice: image = u'pic/5.png'
62.5185 	EXP 	point_prac: autoDraw = True
63.4405 	EXP 	point_prac: autoDraw = False
63.4572 	EXP 	image_practice: autoDraw = True
63.9089 	DATA 	Keypress: num_5
63.9124 	EXP 	New trial (rep=0, index=15): OrderedDict([('no', 27), ('pic', u'pic/9.png'), ('cla', u'practice'), ('ans', ['num_9'])])
64.0110 	EXP 	image_practice: autoDraw = False
64.0110 	EXP 	point_prac: autoDraw = False
64.0110 	EXP 	image_practice: image = u'pic/9.png'
64.0110 	EXP 	point_prac: autoDraw = True
64.9253 	EXP 	point_prac: autoDraw = False
64.9420 	EXP 	image_practice: autoDraw = True
65.5113 	DATA 	Keypress: num_9
65.5150 	EXP 	New trial (rep=0, index=16): OrderedDict([('no', 47), ('pic', u'pic/2.png'), ('cla', u'practice'), ('ans', ['num_2'])])
65.6064 	EXP 	image_practice: autoDraw = False
65.6064 	EXP 	point_prac: autoDraw = False
65.6064 	EXP 	image_practice: image = u'pic/2.png'
65.6064 	EXP 	point_prac: autoDraw = True
66.5271 	EXP 	point_prac: autoDraw = False
66.5436 	EXP 	image_practice: autoDraw = True
67.0634 	DATA 	Keypress: num_2
67.0668 	EXP 	New trial (rep=0, index=17): OrderedDict([('no', 39), ('pic', u'pic/3.png'), ('cla', u'practice'), ('ans', ['num_3'])])
67.1565 	EXP 	image_practice: autoDraw = False
67.1565 	EXP 	point_prac: autoDraw = False
67.1565 	EXP 	image_practice: image = u'pic/3.png'
67.1565 	EXP 	point_prac: autoDraw = True
68.0785 	EXP 	point_prac: autoDraw = False
68.0950 	EXP 	image_practice: autoDraw = True
68.5969 	DATA 	Keypress: num_3
68.6007 	EXP 	New trial (rep=0, index=18): OrderedDict([('no', 31), ('pic', u'pic/4.png'), ('cla', u'practice'), ('ans', ['num_4'])])
68.6897 	EXP 	image_practice: autoDraw = False
68.6897 	EXP 	point_prac: autoDraw = False
68.6897 	EXP 	image_practice: image = u'pic/4.png'
68.6897 	EXP 	point_prac: autoDraw = True
69.6133 	EXP 	point_prac: autoDraw = False
69.6299 	EXP 	image_practice: autoDraw = True
70.1490 	DATA 	Keypress: num_4
70.1532 	EXP 	New trial (rep=0, index=19): OrderedDict([('no', 44), ('pic', u'pic/8.png'), ('cla', u'practice'), ('ans', ['num_8'])])
70.2396 	EXP 	image_practice: autoDraw = False
70.2396 	EXP 	point_prac: autoDraw = False
70.2396 	EXP 	image_practice: image = u'pic/8.png'
70.2396 	EXP 	point_prac: autoDraw = True
71.1649 	EXP 	point_prac: autoDraw = False
71.1816 	EXP 	image_practice: autoDraw = True
71.7000 	DATA 	Keypress: num_8
71.7033 	EXP 	New trial (rep=0, index=20): OrderedDict([('no', 46), ('pic', u'pic/8.png'), ('cla', u'practice'), ('ans', ['num_8'])])
71.7920 	EXP 	image_practice: autoDraw = False
71.7920 	EXP 	point_prac: autoDraw = False
71.7920 	EXP 	image_practice: image = u'pic/8.png'
71.7920 	EXP 	point_prac: autoDraw = True
72.7170 	EXP 	point_prac: autoDraw = False
72.7337 	EXP 	image_practice: autoDraw = True
73.2015 	DATA 	Keypress: num_8
73.2049 	EXP 	New trial (rep=0, index=21): OrderedDict([('no', 15), ('pic', u'pic/6.png'), ('cla', u'practice'), ('ans', ['num_6'])])
73.3015 	EXP 	image_practice: autoDraw = False
73.3015 	EXP 	point_prac: autoDraw = False
73.3015 	EXP 	image_practice: image = u'pic/6.png'
73.3015 	EXP 	point_prac: autoDraw = True
74.2180 	EXP 	point_prac: autoDraw = False
74.2346 	EXP 	image_practice: autoDraw = True
74.7034 	DATA 	Keypress: num_6
74.7067 	EXP 	New trial (rep=0, index=22): OrderedDict([('no', 38), ('pic', u'pic/2.png'), ('cla', u'practice'), ('ans', ['num_2'])])
74.7946 	EXP 	image_practice: autoDraw = False
74.7946 	EXP 	point_prac: autoDraw = False
74.7946 	EXP 	image_practice: image = u'pic/2.png'
74.7946 	EXP 	point_prac: autoDraw = True
75.7194 	EXP 	point_prac: autoDraw = False
75.7362 	EXP 	image_practice: autoDraw = True
76.2047 	DATA 	Keypress: num_2
76.2080 	EXP 	New trial (rep=0, index=23): OrderedDict([('no', 18), ('pic', u'pic/9.png'), ('cla', u'practice'), ('ans', ['num_9'])])
76.3033 	EXP 	image_practice: autoDraw = False
76.3033 	EXP 	point_prac: autoDraw = False
76.3033 	EXP 	image_practice: image = u'pic/9.png'
76.3033 	EXP 	point_prac: autoDraw = True
77.2210 	EXP 	point_prac: autoDraw = False
77.2376 	EXP 	image_practice: autoDraw = True
77.8065 	DATA 	Keypress: num_9
77.8099 	EXP 	New trial (rep=0, index=24): OrderedDict([('no', 2), ('pic', u'pic/2.png'), ('cla', u'practice'), ('ans', ['num_2'])])
77.9089 	EXP 	image_practice: autoDraw = False
77.9089 	EXP 	point_prac: autoDraw = False
77.9089 	EXP 	image_practice: image = u'pic/2.png'
77.9089 	EXP 	point_prac: autoDraw = True
78.8226 	EXP 	point_prac: autoDraw = False
78.8393 	EXP 	image_practice: autoDraw = True
79.2747 	DATA 	Keypress: num_2
79.2781 	EXP 	New trial (rep=0, index=25): OrderedDict([('no', 40), ('pic', u'pic/4.png'), ('cla', u'practice'), ('ans', ['num_4'])])
79.3776 	EXP 	image_practice: autoDraw = False
79.3776 	EXP 	point_prac: autoDraw = False
79.3776 	EXP 	image_practice: image = u'pic/4.png'
79.3776 	EXP 	point_prac: autoDraw = True
80.2906 	EXP 	point_prac: autoDraw = False
80.3074 	EXP 	image_practice: autoDraw = True
80.7591 	DATA 	Keypress: num_4
80.7639 	EXP 	New trial (rep=0, index=26): OrderedDict([('no', 45), ('pic', u'pic/9.png'), ('cla', u'practice'), ('ans', ['num_9'])])
80.8493 	EXP 	image_practice: autoDraw = False
80.8493 	EXP 	point_prac: autoDraw = False
80.8493 	EXP 	image_practice: image = u'pic/9.png'
80.8493 	EXP 	point_prac: autoDraw = True
81.7757 	EXP 	point_prac: autoDraw = False
81.7922 	EXP 	image_practice: autoDraw = True
82.3944 	DATA 	Keypress: num_9
82.3977 	EXP 	New trial (rep=0, index=27): OrderedDict([('no', 29), ('pic', u'pic/2.png'), ('cla', u'practice'), ('ans', ['num_2'])])
82.4909 	EXP 	image_practice: autoDraw = False
82.4909 	EXP 	point_prac: autoDraw = False
82.4909 	EXP 	image_practice: image = u'pic/2.png'
82.4909 	EXP 	point_prac: autoDraw = True
83.4105 	EXP 	point_prac: autoDraw = False
83.4288 	EXP 	image_practice: autoDraw = True
83.8629 	DATA 	Keypress: num_2
83.8670 	EXP 	New trial (rep=0, index=28): OrderedDict([('no', 13), ('pic', u'pic/4.png'), ('cla', u'practice'), ('ans', ['num_4'])])
83.9528 	EXP 	image_practice: autoDraw = False
83.9528 	EXP 	point_prac: autoDraw = False
83.9528 	EXP 	image_practice: image = u'pic/4.png'
83.9528 	EXP 	point_prac: autoDraw = True
84.8787 	EXP 	point_prac: autoDraw = False
84.8953 	EXP 	image_practice: autoDraw = True
85.3811 	DATA 	Keypress: num_4
85.3847 	EXP 	New trial (rep=0, index=29): OrderedDict([('no', 42), ('pic', u'pic/6.png'), ('cla', u'practice'), ('ans', ['num_6'])])
85.4816 	EXP 	image_practice: autoDraw = False
85.4816 	EXP 	point_prac: autoDraw = False
85.4816 	EXP 	image_practice: image = u'pic/6.png'
85.4816 	EXP 	point_prac: autoDraw = True
86.3967 	EXP 	point_prac: autoDraw = False
86.4134 	EXP 	image_practice: autoDraw = True
86.8823 	DATA 	Keypress: num_6
86.8856 	EXP 	New trial (rep=0, index=30): OrderedDict([('no', 5), ('pic', u'pic/5.png'), ('cla', u'practice'), ('ans', ['num_5'])])
86.9872 	EXP 	image_practice: autoDraw = False
86.9872 	EXP 	point_prac: autoDraw = False
86.9872 	EXP 	image_practice: image = u'pic/5.png'
86.9872 	EXP 	point_prac: autoDraw = True
87.8982 	EXP 	point_prac: autoDraw = False
87.9159 	EXP 	image_practice: autoDraw = True
88.4009 	DATA 	Keypress: num_5
88.4046 	EXP 	New trial (rep=0, index=31): OrderedDict([('no', 36), ('pic', u'pic/9.png'), ('cla', u'practice'), ('ans', ['num_9'])])
88.4934 	EXP 	image_practice: autoDraw = False
88.4934 	EXP 	point_prac: autoDraw = False
88.4934 	EXP 	image_practice: image = u'pic/9.png'
88.4934 	EXP 	point_prac: autoDraw = True
89.4165 	EXP 	point_prac: autoDraw = False
89.4333 	EXP 	image_practice: autoDraw = True
90.0369 	DATA 	Keypress: num_9
90.0417 	EXP 	New trial (rep=0, index=32): OrderedDict([('no', 34), ('pic', u'pic/7.png'), ('cla', u'practice'), ('ans', ['num_7'])])
90.1413 	EXP 	image_practice: autoDraw = False
90.1413 	EXP 	point_prac: autoDraw = False
90.1413 	EXP 	image_practice: image = u'pic/7.png'
90.1413 	EXP 	point_prac: autoDraw = True
91.0515 	EXP 	point_prac: autoDraw = False
91.0680 	EXP 	image_practice: autoDraw = True
91.7712 	DATA 	Keypress: num_7
91.7749 	EXP 	New trial (rep=0, index=33): OrderedDict([('no', 12), ('pic', u'pic/3.png'), ('cla', u'practice'), ('ans', ['num_3'])])
91.8643 	EXP 	image_practice: autoDraw = False
91.8643 	EXP 	point_prac: autoDraw = False
91.8643 	EXP 	image_practice: image = u'pic/3.png'
91.8643 	EXP 	point_prac: autoDraw = True
92.7865 	EXP 	point_prac: autoDraw = False
92.8031 	EXP 	image_practice: autoDraw = True
93.3718 	DATA 	Keypress: num_3
93.3752 	EXP 	New trial (rep=0, index=34): OrderedDict([('no', 37), ('pic', u'pic/1.png'), ('cla', u'practice'), ('ans', ['num_1'])])
93.4641 	EXP 	image_practice: autoDraw = False
93.4641 	EXP 	point_prac: autoDraw = False
93.4641 	EXP 	image_practice: image = u'pic/1.png'
93.4641 	EXP 	point_prac: autoDraw = True
94.3881 	EXP 	point_prac: autoDraw = False
94.4049 	EXP 	image_practice: autoDraw = True
94.9068 	DATA 	Keypress: num_1
94.9101 	EXP 	New trial (rep=0, index=35): OrderedDict([('no', 30), ('pic', u'pic/3.png'), ('cla', u'practice'), ('ans', ['num_3'])])
94.9986 	EXP 	image_practice: autoDraw = False
94.9986 	EXP 	point_prac: autoDraw = False
94.9986 	EXP 	image_practice: image = u'pic/3.png'
94.9986 	EXP 	point_prac: autoDraw = True
95.9229 	EXP 	point_prac: autoDraw = False
95.9398 	EXP 	image_practice: autoDraw = True
96.4087 	DATA 	Keypress: num_3
96.4122 	EXP 	New trial (rep=0, index=36): OrderedDict([('no', 1), ('pic', u'pic/1.png'), ('cla', u'practice'), ('ans', ['num_1'])])
96.5014 	EXP 	image_practice: autoDraw = False
96.5014 	EXP 	point_prac: autoDraw = False
96.5014 	EXP 	image_practice: image = u'pic/1.png'
96.5014 	EXP 	point_prac: autoDraw = True
97.4245 	EXP 	point_prac: autoDraw = False
97.4412 	EXP 	image_practice: autoDraw = True
97.9271 	DATA 	Keypress: num_1
97.9307 	EXP 	New trial (rep=0, index=37): OrderedDict([('no', 16), ('pic', u'pic/7.png'), ('cla', u'practice'), ('ans', ['num_7'])])
98.0198 	EXP 	image_practice: autoDraw = False
98.0198 	EXP 	point_prac: autoDraw = False
98.0198 	EXP 	image_practice: image = u'pic/7.png'
98.0198 	EXP 	point_prac: autoDraw = True
98.9433 	EXP 	point_prac: autoDraw = False
98.9593 	EXP 	image_practice: autoDraw = True
99.5621 	DATA 	Keypress: num_7
99.5659 	EXP 	New trial (rep=0, index=38): OrderedDict([('no', 41), ('pic', u'pic/5.png'), ('cla', u'practice'), ('ans', ['num_5'])])
99.6562 	EXP 	image_practice: autoDraw = False
99.6562 	EXP 	point_prac: autoDraw = False
99.6562 	EXP 	image_practice: image = u'pic/5.png'
99.6562 	EXP 	point_prac: autoDraw = True
100.5776 	EXP 	point_prac: autoDraw = False
100.5943 	EXP 	image_practice: autoDraw = True
101.0467 	DATA 	Keypress: num_5
101.0504 	EXP 	New trial (rep=0, index=39): OrderedDict([('no', 14), ('pic', u'pic/5.png'), ('cla', u'practice'), ('ans', ['num_5'])])
101.1530 	EXP 	image_practice: autoDraw = False
101.1530 	EXP 	point_prac: autoDraw = False
101.1530 	EXP 	image_practice: image = u'pic/5.png'
101.1530 	EXP 	point_prac: autoDraw = True
102.0623 	EXP 	point_prac: autoDraw = False
102.0795 	EXP 	image_practice: autoDraw = True
102.5308 	DATA 	Keypress: num_5
102.5340 	EXP 	New trial (rep=0, index=40): OrderedDict([('no', 9), ('pic', u'pic/9.png'), ('cla', u'practice'), ('ans', ['num_9'])])
102.6201 	EXP 	image_practice: autoDraw = False
102.6201 	EXP 	point_prac: autoDraw = False
102.6201 	EXP 	image_practice: image = u'pic/9.png'
102.6201 	EXP 	point_prac: autoDraw = True
103.5472 	EXP 	point_prac: autoDraw = False
103.5638 	EXP 	image_practice: autoDraw = True
104.1163 	DATA 	Keypress: num_9
104.1197 	EXP 	New trial (rep=0, index=41): OrderedDict([('no', 17), ('pic', u'pic/8.png'), ('cla', u'practice'), ('ans', ['num_8'])])
104.2111 	EXP 	image_practice: autoDraw = False
104.2111 	EXP 	point_prac: autoDraw = False
104.2111 	EXP 	image_practice: image = u'pic/8.png'
104.2111 	EXP 	point_prac: autoDraw = True
105.1321 	EXP 	point_prac: autoDraw = False
105.1488 	EXP 	image_practice: autoDraw = True
105.6685 	DATA 	Keypress: num_8
105.6861 	EXP 	New trial (rep=0, index=42): OrderedDict([('no', 35), ('pic', u'pic/8.png'), ('cla', u'practice'), ('ans', ['num_8'])])
105.7717 	EXP 	image_practice: autoDraw = False
105.7717 	EXP 	point_prac: autoDraw = False
105.7717 	EXP 	image_practice: image = u'pic/8.png'
105.7717 	EXP 	point_prac: autoDraw = True
106.7004 	EXP 	point_prac: autoDraw = False
106.7171 	EXP 	image_practice: autoDraw = True
107.2355 	DATA 	Keypress: num_8
107.2388 	EXP 	New trial (rep=0, index=43): OrderedDict([('no', 4), ('pic', u'pic/4.png'), ('cla', u'practice'), ('ans', ['num_4'])])
107.3303 	EXP 	image_practice: autoDraw = False
107.3303 	EXP 	point_prac: autoDraw = False
107.3303 	EXP 	image_practice: image = u'pic/4.png'
107.3303 	EXP 	point_prac: autoDraw = True
108.2520 	EXP 	point_prac: autoDraw = False
108.2686 	EXP 	image_practice: autoDraw = True
108.7041 	DATA 	Keypress: num_4
108.7082 	EXP 	New trial (rep=0, index=44): OrderedDict([('no', 10), ('pic', u'pic/1.png'), ('cla', u'practice'), ('ans', ['num_1'])])
108.8114 	EXP 	image_practice: autoDraw = False
108.8114 	EXP 	point_prac: autoDraw = False
108.8114 	EXP 	image_practice: image = u'pic/1.png'
108.8114 	EXP 	point_prac: autoDraw = True
109.7202 	EXP 	point_prac: autoDraw = False
109.7368 	EXP 	image_practice: autoDraw = True
110.2555 	DATA 	Keypress: num_1
110.2589 	EXP 	New trial (rep=0, index=45): OrderedDict([('no', 22), ('pic', u'pic/4.png'), ('cla', u'practice'), ('ans', ['num_4'])])
110.3480 	EXP 	image_practice: autoDraw = False
110.3480 	EXP 	point_prac: autoDraw = False
110.3480 	EXP 	image_practice: image = u'pic/4.png'
110.3480 	EXP 	point_prac: autoDraw = True
111.2718 	EXP 	point_prac: autoDraw = False
111.2883 	EXP 	image_practice: autoDraw = True
111.7247 	DATA 	Keypress: num_4
111.7430 	EXP 	New trial (rep=0, index=46): OrderedDict([('no', 33), ('pic', u'pic/6.png'), ('cla', u'practice'), ('ans', ['num_6'])])
111.8448 	EXP 	image_practice: autoDraw = False
111.8448 	EXP 	point_prac: autoDraw = False
111.8448 	EXP 	image_practice: image = u'pic/6.png'
111.8448 	EXP 	point_prac: autoDraw = True
112.7564 	EXP 	point_prac: autoDraw = False
112.7733 	EXP 	image_practice: autoDraw = True
113.2419 	DATA 	Keypress: num_6
113.2681 	EXP 	image_practice: autoDraw = False
113.2681 	EXP 	point_prac: autoDraw = False
113.2681 	EXP 	text_base: autoDraw = True
120.7159 	DATA 	Keypress: space
120.7310 	EXP 	Imported pic\huan.csv as conditions, 2 conditions, 4 params
120.7325 	EXP 	Created sequence: random, trialTypes=2, nReps=1, seed=None
120.7340 	EXP 	New trial (rep=0, index=0): OrderedDict([('no', 2), ('pic', u'pic/9.png'), ('cla', u'huan'), ('ans', ['num_9'])])
120.8174 	EXP 	text_base: autoDraw = False
120.8174 	EXP 	image_huan: image = u'pic/9.png'
120.8174 	EXP 	huan_point: autoDraw = True
121.7487 	EXP 	huan_point: autoDraw = False
121.7634 	EXP 	image_huan: autoDraw = True
122.4009 	DATA 	Keypress: num_9
122.4043 	EXP 	New trial (rep=0, index=1): OrderedDict([('no', 1), ('pic', u'pic/2.png'), ('cla', u'huan'), ('ans', ['num_2'])])
122.4922 	EXP 	huan_point: autoDraw = False
122.4922 	EXP 	image_huan: autoDraw = False
122.4922 	EXP 	image_huan: image = u'pic/2.png'
122.4922 	EXP 	huan_point: autoDraw = True
123.4171 	EXP 	huan_point: autoDraw = False
123.4338 	EXP 	image_huan: autoDraw = True
123.9525 	DATA 	Keypress: num_2
123.9738 	EXP 	Imported pic\baseline_c.csv as conditions, 27 conditions, 4 params
123.9755 	EXP 	Created sequence: random, trialTypes=27, nReps=1, seed=None
123.9771 	EXP 	New trial (rep=0, index=0): OrderedDict([('no', 22), ('pic', u'pic/4.png'), ('cla', u'baseline'), ('ans', ['num_4'])])
124.0544 	EXP 	huan_point: autoDraw = False
124.0544 	EXP 	image_huan: autoDraw = False
124.0544 	EXP 	image_base: image = u'pic/4.png'
124.0544 	EXP 	point_base: autoDraw = True
124.9858 	EXP 	point_base: autoDraw = False
125.0151 	EXP 	image_base: autoDraw = True
125.4704 	DATA 	Keypress: num_4
125.4740 	EXP 	New trial (rep=0, index=1): OrderedDict([('no', 23), ('pic', u'pic/5.png'), ('cla', u'baseline'), ('ans', ['num_5'])])
125.5617 	EXP 	point_base: autoDraw = False
125.5617 	EXP 	image_base: autoDraw = False
125.5617 	EXP 	image_base: image = u'pic/5.png'
125.5617 	EXP 	point_base: autoDraw = True
126.4868 	EXP 	point_base: autoDraw = False
126.5036 	EXP 	image_base: autoDraw = True
126.9889 	DATA 	Keypress: num_5
126.9919 	EXP 	New trial (rep=0, index=2): OrderedDict([('no', 13), ('pic', u'pic/4.png'), ('cla', u'baseline'), ('ans', ['num_4'])])
127.0807 	EXP 	point_base: autoDraw = False
127.0807 	EXP 	image_base: autoDraw = False
127.0807 	EXP 	image_base: image = u'pic/4.png'
127.0807 	EXP 	point_base: autoDraw = True
128.0051 	EXP 	point_base: autoDraw = False
128.0218 	EXP 	image_base: autoDraw = True
128.4738 	DATA 	Keypress: num_4
128.4768 	EXP 	New trial (rep=0, index=3): OrderedDict([('no', 10), ('pic', u'pic/1.png'), ('cla', u'baseline'), ('ans', ['num_1'])])
128.5517 	EXP 	point_base: autoDraw = False
128.5517 	EXP 	image_base: autoDraw = False
128.5517 	EXP 	image_base: image = u'pic/1.png'
128.5517 	EXP 	point_base: autoDraw = True
129.4898 	EXP 	point_base: autoDraw = False
129.5065 	EXP 	image_base: autoDraw = True
129.9926 	DATA 	Keypress: num_1
129.9957 	EXP 	New trial (rep=0, index=4): OrderedDict([('no', 21), ('pic', u'pic/3.png'), ('cla', u'baseline'), ('ans', ['num_3'])])
130.0834 	EXP 	point_base: autoDraw = False
130.0834 	EXP 	image_base: autoDraw = False
130.0834 	EXP 	image_base: image = u'pic/3.png'
130.0834 	EXP 	point_base: autoDraw = True
131.0080 	EXP 	point_base: autoDraw = False
131.0247 	EXP 	image_base: autoDraw = True
131.5938 	DATA 	Keypress: num_3
131.5968 	EXP 	New trial (rep=0, index=5): OrderedDict([('no', 5), ('pic', u'pic/5.png'), ('cla', u'baseline'), ('ans', ['num_5'])])
131.6851 	EXP 	point_base: autoDraw = False
131.6851 	EXP 	image_base: autoDraw = False
131.6851 	EXP 	image_base: image = u'pic/5.png'
131.6851 	EXP 	point_base: autoDraw = True
132.6091 	EXP 	point_base: autoDraw = False
132.6258 	EXP 	image_base: autoDraw = True
133.0284 	DATA 	Keypress: num_5
133.0314 	EXP 	New trial (rep=0, index=6): OrderedDict([('no', 1), ('pic', u'pic/1.png'), ('cla', u'baseline'), ('ans', ['num_1'])])
133.1191 	EXP 	point_base: autoDraw = False
133.1191 	EXP 	image_base: autoDraw = False
133.1191 	EXP 	image_base: image = u'pic/1.png'
133.1191 	EXP 	point_base: autoDraw = True
134.0445 	EXP 	point_base: autoDraw = False
134.0610 	EXP 	image_base: autoDraw = True
134.5132 	DATA 	Keypress: num_1
134.5162 	EXP 	New trial (rep=0, index=7): OrderedDict([('no', 2), ('pic', u'pic/2.png'), ('cla', u'baseline'), ('ans', ['num_2'])])
134.6058 	EXP 	point_base: autoDraw = False
134.6058 	EXP 	image_base: autoDraw = False
134.6058 	EXP 	image_base: image = u'pic/2.png'
134.6058 	EXP 	point_base: autoDraw = True
135.5291 	EXP 	point_base: autoDraw = False
135.5464 	EXP 	image_base: autoDraw = True
136.0151 	DATA 	Keypress: num_2
136.0186 	EXP 	New trial (rep=0, index=8): OrderedDict([('no', 4), ('pic', u'pic/4.png'), ('cla', u'baseline'), ('ans', ['num_4'])])
136.1008 	EXP 	point_base: autoDraw = False
136.1008 	EXP 	image_base: autoDraw = False
136.1008 	EXP 	image_base: image = u'pic/4.png'
136.1008 	EXP 	point_base: autoDraw = True
137.0307 	EXP 	point_base: autoDraw = False
137.0474 	EXP 	image_base: autoDraw = True
137.4825 	DATA 	Keypress: num_4
137.4855 	EXP 	New trial (rep=0, index=9): OrderedDict([('no', 25), ('pic', u'pic/7.png'), ('cla', u'baseline'), ('ans', ['num_7'])])
137.5755 	EXP 	point_base: autoDraw = False
137.5755 	EXP 	image_base: autoDraw = False
137.5755 	EXP 	image_base: image = u'pic/7.png'
137.5755 	EXP 	point_base: autoDraw = True
138.4989 	EXP 	point_base: autoDraw = False
138.5155 	EXP 	image_base: autoDraw = True
139.0844 	DATA 	Keypress: num_7
139.0879 	EXP 	New trial (rep=0, index=10): OrderedDict([('no', 14), ('pic', u'pic/5.png'), ('cla', u'baseline'), ('ans', ['num_5'])])
139.1821 	EXP 	point_base: autoDraw = False
139.1821 	EXP 	image_base: autoDraw = False
139.1821 	EXP 	image_base: image = u'pic/5.png'
139.1821 	EXP 	point_base: autoDraw = True
140.1004 	EXP 	point_base: autoDraw = False
140.1171 	EXP 	image_base: autoDraw = True
140.5859 	DATA 	Keypress: num_5
140.5889 	EXP 	New trial (rep=0, index=11): OrderedDict([('no', 7), ('pic', u'pic/7.png'), ('cla', u'baseline'), ('ans', ['num_7'])])
140.6814 	EXP 	point_base: autoDraw = False
140.6814 	EXP 	image_base: autoDraw = False
140.6814 	EXP 	image_base: image = u'pic/7.png'
140.6814 	EXP 	point_base: autoDraw = True
141.6025 	EXP 	point_base: autoDraw = False
141.6201 	EXP 	image_base: autoDraw = True
142.1705 	DATA 	Keypress: num_7
142.1735 	EXP 	New trial (rep=0, index=12): OrderedDict([('no', 18), ('pic', u'pic/9.png'), ('cla', u'baseline'), ('ans', ['num_9'])])
142.2622 	EXP 	point_base: autoDraw = False
142.2622 	EXP 	image_base: autoDraw = False
142.2622 	EXP 	image_base: image = u'pic/9.png'
142.2622 	EXP 	point_base: autoDraw = True
143.1869 	EXP 	point_base: autoDraw = False
143.2036 	EXP 	image_base: autoDraw = True
143.7553 	DATA 	Keypress: num_9
143.7584 	EXP 	New trial (rep=0, index=13): OrderedDict([('no', 9), ('pic', u'pic/9.png'), ('cla', u'baseline'), ('ans', ['num_9'])])
143.8462 	EXP 	point_base: autoDraw = False
143.8462 	EXP 	image_base: autoDraw = False
143.8462 	EXP 	image_base: image = u'pic/9.png'
143.8462 	EXP 	point_base: autoDraw = True
144.7718 	EXP 	point_base: autoDraw = False
144.7883 	EXP 	image_base: autoDraw = True
145.3087 	DATA 	Keypress: num_9
145.3259 	EXP 	New trial (rep=0, index=14): OrderedDict([('no', 11), ('pic', u'pic/2.png'), ('cla', u'baseline'), ('ans', ['num_2'])])
145.4223 	EXP 	point_base: autoDraw = False
145.4223 	EXP 	image_base: autoDraw = False
145.4223 	EXP 	image_base: image = u'pic/2.png'
145.4223 	EXP 	point_base: autoDraw = True
146.3399 	EXP 	point_base: autoDraw = False
146.3567 	EXP 	image_base: autoDraw = True
146.9426 	DATA 	Keypress: num_2
146.9456 	EXP 	New trial (rep=0, index=15): OrderedDict([('no', 17), ('pic', u'pic/8.png'), ('cla', u'baseline'), ('ans', ['num_8'])])
147.0349 	EXP 	point_base: autoDraw = False
147.0349 	EXP 	image_base: autoDraw = False
147.0349 	EXP 	image_base: image = u'pic/8.png'
147.0349 	EXP 	point_base: autoDraw = True
147.9583 	EXP 	point_base: autoDraw = False
147.9757 	EXP 	image_base: autoDraw = True
148.4604 	DATA 	Keypress: num_8
148.4635 	EXP 	New trial (rep=0, index=16): OrderedDict([('no', 8), ('pic', u'pic/8.png'), ('cla', u'baseline'), ('ans', ['num_8'])])
148.5521 	EXP 	point_base: autoDraw = False
148.5521 	EXP 	image_base: autoDraw = False
148.5521 	EXP 	image_base: image = u'pic/8.png'
148.5521 	EXP 	point_base: autoDraw = True
149.4765 	EXP 	point_base: autoDraw = False
149.4936 	EXP 	image_base: autoDraw = True
149.9953 	DATA 	Keypress: num_8
149.9984 	EXP 	New trial (rep=0, index=17): OrderedDict([('no', 24), ('pic', u'pic/6.png'), ('cla', u'baseline'), ('ans', ['num_6'])])
150.0857 	EXP 	point_base: autoDraw = False
150.0857 	EXP 	image_base: autoDraw = False
150.0857 	EXP 	image_base: image = u'pic/6.png'
150.0857 	EXP 	point_base: autoDraw = True
151.0119 	EXP 	point_base: autoDraw = False
151.0287 	EXP 	image_base: autoDraw = True
151.5799 	DATA 	Keypress: num_6
151.5829 	EXP 	New trial (rep=0, index=18): OrderedDict([('no', 20), ('pic', u'pic/2.png'), ('cla', u'baseline'), ('ans', ['num_2'])])
151.6751 	EXP 	point_base: autoDraw = False
151.6751 	EXP 	image_base: autoDraw = False
151.6751 	EXP 	image_base: image = u'pic/2.png'
151.6751 	EXP 	point_base: autoDraw = True
152.5962 	EXP 	point_base: autoDraw = False
152.6129 	EXP 	image_base: autoDraw = True
153.1984 	DATA 	Keypress: num_2
153.2016 	EXP 	New trial (rep=0, index=19): OrderedDict([('no', 6), ('pic', u'pic/6.png'), ('cla', u'baseline'), ('ans', ['num_6'])])
153.3125 	EXP 	point_base: autoDraw = False
153.3125 	EXP 	image_base: autoDraw = False
153.3125 	EXP 	image_base: image = u'pic/6.png'
153.3125 	EXP 	point_base: autoDraw = True
154.2145 	EXP 	point_base: autoDraw = False
154.2312 	EXP 	image_base: autoDraw = True
154.7165 	DATA 	Keypress: num_6
154.7195 	EXP 	New trial (rep=0, index=20): OrderedDict([('no', 3), ('pic', u'pic/3.png'), ('cla', u'baseline'), ('ans', ['num_3'])])
154.8141 	EXP 	point_base: autoDraw = False
154.8141 	EXP 	image_base: autoDraw = False
154.8141 	EXP 	image_base: image = u'pic/3.png'
154.8141 	EXP 	point_base: autoDraw = True
155.7328 	EXP 	point_base: autoDraw = False
155.7494 	EXP 	image_base: autoDraw = True
156.3019 	DATA 	Keypress: num_3
156.3054 	EXP 	New trial (rep=0, index=21): OrderedDict([('no', 19), ('pic', u'pic/1.png'), ('cla', u'baseline'), ('ans', ['num_1'])])
156.4093 	EXP 	point_base: autoDraw = False
156.4093 	EXP 	image_base: autoDraw = False
156.4093 	EXP 	image_base: image = u'pic/1.png'
156.4093 	EXP 	point_base: autoDraw = True
157.3177 	EXP 	point_base: autoDraw = False
157.3343 	EXP 	image_base: autoDraw = True
157.8527 	DATA 	Keypress: num_1
157.8558 	EXP 	New trial (rep=0, index=22): OrderedDict([('no', 27), ('pic', u'pic/9.png'), ('cla', u'baseline'), ('ans', ['num_9'])])
157.9485 	EXP 	point_base: autoDraw = False
157.9485 	EXP 	image_base: autoDraw = False
157.9485 	EXP 	image_base: image = u'pic/9.png'
157.9485 	EXP 	point_base: autoDraw = True
158.8691 	EXP 	point_base: autoDraw = False
158.8859 	EXP 	image_base: autoDraw = True
159.4711 	DATA 	Keypress: num_9
159.4745 	EXP 	New trial (rep=0, index=23): OrderedDict([('no', 12), ('pic', u'pic/3.png'), ('cla', u'baseline'), ('ans', ['num_3'])])
159.5633 	EXP 	point_base: autoDraw = False
159.5633 	EXP 	image_base: autoDraw = False
159.5633 	EXP 	image_base: image = u'pic/3.png'
159.5633 	EXP 	point_base: autoDraw = True
160.4873 	EXP 	point_base: autoDraw = False
160.5042 	EXP 	image_base: autoDraw = True
161.0066 	DATA 	Keypress: num_3
161.0101 	EXP 	New trial (rep=0, index=24): OrderedDict([('no', 16), ('pic', u'pic/7.png'), ('cla', u'baseline'), ('ans', ['num_7'])])
161.1060 	EXP 	point_base: autoDraw = False
161.1060 	EXP 	image_base: autoDraw = False
161.1060 	EXP 	image_base: image = u'pic/7.png'
161.1060 	EXP 	point_base: autoDraw = True
162.0223 	EXP 	point_base: autoDraw = False
162.0391 	EXP 	image_base: autoDraw = True
162.6580 	DATA 	Keypress: num_7
162.6611 	EXP 	New trial (rep=0, index=25): OrderedDict([('no', 26), ('pic', u'pic/8.png'), ('cla', u'baseline'), ('ans', ['num_8'])])
162.7511 	EXP 	point_base: autoDraw = False
162.7511 	EXP 	image_base: autoDraw = False
162.7511 	EXP 	image_base: image = u'pic/8.png'
162.7511 	EXP 	point_base: autoDraw = True
163.6740 	EXP 	point_base: autoDraw = False
163.6907 	EXP 	image_base: autoDraw = True
164.2091 	DATA 	Keypress: num_8
164.2122 	EXP 	New trial (rep=0, index=26): OrderedDict([('no', 15), ('pic', u'pic/6.png'), ('cla', u'baseline'), ('ans', ['num_6'])])
164.3009 	EXP 	point_base: autoDraw = False
164.3009 	EXP 	image_base: autoDraw = False
164.3009 	EXP 	image_base: image = u'pic/6.png'
164.3009 	EXP 	point_base: autoDraw = True
165.2254 	EXP 	point_base: autoDraw = False
165.2423 	EXP 	image_base: autoDraw = True
165.6773 	DATA 	Keypress: num_6
165.8504 	EXP 	Imported pic\formal_click.csv as conditions, 105 conditions, 4 params
165.8525 	EXP 	Created sequence: sequential, trialTypes=105, nReps=1, seed=None
165.8545 	EXP 	New trial (rep=0, index=0): OrderedDict([('pic', u'pic/1.png'), ('ans', ['num_1']), ('cla', u'aa'), ('no', 1)])
165.9147 	EXP 	point_base: autoDraw = False
165.9147 	EXP 	image_base: autoDraw = False
165.9147 	EXP 	image_for: image = u'pic/1.png'
165.9147 	EXP 	point_for: autoDraw = True
166.8712 	EXP 	point_for: autoDraw = False
166.8924 	EXP 	image_for: autoDraw = True
167.4619 	DATA 	Keypress: num_1
167.4652 	EXP 	New trial (rep=0, index=1): OrderedDict([('pic', u'pic/1.png'), ('ans', ['num_1']), ('cla', u'aa'), ('no', 2)])
167.5494 	EXP 	point_for: autoDraw = False
167.5494 	EXP 	image_for: autoDraw = False
167.5494 	EXP 	image_for: image = u'pic/1.png'
167.5494 	EXP 	point_for: autoDraw = True
168.4788 	EXP 	point_for: autoDraw = False
168.4958 	EXP 	image_for: autoDraw = True
169.0316 	DATA 	Keypress: num_1
169.0348 	EXP 	New trial (rep=0, index=2): OrderedDict([('pic', u'pic/6.png'), ('ans', ['num_6']), ('cla', u'aa'), ('no', 3)])
169.1303 	EXP 	point_for: autoDraw = False
169.1303 	EXP 	image_for: autoDraw = False
169.1303 	EXP 	image_for: image = u'pic/6.png'
169.1303 	EXP 	point_for: autoDraw = True
170.0470 	EXP 	point_for: autoDraw = False
170.0642 	EXP 	image_for: autoDraw = True
170.4821 	DATA 	Keypress: num_6
170.4851 	EXP 	New trial (rep=0, index=3): OrderedDict([('pic', u'pic/6.png'), ('ans', ['num_6']), ('cla', u'aa'), ('no', 4)])
170.5747 	EXP 	point_for: autoDraw = False
170.5747 	EXP 	image_for: autoDraw = False
170.5747 	EXP 	image_for: image = u'pic/6.png'
170.5747 	EXP 	point_for: autoDraw = True
171.4984 	EXP 	point_for: autoDraw = False
171.5151 	EXP 	image_for: autoDraw = True
171.9841 	DATA 	Keypress: num_6
171.9871 	EXP 	New trial (rep=0, index=4): OrderedDict([('pic', u'pic/7.png'), ('ans', ['num_7']), ('cla', u'aa'), ('no', 5)])
172.0759 	EXP 	point_for: autoDraw = False
172.0759 	EXP 	image_for: autoDraw = False
172.0759 	EXP 	image_for: image = u'pic/7.png'
172.0759 	EXP 	point_for: autoDraw = True
173.0008 	EXP 	point_for: autoDraw = False
173.0166 	EXP 	image_for: autoDraw = True
173.7533 	DATA 	Keypress: num_7
173.7570 	EXP 	New trial (rep=0, index=5): OrderedDict([('pic', u'pic/7.png'), ('ans', ['num_7']), ('cla', u'aa'), ('no', 6)])
173.8463 	EXP 	point_for: autoDraw = False
173.8463 	EXP 	image_for: autoDraw = False
173.8463 	EXP 	image_for: image = u'pic/7.png'
173.8463 	EXP 	point_for: autoDraw = True
174.7686 	EXP 	point_for: autoDraw = False
174.7851 	EXP 	image_for: autoDraw = True
175.3706 	DATA 	Keypress: num_7
175.3739 	EXP 	New trial (rep=0, index=6): OrderedDict([('pic', u'pic/8.png'), ('ans', ['num_8']), ('cla', u'aa'), ('no', 7)])
175.4649 	EXP 	point_for: autoDraw = False
175.4649 	EXP 	image_for: autoDraw = False
175.4649 	EXP 	image_for: image = u'pic/8.png'
175.4649 	EXP 	point_for: autoDraw = True
176.3866 	EXP 	point_for: autoDraw = False
176.4033 	EXP 	image_for: autoDraw = True
176.8891 	DATA 	Keypress: num_8
176.8922 	EXP 	New trial (rep=0, index=7): OrderedDict([('pic', u'pic/8.png'), ('ans', ['num_8']), ('cla', u'aa'), ('no', 8)])
176.9850 	EXP 	point_for: autoDraw = False
176.9850 	EXP 	image_for: autoDraw = False
176.9850 	EXP 	image_for: image = u'pic/8.png'
176.9850 	EXP 	point_for: autoDraw = True
177.9049 	EXP 	point_for: autoDraw = False
177.9215 	EXP 	image_for: autoDraw = True
178.3565 	DATA 	Keypress: num_8
178.3596 	EXP 	New trial (rep=0, index=8): OrderedDict([('pic', u'pic/3.png'), ('ans', ['num_3']), ('cla', u'aa'), ('no', 9)])
178.4511 	EXP 	point_for: autoDraw = False
178.4511 	EXP 	image_for: autoDraw = False
178.4511 	EXP 	image_for: image = u'pic/3.png'
178.4511 	EXP 	point_for: autoDraw = True
179.3730 	EXP 	point_for: autoDraw = False
179.3897 	EXP 	image_for: autoDraw = True
179.9416 	DATA 	Keypress: num_3
179.9446 	EXP 	New trial (rep=0, index=9): OrderedDict([('pic', u'pic/3.png'), ('ans', ['num_3']), ('cla', u'aa'), ('no', 10)])
180.0359 	EXP 	point_for: autoDraw = False
180.0359 	EXP 	image_for: autoDraw = False
180.0359 	EXP 	image_for: image = u'pic/3.png'
180.0359 	EXP 	point_for: autoDraw = True
180.9580 	EXP 	point_for: autoDraw = False
180.9746 	EXP 	image_for: autoDraw = True
181.4596 	DATA 	Keypress: num_3
181.4627 	EXP 	New trial (rep=0, index=10): OrderedDict([('pic', u'pic/3.png'), ('ans', ['num_3']), ('cla', u'huan'), ('no', -1)])
181.5583 	EXP 	point_for: autoDraw = False
181.5583 	EXP 	image_for: autoDraw = False
181.5583 	EXP 	image_for: image = u'pic/3.png'
181.5583 	EXP 	point_for: autoDraw = True
182.4761 	EXP 	point_for: autoDraw = False
182.4928 	EXP 	image_for: autoDraw = True
182.9779 	DATA 	Keypress: num_3
182.9810 	EXP 	New trial (rep=0, index=11): OrderedDict([('pic', u'pic/1.png'), ('ans', ['num_1']), ('cla', u'huan'), ('no', -1)])
183.0820 	EXP 	point_for: autoDraw = False
183.0820 	EXP 	image_for: autoDraw = False
183.0820 	EXP 	image_for: image = u'pic/1.png'
183.0820 	EXP 	point_for: autoDraw = True
183.9943 	EXP 	point_for: autoDraw = False
184.0110 	EXP 	image_for: autoDraw = True
184.5971 	DATA 	Keypress: num_1
184.6030 	EXP 	New trial (rep=0, index=12): OrderedDict([('pic', u'pic/2.png'), ('ans', ['num_2']), ('cla', u'aaa'), ('no', 11)])
184.6962 	EXP 	point_for: autoDraw = False
184.6962 	EXP 	image_for: autoDraw = False
184.6962 	EXP 	image_for: image = u'pic/2.png'
184.6962 	EXP 	point_for: autoDraw = True
185.6142 	EXP 	point_for: autoDraw = False
185.6292 	EXP 	image_for: autoDraw = True
186.1651 	DATA 	Keypress: num_2
186.1687 	EXP 	New trial (rep=0, index=13): OrderedDict([('pic', u'pic/2.png'), ('ans', ['num_2']), ('cla', u'aaa'), ('no', 12)])
186.2609 	EXP 	point_for: autoDraw = False
186.2609 	EXP 	image_for: autoDraw = False
186.2609 	EXP 	image_for: image = u'pic/2.png'
186.2609 	EXP 	point_for: autoDraw = True
187.1808 	EXP 	point_for: autoDraw = False
187.1975 	EXP 	image_for: autoDraw = True
187.7006 	DATA 	Keypress: num_2
187.7186 	EXP 	New trial (rep=0, index=14): OrderedDict([('pic', u'pic/2.png'), ('ans', ['num_2']), ('cla', u'aaa'), ('no', 13)])
187.8262 	EXP 	point_for: autoDraw = False
187.8262 	EXP 	image_for: autoDraw = False
187.8262 	EXP 	image_for: image = u'pic/2.png'
187.8262 	EXP 	point_for: autoDraw = True
188.7326 	EXP 	point_for: autoDraw = False
188.7491 	EXP 	image_for: autoDraw = True
189.2508 	DATA 	Keypress: num_2
189.2538 	EXP 	New trial (rep=0, index=15): OrderedDict([('pic', u'pic/7.png'), ('ans', ['num_7']), ('cla', u'aaa'), ('no', 14)])
189.3534 	EXP 	point_for: autoDraw = False
189.3534 	EXP 	image_for: autoDraw = False
189.3534 	EXP 	image_for: image = u'pic/7.png'
189.3534 	EXP 	point_for: autoDraw = True
190.2672 	EXP 	point_for: autoDraw = False
190.2839 	EXP 	image_for: autoDraw = True
190.8190 	DATA 	Keypress: num_7
190.8220 	EXP 	New trial (rep=0, index=16): OrderedDict([('pic', u'pic/7.png'), ('ans', ['num_7']), ('cla', u'aaa'), ('no', 15)])
190.9211 	EXP 	point_for: autoDraw = False
190.9211 	EXP 	image_for: autoDraw = False
190.9211 	EXP 	image_for: image = u'pic/7.png'
190.9211 	EXP 	point_for: autoDraw = True
191.8359 	EXP 	point_for: autoDraw = False
191.8527 	EXP 	image_for: autoDraw = True
192.3213 	DATA 	Keypress: num_7
192.3248 	EXP 	New trial (rep=0, index=17): OrderedDict([('pic', u'pic/7.png'), ('ans', ['num_7']), ('cla', u'aaa'), ('no', 16)])
192.4196 	EXP 	point_for: autoDraw = False
192.4196 	EXP 	image_for: autoDraw = False
192.4196 	EXP 	image_for: image = u'pic/7.png'
192.4196 	EXP 	point_for: autoDraw = True
193.3370 	EXP 	point_for: autoDraw = False
193.3536 	EXP 	image_for: autoDraw = True
193.8226 	DATA 	Keypress: num_7
193.8256 	EXP 	New trial (rep=0, index=18): OrderedDict([('pic', u'pic/8.png'), ('ans', ['num_8']), ('cla', u'aaa'), ('no', 17)])
193.9160 	EXP 	point_for: autoDraw = False
193.9160 	EXP 	image_for: autoDraw = False
193.9160 	EXP 	image_for: image = u'pic/8.png'
193.9160 	EXP 	point_for: autoDraw = True
194.8383 	EXP 	point_for: autoDraw = False
194.8552 	EXP 	image_for: autoDraw = True
195.3084 	DATA 	Keypress: num_8
195.3261 	EXP 	New trial (rep=0, index=19): OrderedDict([('pic', u'pic/8.png'), ('ans', ['num_8']), ('cla', u'aaa'), ('no', 18)])
195.4151 	EXP 	point_for: autoDraw = False
195.4151 	EXP 	image_for: autoDraw = False
195.4151 	EXP 	image_for: image = u'pic/8.png'
195.4151 	EXP 	point_for: autoDraw = True
196.3401 	EXP 	point_for: autoDraw = False
196.3566 	EXP 	image_for: autoDraw = True
196.8250 	DATA 	Keypress: num_8
196.8280 	EXP 	New trial (rep=0, index=20): OrderedDict([('pic', u'pic/8.png'), ('ans', ['num_8']), ('cla', u'aaa'), ('no', 19)])
196.9177 	EXP 	point_for: autoDraw = False
196.9177 	EXP 	image_for: autoDraw = False
196.9177 	EXP 	image_for: image = u'pic/8.png'
196.9177 	EXP 	point_for: autoDraw = True
197.8414 	EXP 	point_for: autoDraw = False
197.8581 	EXP 	image_for: autoDraw = True
198.2765 	DATA 	Keypress: num_8
198.2795 	EXP 	New trial (rep=0, index=21): OrderedDict([('pic', u'pic/9.png'), ('ans', ['num_9']), ('cla', u'aaa'), ('no', 20)])
198.3702 	EXP 	point_for: autoDraw = False
198.3702 	EXP 	image_for: autoDraw = False
198.3702 	EXP 	image_for: image = u'pic/9.png'
198.3702 	EXP 	point_for: autoDraw = True
199.2929 	EXP 	point_for: autoDraw = False
199.3100 	EXP 	image_for: autoDraw = True
199.9117 	DATA 	Keypress: num_9
199.9148 	EXP 	New trial (rep=0, index=22): OrderedDict([('pic', u'pic/9.png'), ('ans', ['num_9']), ('cla', u'aaa'), ('no', 21)])
200.0119 	EXP 	point_for: autoDraw = False
200.0119 	EXP 	image_for: autoDraw = False
200.0119 	EXP 	image_for: image = u'pic/9.png'
200.0119 	EXP 	point_for: autoDraw = True
200.9279 	EXP 	point_for: autoDraw = False
200.9451 	EXP 	image_for: autoDraw = True
201.5965 	DATA 	Keypress: num_9
201.5994 	EXP 	New trial (rep=0, index=23): OrderedDict([('pic', u'pic/9.png'), ('ans', ['num_9']), ('cla', u'aaa'), ('no', 22)])
201.7010 	EXP 	point_for: autoDraw = False
201.7010 	EXP 	image_for: autoDraw = False
201.7010 	EXP 	image_for: image = u'pic/9.png'
201.7010 	EXP 	point_for: autoDraw = True
202.6129 	EXP 	point_for: autoDraw = False
202.6296 	EXP 	image_for: autoDraw = True
203.2325 	DATA 	Keypress: num_9
203.2363 	EXP 	New trial (rep=0, index=24): OrderedDict([('pic', u'pic/8.png'), ('ans', ['num_8']), ('cla', u'huan'), ('no', -1)])
203.3218 	EXP 	point_for: autoDraw = False
203.3218 	EXP 	image_for: autoDraw = False
203.3218 	EXP 	image_for: image = u'pic/8.png'
203.3218 	EXP 	point_for: autoDraw = True
204.2478 	EXP 	point_for: autoDraw = False
204.2645 	EXP 	image_for: autoDraw = True
204.7829 	DATA 	Keypress: num_8
204.7861 	EXP 	New trial (rep=0, index=25): OrderedDict([('pic', u'pic/2.png'), ('ans', ['num_2']), ('cla', u'huan'), ('no', -1)])
204.9022 	EXP 	point_for: autoDraw = False
204.9022 	EXP 	image_for: autoDraw = False
204.9022 	EXP 	image_for: image = u'pic/2.png'
204.9022 	EXP 	point_for: autoDraw = True
205.7994 	EXP 	point_for: autoDraw = False
205.8160 	EXP 	image_for: autoDraw = True
206.4192 	DATA 	Keypress: num_2
206.4227 	EXP 	New trial (rep=0, index=26): OrderedDict([('pic', u'pic/2.png'), ('ans', ['num_2']), ('cla', u'abb'), ('no', 23)])
206.5225 	EXP 	point_for: autoDraw = False
206.5225 	EXP 	image_for: autoDraw = False
206.5225 	EXP 	image_for: image = u'pic/2.png'
206.5225 	EXP 	point_for: autoDraw = True
207.4345 	EXP 	point_for: autoDraw = False
207.4515 	EXP 	image_for: autoDraw = True
207.9725 	DATA 	Keypress: num_2
207.9883 	EXP 	New trial (rep=0, index=27): OrderedDict([('pic', u'pic/4.png'), ('ans', ['num_4']), ('cla', u'abb'), ('no', 24)])
208.0842 	EXP 	point_for: autoDraw = False
208.0842 	EXP 	image_for: autoDraw = False
208.0842 	EXP 	image_for: image = u'pic/4.png'
208.0842 	EXP 	point_for: autoDraw = True
209.0025 	EXP 	point_for: autoDraw = False
209.0193 	EXP 	image_for: autoDraw = True
209.6045 	DATA 	Keypress: num_4
209.6075 	EXP 	New trial (rep=0, index=28): OrderedDict([('pic', u'pic/4.png'), ('ans', ['num_4']), ('cla', u'abb'), ('no', 25)])
209.7016 	EXP 	point_for: autoDraw = False
209.7016 	EXP 	image_for: autoDraw = False
209.7016 	EXP 	image_for: image = u'pic/4.png'
209.7016 	EXP 	point_for: autoDraw = True
210.6211 	EXP 	point_for: autoDraw = False
210.6386 	EXP 	image_for: autoDraw = True
211.1079 	DATA 	Keypress: num_4
211.1114 	EXP 	New trial (rep=0, index=29): OrderedDict([('pic', u'pic/6.png'), ('ans', ['num_6']), ('cla', u'abb'), ('no', 26)])
211.2129 	EXP 	point_for: autoDraw = False
211.2129 	EXP 	image_for: autoDraw = False
211.2129 	EXP 	image_for: image = u'pic/6.png'
211.2129 	EXP 	point_for: autoDraw = True
212.1224 	EXP 	point_for: autoDraw = False
212.1391 	EXP 	image_for: autoDraw = True
212.6076 	DATA 	Keypress: num_6
212.6106 	EXP 	New trial (rep=0, index=30): OrderedDict([('pic', u'pic/5.png'), ('ans', ['num_5']), ('cla', u'abb'), ('no', 27)])
212.7005 	EXP 	point_for: autoDraw = False
212.7005 	EXP 	image_for: autoDraw = False
212.7005 	EXP 	image_for: image = u'pic/5.png'
212.7005 	EXP 	point_for: autoDraw = True
213.6239 	EXP 	point_for: autoDraw = False
213.6406 	EXP 	image_for: autoDraw = True
214.1092 	DATA 	Keypress: num_5
214.1122 	EXP 	New trial (rep=0, index=31): OrderedDict([('pic', u'pic/5.png'), ('ans', ['num_5']), ('cla', u'abb'), ('no', 28)])
214.2070 	EXP 	point_for: autoDraw = False
214.2070 	EXP 	image_for: autoDraw = False
214.2070 	EXP 	image_for: image = u'pic/5.png'
214.2070 	EXP 	point_for: autoDraw = True
215.1254 	EXP 	point_for: autoDraw = False
215.1420 	EXP 	image_for: autoDraw = True
215.5938 	DATA 	Keypress: num_5
215.5968 	EXP 	New trial (rep=0, index=32): OrderedDict([('pic', u'pic/1.png'), ('ans', ['num_1']), ('cla', u'abb'), ('no', 29)])
215.6969 	EXP 	point_for: autoDraw = False
215.6969 	EXP 	image_for: autoDraw = False
215.6969 	EXP 	image_for: image = u'pic/1.png'
215.6969 	EXP 	point_for: autoDraw = True
216.6102 	EXP 	point_for: autoDraw = False
216.6280 	EXP 	image_for: autoDraw = True
217.3141 	DATA 	Keypress: num_1
217.3175 	EXP 	New trial (rep=0, index=33): OrderedDict([('pic', u'pic/4.png'), ('ans', ['num_4']), ('cla', u'abb'), ('no', 30)])
217.4055 	EXP 	point_for: autoDraw = False
217.4055 	EXP 	image_for: autoDraw = False
217.4055 	EXP 	image_for: image = u'pic/4.png'
217.4055 	EXP 	point_for: autoDraw = True
218.3293 	EXP 	point_for: autoDraw = False
218.3453 	EXP 	image_for: autoDraw = True
218.8471 	DATA 	Keypress: num_4
218.8505 	EXP 	New trial (rep=0, index=34): OrderedDict([('pic', u'pic/4.png'), ('ans', ['num_4']), ('cla', u'abb'), ('no', 31)])
218.9414 	EXP 	point_for: autoDraw = False
218.9414 	EXP 	image_for: autoDraw = False
218.9414 	EXP 	image_for: image = u'pic/4.png'
218.9414 	EXP 	point_for: autoDraw = True
219.8638 	EXP 	point_for: autoDraw = False
219.8801 	EXP 	image_for: autoDraw = True
220.3669 	DATA 	Keypress: num_4
220.3706 	EXP 	New trial (rep=0, index=35): OrderedDict([('pic', u'pic/8.png'), ('ans', ['num_8']), ('cla', u'abb'), ('no', 32)])
220.4706 	EXP 	point_for: autoDraw = False
220.4706 	EXP 	image_for: autoDraw = False
220.4706 	EXP 	image_for: image = u'pic/8.png'
220.4706 	EXP 	point_for: autoDraw = True
221.3820 	EXP 	point_for: autoDraw = False
221.3983 	EXP 	image_for: autoDraw = True
221.9168 	DATA 	Keypress: num_8
221.9201 	EXP 	New trial (rep=0, index=36): OrderedDict([('pic', u'pic/7.png'), ('ans', ['num_7']), ('cla', u'abb'), ('no', 33)])
222.0164 	EXP 	point_for: autoDraw = False
222.0164 	EXP 	image_for: autoDraw = False
222.0164 	EXP 	image_for: image = u'pic/7.png'
222.0164 	EXP 	point_for: autoDraw = True
222.9332 	EXP 	point_for: autoDraw = False
222.9499 	EXP 	image_for: autoDraw = True
223.5851 	DATA 	Keypress: num_7
223.5881 	EXP 	New trial (rep=0, index=37): OrderedDict([('pic', u'pic/7.png'), ('ans', ['num_7']), ('cla', u'abb'), ('no', 34)])
223.6757 	EXP 	point_for: autoDraw = False
223.6757 	EXP 	image_for: autoDraw = False
223.6757 	EXP 	image_for: image = u'pic/7.png'
223.6757 	EXP 	point_for: autoDraw = True
224.6016 	EXP 	point_for: autoDraw = False
224.6181 	EXP 	image_for: autoDraw = True
225.1874 	DATA 	Keypress: num_7
225.1906 	EXP 	New trial (rep=0, index=38): OrderedDict([('pic', u'pic/4.png'), ('ans', ['num_4']), ('cla', u'abb'), ('no', 35)])
225.2781 	EXP 	point_for: autoDraw = False
225.2781 	EXP 	image_for: autoDraw = False
225.2781 	EXP 	image_for: image = u'pic/4.png'
225.2781 	EXP 	point_for: autoDraw = True
226.2031 	EXP 	point_for: autoDraw = False
226.2198 	EXP 	image_for: autoDraw = True
226.7722 	DATA 	Keypress: num_4
226.7903 	EXP 	New trial (rep=0, index=39): OrderedDict([('pic', u'pic/6.png'), ('ans', ['num_6']), ('cla', u'abb'), ('no', 36)])
226.8975 	EXP 	point_for: autoDraw = False
226.8975 	EXP 	image_for: autoDraw = False
226.8975 	EXP 	image_for: image = u'pic/6.png'
226.8975 	EXP 	point_for: autoDraw = True
227.8047 	EXP 	point_for: autoDraw = False
227.8215 	EXP 	image_for: autoDraw = True
228.3066 	DATA 	Keypress: num_6
228.3096 	EXP 	New trial (rep=0, index=40): OrderedDict([('pic', u'pic/6.png'), ('ans', ['num_6']), ('cla', u'abb'), ('no', 37)])
228.3989 	EXP 	point_for: autoDraw = False
228.3989 	EXP 	image_for: autoDraw = False
228.3989 	EXP 	image_for: image = u'pic/6.png'
228.3989 	EXP 	point_for: autoDraw = True
229.3230 	EXP 	point_for: autoDraw = False
229.3420 	EXP 	image_for: autoDraw = True
229.8246 	DATA 	Keypress: num_6
229.8276 	EXP 	New trial (rep=0, index=41): OrderedDict([('pic', u'pic/3.png'), ('ans', ['num_3']), ('cla', u'abb'), ('no', 38)])
229.9177 	EXP 	point_for: autoDraw = False
229.9177 	EXP 	image_for: autoDraw = False
229.9177 	EXP 	image_for: image = u'pic/3.png'
229.9177 	EXP 	point_for: autoDraw = True
230.8410 	EXP 	point_for: autoDraw = False
230.8578 	EXP 	image_for: autoDraw = True
231.4445 	DATA 	Keypress: num_3
231.4623 	EXP 	New trial (rep=0, index=42): OrderedDict([('pic', u'pic/5.png'), ('ans', ['num_5']), ('cla', u'abb'), ('no', 39)])
231.5578 	EXP 	point_for: autoDraw = False
231.5578 	EXP 	image_for: autoDraw = False
231.5578 	EXP 	image_for: image = u'pic/5.png'
231.5578 	EXP 	point_for: autoDraw = True
232.4763 	EXP 	point_for: autoDraw = False
232.4929 	EXP 	image_for: autoDraw = True
233.0110 	DATA 	Keypress: num_5
233.0140 	EXP 	New trial (rep=0, index=43): OrderedDict([('pic', u'pic/5.png'), ('ans', ['num_5']), ('cla', u'abb'), ('no', 40)])
233.1119 	EXP 	point_for: autoDraw = False
233.1119 	EXP 	image_for: autoDraw = False
233.1119 	EXP 	image_for: image = u'pic/5.png'
233.1119 	EXP 	point_for: autoDraw = True
234.0276 	EXP 	point_for: autoDraw = False
234.0443 	EXP 	image_for: autoDraw = True
234.5130 	DATA 	Keypress: num_5
234.5161 	EXP 	New trial (rep=0, index=44): OrderedDict([('pic', u'pic/3.png'), ('ans', ['num_3']), ('cla', u'abb'), ('no', 41)])
234.6020 	EXP 	point_for: autoDraw = False
234.6020 	EXP 	image_for: autoDraw = False
234.6020 	EXP 	image_for: image = u'pic/3.png'
234.6020 	EXP 	point_for: autoDraw = True
235.5291 	EXP 	point_for: autoDraw = False
235.5457 	EXP 	image_for: autoDraw = True
236.0323 	DATA 	Keypress: num_3
236.0354 	EXP 	New trial (rep=0, index=45): OrderedDict([('pic', u'pic/8.png'), ('ans', ['num_8']), ('cla', u'abb'), ('no', 42)])
236.1249 	EXP 	point_for: autoDraw = False
236.1249 	EXP 	image_for: autoDraw = False
236.1249 	EXP 	image_for: image = u'pic/8.png'
236.1249 	EXP 	point_for: autoDraw = True
237.0472 	EXP 	point_for: autoDraw = False
237.0640 	EXP 	image_for: autoDraw = True
237.5999 	DATA 	Keypress: num_8
237.6030 	EXP 	New trial (rep=0, index=46): OrderedDict([('pic', u'pic/8.png'), ('ans', ['num_8']), ('cla', u'abb'), ('no', 43)])
237.6945 	EXP 	point_for: autoDraw = False
237.6945 	EXP 	image_for: autoDraw = False
237.6945 	EXP 	image_for: image = u'pic/8.png'
237.6945 	EXP 	point_for: autoDraw = True
238.6158 	EXP 	point_for: autoDraw = False
238.6322 	EXP 	image_for: autoDraw = True
239.1008 	DATA 	Keypress: num_8
239.1038 	EXP 	New trial (rep=0, index=47): OrderedDict([('pic', u'pic/3.png'), ('ans', ['num_3']), ('cla', u'abb'), ('no', 44)])
239.2135 	EXP 	point_for: autoDraw = False
239.2135 	EXP 	image_for: autoDraw = False
239.2135 	EXP 	image_for: image = u'pic/3.png'
239.2135 	EXP 	point_for: autoDraw = True
240.1171 	EXP 	point_for: autoDraw = False
240.1336 	EXP 	image_for: autoDraw = True
240.6700 	DATA 	Keypress: num_3
240.6735 	EXP 	New trial (rep=0, index=48): OrderedDict([('pic', u'pic/1.png'), ('ans', ['num_1']), ('cla', u'abb'), ('no', 45)])
240.7670 	EXP 	point_for: autoDraw = False
240.7670 	EXP 	image_for: autoDraw = False
240.7670 	EXP 	image_for: image = u'pic/1.png'
240.7670 	EXP 	point_for: autoDraw = True
241.6854 	EXP 	point_for: autoDraw = False
241.7020 	EXP 	image_for: autoDraw = True
242.2556 	DATA 	Keypress: num_1
242.2591 	EXP 	New trial (rep=0, index=49): OrderedDict([('pic', u'pic/1.png'), ('ans', ['num_1']), ('cla', u'abb'), ('no', 46)])
242.3452 	EXP 	point_for: autoDraw = False
242.3452 	EXP 	image_for: autoDraw = False
242.3452 	EXP 	image_for: image = u'pic/1.png'
242.3452 	EXP 	point_for: autoDraw = True
243.2702 	EXP 	point_for: autoDraw = False
243.2868 	EXP 	image_for: autoDraw = True
243.7888 	DATA 	Keypress: num_1
243.7920 	EXP 	New trial (rep=0, index=50): OrderedDict([('pic', u'pic/6.png'), ('ans', ['num_6']), ('cla', u'huan'), ('no', -1)])
243.8808 	EXP 	point_for: autoDraw = False
243.8808 	EXP 	image_for: autoDraw = False
243.8808 	EXP 	image_for: image = u'pic/6.png'
243.8808 	EXP 	point_for: autoDraw = True
244.8051 	EXP 	point_for: autoDraw = False
244.8217 	EXP 	image_for: autoDraw = True
245.3235 	DATA 	Keypress: num_6
245.3266 	EXP 	New trial (rep=0, index=51): OrderedDict([('pic', u'pic/8.png'), ('ans', ['num_8']), ('cla', u'huan'), ('no', -1)])
245.4248 	EXP 	point_for: autoDraw = False
245.4248 	EXP 	image_for: autoDraw = False
245.4248 	EXP 	image_for: image = u'pic/8.png'
245.4248 	EXP 	point_for: autoDraw = True
246.3398 	EXP 	point_for: autoDraw = False
246.3569 	EXP 	image_for: autoDraw = True
246.8258 	DATA 	Keypress: num_8
246.8288 	EXP 	New trial (rep=0, index=52): OrderedDict([('pic', u'pic/1.png'), ('ans', ['num_1']), ('cla', u'wh'), ('no', 47)])
246.9252 	EXP 	point_for: autoDraw = False
246.9252 	EXP 	image_for: autoDraw = False
246.9252 	EXP 	image_for: image = u'pic/1.png'
246.9252 	EXP 	point_for: autoDraw = True
247.8413 	EXP 	point_for: autoDraw = False
247.8581 	EXP 	image_for: autoDraw = True
248.4105 	DATA 	Keypress: num_1
248.4136 	EXP 	New trial (rep=0, index=53): OrderedDict([('pic', u'pic/4.png'), ('ans', ['num_4']), ('cla', u'wh'), ('no', 48)])
248.5137 	EXP 	point_for: autoDraw = False
248.5137 	EXP 	image_for: autoDraw = False
248.5137 	EXP 	image_for: image = u'pic/4.png'
248.5137 	EXP 	point_for: autoDraw = True
249.4263 	EXP 	point_for: autoDraw = False
249.4430 	EXP 	image_for: autoDraw = True
249.8791 	DATA 	Keypress: num_4
249.8827 	EXP 	New trial (rep=0, index=54): OrderedDict([('pic', u'pic/7.png'), ('ans', ['num_7']), ('cla', u'wh'), ('no', 49)])
249.9800 	EXP 	point_for: autoDraw = False
249.9800 	EXP 	image_for: autoDraw = False
249.9800 	EXP 	image_for: image = u'pic/7.png'
249.9800 	EXP 	point_for: autoDraw = True
250.8945 	EXP 	point_for: autoDraw = False
250.9111 	EXP 	image_for: autoDraw = True
251.4965 	DATA 	Keypress: num_7
251.4995 	EXP 	New trial (rep=0, index=55): OrderedDict([('pic', u'pic/2.png'), ('ans', ['num_2']), ('cla', u'wh'), ('no', 50)])
251.5887 	EXP 	point_for: autoDraw = False
251.5887 	EXP 	image_for: autoDraw = False
251.5887 	EXP 	image_for: image = u'pic/2.png'
251.5887 	EXP 	point_for: autoDraw = True
252.5145 	EXP 	point_for: autoDraw = False
252.5295 	EXP 	image_for: autoDraw = True
253.1027 	DATA 	Keypress: num_2
253.1081 	EXP 	New trial (rep=0, index=56): OrderedDict([('pic', u'pic/5.png'), ('ans', ['num_5']), ('cla', u'wh'), ('no', 51)])
253.2148 	EXP 	point_for: autoDraw = False
253.2148 	EXP 	image_for: autoDraw = False
253.2148 	EXP 	image_for: image = u'pic/5.png'
253.2148 	EXP 	point_for: autoDraw = True
254.1139 	EXP 	point_for: autoDraw = False
254.1306 	EXP 	image_for: autoDraw = True
254.5663 	DATA 	Keypress: num_5
254.5695 	EXP 	New trial (rep=0, index=57): OrderedDict([('pic', u'pic/8.png'), ('ans', ['num_8']), ('cla', u'wh'), ('no', 52)])
254.6514 	EXP 	point_for: autoDraw = False
254.6514 	EXP 	image_for: autoDraw = False
254.6514 	EXP 	image_for: image = u'pic/8.png'
254.6514 	EXP 	point_for: autoDraw = True
255.5825 	EXP 	point_for: autoDraw = False
255.5992 	EXP 	image_for: autoDraw = True
256.1011 	DATA 	Keypress: num_8
256.1044 	EXP 	New trial (rep=0, index=58): OrderedDict([('pic', u'pic/4.png'), ('ans', ['num_4']), ('cla', u'wh'), ('no', 53)])
256.1871 	EXP 	point_for: autoDraw = False
256.1871 	EXP 	image_for: autoDraw = False
256.1871 	EXP 	image_for: image = u'pic/4.png'
256.1871 	EXP 	point_for: autoDraw = True
257.1173 	EXP 	point_for: autoDraw = False
257.1347 	EXP 	image_for: autoDraw = True
257.6692 	DATA 	Keypress: num_4
257.6722 	EXP 	New trial (rep=0, index=59): OrderedDict([('pic', u'pic/5.png'), ('ans', ['num_5']), ('cla', u'wh'), ('no', 54)])
257.7657 	EXP 	point_for: autoDraw = False
257.7657 	EXP 	image_for: autoDraw = False
257.7657 	EXP 	image_for: image = u'pic/5.png'
257.7657 	EXP 	point_for: autoDraw = True
258.6856 	EXP 	point_for: autoDraw = False
258.7023 	EXP 	image_for: autoDraw = True
259.1873 	DATA 	Keypress: num_5
259.1903 	EXP 	New trial (rep=0, index=60): OrderedDict([('pic', u'pic/6.png'), ('ans', ['num_6']), ('cla', u'wh'), ('no', 55)])
259.2900 	EXP 	point_for: autoDraw = False
259.2900 	EXP 	image_for: autoDraw = False
259.2900 	EXP 	image_for: image = u'pic/6.png'
259.2900 	EXP 	point_for: autoDraw = True
260.2038 	EXP 	point_for: autoDraw = False
260.2204 	EXP 	image_for: autoDraw = True
260.6722 	DATA 	Keypress: num_6
260.6753 	EXP 	New trial (rep=0, index=61): OrderedDict([('pic', u'pic/1.png'), ('ans', ['num_1']), ('cla', u'wh'), ('no', 56)])
260.7875 	EXP 	point_for: autoDraw = False
260.7875 	EXP 	image_for: autoDraw = False
260.7875 	EXP 	image_for: image = u'pic/1.png'
260.7875 	EXP 	point_for: autoDraw = True
261.6885 	EXP 	point_for: autoDraw = False
261.7053 	EXP 	image_for: autoDraw = True
262.2575 	DATA 	Keypress: num_1
262.2606 	EXP 	New trial (rep=0, index=62): OrderedDict([('pic', u'pic/2.png'), ('ans', ['num_2']), ('cla', u'wh'), ('no', 57)])
262.3509 	EXP 	point_for: autoDraw = False
262.3509 	EXP 	image_for: autoDraw = False
262.3509 	EXP 	image_for: image = u'pic/2.png'
262.3509 	EXP 	point_for: autoDraw = True
263.2735 	EXP 	point_for: autoDraw = False
263.2902 	EXP 	image_for: autoDraw = True
263.7428 	DATA 	Keypress: num_2
263.7459 	EXP 	New trial (rep=0, index=63): OrderedDict([('pic', u'pic/3.png'), ('ans', ['num_3']), ('cla', u'wh'), ('no', 58)])
263.8336 	EXP 	point_for: autoDraw = False
263.8336 	EXP 	image_for: autoDraw = False
263.8336 	EXP 	image_for: image = u'pic/3.png'
263.8336 	EXP 	point_for: autoDraw = True
264.7583 	EXP 	point_for: autoDraw = False
264.7750 	EXP 	image_for: autoDraw = True
265.2947 	DATA 	Keypress: num_3
265.2984 	EXP 	New trial (rep=0, index=64): OrderedDict([('pic', u'pic/9.png'), ('ans', ['num_9']), ('cla', u'cross'), ('no', 59)])
265.4067 	EXP 	point_for: autoDraw = False
265.4067 	EXP 	image_for: autoDraw = False
265.4067 	EXP 	image_for: image = u'pic/9.png'
265.4067 	EXP 	point_for: autoDraw = True
266.3099 	EXP 	point_for: autoDraw = False
266.3265 	EXP 	image_for: autoDraw = True
267.0122 	DATA 	Keypress: num_9
267.0152 	EXP 	New trial (rep=0, index=65): OrderedDict([('pic', u'pic/5.png'), ('ans', ['num_5']), ('cla', u'cross'), ('no', 60)])
267.1081 	EXP 	point_for: autoDraw = False
267.1081 	EXP 	image_for: autoDraw = False
267.1081 	EXP 	image_for: image = u'pic/5.png'
267.1081 	EXP 	point_for: autoDraw = True
268.0284 	EXP 	point_for: autoDraw = False
268.0449 	EXP 	image_for: autoDraw = True
268.4466 	DATA 	Keypress: num_5
268.4496 	EXP 	New trial (rep=0, index=66): OrderedDict([('pic', u'pic/1.png'), ('ans', ['num_1']), ('cla', u'cross'), ('no', 61)])
268.5382 	EXP 	point_for: autoDraw = False
268.5382 	EXP 	image_for: autoDraw = False
268.5382 	EXP 	image_for: image = u'pic/1.png'
268.5382 	EXP 	point_for: autoDraw = True
269.4629 	EXP 	point_for: autoDraw = False
269.4797 	EXP 	image_for: autoDraw = True
269.9650 	DATA 	Keypress: num_1
269.9680 	EXP 	New trial (rep=0, index=67): OrderedDict([('pic', u'pic/3.png'), ('ans', ['num_3']), ('cla', u'cross'), ('no', 62)])
270.0801 	EXP 	point_for: autoDraw = False
270.0801 	EXP 	image_for: autoDraw = False
270.0801 	EXP 	image_for: image = u'pic/3.png'
270.0801 	EXP 	point_for: autoDraw = True
270.9812 	EXP 	point_for: autoDraw = False
270.9978 	EXP 	image_for: autoDraw = True
271.5001 	DATA 	Keypress: num_3
271.5031 	EXP 	New trial (rep=0, index=68): OrderedDict([('pic', u'pic/5.png'), ('ans', ['num_5']), ('cla', u'cross'), ('no', 63)])
271.5922 	EXP 	point_for: autoDraw = False
271.5922 	EXP 	image_for: autoDraw = False
271.5922 	EXP 	image_for: image = u'pic/5.png'
271.5922 	EXP 	point_for: autoDraw = True
272.5160 	EXP 	point_for: autoDraw = False
272.5327 	EXP 	image_for: autoDraw = True
273.0016 	DATA 	Keypress: num_5
273.0046 	EXP 	New trial (rep=0, index=69): OrderedDict([('pic', u'pic/7.png'), ('ans', ['num_7']), ('cla', u'cross'), ('no', 64)])
273.0943 	EXP 	point_for: autoDraw = False
273.0943 	EXP 	image_for: autoDraw = False
273.0943 	EXP 	image_for: image = u'pic/7.png'
273.0943 	EXP 	point_for: autoDraw = True
274.0176 	EXP 	point_for: autoDraw = False
274.0342 	EXP 	image_for: autoDraw = True
274.6040 	DATA 	Keypress: num_7
274.6215 	EXP 	New trial (rep=0, index=70): OrderedDict([('pic', u'pic/1.png'), ('ans', ['num_1']), ('cla', u'cross'), ('no', 65)])
274.7111 	EXP 	point_for: autoDraw = False
274.7111 	EXP 	image_for: autoDraw = False
274.7111 	EXP 	image_for: image = u'pic/1.png'
274.7111 	EXP 	point_for: autoDraw = True
275.6358 	EXP 	point_for: autoDraw = False
275.6526 	EXP 	image_for: autoDraw = True
276.2233 	DATA 	Keypress: num_1
276.2284 	EXP 	New trial (rep=0, index=71): OrderedDict([('pic', u'pic/5.png'), ('ans', ['num_5']), ('cla', u'cross'), ('no', 66)])
276.3232 	EXP 	point_for: autoDraw = False
276.3232 	EXP 	image_for: autoDraw = False
276.3232 	EXP 	image_for: image = u'pic/5.png'
276.3232 	EXP 	point_for: autoDraw = True
277.2374 	EXP 	point_for: autoDraw = False
277.2547 	EXP 	image_for: autoDraw = True
277.7225 	DATA 	Keypress: num_5
277.7255 	EXP 	New trial (rep=0, index=72): OrderedDict([('pic', u'pic/9.png'), ('ans', ['num_9']), ('cla', u'cross'), ('no', 67)])
277.8232 	EXP 	point_for: autoDraw = False
277.8232 	EXP 	image_for: autoDraw = False
277.8232 	EXP 	image_for: image = u'pic/9.png'
277.8232 	EXP 	point_for: autoDraw = True
278.7389 	EXP 	point_for: autoDraw = False
278.7555 	EXP 	image_for: autoDraw = True
279.3074 	DATA 	Keypress: num_9
279.3104 	EXP 	New trial (rep=0, index=73): OrderedDict([('pic', u'pic/1.png'), ('ans', ['num_1']), ('cla', u'cross'), ('no', 68)])
279.4111 	EXP 	point_for: autoDraw = False
279.4111 	EXP 	image_for: autoDraw = False
279.4111 	EXP 	image_for: image = u'pic/1.png'
279.4111 	EXP 	point_for: autoDraw = True
280.3239 	EXP 	point_for: autoDraw = False
280.3405 	EXP 	image_for: autoDraw = True
280.8596 	DATA 	Keypress: num_1
280.8630 	EXP 	New trial (rep=0, index=74): OrderedDict([('pic', u'pic/5.png'), ('ans', ['num_5']), ('cla', u'cross'), ('no', 69)])
280.9580 	EXP 	point_for: autoDraw = False
280.9580 	EXP 	image_for: autoDraw = False
280.9580 	EXP 	image_for: image = u'pic/5.png'
280.9580 	EXP 	point_for: autoDraw = True
281.8754 	EXP 	point_for: autoDraw = False
281.8922 	EXP 	image_for: autoDraw = True
282.3284 	DATA 	Keypress: num_5
282.3319 	EXP 	New trial (rep=0, index=75): OrderedDict([('pic', u'pic/9.png'), ('ans', ['num_9']), ('cla', u'cross'), ('no', 70)])
282.4404 	EXP 	point_for: autoDraw = False
282.4404 	EXP 	image_for: autoDraw = False
282.4404 	EXP 	image_for: image = u'pic/9.png'
282.4404 	EXP 	point_for: autoDraw = True
283.3436 	EXP 	point_for: autoDraw = False
283.3602 	EXP 	image_for: autoDraw = True
283.9454 	DATA 	Keypress: num_9
283.9484 	EXP 	New trial (rep=0, index=76): OrderedDict([('pic', u'pic/5.png'), ('ans', ['num_5']), ('cla', u'huan'), ('no', -1)])
284.0368 	EXP 	point_for: autoDraw = False
284.0368 	EXP 	image_for: autoDraw = False
284.0368 	EXP 	image_for: image = u'pic/5.png'
284.0368 	EXP 	point_for: autoDraw = True
284.9618 	EXP 	point_for: autoDraw = False
284.9784 	EXP 	image_for: autoDraw = True
285.4138 	DATA 	Keypress: num_5
285.4168 	EXP 	New trial (rep=0, index=77): OrderedDict([('pic', u'pic/9.png'), ('ans', ['num_9']), ('cla', u'huan'), ('no', -1)])
285.5141 	EXP 	point_for: autoDraw = False
285.5141 	EXP 	image_for: autoDraw = False
285.5141 	EXP 	image_for: image = u'pic/9.png'
285.5141 	EXP 	point_for: autoDraw = True
286.4299 	EXP 	point_for: autoDraw = False
286.4466 	EXP 	image_for: autoDraw = True
287.0159 	DATA 	Keypress: num_9
287.0192 	EXP 	New trial (rep=0, index=78): OrderedDict([('pic', u'pic/2.png'), ('ans', ['num_2']), ('cla', u'abc3'), ('no', 71)])
287.1043 	EXP 	point_for: autoDraw = False
287.1043 	EXP 	image_for: autoDraw = False
287.1043 	EXP 	image_for: image = u'pic/2.png'
287.1043 	EXP 	point_for: autoDraw = True
288.0315 	EXP 	point_for: autoDraw = False
288.0483 	EXP 	image_for: autoDraw = True
288.6526 	DATA 	Keypress: num_2
288.6702 	EXP 	New trial (rep=0, index=79): OrderedDict([('pic', u'pic/3.png'), ('ans', ['num_3']), ('cla', u'abc3'), ('no', 72)])
288.7454 	EXP 	point_for: autoDraw = False
288.7454 	EXP 	image_for: autoDraw = False
288.7454 	EXP 	image_for: image = u'pic/3.png'
288.7454 	EXP 	point_for: autoDraw = True
289.6838 	EXP 	point_for: autoDraw = False
289.6997 	EXP 	image_for: autoDraw = True
290.2020 	DATA 	Keypress: num_3
290.2050 	EXP 	New trial (rep=0, index=80): OrderedDict([('pic', u'pic/7.png'), ('ans', ['num_7']), ('cla', u'abc3'), ('no', 73)])
290.2990 	EXP 	point_for: autoDraw = False
290.2990 	EXP 	image_for: autoDraw = False
290.2990 	EXP 	image_for: image = u'pic/7.png'
290.2990 	EXP 	point_for: autoDraw = True
291.2180 	EXP 	point_for: autoDraw = False
291.2347 	EXP 	image_for: autoDraw = True
291.8534 	DATA 	Keypress: num_7
291.8565 	EXP 	New trial (rep=0, index=81): OrderedDict([('pic', u'pic/2.png'), ('ans', ['num_2']), ('cla', u'abc3'), ('no', 74)])
291.9372 	EXP 	point_for: autoDraw = False
291.9372 	EXP 	image_for: autoDraw = False
291.9372 	EXP 	image_for: image = u'pic/2.png'
291.9372 	EXP 	point_for: autoDraw = True
292.8697 	EXP 	point_for: autoDraw = False
292.8864 	EXP 	image_for: autoDraw = True
293.4049 	DATA 	Keypress: num_2
293.4081 	EXP 	New trial (rep=0, index=82): OrderedDict([('pic', u'pic/3.png'), ('ans', ['num_3']), ('cla', u'abc3'), ('no', 75)])
293.4985 	EXP 	point_for: autoDraw = False
293.4985 	EXP 	image_for: autoDraw = False
293.4985 	EXP 	image_for: image = u'pic/3.png'
293.4985 	EXP 	point_for: autoDraw = True
294.4213 	EXP 	point_for: autoDraw = False
294.4378 	EXP 	image_for: autoDraw = True
294.9730 	DATA 	Keypress: num_3
294.9760 	EXP 	New trial (rep=0, index=83): OrderedDict([('pic', u'pic/7.png'), ('ans', ['num_7']), ('cla', u'abc3'), ('no', 76)])
295.0713 	EXP 	point_for: autoDraw = False
295.0713 	EXP 	image_for: autoDraw = False
295.0713 	EXP 	image_for: image = u'pic/7.png'
295.0713 	EXP 	point_for: autoDraw = True
295.9895 	EXP 	point_for: autoDraw = False
296.0061 	EXP 	image_for: autoDraw = True
296.5283 	DATA 	Keypress: num_7
296.5326 	EXP 	New trial (rep=0, index=84): OrderedDict([('pic', u'pic/2.png'), ('ans', ['num_2']), ('cla', u'abc3'), ('no', 77)])
296.6229 	EXP 	point_for: autoDraw = False
296.6229 	EXP 	image_for: autoDraw = False
296.6229 	EXP 	image_for: image = u'pic/2.png'
296.6229 	EXP 	point_for: autoDraw = True
297.5411 	EXP 	point_for: autoDraw = False
297.5577 	EXP 	image_for: autoDraw = True
298.0442 	DATA 	Keypress: num_2
298.0618 	EXP 	New trial (rep=0, index=85): OrderedDict([('pic', u'pic/3.png'), ('ans', ['num_3']), ('cla', u'abc3'), ('no', 78)])
298.1688 	EXP 	point_for: autoDraw = False
298.1688 	EXP 	image_for: autoDraw = False
298.1688 	EXP 	image_for: image = u'pic/3.png'
298.1688 	EXP 	point_for: autoDraw = True
299.0761 	EXP 	point_for: autoDraw = False
299.0927 	EXP 	image_for: autoDraw = True
299.6445 	DATA 	Keypress: num_3
299.6474 	EXP 	New trial (rep=0, index=86): OrderedDict([('pic', u'pic/7.png'), ('ans', ['num_7']), ('cla', u'abc3'), ('no', 79)])
299.7352 	EXP 	point_for: autoDraw = False
299.7352 	EXP 	image_for: autoDraw = False
299.7352 	EXP 	image_for: image = u'pic/7.png'
299.7352 	EXP 	point_for: autoDraw = True
300.6608 	EXP 	point_for: autoDraw = False
300.6774 	EXP 	image_for: autoDraw = True
301.2797 	DATA 	Keypress: num_7
301.2829 	EXP 	New trial (rep=0, index=87): OrderedDict([('pic', u'pic/1.png'), ('ans', ['num_1']), ('cla', u'abc3'), ('no', 80)])
301.3737 	EXP 	point_for: autoDraw = False
301.3737 	EXP 	image_for: autoDraw = False
301.3737 	EXP 	image_for: image = u'pic/1.png'
301.3737 	EXP 	point_for: autoDraw = True
302.2958 	EXP 	point_for: autoDraw = False
302.3129 	EXP 	image_for: autoDraw = True
302.8812 	DATA 	Keypress: num_1
302.8842 	EXP 	New trial (rep=0, index=88): OrderedDict([('pic', u'pic/4.png'), ('ans', ['num_4']), ('cla', u'abc3'), ('no', 81)])
302.9846 	EXP 	point_for: autoDraw = False
302.9846 	EXP 	image_for: autoDraw = False
302.9846 	EXP 	image_for: image = u'pic/4.png'
302.9846 	EXP 	point_for: autoDraw = True
303.8974 	EXP 	point_for: autoDraw = False
303.9142 	EXP 	image_for: autoDraw = True
304.3492 	DATA 	Keypress: num_4
304.3522 	EXP 	New trial (rep=0, index=89): OrderedDict([('pic', u'pic/7.png'), ('ans', ['num_7']), ('cla', u'abc3'), ('no', 82)])
304.4423 	EXP 	point_for: autoDraw = False
304.4423 	EXP 	image_for: autoDraw = False
304.4423 	EXP 	image_for: image = u'pic/7.png'
304.4423 	EXP 	point_for: autoDraw = True
305.3654 	EXP 	point_for: autoDraw = False
305.3821 	EXP 	image_for: autoDraw = True
306.1342 	DATA 	Keypress: num_7
306.1373 	EXP 	New trial (rep=0, index=90): OrderedDict([('pic', u'pic/1.png'), ('ans', ['num_1']), ('cla', u'abc3'), ('no', 83)])
306.2263 	EXP 	point_for: autoDraw = False
306.2263 	EXP 	image_for: autoDraw = False
306.2263 	EXP 	image_for: image = u'pic/1.png'
306.2263 	EXP 	point_for: autoDraw = True
307.1506 	EXP 	point_for: autoDraw = False
307.1675 	EXP 	image_for: autoDraw = True
307.7197 	DATA 	Keypress: num_1
307.7228 	EXP 	New trial (rep=0, index=91): OrderedDict([('pic', u'pic/4.png'), ('ans', ['num_4']), ('cla', u'abc3'), ('no', 84)])
307.8072 	EXP 	point_for: autoDraw = False
307.8072 	EXP 	image_for: autoDraw = False
307.8072 	EXP 	image_for: image = u'pic/4.png'
307.8072 	EXP 	point_for: autoDraw = True
308.7356 	EXP 	point_for: autoDraw = False
308.7522 	EXP 	image_for: autoDraw = True
309.2880 	DATA 	Keypress: num_4
309.2910 	EXP 	New trial (rep=0, index=92): OrderedDict([('pic', u'pic/7.png'), ('ans', ['num_7']), ('cla', u'abc3'), ('no', 85)])
309.4085 	EXP 	point_for: autoDraw = False
309.4085 	EXP 	image_for: autoDraw = False
309.4085 	EXP 	image_for: image = u'pic/7.png'
309.4085 	EXP 	point_for: autoDraw = True
310.3038 	EXP 	point_for: autoDraw = False
310.3205 	EXP 	image_for: autoDraw = True
310.8223 	DATA 	Keypress: num_7
310.8253 	EXP 	New trial (rep=0, index=93): OrderedDict([('pic', u'pic/1.png'), ('ans', ['num_1']), ('cla', u'abc3'), ('no', 86)])
310.9236 	EXP 	point_for: autoDraw = False
310.9236 	EXP 	image_for: autoDraw = False
310.9236 	EXP 	image_for: image = u'pic/1.png'
310.9236 	EXP 	point_for: autoDraw = True
311.8386 	EXP 	point_for: autoDraw = False
311.8553 	EXP 	image_for: autoDraw = True
312.3912 	DATA 	Keypress: num_1
312.3943 	EXP 	New trial (rep=0, index=94): OrderedDict([('pic', u'pic/4.png'), ('ans', ['num_4']), ('cla', u'abc3'), ('no', 87)])
312.5077 	EXP 	point_for: autoDraw = False
312.5077 	EXP 	image_for: autoDraw = False
312.5077 	EXP 	image_for: image = u'pic/4.png'
312.5077 	EXP 	point_for: autoDraw = True
313.4071 	EXP 	point_for: autoDraw = False
313.4237 	EXP 	image_for: autoDraw = True
313.8445 	DATA 	Keypress: num_4
313.8621 	EXP 	New trial (rep=0, index=95): OrderedDict([('pic', u'pic/7.png'), ('ans', ['num_7']), ('cla', u'abc3'), ('no', 88)])
313.9608 	EXP 	point_for: autoDraw = False
313.9608 	EXP 	image_for: autoDraw = False
313.9608 	EXP 	image_for: image = u'pic/7.png'
313.9608 	EXP 	point_for: autoDraw = True
314.8750 	EXP 	point_for: autoDraw = False
314.8926 	EXP 	image_for: autoDraw = True
315.2607 	DATA 	Keypress: num_7
315.2642 	EXP 	New trial (rep=0, index=96): OrderedDict([('pic', u'pic/6.png'), ('ans', ['num_6']), ('cla', u'abc3'), ('no', 89)])
315.3606 	EXP 	point_for: autoDraw = False
315.3606 	EXP 	image_for: autoDraw = False
315.3606 	EXP 	image_for: image = u'pic/6.png'
315.3606 	EXP 	point_for: autoDraw = True
316.2763 	EXP 	point_for: autoDraw = False
316.2931 	EXP 	image_for: autoDraw = True
316.7965 	DATA 	Keypress: num_6
316.8139 	EXP 	New trial (rep=0, index=97): OrderedDict([('pic', u'pic/8.png'), ('ans', ['num_8']), ('cla', u'abc3'), ('no', 90)])
316.9122 	EXP 	point_for: autoDraw = False
316.9122 	EXP 	image_for: autoDraw = False
316.9122 	EXP 	image_for: image = u'pic/8.png'
316.9122 	EXP 	point_for: autoDraw = True
317.8280 	EXP 	point_for: autoDraw = False
317.8447 	EXP 	image_for: autoDraw = True
318.3300 	DATA 	Keypress: num_8
318.3331 	EXP 	New trial (rep=0, index=98): OrderedDict([('pic', u'pic/1.png'), ('ans', ['num_1']), ('cla', u'abc3'), ('no', 91)])
318.4343 	EXP 	point_for: autoDraw = False
318.4343 	EXP 	image_for: autoDraw = False
318.4343 	EXP 	image_for: image = u'pic/1.png'
318.4343 	EXP 	point_for: autoDraw = True
319.3470 	EXP 	point_for: autoDraw = False
319.3634 	EXP 	image_for: autoDraw = True
320.1148 	DATA 	Keypress: num_1
320.1179 	EXP 	New trial (rep=0, index=99): OrderedDict([('pic', u'pic/6.png'), ('ans', ['num_6']), ('cla', u'abc3'), ('no', 92)])
320.2117 	EXP 	point_for: autoDraw = False
320.2117 	EXP 	image_for: autoDraw = False
320.2117 	EXP 	image_for: image = u'pic/6.png'
320.2117 	EXP 	point_for: autoDraw = True
321.1313 	EXP 	point_for: autoDraw = False
321.1479 	EXP 	image_for: autoDraw = True
321.7682 	DATA 	Keypress: num_6
321.7741 	EXP 	New trial (rep=0, index=100): OrderedDict([('pic', u'pic/8.png'), ('ans', ['num_8']), ('cla', u'abc3'), ('no', 93)])
321.8819 	EXP 	point_for: autoDraw = False
321.8819 	EXP 	image_for: autoDraw = False
321.8819 	EXP 	image_for: image = u'pic/8.png'
321.8819 	EXP 	point_for: autoDraw = True
322.7830 	EXP 	point_for: autoDraw = False
322.8003 	EXP 	image_for: autoDraw = True
323.3015 	DATA 	Keypress: num_8
323.3047 	EXP 	New trial (rep=0, index=101): OrderedDict([('pic', u'pic/1.png'), ('ans', ['num_1']), ('cla', u'abc3'), ('no', 94)])
323.3990 	EXP 	point_for: autoDraw = False
323.3990 	EXP 	image_for: autoDraw = False
323.3990 	EXP 	image_for: image = u'pic/1.png'
323.3990 	EXP 	point_for: autoDraw = True
324.3178 	EXP 	point_for: autoDraw = False
324.3348 	EXP 	image_for: autoDraw = True
324.8538 	DATA 	Keypress: num_1
324.8573 	EXP 	New trial (rep=0, index=102): OrderedDict([('pic', u'pic/6.png'), ('ans', ['num_6']), ('cla', u'abc3'), ('no', 95)])
324.9616 	EXP 	point_for: autoDraw = False
324.9616 	EXP 	image_for: autoDraw = False
324.9616 	EXP 	image_for: image = u'pic/6.png'
324.9616 	EXP 	point_for: autoDraw = True
325.8694 	EXP 	point_for: autoDraw = False
325.8860 	EXP 	image_for: autoDraw = True
326.3214 	DATA 	Keypress: num_6
326.3245 	EXP 	New trial (rep=0, index=103): OrderedDict([('pic', u'pic/8.png'), ('ans', ['num_8']), ('cla', u'abc3'), ('no', 96)])
326.4122 	EXP 	point_for: autoDraw = False
326.4122 	EXP 	image_for: autoDraw = False
326.4122 	EXP 	image_for: image = u'pic/8.png'
326.4122 	EXP 	point_for: autoDraw = True
327.3375 	EXP 	point_for: autoDraw = False
327.3541 	EXP 	image_for: autoDraw = True
327.7726 	DATA 	Keypress: num_8
327.7756 	EXP 	New trial (rep=0, index=104): OrderedDict([('pic', u'pic/1.png'), ('ans', ['num_1']), ('cla', u'abc3'), ('no', 97)])
327.8657 	EXP 	point_for: autoDraw = False
327.8657 	EXP 	image_for: autoDraw = False
327.8657 	EXP 	image_for: image = u'pic/1.png'
327.8657 	EXP 	point_for: autoDraw = True
328.7890 	EXP 	point_for: autoDraw = False
328.8056 	EXP 	image_for: autoDraw = True
329.4254 	DATA 	Keypress: num_1
330.2399 	EXP 	window1: mouseVisible = True
