15.5381 	EXP 	Created window1 = Window(allowGUI=False, allowStencil=False, args=UNKNOWN, autoLog=True, bitsMode=UNKNOWN, blendMode='avg', color='white', colorSpace='named', fullscr=UNKNOWN, gamma=None, kwargs=UNKNOWN, lms=UNKNOWN, monitor=<psychopy.monitors.calibTools.Monitor object at 0x1E5660F0>, multiSample=False, name='window1', numSamples=2, pos=[0, 0], screen=0, size=array([1920, 1080]), stereo=False, units=u'norm', useFBO=True, useRetina=False, viewOri=0.0, viewPos=None, viewScale=None, waitBlanking=True, winType=u'pyglet')
15.5382 	EXP 	window1: recordFrameIntervals = False
15.7038 	EXP 	window1: recordFrameIntervals = True
15.8876 	EXP 	window1: recordFrameIntervals = False
16.2509 	EXP 	Created wel_text = TextStim(alignHoriz='center', alignVert='center', antialias=True, autoLog=True, bold=False, color='black', colorSpace='named', contrast=1.0, depth=0.0, flipHoriz=False, flipVert=False, font='Consolas', fontFiles=[], height=0.1, italic=False, name='wel_text', opacity=1.0, ori=0, pos=array([ 0.,  0.]), rgb=array([ 0.,  0.,  0.]), text=newstr(...), units=u'norm', win=Window(...), wrapWidth=1)
16.2571 	EXP 	Created image_practice = ImageStim(autoLog=True, color=array([ 1.,  1.,  1.]), colorSpace='rgb', contrast=1.0, depth=0.0, flipHoriz=False, flipVert=False, image='sin', interpolate=True, mask=None, maskParams=None, name='image_practice', opacity=1.0, ori=0.0, pos=array([ 0.,  0.]), size=array([ 0.45,  0.8 ]), texRes=128, units=u'norm', win=Window(...))
16.2881 	EXP 	Created point_prac = TextStim(alignHoriz='center', alignVert='center', antialias=True, autoLog=True, bold=False, color='black', colorSpace='named', contrast=1.0, depth=-2.0, flipHoriz=False, flipVert=False, font='Arial', fontFiles=[], height=0.1, italic=False, name='point_prac', opacity=1.0, ori=0, pos=array([ 0.,  0.]), rgb=array([ 0.,  0.,  0.]), text='+', units=u'norm', win=Window(...), wrapWidth=1)
16.3603 	EXP 	Created text_base = TextStim(alignHoriz='center', alignVert='center', antialias=True, autoLog=True, bold=False, color='black', colorSpace='named', contrast=1.0, depth=0.0, flipHoriz=False, flipVert=False, font='Consolas', fontFiles=[], height=0.1, italic=False, name='text_base', opacity=1.0, ori=0, pos=array([ 0.,  0.]), rgb=array([ 0.,  0.,  0.]), text=newstr(...), units=u'norm', win=Window(...), wrapWidth=1)
16.3665 	EXP 	Created huan_point = TextStim(alignHoriz='center', alignVert='center', antialias=True, autoLog=True, bold=False, color='black', colorSpace='named', contrast=1.0, depth=0.0, flipHoriz=False, flipVert=False, font='Arial', fontFiles=[], height=0.1, italic=False, name='huan_point', opacity=1.0, ori=0, pos=array([ 0.,  0.]), rgb=array([ 0.,  0.,  0.]), text='+', units=u'norm', win=Window(...), wrapWidth=1)
16.3703 	EXP 	Created image_huan = ImageStim(autoLog=True, color=array([ 1.,  1.,  1.]), colorSpace='rgb', contrast=1.0, depth=-1.0, flipHoriz=False, flipVert=False, image='sin', interpolate=True, mask=None, maskParams=None, name='image_huan', opacity=1.0, ori=0.0, pos=array([ 0.,  0.]), size=array([ 0.45,  0.8 ]), texRes=128, units=u'norm', win=Window(...))
16.3764 	EXP 	Created point_base = TextStim(alignHoriz='center', alignVert='center', antialias=True, autoLog=True, bold=False, color='black', colorSpace='named', contrast=1.0, depth=0.0, flipHoriz=False, flipVert=False, font='Arial', fontFiles=[], height=0.1, italic=False, name='point_base', opacity=1.0, ori=0, pos=array([ 0.,  0.]), rgb=array([ 0.,  0.,  0.]), text='+', units=u'norm', win=Window(...), wrapWidth=1)
16.3808 	EXP 	Created image_base = ImageStim(autoLog=True, color=array([ 1.,  1.,  1.]), colorSpace='rgb', contrast=1.0, depth=-1.0, flipHoriz=False, flipVert=False, image='sin', interpolate=True, mask=None, maskParams=None, name='image_base', opacity=1.0, ori=0.0, pos=array([ 0.,  0.]), size=array([ 0.45,  0.8 ]), texRes=128, units=u'norm', win=Window(...))
16.3871 	EXP 	Created point_for = TextStim(alignHoriz='center', alignVert='center', antialias=True, autoLog=True, bold=False, color='black', colorSpace='named', contrast=1.0, depth=0.0, flipHoriz=False, flipVert=False, font='Arial', fontFiles=[], height=0.1, italic=False, name='point_for', opacity=1.0, ori=0, pos=array([ 0.,  0.]), rgb=array([ 0.,  0.,  0.]), text='+', units=u'norm', win=Window(...), wrapWidth=1)
16.3915 	EXP 	Created image_for = ImageStim(autoLog=True, color=array([ 1.,  1.,  1.]), colorSpace='rgb', contrast=1.0, depth=-2.0, flipHoriz=False, flipVert=False, image='sin', interpolate=True, mask=None, maskParams=None, name='image_for', opacity=1.0, ori=0.0, pos=array([ 0.,  0.]), size=array([ 0.45,  0.8 ]), texRes=128, units=u'norm', win=Window(...))
16.4087 	EXP 	wel_text: autoDraw = True
31.7887 	DATA 	Keypress: space
31.8147 	EXP 	Imported pic\prac_click.csv as conditions, 47 conditions, 4 params
31.8165 	EXP 	Created sequence: random, trialTypes=47, nReps=1, seed=None
31.8179 	EXP 	New trial (rep=0, index=0): OrderedDict([('no', 31), ('pic', u'pic/4.png'), ('cla', u'practice'), ('ans', ['num_4'])])
31.8959 	EXP 	wel_text: autoDraw = False
31.8959 	EXP 	image_practice: image = u'pic/4.png'
31.8959 	EXP 	point_prac: autoDraw = True
32.9294 	EXP 	image_practice: autoDraw = True
32.9294 	EXP 	point_prac: autoDraw = False
33.9907 	DATA 	Keypress: num_4
33.9948 	EXP 	New trial (rep=0, index=1): OrderedDict([('no', 6), ('pic', u'pic/6.png'), ('cla', u'practice'), ('ans', ['num_6'])])
34.0837 	EXP 	image_practice: autoDraw = False
34.0837 	EXP 	point_prac: autoDraw = False
34.0837 	EXP 	image_practice: image = u'pic/6.png'
34.0837 	EXP 	point_prac: autoDraw = True
35.0066 	EXP 	point_prac: autoDraw = False
35.0232 	EXP 	image_practice: autoDraw = True
35.6591 	DATA 	Keypress: num_6
35.6625 	EXP 	New trial (rep=0, index=2): OrderedDict([('no', 19), ('pic', u'pic/1.png'), ('cla', u'practice'), ('ans', ['num_1'])])
35.7473 	EXP 	image_practice: autoDraw = False
35.7473 	EXP 	point_prac: autoDraw = False
35.7473 	EXP 	image_practice: image = u'pic/1.png'
35.7473 	EXP 	point_prac: autoDraw = True
36.6749 	EXP 	point_prac: autoDraw = False
36.6916 	EXP 	image_practice: autoDraw = True
37.9450 	DATA 	Keypress: num_0
38.3116 	DATA 	Keypress: num_1
38.3149 	EXP 	New trial (rep=0, index=3): OrderedDict([('no', 12), ('pic', u'pic/3.png'), ('cla', u'practice'), ('ans', ['num_3'])])
38.3904 	EXP 	image_practice: autoDraw = False
38.3904 	EXP 	point_prac: autoDraw = False
38.3904 	EXP 	image_practice: image = u'pic/3.png'
38.3904 	EXP 	point_prac: autoDraw = True
39.3275 	EXP 	point_prac: autoDraw = False
39.3441 	EXP 	image_practice: autoDraw = True
40.3131 	DATA 	Keypress: num_3
40.3160 	EXP 	New trial (rep=0, index=4): OrderedDict([('no', 13), ('pic', u'pic/4.png'), ('cla', u'practice'), ('ans', ['num_4'])])
40.4019 	EXP 	image_practice: autoDraw = False
40.4019 	EXP 	point_prac: autoDraw = False
40.4019 	EXP 	image_practice: image = u'pic/4.png'
40.4019 	EXP 	point_prac: autoDraw = True
41.3295 	EXP 	point_prac: autoDraw = False
41.3462 	EXP 	image_practice: autoDraw = True
42.6161 	DATA 	Keypress: num_4
42.6202 	EXP 	New trial (rep=0, index=5): OrderedDict([('no', 23), ('pic', u'pic/5.png'), ('cla', u'practice'), ('ans', ['num_5'])])
42.7047 	EXP 	image_practice: autoDraw = False
42.7047 	EXP 	point_prac: autoDraw = False
42.7047 	EXP 	image_practice: image = u'pic/5.png'
42.7047 	EXP 	point_prac: autoDraw = True
43.6317 	EXP 	point_prac: autoDraw = False
43.6486 	EXP 	image_practice: autoDraw = True
44.1704 	DATA 	Keypress: num_5
44.1785 	EXP 	New trial (rep=0, index=6): OrderedDict([('no', 34), ('pic', u'pic/7.png'), ('cla', u'practice'), ('ans', ['num_7'])])
44.2525 	EXP 	image_practice: autoDraw = False
44.2525 	EXP 	point_prac: autoDraw = False
44.2525 	EXP 	image_practice: image = u'pic/7.png'
44.2525 	EXP 	point_prac: autoDraw = True
45.1840 	EXP 	point_prac: autoDraw = False
45.2010 	EXP 	image_practice: autoDraw = True
46.0866 	DATA 	Keypress: num_7
46.0900 	EXP 	New trial (rep=0, index=7): OrderedDict([('no', 27), ('pic', u'pic/9.png'), ('cla', u'practice'), ('ans', ['num_9'])])
46.1813 	EXP 	image_practice: autoDraw = False
46.1813 	EXP 	point_prac: autoDraw = False
46.1813 	EXP 	image_practice: image = u'pic/9.png'
46.1813 	EXP 	point_prac: autoDraw = True
47.1019 	EXP 	point_prac: autoDraw = False
47.1188 	EXP 	image_practice: autoDraw = True
48.0046 	DATA 	Keypress: num_9
48.0080 	EXP 	New trial (rep=0, index=8): OrderedDict([('no', 3), ('pic', u'pic/3.png'), ('cla', u'practice'), ('ans', ['num_3'])])
48.0929 	EXP 	image_practice: autoDraw = False
48.0929 	EXP 	point_prac: autoDraw = False
48.0929 	EXP 	image_practice: image = u'pic/3.png'
48.0929 	EXP 	point_prac: autoDraw = True
49.0211 	EXP 	point_prac: autoDraw = False
49.0379 	EXP 	image_practice: autoDraw = True
50.3579 	DATA 	Keypress: num_3
50.3613 	EXP 	New trial (rep=0, index=9): OrderedDict([('no', 20), ('pic', u'pic/2.png'), ('cla', u'practice'), ('ans', ['num_2'])])
50.4581 	EXP 	image_practice: autoDraw = False
50.4581 	EXP 	point_prac: autoDraw = False
50.4581 	EXP 	image_practice: image = u'pic/2.png'
50.4581 	EXP 	point_prac: autoDraw = True
51.3735 	EXP 	point_prac: autoDraw = False
51.3903 	EXP 	image_practice: autoDraw = True
52.0921 	DATA 	Keypress: num_2
52.0954 	EXP 	New trial (rep=0, index=10): OrderedDict([('no', 37), ('pic', u'pic/1.png'), ('cla', u'practice'), ('ans', ['num_1'])])
52.1715 	EXP 	image_practice: autoDraw = False
52.1715 	EXP 	point_prac: autoDraw = False
52.1715 	EXP 	image_practice: image = u'pic/1.png'
52.1715 	EXP 	point_prac: autoDraw = True
53.1086 	EXP 	point_prac: autoDraw = False
53.1252 	EXP 	image_practice: autoDraw = True
54.0116 	DATA 	Keypress: num_1
54.0150 	EXP 	New trial (rep=0, index=11): OrderedDict([('no', 9), ('pic', u'pic/9.png'), ('cla', u'practice'), ('ans', ['num_9'])])
54.0890 	EXP 	image_practice: autoDraw = False
54.0890 	EXP 	point_prac: autoDraw = False
54.0890 	EXP 	image_practice: image = u'pic/9.png'
54.0890 	EXP 	point_prac: autoDraw = True
55.0266 	EXP 	point_prac: autoDraw = False
55.0438 	EXP 	image_practice: autoDraw = True
55.8622 	DATA 	Keypress: num_9
55.8650 	EXP 	New trial (rep=0, index=12): OrderedDict([('no', 15), ('pic', u'pic/6.png'), ('cla', u'practice'), ('ans', ['num_6'])])
55.9421 	EXP 	image_practice: autoDraw = False
55.9421 	EXP 	point_prac: autoDraw = False
55.9421 	EXP 	image_practice: image = u'pic/6.png'
55.9421 	EXP 	point_prac: autoDraw = True
56.8790 	EXP 	point_prac: autoDraw = False
56.8957 	EXP 	image_practice: autoDraw = True
57.4476 	DATA 	Keypress: num_6
57.4509 	EXP 	New trial (rep=0, index=13): OrderedDict([('no', 29), ('pic', u'pic/2.png'), ('cla', u'practice'), ('ans', ['num_2'])])
57.5262 	EXP 	image_practice: autoDraw = False
57.5262 	EXP 	point_prac: autoDraw = False
57.5262 	EXP 	image_practice: image = u'pic/2.png'
57.5262 	EXP 	point_prac: autoDraw = True
58.4633 	EXP 	point_prac: autoDraw = False
58.4800 	EXP 	image_practice: autoDraw = True
59.2661 	DATA 	Keypress: num_2
59.2694 	EXP 	New trial (rep=0, index=14): OrderedDict([('no', 39), ('pic', u'pic/3.png'), ('cla', u'practice'), ('ans', ['num_3'])])
59.3457 	EXP 	image_practice: autoDraw = False
59.3457 	EXP 	point_prac: autoDraw = False
59.3457 	EXP 	image_practice: image = u'pic/3.png'
59.3457 	EXP 	point_prac: autoDraw = True
60.2825 	EXP 	point_prac: autoDraw = False
60.2990 	EXP 	image_practice: autoDraw = True
60.9169 	DATA 	Keypress: num_3
60.9198 	EXP 	New trial (rep=0, index=15): OrderedDict([('no', 36), ('pic', u'pic/9.png'), ('cla', u'practice'), ('ans', ['num_9'])])
60.9975 	EXP 	image_practice: autoDraw = False
60.9975 	EXP 	point_prac: autoDraw = False
60.9975 	EXP 	image_practice: image = u'pic/9.png'
60.9975 	EXP 	point_prac: autoDraw = True
61.9342 	EXP 	point_prac: autoDraw = False
61.9507 	EXP 	image_practice: autoDraw = True
62.7539 	DATA 	Keypress: num_9
62.7584 	EXP 	New trial (rep=0, index=16): OrderedDict([('no', 26), ('pic', u'pic/8.png'), ('cla', u'practice'), ('ans', ['num_8'])])
62.8683 	EXP 	image_practice: autoDraw = False
62.8683 	EXP 	point_prac: autoDraw = False
62.8683 	EXP 	image_practice: image = u'pic/8.png'
62.8683 	EXP 	point_prac: autoDraw = True
63.7671 	EXP 	point_prac: autoDraw = False
63.7841 	EXP 	image_practice: autoDraw = True
64.2520 	DATA 	Keypress: num_8
64.2545 	EXP 	New trial (rep=0, index=17): OrderedDict([('no', 32), ('pic', u'pic/5.png'), ('cla', u'practice'), ('ans', ['num_5'])])
64.3114 	EXP 	image_practice: autoDraw = False
64.3114 	EXP 	point_prac: autoDraw = False
64.3114 	EXP 	image_practice: image = u'pic/5.png'
64.3114 	EXP 	point_prac: autoDraw = True
65.2686 	EXP 	point_prac: autoDraw = False
65.2854 	EXP 	image_practice: autoDraw = True
65.7363 	DATA 	Keypress: num_5
65.7384 	EXP 	New trial (rep=0, index=18): OrderedDict([('no', 38), ('pic', u'pic/2.png'), ('cla', u'practice'), ('ans', ['num_2'])])
65.7949 	EXP 	image_practice: autoDraw = False
65.7949 	EXP 	point_prac: autoDraw = False
65.7949 	EXP 	image_practice: image = u'pic/2.png'
65.7949 	EXP 	point_prac: autoDraw = True
66.7541 	EXP 	point_prac: autoDraw = False
66.7711 	EXP 	image_practice: autoDraw = True
67.2737 	DATA 	Keypress: num_2
67.2913 	EXP 	New trial (rep=0, index=19): OrderedDict([('no', 16), ('pic', u'pic/7.png'), ('cla', u'practice'), ('ans', ['num_7'])])
67.3638 	EXP 	image_practice: autoDraw = False
67.3638 	EXP 	point_prac: autoDraw = False
67.3638 	EXP 	image_practice: image = u'pic/7.png'
67.3638 	EXP 	point_prac: autoDraw = True
68.3064 	EXP 	point_prac: autoDraw = False
68.3231 	EXP 	image_practice: autoDraw = True
68.8928 	DATA 	Keypress: num_7
68.8961 	EXP 	New trial (rep=0, index=20): OrderedDict([('no', 4), ('pic', u'pic/4.png'), ('cla', u'practice'), ('ans', ['num_4'])])
68.9751 	EXP 	image_practice: autoDraw = False
68.9751 	EXP 	point_prac: autoDraw = False
68.9751 	EXP 	image_practice: image = u'pic/4.png'
68.9751 	EXP 	point_prac: autoDraw = True
69.9087 	EXP 	point_prac: autoDraw = False
69.9254 	EXP 	image_practice: autoDraw = True
70.3765 	DATA 	Keypress: num_4
70.3794 	EXP 	New trial (rep=0, index=21): OrderedDict([('no', 45), ('pic', u'pic/9.png'), ('cla', u'practice'), ('ans', ['num_9'])])
70.4648 	EXP 	image_practice: autoDraw = False
70.4648 	EXP 	point_prac: autoDraw = False
70.4648 	EXP 	image_practice: image = u'pic/9.png'
70.4648 	EXP 	point_prac: autoDraw = True
71.3928 	EXP 	point_prac: autoDraw = False
71.4097 	EXP 	image_practice: autoDraw = True
71.9287 	DATA 	Keypress: num_9
71.9328 	EXP 	New trial (rep=0, index=22): OrderedDict([('no', 14), ('pic', u'pic/5.png'), ('cla', u'practice'), ('ans', ['num_5'])])
72.0239 	EXP 	image_practice: autoDraw = False
72.0239 	EXP 	point_prac: autoDraw = False
72.0239 	EXP 	image_practice: image = u'pic/5.png'
72.0239 	EXP 	point_prac: autoDraw = True
72.9451 	EXP 	point_prac: autoDraw = False
72.9618 	EXP 	image_practice: autoDraw = True
73.3141 	DATA 	Keypress: num_5
73.3176 	EXP 	New trial (rep=0, index=23): OrderedDict([('no', 33), ('pic', u'pic/6.png'), ('cla', u'practice'), ('ans', ['num_6'])])
73.4156 	EXP 	image_practice: autoDraw = False
73.4156 	EXP 	point_prac: autoDraw = False
73.4156 	EXP 	image_practice: image = u'pic/6.png'
73.4156 	EXP 	point_prac: autoDraw = True
74.3297 	EXP 	point_prac: autoDraw = False
74.3465 	EXP 	image_practice: autoDraw = True
74.7826 	DATA 	Keypress: num_6
74.7860 	EXP 	New trial (rep=0, index=24): OrderedDict([('no', 11), ('pic', u'pic/2.png'), ('cla', u'practice'), ('ans', ['num_2'])])
74.8892 	EXP 	image_practice: autoDraw = False
74.8892 	EXP 	point_prac: autoDraw = False
74.8892 	EXP 	image_practice: image = u'pic/2.png'
74.8892 	EXP 	point_prac: autoDraw = True
75.7979 	EXP 	point_prac: autoDraw = False
75.8148 	EXP 	image_practice: autoDraw = True
76.3684 	DATA 	Keypress: num_2
76.3722 	EXP 	New trial (rep=0, index=25): OrderedDict([('no', 42), ('pic', u'pic/6.png'), ('cla', u'practice'), ('ans', ['num_6'])])
76.4761 	EXP 	image_practice: autoDraw = False
76.4761 	EXP 	point_prac: autoDraw = False
76.4761 	EXP 	image_practice: image = u'pic/6.png'
76.4761 	EXP 	point_prac: autoDraw = True
77.3830 	EXP 	point_prac: autoDraw = False
77.3995 	EXP 	image_practice: autoDraw = True
77.7846 	DATA 	Keypress: num_6
77.7878 	EXP 	New trial (rep=0, index=26): OrderedDict([('no', 21), ('pic', u'pic/3.png'), ('cla', u'practice'), ('ans', ['num_3'])])
77.8703 	EXP 	image_practice: autoDraw = False
77.8703 	EXP 	point_prac: autoDraw = False
77.8703 	EXP 	image_practice: image = u'pic/3.png'
77.8703 	EXP 	point_prac: autoDraw = True
78.8009 	EXP 	point_prac: autoDraw = False
78.8178 	EXP 	image_practice: autoDraw = True
79.3864 	DATA 	Keypress: num_3
79.3898 	EXP 	New trial (rep=0, index=27): OrderedDict([('no', 18), ('pic', u'pic/9.png'), ('cla', u'practice'), ('ans', ['num_9'])])
79.4828 	EXP 	image_practice: autoDraw = False
79.4828 	EXP 	point_prac: autoDraw = False
79.4828 	EXP 	image_practice: image = u'pic/9.png'
79.4828 	EXP 	point_prac: autoDraw = True
80.4019 	EXP 	point_prac: autoDraw = False
80.4185 	EXP 	image_practice: autoDraw = True
80.8713 	DATA 	Keypress: num_9
80.8747 	EXP 	New trial (rep=0, index=28): OrderedDict([('no', 46), ('pic', u'pic/8.png'), ('cla', u'practice'), ('ans', ['num_8'])])
80.9485 	EXP 	image_practice: autoDraw = False
80.9485 	EXP 	point_prac: autoDraw = False
80.9485 	EXP 	image_practice: image = u'pic/8.png'
80.9485 	EXP 	point_prac: autoDraw = True
81.8873 	EXP 	point_prac: autoDraw = False
81.9041 	EXP 	image_practice: autoDraw = True
82.3392 	DATA 	Keypress: num_8
82.3426 	EXP 	New trial (rep=0, index=29): OrderedDict([('no', 40), ('pic', u'pic/4.png'), ('cla', u'practice'), ('ans', ['num_4'])])
82.4394 	EXP 	image_practice: autoDraw = False
82.4394 	EXP 	point_prac: autoDraw = False
82.4394 	EXP 	image_practice: image = u'pic/4.png'
82.4394 	EXP 	point_prac: autoDraw = True
83.3555 	EXP 	point_prac: autoDraw = False
83.3723 	EXP 	image_practice: autoDraw = True
83.8087 	DATA 	Keypress: num_4
83.8120 	EXP 	New trial (rep=0, index=30): OrderedDict([('no', 7), ('pic', u'pic/7.png'), ('cla', u'practice'), ('ans', ['num_7'])])
83.8973 	EXP 	image_practice: autoDraw = False
83.8973 	EXP 	point_prac: autoDraw = False
83.8973 	EXP 	image_practice: image = u'pic/7.png'
83.8973 	EXP 	point_prac: autoDraw = True
84.8235 	EXP 	point_prac: autoDraw = False
84.8402 	EXP 	image_practice: autoDraw = True
85.5431 	DATA 	Keypress: num_7
85.5464 	EXP 	New trial (rep=0, index=31): OrderedDict([('no', 10), ('pic', u'pic/1.png'), ('cla', u'practice'), ('ans', ['num_1'])])
85.6329 	EXP 	image_practice: autoDraw = False
85.6329 	EXP 	point_prac: autoDraw = False
85.6329 	EXP 	image_practice: image = u'pic/1.png'
85.6329 	EXP 	point_prac: autoDraw = True
86.5586 	EXP 	point_prac: autoDraw = False
86.5753 	EXP 	image_practice: autoDraw = True
87.2433 	DATA 	Keypress: num_1
87.2465 	EXP 	New trial (rep=0, index=32): OrderedDict([('no', 8), ('pic', u'pic/8.png'), ('cla', u'practice'), ('ans', ['num_8'])])
87.3296 	EXP 	image_practice: autoDraw = False
87.3296 	EXP 	point_prac: autoDraw = False
87.3296 	EXP 	image_practice: image = u'pic/8.png'
87.3296 	EXP 	point_prac: autoDraw = True
88.2605 	EXP 	point_prac: autoDraw = False
88.2770 	EXP 	image_practice: autoDraw = True
88.7977 	DATA 	Keypress: num_8
88.8036 	EXP 	New trial (rep=0, index=33): OrderedDict([('no', 47), ('pic', u'pic/2.png'), ('cla', u'practice'), ('ans', ['num_2'])])
88.9145 	EXP 	image_practice: autoDraw = False
88.9145 	EXP 	point_prac: autoDraw = False
88.9145 	EXP 	image_practice: image = u'pic/2.png'
88.9145 	EXP 	point_prac: autoDraw = True
89.8115 	EXP 	point_prac: autoDraw = False
89.8280 	EXP 	image_practice: autoDraw = True
90.5482 	DATA 	Keypress: num_2
90.5535 	EXP 	New trial (rep=0, index=34): OrderedDict([('no', 43), ('pic', u'pic/7.png'), ('cla', u'practice'), ('ans', ['num_7'])])
90.6195 	EXP 	image_practice: autoDraw = False
90.6195 	EXP 	point_prac: autoDraw = False
90.6195 	EXP 	image_practice: image = u'pic/7.png'
90.6195 	EXP 	point_prac: autoDraw = True
91.5631 	EXP 	point_prac: autoDraw = False
91.5804 	EXP 	image_practice: autoDraw = True
92.3492 	DATA 	Keypress: num_7
92.3525 	EXP 	New trial (rep=0, index=35): OrderedDict([('no', 44), ('pic', u'pic/8.png'), ('cla', u'practice'), ('ans', ['num_8'])])
92.4441 	EXP 	image_practice: autoDraw = False
92.4441 	EXP 	point_prac: autoDraw = False
92.4441 	EXP 	image_practice: image = u'pic/8.png'
92.4441 	EXP 	point_prac: autoDraw = True
93.3655 	EXP 	point_prac: autoDraw = False
93.3825 	EXP 	image_practice: autoDraw = True
93.9009 	DATA 	Keypress: num_8
93.9042 	EXP 	New trial (rep=0, index=36): OrderedDict([('no', 35), ('pic', u'pic/8.png'), ('cla', u'practice'), ('ans', ['num_8'])])
93.9791 	EXP 	image_practice: autoDraw = False
93.9791 	EXP 	point_prac: autoDraw = False
93.9791 	EXP 	image_practice: image = u'pic/8.png'
93.9791 	EXP 	point_prac: autoDraw = True
94.9170 	EXP 	point_prac: autoDraw = False
94.9336 	EXP 	image_practice: autoDraw = True
95.4187 	DATA 	Keypress: num_8
95.4220 	EXP 	New trial (rep=0, index=37): OrderedDict([('no', 1), ('pic', u'pic/1.png'), ('cla', u'practice'), ('ans', ['num_1'])])
95.5201 	EXP 	image_practice: autoDraw = False
95.5201 	EXP 	point_prac: autoDraw = False
95.5201 	EXP 	image_practice: image = u'pic/1.png'
95.5201 	EXP 	point_prac: autoDraw = True
96.4353 	EXP 	point_prac: autoDraw = False
96.4520 	EXP 	image_practice: autoDraw = True
97.0712 	DATA 	Keypress: num_1
97.0746 	EXP 	New trial (rep=0, index=38): OrderedDict([('no', 17), ('pic', u'pic/8.png'), ('cla', u'practice'), ('ans', ['num_8'])])
97.1689 	EXP 	image_practice: autoDraw = False
97.1689 	EXP 	point_prac: autoDraw = False
97.1689 	EXP 	image_practice: image = u'pic/8.png'
97.1689 	EXP 	point_prac: autoDraw = True
98.0869 	EXP 	point_prac: autoDraw = False
98.1035 	EXP 	image_practice: autoDraw = True
98.5720 	DATA 	Keypress: num_8
98.5754 	EXP 	New trial (rep=0, index=39): OrderedDict([('no', 2), ('pic', u'pic/2.png'), ('cla', u'practice'), ('ans', ['num_2'])])
98.6570 	EXP 	image_practice: autoDraw = False
98.6570 	EXP 	point_prac: autoDraw = False
98.6570 	EXP 	image_practice: image = u'pic/2.png'
98.6570 	EXP 	point_prac: autoDraw = True
99.5887 	EXP 	point_prac: autoDraw = False
99.6051 	EXP 	image_practice: autoDraw = True
100.1911 	DATA 	Keypress: num_2
100.1944 	EXP 	New trial (rep=0, index=40): OrderedDict([('no', 22), ('pic', u'pic/4.png'), ('cla', u'practice'), ('ans', ['num_4'])])
100.2955 	EXP 	image_practice: autoDraw = False
100.2955 	EXP 	point_prac: autoDraw = False
100.2955 	EXP 	image_practice: image = u'pic/4.png'
100.2955 	EXP 	point_prac: autoDraw = True
101.2069 	EXP 	point_prac: autoDraw = False
101.2235 	EXP 	image_practice: autoDraw = True
101.6585 	DATA 	Keypress: num_4
101.6617 	EXP 	New trial (rep=0, index=41): OrderedDict([('no', 25), ('pic', u'pic/7.png'), ('cla', u'practice'), ('ans', ['num_7'])])
101.7479 	EXP 	image_practice: autoDraw = False
101.7479 	EXP 	point_prac: autoDraw = False
101.7479 	EXP 	image_practice: image = u'pic/7.png'
101.7479 	EXP 	point_prac: autoDraw = True
102.6741 	EXP 	point_prac: autoDraw = False
102.6909 	EXP 	image_practice: autoDraw = True
103.1598 	DATA 	Keypress: num_7
103.1631 	EXP 	New trial (rep=0, index=42): OrderedDict([('no', 30), ('pic', u'pic/3.png'), ('cla', u'practice'), ('ans', ['num_3'])])
103.2594 	EXP 	image_practice: autoDraw = False
103.2594 	EXP 	point_prac: autoDraw = False
103.2594 	EXP 	image_practice: image = u'pic/3.png'
103.2594 	EXP 	point_prac: autoDraw = True
104.1763 	EXP 	point_prac: autoDraw = False
104.1930 	EXP 	image_practice: autoDraw = True
104.7951 	DATA 	Keypress: num_3
104.7984 	EXP 	New trial (rep=0, index=43): OrderedDict([('no', 28), ('pic', u'pic/1.png'), ('cla', u'practice'), ('ans', ['num_1'])])
104.8945 	EXP 	image_practice: autoDraw = False
104.8945 	EXP 	point_prac: autoDraw = False
104.8945 	EXP 	image_practice: image = u'pic/1.png'
104.8945 	EXP 	point_prac: autoDraw = True
105.8116 	EXP 	point_prac: autoDraw = False
105.8278 	EXP 	image_practice: autoDraw = True
106.4964 	DATA 	Keypress: num_1
106.4998 	EXP 	New trial (rep=0, index=44): OrderedDict([('no', 5), ('pic', u'pic/5.png'), ('cla', u'practice'), ('ans', ['num_5'])])
106.6006 	EXP 	image_practice: autoDraw = False
106.6006 	EXP 	point_prac: autoDraw = False
106.6006 	EXP 	image_practice: image = u'pic/5.png'
106.6006 	EXP 	point_prac: autoDraw = True
107.5130 	EXP 	point_prac: autoDraw = False
107.5296 	EXP 	image_practice: autoDraw = True
107.8660 	DATA 	Keypress: num_5
107.8839 	EXP 	New trial (rep=0, index=45): OrderedDict([('no', 24), ('pic', u'pic/6.png'), ('cla', u'practice'), ('ans', ['num_6'])])
107.9694 	EXP 	image_practice: autoDraw = False
107.9694 	EXP 	point_prac: autoDraw = False
107.9694 	EXP 	image_practice: image = u'pic/6.png'
107.9694 	EXP 	point_prac: autoDraw = True
108.8969 	EXP 	point_prac: autoDraw = False
108.9137 	EXP 	image_practice: autoDraw = True
109.6180 	DATA 	Keypress: num_6
109.6360 	EXP 	New trial (rep=0, index=46): OrderedDict([('no', 41), ('pic', u'pic/5.png'), ('cla', u'practice'), ('ans', ['num_5'])])
109.7227 	EXP 	image_practice: autoDraw = False
109.7227 	EXP 	point_prac: autoDraw = False
109.7227 	EXP 	image_practice: image = u'pic/5.png'
109.7227 	EXP 	point_prac: autoDraw = True
110.6488 	EXP 	point_prac: autoDraw = False
110.6659 	EXP 	image_practice: autoDraw = True
111.0179 	DATA 	Keypress: num_5
111.0437 	EXP 	image_practice: autoDraw = False
111.0437 	EXP 	point_prac: autoDraw = False
111.0437 	EXP 	text_base: autoDraw = True
116.7569 	DATA 	Keypress: space
116.7718 	EXP 	Imported pic\huan.csv as conditions, 2 conditions, 4 params
116.7733 	EXP 	Created sequence: random, trialTypes=2, nReps=1, seed=None
116.7748 	EXP 	New trial (rep=0, index=0): OrderedDict([('no', 2), ('pic', u'pic/9.png'), ('cla', u'huan'), ('ans', ['num_9'])])
116.8763 	EXP 	text_base: autoDraw = False
116.8763 	EXP 	image_huan: image = u'pic/9.png'
116.8763 	EXP 	huan_point: autoDraw = True
117.7899 	EXP 	huan_point: autoDraw = False
117.8040 	EXP 	image_huan: autoDraw = True
118.5261 	DATA 	Keypress: num_9
118.5295 	EXP 	New trial (rep=0, index=1): OrderedDict([('no', 1), ('pic', u'pic/2.png'), ('cla', u'huan'), ('ans', ['num_2'])])
118.6423 	EXP 	huan_point: autoDraw = False
118.6423 	EXP 	image_huan: autoDraw = False
118.6423 	EXP 	image_huan: image = u'pic/2.png'
118.6423 	EXP 	huan_point: autoDraw = True
119.5415 	EXP 	huan_point: autoDraw = False
119.5583 	EXP 	image_huan: autoDraw = True
120.1273 	DATA 	Keypress: num_2
120.1508 	EXP 	Imported pic\baseline_c.csv as conditions, 27 conditions, 4 params
120.1527 	EXP 	Created sequence: random, trialTypes=27, nReps=1, seed=None
120.1545 	EXP 	New trial (rep=0, index=0): OrderedDict([('no', 17), ('pic', u'pic/8.png'), ('cla', u'baseline'), ('ans', ['num_8'])])
120.2592 	EXP 	huan_point: autoDraw = False
120.2592 	EXP 	image_huan: autoDraw = False
120.2592 	EXP 	image_base: image = u'pic/8.png'
120.2592 	EXP 	point_base: autoDraw = True
121.1604 	EXP 	point_base: autoDraw = False
121.1890 	EXP 	image_base: autoDraw = True
121.6632 	DATA 	Keypress: num_8
121.6684 	EXP 	New trial (rep=0, index=1): OrderedDict([('no', 23), ('pic', u'pic/5.png'), ('cla', u'baseline'), ('ans', ['num_5'])])
121.7454 	EXP 	point_base: autoDraw = False
121.7454 	EXP 	image_base: autoDraw = False
121.7454 	EXP 	image_base: image = u'pic/5.png'
121.7454 	EXP 	point_base: autoDraw = True
122.6782 	EXP 	point_base: autoDraw = False
122.6947 	EXP 	image_base: autoDraw = True
122.9966 	DATA 	Keypress: num_5
122.9997 	EXP 	New trial (rep=0, index=2): OrderedDict([('no', 9), ('pic', u'pic/9.png'), ('cla', u'baseline'), ('ans', ['num_9'])])
123.0738 	EXP 	point_base: autoDraw = False
123.0738 	EXP 	image_base: autoDraw = False
123.0738 	EXP 	image_base: image = u'pic/9.png'
123.0738 	EXP 	point_base: autoDraw = True
124.0129 	EXP 	point_base: autoDraw = False
124.0294 	EXP 	image_base: autoDraw = True
124.5149 	DATA 	Keypress: num_9
124.5179 	EXP 	New trial (rep=0, index=3): OrderedDict([('no', 18), ('pic', u'pic/9.png'), ('cla', u'baseline'), ('ans', ['num_9'])])
124.6037 	EXP 	point_base: autoDraw = False
124.6037 	EXP 	image_base: autoDraw = False
124.6037 	EXP 	image_base: image = u'pic/9.png'
124.6037 	EXP 	point_base: autoDraw = True
125.5303 	EXP 	point_base: autoDraw = False
125.5470 	EXP 	image_base: autoDraw = True
126.0500 	DATA 	Keypress: num_9
126.0675 	EXP 	New trial (rep=0, index=4): OrderedDict([('no', 15), ('pic', u'pic/6.png'), ('cla', u'baseline'), ('ans', ['num_6'])])
126.1555 	EXP 	point_base: autoDraw = False
126.1555 	EXP 	image_base: autoDraw = False
126.1555 	EXP 	image_base: image = u'pic/6.png'
126.1555 	EXP 	point_base: autoDraw = True
127.0819 	EXP 	point_base: autoDraw = False
127.0984 	EXP 	image_base: autoDraw = True
127.5337 	DATA 	Keypress: num_6
127.5363 	EXP 	New trial (rep=0, index=5): OrderedDict([('no', 25), ('pic', u'pic/7.png'), ('cla', u'baseline'), ('ans', ['num_7'])])
127.6191 	EXP 	point_base: autoDraw = False
127.6191 	EXP 	image_base: autoDraw = False
127.6191 	EXP 	image_base: image = u'pic/7.png'
127.6191 	EXP 	point_base: autoDraw = True
128.5499 	EXP 	point_base: autoDraw = False
128.5667 	EXP 	image_base: autoDraw = True
129.1524 	DATA 	Keypress: num_7
129.1555 	EXP 	New trial (rep=0, index=6): OrderedDict([('no', 24), ('pic', u'pic/6.png'), ('cla', u'baseline'), ('ans', ['num_6'])])
129.2311 	EXP 	point_base: autoDraw = False
129.2311 	EXP 	image_base: autoDraw = False
129.2311 	EXP 	image_base: image = u'pic/6.png'
129.2311 	EXP 	point_base: autoDraw = True
130.1682 	EXP 	point_base: autoDraw = False
130.1849 	EXP 	image_base: autoDraw = True
130.7542 	DATA 	Keypress: num_6
130.7574 	EXP 	New trial (rep=0, index=7): OrderedDict([('no', 20), ('pic', u'pic/2.png'), ('cla', u'baseline'), ('ans', ['num_2'])])
130.8453 	EXP 	point_base: autoDraw = False
130.8453 	EXP 	image_base: autoDraw = False
130.8453 	EXP 	image_base: image = u'pic/2.png'
130.8453 	EXP 	point_base: autoDraw = True
131.7704 	EXP 	point_base: autoDraw = False
131.7871 	EXP 	image_base: autoDraw = True
132.4718 	DATA 	Keypress: num_2
132.4744 	EXP 	New trial (rep=0, index=8): OrderedDict([('no', 14), ('pic', u'pic/5.png'), ('cla', u'baseline'), ('ans', ['num_5'])])
132.5601 	EXP 	point_base: autoDraw = False
132.5601 	EXP 	image_base: autoDraw = False
132.5601 	EXP 	image_base: image = u'pic/5.png'
132.5601 	EXP 	point_base: autoDraw = True
133.4888 	EXP 	point_base: autoDraw = False
133.5060 	EXP 	image_base: autoDraw = True
133.8739 	DATA 	Keypress: num_5
133.8770 	EXP 	New trial (rep=0, index=9): OrderedDict([('no', 19), ('pic', u'pic/1.png'), ('cla', u'baseline'), ('ans', ['num_1'])])
133.9531 	EXP 	point_base: autoDraw = False
133.9531 	EXP 	image_base: autoDraw = False
133.9531 	EXP 	image_base: image = u'pic/1.png'
133.9531 	EXP 	point_base: autoDraw = True
134.8896 	EXP 	point_base: autoDraw = False
134.9063 	EXP 	image_base: autoDraw = True
136.4602 	DATA 	Keypress: num_1
136.4634 	EXP 	New trial (rep=0, index=10): OrderedDict([('no', 21), ('pic', u'pic/3.png'), ('cla', u'baseline'), ('ans', ['num_3'])])
136.5525 	EXP 	point_base: autoDraw = False
136.5525 	EXP 	image_base: autoDraw = False
136.5525 	EXP 	image_base: image = u'pic/3.png'
136.5525 	EXP 	point_base: autoDraw = True
137.4756 	EXP 	point_base: autoDraw = False
137.4923 	EXP 	image_base: autoDraw = True
138.4951 	DATA 	Keypress: num_3
138.4982 	EXP 	New trial (rep=0, index=11): OrderedDict([('no', 6), ('pic', u'pic/6.png'), ('cla', u'baseline'), ('ans', ['num_6'])])
138.5750 	EXP 	point_base: autoDraw = False
138.5750 	EXP 	image_base: autoDraw = False
138.5750 	EXP 	image_base: image = u'pic/6.png'
138.5750 	EXP 	point_base: autoDraw = True
139.5110 	EXP 	point_base: autoDraw = False
139.5276 	EXP 	image_base: autoDraw = True
140.1302 	DATA 	Keypress: num_6
140.1332 	EXP 	New trial (rep=0, index=12): OrderedDict([('no', 26), ('pic', u'pic/8.png'), ('cla', u'baseline'), ('ans', ['num_8'])])
140.2073 	EXP 	point_base: autoDraw = False
140.2073 	EXP 	image_base: autoDraw = False
140.2073 	EXP 	image_base: image = u'pic/8.png'
140.2073 	EXP 	point_base: autoDraw = True
141.1459 	EXP 	point_base: autoDraw = False
141.1626 	EXP 	image_base: autoDraw = True
141.6978 	DATA 	Keypress: num_8
141.7003 	EXP 	New trial (rep=0, index=13): OrderedDict([('no', 1), ('pic', u'pic/1.png'), ('cla', u'baseline'), ('ans', ['num_1'])])
141.7857 	EXP 	point_base: autoDraw = False
141.7857 	EXP 	image_base: autoDraw = False
141.7857 	EXP 	image_base: image = u'pic/1.png'
141.7857 	EXP 	point_base: autoDraw = True
142.7141 	EXP 	point_base: autoDraw = False
142.7308 	EXP 	image_base: autoDraw = True
143.4338 	DATA 	Keypress: num_1
143.4368 	EXP 	New trial (rep=0, index=14): OrderedDict([('no', 16), ('pic', u'pic/7.png'), ('cla', u'baseline'), ('ans', ['num_7'])])
143.4984 	EXP 	point_base: autoDraw = False
143.4984 	EXP 	image_base: autoDraw = False
143.4984 	EXP 	image_base: image = u'pic/7.png'
143.4984 	EXP 	point_base: autoDraw = True
144.4523 	EXP 	point_base: autoDraw = False
144.4664 	EXP 	image_base: autoDraw = True
145.1025 	DATA 	Keypress: num_7
145.1057 	EXP 	New trial (rep=0, index=15): OrderedDict([('no', 3), ('pic', u'pic/3.png'), ('cla', u'baseline'), ('ans', ['num_3'])])
145.2019 	EXP 	point_base: autoDraw = False
145.2019 	EXP 	image_base: autoDraw = False
145.2019 	EXP 	image_base: image = u'pic/3.png'
145.2019 	EXP 	point_base: autoDraw = True
146.1181 	EXP 	point_base: autoDraw = False
146.1350 	EXP 	image_base: autoDraw = True
146.6873 	DATA 	Keypress: num_3
146.6903 	EXP 	New trial (rep=0, index=16): OrderedDict([('no', 11), ('pic', u'pic/2.png'), ('cla', u'baseline'), ('ans', ['num_2'])])
146.7785 	EXP 	point_base: autoDraw = False
146.7785 	EXP 	image_base: autoDraw = False
146.7785 	EXP 	image_base: image = u'pic/2.png'
146.7785 	EXP 	point_base: autoDraw = True
147.7025 	EXP 	point_base: autoDraw = False
147.7191 	EXP 	image_base: autoDraw = True
148.3850 	DATA 	Keypress: num_2
148.3864 	EXP 	New trial (rep=0, index=17): OrderedDict([('no', 5), ('pic', u'pic/5.png'), ('cla', u'baseline'), ('ans', ['num_5'])])
148.4345 	EXP 	point_base: autoDraw = False
148.4345 	EXP 	image_base: autoDraw = False
148.4345 	EXP 	image_base: image = u'pic/5.png'
148.4345 	EXP 	point_base: autoDraw = True
149.4047 	EXP 	point_base: autoDraw = False
149.4047 	EXP 	image_base: autoDraw = True
149.8568 	DATA 	Keypress: num_5
149.8599 	EXP 	New trial (rep=0, index=18): OrderedDict([('no', 22), ('pic', u'pic/4.png'), ('cla', u'baseline'), ('ans', ['num_4'])])
149.9566 	EXP 	point_base: autoDraw = False
149.9566 	EXP 	image_base: autoDraw = False
149.9566 	EXP 	image_base: image = u'pic/4.png'
149.9566 	EXP 	point_base: autoDraw = True
150.8728 	EXP 	point_base: autoDraw = False
150.8895 	EXP 	image_base: autoDraw = True
151.2745 	DATA 	Keypress: num_4
151.2775 	EXP 	New trial (rep=0, index=19): OrderedDict([('no', 2), ('pic', u'pic/2.png'), ('cla', u'baseline'), ('ans', ['num_2'])])
151.3582 	EXP 	point_base: autoDraw = False
151.3582 	EXP 	image_base: autoDraw = False
151.3582 	EXP 	image_base: image = u'pic/2.png'
151.3582 	EXP 	point_base: autoDraw = True
152.2909 	EXP 	point_base: autoDraw = False
152.3076 	EXP 	image_base: autoDraw = True
152.9768 	DATA 	Keypress: num_2
152.9798 	EXP 	New trial (rep=0, index=20): OrderedDict([('no', 7), ('pic', u'pic/7.png'), ('cla', u'baseline'), ('ans', ['num_7'])])
153.0596 	EXP 	point_base: autoDraw = False
153.0596 	EXP 	image_base: autoDraw = False
153.0596 	EXP 	image_base: image = u'pic/7.png'
153.0596 	EXP 	point_base: autoDraw = True
153.9928 	EXP 	point_base: autoDraw = False
154.0094 	EXP 	image_base: autoDraw = True
154.5279 	DATA 	Keypress: num_7
154.5309 	EXP 	New trial (rep=0, index=21): OrderedDict([('no', 12), ('pic', u'pic/3.png'), ('cla', u'baseline'), ('ans', ['num_3'])])
154.6093 	EXP 	point_base: autoDraw = False
154.6093 	EXP 	image_base: autoDraw = False
154.6093 	EXP 	image_base: image = u'pic/3.png'
154.6093 	EXP 	point_base: autoDraw = True
155.5436 	EXP 	point_base: autoDraw = False
155.5603 	EXP 	image_base: autoDraw = True
156.2296 	DATA 	Keypress: num_3
156.2326 	EXP 	New trial (rep=0, index=22): OrderedDict([('no', 27), ('pic', u'pic/9.png'), ('cla', u'baseline'), ('ans', ['num_9'])])
156.3028 	EXP 	point_base: autoDraw = False
156.3028 	EXP 	image_base: autoDraw = False
156.3028 	EXP 	image_base: image = u'pic/9.png'
156.3028 	EXP 	point_base: autoDraw = True
157.2454 	EXP 	point_base: autoDraw = False
157.2620 	EXP 	image_base: autoDraw = True
157.7981 	DATA 	Keypress: num_9
157.8012 	EXP 	New trial (rep=0, index=23): OrderedDict([('no', 13), ('pic', u'pic/4.png'), ('cla', u'baseline'), ('ans', ['num_4'])])
157.8976 	EXP 	point_base: autoDraw = False
157.8976 	EXP 	image_base: autoDraw = False
157.8976 	EXP 	image_base: image = u'pic/4.png'
157.8976 	EXP 	point_base: autoDraw = True
158.8143 	EXP 	point_base: autoDraw = False
158.8308 	EXP 	image_base: autoDraw = True
159.2496 	DATA 	Keypress: num_4
159.2529 	EXP 	New trial (rep=0, index=24): OrderedDict([('no', 8), ('pic', u'pic/8.png'), ('cla', u'baseline'), ('ans', ['num_8'])])
159.3476 	EXP 	point_base: autoDraw = False
159.3476 	EXP 	image_base: autoDraw = False
159.3476 	EXP 	image_base: image = u'pic/8.png'
159.3476 	EXP 	point_base: autoDraw = True
160.2655 	EXP 	point_base: autoDraw = False
160.2823 	EXP 	image_base: autoDraw = True
160.7009 	DATA 	Keypress: num_8
160.7040 	EXP 	New trial (rep=0, index=25): OrderedDict([('no', 4), ('pic', u'pic/4.png'), ('cla', u'baseline'), ('ans', ['num_4'])])
160.8027 	EXP 	point_base: autoDraw = False
160.8027 	EXP 	image_base: autoDraw = False
160.8027 	EXP 	image_base: image = u'pic/4.png'
160.8027 	EXP 	point_base: autoDraw = True
161.7170 	EXP 	point_base: autoDraw = False
161.7337 	EXP 	image_base: autoDraw = True
162.1695 	DATA 	Keypress: num_4
162.1867 	EXP 	New trial (rep=0, index=26): OrderedDict([('no', 10), ('pic', u'pic/1.png'), ('cla', u'baseline'), ('ans', ['num_1'])])
162.2611 	EXP 	point_base: autoDraw = False
162.2611 	EXP 	image_base: autoDraw = False
162.2611 	EXP 	image_base: image = u'pic/1.png'
162.2611 	EXP 	point_base: autoDraw = True
163.2012 	EXP 	point_base: autoDraw = False
163.2179 	EXP 	image_base: autoDraw = True
163.8705 	DATA 	Keypress: num_1
164.0381 	EXP 	Imported pic\formal_click.csv as conditions, 105 conditions, 4 params
164.0400 	EXP 	Created sequence: sequential, trialTypes=105, nReps=1, seed=None
164.0411 	EXP 	New trial (rep=0, index=0): OrderedDict([('pic', u'pic/9.png'), ('ans', ['num_9']), ('cla', u'aa'), ('no', 1)])
164.1116 	EXP 	point_base: autoDraw = False
164.1116 	EXP 	image_base: autoDraw = False
164.1116 	EXP 	image_for: image = u'pic/9.png'
164.1116 	EXP 	point_for: autoDraw = True
165.0530 	EXP 	point_for: autoDraw = False
165.0674 	EXP 	image_for: autoDraw = True
165.5558 	DATA 	Keypress: num_6
166.7567 	DATA 	Keypress: num_9
166.7608 	EXP 	New trial (rep=0, index=1): OrderedDict([('pic', u'pic/9.png'), ('ans', ['num_9']), ('cla', u'aa'), ('no', 2)])
166.8357 	EXP 	point_for: autoDraw = False
166.8357 	EXP 	image_for: autoDraw = False
166.8357 	EXP 	image_for: image = u'pic/9.png'
166.8357 	EXP 	point_for: autoDraw = True
167.7734 	EXP 	point_for: autoDraw = False
167.7899 	EXP 	image_for: autoDraw = True
168.3251 	DATA 	Keypress: num_9
168.3282 	EXP 	New trial (rep=0, index=2): OrderedDict([('pic', u'pic/5.png'), ('ans', ['num_5']), ('cla', u'aa'), ('no', 3)])
168.4144 	EXP 	point_for: autoDraw = False
168.4144 	EXP 	image_for: autoDraw = False
168.4144 	EXP 	image_for: image = u'pic/5.png'
168.4144 	EXP 	point_for: autoDraw = True
169.3408 	EXP 	point_for: autoDraw = False
169.3574 	EXP 	image_for: autoDraw = True
169.7929 	DATA 	Keypress: num_5
169.7960 	EXP 	New trial (rep=0, index=3): OrderedDict([('pic', u'pic/5.png'), ('ans', ['num_5']), ('cla', u'aa'), ('no', 4)])
169.8842 	EXP 	point_for: autoDraw = False
169.8842 	EXP 	image_for: autoDraw = False
169.8842 	EXP 	image_for: image = u'pic/5.png'
169.8842 	EXP 	point_for: autoDraw = True
170.8092 	EXP 	point_for: autoDraw = False
170.8259 	EXP 	image_for: autoDraw = True
171.1616 	DATA 	Keypress: num_5
171.1796 	EXP 	New trial (rep=0, index=4): OrderedDict([('pic', u'pic/8.png'), ('ans', ['num_8']), ('cla', u'aa'), ('no', 5)])
171.2736 	EXP 	point_for: autoDraw = False
171.2736 	EXP 	image_for: autoDraw = False
171.2736 	EXP 	image_for: image = u'pic/8.png'
171.2736 	EXP 	point_for: autoDraw = True
172.1944 	EXP 	point_for: autoDraw = False
172.2108 	EXP 	image_for: autoDraw = True
172.7129 	DATA 	Keypress: num_8
172.7159 	EXP 	New trial (rep=0, index=5): OrderedDict([('pic', u'pic/8.png'), ('ans', ['num_8']), ('cla', u'aa'), ('no', 6)])
172.8069 	EXP 	point_for: autoDraw = False
172.8069 	EXP 	image_for: autoDraw = False
172.8069 	EXP 	image_for: image = u'pic/8.png'
172.8069 	EXP 	point_for: autoDraw = True
173.7284 	EXP 	point_for: autoDraw = False
173.7451 	EXP 	image_for: autoDraw = True
174.0645 	DATA 	Keypress: num_8
174.0680 	EXP 	New trial (rep=0, index=6): OrderedDict([('pic', u'pic/6.png'), ('ans', ['num_6']), ('cla', u'aa'), ('no', 7)])
174.1647 	EXP 	point_for: autoDraw = False
174.1647 	EXP 	image_for: autoDraw = False
174.1647 	EXP 	image_for: image = u'pic/6.png'
174.1647 	EXP 	point_for: autoDraw = True
175.0805 	EXP 	point_for: autoDraw = False
175.0971 	EXP 	image_for: autoDraw = True
175.7524 	DATA 	Keypress: num_6
175.7567 	EXP 	New trial (rep=0, index=7): OrderedDict([('pic', u'pic/6.png'), ('ans', ['num_6']), ('cla', u'aa'), ('no', 8)])
175.8556 	EXP 	point_for: autoDraw = False
175.8556 	EXP 	image_for: autoDraw = False
175.8556 	EXP 	image_for: image = u'pic/6.png'
175.8556 	EXP 	point_for: autoDraw = True
176.7653 	EXP 	point_for: autoDraw = False
176.7820 	EXP 	image_for: autoDraw = True
177.0836 	DATA 	Keypress: num_6
177.0866 	EXP 	New trial (rep=0, index=8): OrderedDict([('pic', u'pic/1.png'), ('ans', ['num_1']), ('cla', u'aa'), ('no', 9)])
177.1750 	EXP 	point_for: autoDraw = False
177.1750 	EXP 	image_for: autoDraw = False
177.1750 	EXP 	image_for: image = u'pic/1.png'
177.1750 	EXP 	point_for: autoDraw = True
178.0997 	EXP 	point_for: autoDraw = False
178.1161 	EXP 	image_for: autoDraw = True
179.3698 	DATA 	Keypress: num_1
179.3728 	EXP 	New trial (rep=0, index=9): OrderedDict([('pic', u'pic/1.png'), ('ans', ['num_1']), ('cla', u'aa'), ('no', 10)])
179.4487 	EXP 	point_for: autoDraw = False
179.4487 	EXP 	image_for: autoDraw = False
179.4487 	EXP 	image_for: image = u'pic/1.png'
179.4487 	EXP 	point_for: autoDraw = True
180.3856 	EXP 	point_for: autoDraw = False
180.4026 	EXP 	image_for: autoDraw = True
180.7706 	DATA 	Keypress: num_1
180.7741 	EXP 	New trial (rep=0, index=10): OrderedDict([('pic', u'pic/6.png'), ('ans', ['num_6']), ('cla', u'huan'), ('no', -1)])
180.8512 	EXP 	point_for: autoDraw = False
180.8512 	EXP 	image_for: autoDraw = False
180.8512 	EXP 	image_for: image = u'pic/6.png'
180.8512 	EXP 	point_for: autoDraw = True
181.7870 	EXP 	point_for: autoDraw = False
181.8037 	EXP 	image_for: autoDraw = True
182.3055 	DATA 	Keypress: num_6
182.3086 	EXP 	New trial (rep=0, index=11): OrderedDict([('pic', u'pic/7.png'), ('ans', ['num_7']), ('cla', u'huan'), ('no', -1)])
182.3890 	EXP 	point_for: autoDraw = False
182.3890 	EXP 	image_for: autoDraw = False
182.3890 	EXP 	image_for: image = u'pic/7.png'
182.3890 	EXP 	point_for: autoDraw = True
183.3220 	EXP 	point_for: autoDraw = False
183.3386 	EXP 	image_for: autoDraw = True
183.9412 	DATA 	Keypress: num_7
183.9443 	EXP 	New trial (rep=0, index=12): OrderedDict([('pic', u'pic/6.png'), ('ans', ['num_6']), ('cla', u'aaa'), ('no', 11)])
184.0370 	EXP 	point_for: autoDraw = False
184.0370 	EXP 	image_for: autoDraw = False
184.0370 	EXP 	image_for: image = u'pic/6.png'
184.0370 	EXP 	point_for: autoDraw = True
184.9569 	EXP 	point_for: autoDraw = False
184.9736 	EXP 	image_for: autoDraw = True
185.4253 	DATA 	Keypress: num_6
185.4284 	EXP 	New trial (rep=0, index=13): OrderedDict([('pic', u'pic/6.png'), ('ans', ['num_6']), ('cla', u'aaa'), ('no', 12)])
185.5243 	EXP 	point_for: autoDraw = False
185.5243 	EXP 	image_for: autoDraw = False
185.5243 	EXP 	image_for: image = u'pic/6.png'
185.5243 	EXP 	point_for: autoDraw = True
186.4411 	EXP 	point_for: autoDraw = False
186.4585 	EXP 	image_for: autoDraw = True
186.8605 	DATA 	Keypress: num_6
186.8636 	EXP 	New trial (rep=0, index=14): OrderedDict([('pic', u'pic/6.png'), ('ans', ['num_6']), ('cla', u'aaa'), ('no', 13)])
186.9336 	EXP 	point_for: autoDraw = False
186.9336 	EXP 	image_for: autoDraw = False
186.9336 	EXP 	image_for: image = u'pic/6.png'
186.9336 	EXP 	point_for: autoDraw = True
187.8774 	EXP 	point_for: autoDraw = False
187.8932 	EXP 	image_for: autoDraw = True
188.2792 	DATA 	Keypress: num_6
188.2822 	EXP 	New trial (rep=0, index=15): OrderedDict([('pic', u'pic/5.png'), ('ans', ['num_5']), ('cla', u'aaa'), ('no', 14)])
188.3782 	EXP 	point_for: autoDraw = False
188.3782 	EXP 	image_for: autoDraw = False
188.3782 	EXP 	image_for: image = u'pic/5.png'
188.3782 	EXP 	point_for: autoDraw = True
189.2946 	EXP 	point_for: autoDraw = False
189.3112 	EXP 	image_for: autoDraw = True
189.8964 	DATA 	Keypress: num_5
189.8994 	EXP 	New trial (rep=0, index=16): OrderedDict([('pic', u'pic/5.png'), ('ans', ['num_5']), ('cla', u'aaa'), ('no', 15)])
189.9826 	EXP 	point_for: autoDraw = False
189.9826 	EXP 	image_for: autoDraw = False
189.9826 	EXP 	image_for: image = u'pic/5.png'
189.9826 	EXP 	point_for: autoDraw = True
190.9129 	EXP 	point_for: autoDraw = False
190.9295 	EXP 	image_for: autoDraw = True
191.2978 	DATA 	Keypress: num_5
191.3009 	EXP 	New trial (rep=0, index=17): OrderedDict([('pic', u'pic/5.png'), ('ans', ['num_5']), ('cla', u'aaa'), ('no', 16)])
191.3766 	EXP 	point_for: autoDraw = False
191.3766 	EXP 	image_for: autoDraw = False
191.3766 	EXP 	image_for: image = u'pic/5.png'
191.3766 	EXP 	point_for: autoDraw = True
192.3144 	EXP 	point_for: autoDraw = False
192.3309 	EXP 	image_for: autoDraw = True
192.7496 	DATA 	Keypress: num_5
192.7527 	EXP 	New trial (rep=0, index=18): OrderedDict([('pic', u'pic/8.png'), ('ans', ['num_8']), ('cla', u'aaa'), ('no', 17)])
192.8532 	EXP 	point_for: autoDraw = False
192.8532 	EXP 	image_for: autoDraw = False
192.8532 	EXP 	image_for: image = u'pic/8.png'
192.8532 	EXP 	point_for: autoDraw = True
193.7658 	EXP 	point_for: autoDraw = False
193.7824 	EXP 	image_for: autoDraw = True
194.2697 	DATA 	Keypress: num_4
194.3010 	DATA 	Keypress: num_8
194.3040 	EXP 	New trial (rep=0, index=19): OrderedDict([('pic', u'pic/8.png'), ('ans', ['num_8']), ('cla', u'aaa'), ('no', 18)])
194.3788 	EXP 	point_for: autoDraw = False
194.3788 	EXP 	image_for: autoDraw = False
194.3788 	EXP 	image_for: image = u'pic/8.png'
194.3788 	EXP 	point_for: autoDraw = True
195.3172 	EXP 	point_for: autoDraw = False
195.3338 	EXP 	image_for: autoDraw = True
195.7860 	DATA 	Keypress: num_8
195.7890 	EXP 	New trial (rep=0, index=20): OrderedDict([('pic', u'pic/8.png'), ('ans', ['num_8']), ('cla', u'aaa'), ('no', 19)])
195.8779 	EXP 	point_for: autoDraw = False
195.8779 	EXP 	image_for: autoDraw = False
195.8779 	EXP 	image_for: image = u'pic/8.png'
195.8779 	EXP 	point_for: autoDraw = True
196.8020 	EXP 	point_for: autoDraw = False
196.8189 	EXP 	image_for: autoDraw = True
197.2223 	DATA 	Keypress: num_8
197.2278 	EXP 	New trial (rep=0, index=21): OrderedDict([('pic', u'pic/4.png'), ('ans', ['num_4']), ('cla', u'aaa'), ('no', 20)])
197.2966 	EXP 	point_for: autoDraw = False
197.2966 	EXP 	image_for: autoDraw = False
197.2966 	EXP 	image_for: image = u'pic/4.png'
197.2966 	EXP 	point_for: autoDraw = True
198.2370 	EXP 	point_for: autoDraw = False
198.2549 	EXP 	image_for: autoDraw = True
198.7891 	DATA 	Keypress: num_4
198.7934 	EXP 	New trial (rep=0, index=22): OrderedDict([('pic', u'pic/4.png'), ('ans', ['num_4']), ('cla', u'aaa'), ('no', 21)])
198.8773 	EXP 	point_for: autoDraw = False
198.8773 	EXP 	image_for: autoDraw = False
198.8773 	EXP 	image_for: image = u'pic/4.png'
198.8773 	EXP 	point_for: autoDraw = True
199.8051 	EXP 	point_for: autoDraw = False
199.8218 	EXP 	image_for: autoDraw = True
200.2239 	DATA 	Keypress: num_4
200.2270 	EXP 	New trial (rep=0, index=23): OrderedDict([('pic', u'pic/4.png'), ('ans', ['num_4']), ('cla', u'aaa'), ('no', 22)])
200.3312 	EXP 	point_for: autoDraw = False
200.3312 	EXP 	image_for: autoDraw = False
200.3312 	EXP 	image_for: image = u'pic/4.png'
200.3312 	EXP 	point_for: autoDraw = True
201.2398 	EXP 	point_for: autoDraw = False
201.2566 	EXP 	image_for: autoDraw = True
201.6097 	DATA 	Keypress: num_4
201.6273 	EXP 	New trial (rep=0, index=24): OrderedDict([('pic', u'pic/8.png'), ('ans', ['num_8']), ('cla', u'huan'), ('no', -1)])
201.7051 	EXP 	point_for: autoDraw = False
201.7051 	EXP 	image_for: autoDraw = False
201.7051 	EXP 	image_for: image = u'pic/8.png'
201.7051 	EXP 	point_for: autoDraw = True
202.6410 	EXP 	point_for: autoDraw = False
202.6571 	EXP 	image_for: autoDraw = True
203.5583 	DATA 	Keypress: num_8
203.5601 	EXP 	New trial (rep=0, index=25): OrderedDict([('pic', u'pic/7.png'), ('ans', ['num_7']), ('cla', u'huan'), ('no', -1)])
203.6172 	EXP 	point_for: autoDraw = False
203.6172 	EXP 	image_for: autoDraw = False
203.6172 	EXP 	image_for: image = u'pic/7.png'
203.6172 	EXP 	point_for: autoDraw = True
204.5754 	EXP 	point_for: autoDraw = False
204.5921 	EXP 	image_for: autoDraw = True
205.3778 	DATA 	Keypress: num_7
205.3804 	EXP 	New trial (rep=0, index=26): OrderedDict([('pic', u'pic/6.png'), ('ans', ['num_6']), ('cla', u'abb'), ('no', 23)])
205.4671 	EXP 	point_for: autoDraw = False
205.4671 	EXP 	image_for: autoDraw = False
205.4671 	EXP 	image_for: image = u'pic/6.png'
205.4671 	EXP 	point_for: autoDraw = True
206.3950 	EXP 	point_for: autoDraw = False
206.4116 	EXP 	image_for: autoDraw = True
206.9301 	DATA 	Keypress: num_6
206.9335 	EXP 	New trial (rep=0, index=27): OrderedDict([('pic', u'pic/5.png'), ('ans', ['num_5']), ('cla', u'abb'), ('no', 24)])
207.0112 	EXP 	point_for: autoDraw = False
207.0112 	EXP 	image_for: autoDraw = False
207.0112 	EXP 	image_for: image = u'pic/5.png'
207.0112 	EXP 	point_for: autoDraw = True
207.9465 	EXP 	point_for: autoDraw = False
207.9632 	EXP 	image_for: autoDraw = True
208.4984 	DATA 	Keypress: num_5
208.5015 	EXP 	New trial (rep=0, index=28): OrderedDict([('pic', u'pic/5.png'), ('ans', ['num_5']), ('cla', u'abb'), ('no', 25)])
208.5840 	EXP 	point_for: autoDraw = False
208.5840 	EXP 	image_for: autoDraw = False
208.5840 	EXP 	image_for: image = u'pic/5.png'
208.5840 	EXP 	point_for: autoDraw = True
209.5148 	EXP 	point_for: autoDraw = False
209.5314 	EXP 	image_for: autoDraw = True
209.8991 	DATA 	Keypress: num_5
209.9018 	EXP 	New trial (rep=0, index=29): OrderedDict([('pic', u'pic/5.png'), ('ans', ['num_5']), ('cla', u'abb'), ('no', 26)])
209.9859 	EXP 	point_for: autoDraw = False
209.9859 	EXP 	image_for: autoDraw = False
209.9859 	EXP 	image_for: image = u'pic/5.png'
209.9859 	EXP 	point_for: autoDraw = True
210.9162 	EXP 	point_for: autoDraw = False
210.9329 	EXP 	image_for: autoDraw = True
211.3188 	DATA 	Keypress: num_5
211.3219 	EXP 	New trial (rep=0, index=30): OrderedDict([('pic', u'pic/2.png'), ('ans', ['num_2']), ('cla', u'abb'), ('no', 27)])
211.4163 	EXP 	point_for: autoDraw = False
211.4163 	EXP 	image_for: autoDraw = False
211.4163 	EXP 	image_for: image = u'pic/2.png'
211.4163 	EXP 	point_for: autoDraw = True
212.3345 	EXP 	point_for: autoDraw = False
212.3508 	EXP 	image_for: autoDraw = True
213.1532 	DATA 	Keypress: num_2
213.1562 	EXP 	New trial (rep=0, index=31): OrderedDict([('pic', u'pic/2.png'), ('ans', ['num_2']), ('cla', u'abb'), ('no', 28)])
213.2519 	EXP 	point_for: autoDraw = False
213.2519 	EXP 	image_for: autoDraw = False
213.2519 	EXP 	image_for: image = u'pic/2.png'
213.2519 	EXP 	point_for: autoDraw = True
214.1695 	EXP 	point_for: autoDraw = False
214.1861 	EXP 	image_for: autoDraw = True
214.6716 	DATA 	Keypress: num_2
214.6747 	EXP 	New trial (rep=0, index=32): OrderedDict([('pic', u'pic/9.png'), ('ans', ['num_9']), ('cla', u'abb'), ('no', 29)])
214.7853 	EXP 	point_for: autoDraw = False
214.7853 	EXP 	image_for: autoDraw = False
214.7853 	EXP 	image_for: image = u'pic/9.png'
214.7853 	EXP 	point_for: autoDraw = True
215.6870 	EXP 	point_for: autoDraw = False
215.7035 	EXP 	image_for: autoDraw = True
216.3062 	DATA 	Keypress: num_5
216.7404 	DATA 	Keypress: num_9
216.7435 	EXP 	New trial (rep=0, index=33): OrderedDict([('pic', u'pic/2.png'), ('ans', ['num_2']), ('cla', u'abb'), ('no', 30)])
216.8355 	EXP 	point_for: autoDraw = False
216.8355 	EXP 	image_for: autoDraw = False
216.8355 	EXP 	image_for: image = u'pic/2.png'
216.8355 	EXP 	point_for: autoDraw = True
217.7566 	EXP 	point_for: autoDraw = False
217.7729 	EXP 	image_for: autoDraw = True
219.2764 	DATA 	Keypress: num_2
219.2795 	EXP 	New trial (rep=0, index=34): OrderedDict([('pic', u'pic/2.png'), ('ans', ['num_2']), ('cla', u'abb'), ('no', 31)])
219.3793 	EXP 	point_for: autoDraw = False
219.3793 	EXP 	image_for: autoDraw = False
219.3793 	EXP 	image_for: image = u'pic/2.png'
219.3793 	EXP 	point_for: autoDraw = True
220.2927 	EXP 	point_for: autoDraw = False
220.3090 	EXP 	image_for: autoDraw = True
220.8273 	DATA 	Keypress: num_2
220.8304 	EXP 	New trial (rep=0, index=35): OrderedDict([('pic', u'pic/4.png'), ('ans', ['num_4']), ('cla', u'abb'), ('no', 32)])
220.9120 	EXP 	point_for: autoDraw = False
220.9120 	EXP 	image_for: autoDraw = False
220.9120 	EXP 	image_for: image = u'pic/4.png'
220.9120 	EXP 	point_for: autoDraw = True
221.8438 	EXP 	point_for: autoDraw = False
221.8607 	EXP 	image_for: autoDraw = True
222.3624 	DATA 	Keypress: num_4
222.3655 	EXP 	New trial (rep=0, index=36): OrderedDict([('pic', u'pic/8.png'), ('ans', ['num_8']), ('cla', u'abb'), ('no', 33)])
222.4439 	EXP 	point_for: autoDraw = False
222.4439 	EXP 	image_for: autoDraw = False
222.4439 	EXP 	image_for: image = u'pic/8.png'
222.4439 	EXP 	point_for: autoDraw = True
223.3788 	EXP 	point_for: autoDraw = False
223.3953 	EXP 	image_for: autoDraw = True
223.9471 	DATA 	Keypress: num_8
223.9501 	EXP 	New trial (rep=0, index=37): OrderedDict([('pic', u'pic/8.png'), ('ans', ['num_8']), ('cla', u'abb'), ('no', 34)])
224.0314 	EXP 	point_for: autoDraw = False
224.0314 	EXP 	image_for: autoDraw = False
224.0314 	EXP 	image_for: image = u'pic/8.png'
224.0314 	EXP 	point_for: autoDraw = True
224.9635 	EXP 	point_for: autoDraw = False
224.9802 	EXP 	image_for: autoDraw = True
225.6814 	DATA 	Keypress: num_8
225.6839 	EXP 	New trial (rep=0, index=38): OrderedDict([('pic', u'pic/1.png'), ('ans', ['num_1']), ('cla', u'abb'), ('no', 35)])
225.7700 	EXP 	point_for: autoDraw = False
225.7700 	EXP 	image_for: autoDraw = False
225.7700 	EXP 	image_for: image = u'pic/1.png'
225.7700 	EXP 	point_for: autoDraw = True
226.6986 	EXP 	point_for: autoDraw = False
226.7152 	EXP 	image_for: autoDraw = True
227.5499 	DATA 	Keypress: num_1
227.5525 	EXP 	New trial (rep=0, index=39): OrderedDict([('pic', u'pic/6.png'), ('ans', ['num_6']), ('cla', u'abb'), ('no', 36)])
227.6298 	EXP 	point_for: autoDraw = False
227.6298 	EXP 	image_for: autoDraw = False
227.6298 	EXP 	image_for: image = u'pic/6.png'
227.6298 	EXP 	point_for: autoDraw = True
228.5671 	EXP 	point_for: autoDraw = False
228.5838 	EXP 	image_for: autoDraw = True
229.0687 	DATA 	Keypress: num_6
229.0713 	EXP 	New trial (rep=0, index=40): OrderedDict([('pic', u'pic/6.png'), ('ans', ['num_6']), ('cla', u'abb'), ('no', 37)])
229.1561 	EXP 	point_for: autoDraw = False
229.1561 	EXP 	image_for: autoDraw = False
229.1561 	EXP 	image_for: image = u'pic/6.png'
229.1561 	EXP 	point_for: autoDraw = True
230.0854 	EXP 	point_for: autoDraw = False
230.1019 	EXP 	image_for: autoDraw = True
230.6050 	DATA 	Keypress: num_6
230.6081 	EXP 	New trial (rep=0, index=41): OrderedDict([('pic', u'pic/5.png'), ('ans', ['num_5']), ('cla', u'abb'), ('no', 38)])
230.6945 	EXP 	point_for: autoDraw = False
230.6945 	EXP 	image_for: autoDraw = False
230.6945 	EXP 	image_for: image = u'pic/5.png'
230.6945 	EXP 	point_for: autoDraw = True
231.6195 	EXP 	point_for: autoDraw = False
231.6362 	EXP 	image_for: autoDraw = True
232.4215 	DATA 	Keypress: num_5
232.4241 	EXP 	New trial (rep=0, index=42): OrderedDict([('pic', u'pic/4.png'), ('ans', ['num_4']), ('cla', u'abb'), ('no', 39)])
232.4926 	DATA 	Keypress: num_4
232.4988 	EXP 	point_for: autoDraw = False
232.4988 	EXP 	image_for: autoDraw = False
232.4988 	EXP 	image_for: image = u'pic/4.png'
232.4988 	EXP 	point_for: autoDraw = True
233.4387 	EXP 	point_for: autoDraw = False
233.4553 	EXP 	image_for: autoDraw = True
234.0419 	DATA 	Keypress: num_4
234.0601 	EXP 	New trial (rep=0, index=43): OrderedDict([('pic', u'pic/4.png'), ('ans', ['num_4']), ('cla', u'abb'), ('no', 40)])
234.1422 	EXP 	point_for: autoDraw = False
234.1422 	EXP 	image_for: autoDraw = False
234.1422 	EXP 	image_for: image = u'pic/4.png'
234.1422 	EXP 	point_for: autoDraw = True
235.0736 	EXP 	point_for: autoDraw = False
235.0903 	EXP 	image_for: autoDraw = True
235.4579 	DATA 	Keypress: num_4
235.4606 	EXP 	New trial (rep=0, index=44): OrderedDict([('pic', u'pic/7.png'), ('ans', ['num_7']), ('cla', u'abb'), ('no', 41)])
235.5436 	EXP 	point_for: autoDraw = False
235.5436 	EXP 	image_for: autoDraw = False
235.5436 	EXP 	image_for: image = u'pic/7.png'
235.5436 	EXP 	point_for: autoDraw = True
236.4752 	EXP 	point_for: autoDraw = False
236.4917 	EXP 	image_for: autoDraw = True
237.0441 	DATA 	Keypress: num_7
237.0471 	EXP 	New trial (rep=0, index=45): OrderedDict([('pic', u'pic/1.png'), ('ans', ['num_1']), ('cla', u'abb'), ('no', 42)])
237.1283 	EXP 	point_for: autoDraw = False
237.1283 	EXP 	image_for: autoDraw = False
237.1283 	EXP 	image_for: image = u'pic/1.png'
237.1283 	EXP 	point_for: autoDraw = True
238.0599 	EXP 	point_for: autoDraw = False
238.0766 	EXP 	image_for: autoDraw = True
238.6619 	DATA 	Keypress: num_1
238.6650 	EXP 	New trial (rep=0, index=46): OrderedDict([('pic', u'pic/1.png'), ('ans', ['num_1']), ('cla', u'abb'), ('no', 43)])
238.7596 	EXP 	point_for: autoDraw = False
238.7596 	EXP 	image_for: autoDraw = False
238.7596 	EXP 	image_for: image = u'pic/1.png'
238.7596 	EXP 	point_for: autoDraw = True
239.6776 	EXP 	point_for: autoDraw = False
239.6943 	EXP 	image_for: autoDraw = True
240.0981 	DATA 	Keypress: num_1
240.1162 	EXP 	New trial (rep=0, index=47): OrderedDict([('pic', u'pic/9.png'), ('ans', ['num_9']), ('cla', u'abb'), ('no', 44)])
240.1956 	EXP 	point_for: autoDraw = False
240.1956 	EXP 	image_for: autoDraw = False
240.1956 	EXP 	image_for: image = u'pic/9.png'
240.1956 	EXP 	point_for: autoDraw = True
241.1296 	EXP 	point_for: autoDraw = False
241.1463 	EXP 	image_for: autoDraw = True
241.7993 	DATA 	Keypress: num_9
241.8033 	EXP 	New trial (rep=0, index=48): OrderedDict([('pic', u'pic/5.png'), ('ans', ['num_5']), ('cla', u'abb'), ('no', 45)])
241.8900 	EXP 	point_for: autoDraw = False
241.8900 	EXP 	image_for: autoDraw = False
241.8900 	EXP 	image_for: image = u'pic/5.png'
241.8900 	EXP 	point_for: autoDraw = True
242.8142 	EXP 	point_for: autoDraw = False
242.8308 	EXP 	image_for: autoDraw = True
243.4833 	DATA 	Keypress: num_5
243.4864 	EXP 	New trial (rep=0, index=49): OrderedDict([('pic', u'pic/5.png'), ('ans', ['num_5']), ('cla', u'abb'), ('no', 46)])
243.5603 	EXP 	point_for: autoDraw = False
243.5603 	EXP 	image_for: autoDraw = False
243.5603 	EXP 	image_for: image = u'pic/5.png'
243.5603 	EXP 	point_for: autoDraw = True
244.4997 	EXP 	point_for: autoDraw = False
244.5164 	EXP 	image_for: autoDraw = True
244.9019 	DATA 	Keypress: num_5
244.9048 	EXP 	New trial (rep=0, index=50): OrderedDict([('pic', u'pic/1.png'), ('ans', ['num_1']), ('cla', u'huan'), ('no', -1)])
244.9790 	EXP 	point_for: autoDraw = False
244.9790 	EXP 	image_for: autoDraw = False
244.9790 	EXP 	image_for: image = u'pic/1.png'
244.9790 	EXP 	point_for: autoDraw = True
245.9212 	EXP 	point_for: autoDraw = False
245.9346 	EXP 	image_for: autoDraw = True
246.5864 	DATA 	Keypress: num_1
246.5894 	EXP 	New trial (rep=0, index=51): OrderedDict([('pic', u'pic/2.png'), ('ans', ['num_2']), ('cla', u'huan'), ('no', -1)])
246.6628 	EXP 	point_for: autoDraw = False
246.6628 	EXP 	image_for: autoDraw = False
246.6628 	EXP 	image_for: image = u'pic/2.png'
246.6628 	EXP 	point_for: autoDraw = True
247.6030 	EXP 	point_for: autoDraw = False
247.6196 	EXP 	image_for: autoDraw = True
248.4387 	DATA 	Keypress: num_2
248.4417 	EXP 	New trial (rep=0, index=52): OrderedDict([('pic', u'pic/4.png'), ('ans', ['num_4']), ('cla', u'wh'), ('no', 47)])
248.5366 	EXP 	point_for: autoDraw = False
248.5366 	EXP 	image_for: autoDraw = False
248.5366 	EXP 	image_for: image = u'pic/4.png'
248.5366 	EXP 	point_for: autoDraw = True
249.4547 	EXP 	point_for: autoDraw = False
249.4714 	EXP 	image_for: autoDraw = True
250.0581 	DATA 	Keypress: num_4
250.0735 	DATA 	Keypress: num_7
250.0767 	EXP 	New trial (rep=0, index=53): OrderedDict([('pic', u'pic/5.png'), ('ans', ['num_5']), ('cla', u'wh'), ('no', 48)])
250.1518 	EXP 	point_for: autoDraw = False
250.1518 	EXP 	image_for: autoDraw = False
250.1518 	EXP 	image_for: image = u'pic/5.png'
250.1518 	EXP 	point_for: autoDraw = True
251.0896 	EXP 	point_for: autoDraw = False
251.1063 	EXP 	image_for: autoDraw = True
251.6082 	DATA 	Keypress: num_5
251.6112 	EXP 	New trial (rep=0, index=54): OrderedDict([('pic', u'pic/6.png'), ('ans', ['num_6']), ('cla', u'wh'), ('no', 49)])
251.6905 	EXP 	point_for: autoDraw = False
251.6905 	EXP 	image_for: autoDraw = False
251.6905 	EXP 	image_for: image = u'pic/6.png'
251.6905 	EXP 	point_for: autoDraw = True
252.6245 	EXP 	point_for: autoDraw = False
252.6412 	EXP 	image_for: autoDraw = True
253.0120 	DATA 	Keypress: num_6
253.0154 	EXP 	New trial (rep=0, index=55): OrderedDict([('pic', u'pic/2.png'), ('ans', ['num_2']), ('cla', u'wh'), ('no', 50)])
253.1053 	EXP 	point_for: autoDraw = False
253.1053 	EXP 	image_for: autoDraw = False
253.1053 	EXP 	image_for: image = u'pic/2.png'
253.1053 	EXP 	point_for: autoDraw = True
254.0263 	EXP 	point_for: autoDraw = False
254.0428 	EXP 	image_for: autoDraw = True
254.6444 	DATA 	Keypress: num_2
254.6475 	EXP 	New trial (rep=0, index=56): OrderedDict([('pic', u'pic/5.png'), ('ans', ['num_5']), ('cla', u'wh'), ('no', 51)])
254.7414 	EXP 	point_for: autoDraw = False
254.7414 	EXP 	image_for: autoDraw = False
254.7414 	EXP 	image_for: image = u'pic/5.png'
254.7414 	EXP 	point_for: autoDraw = True
255.6608 	EXP 	point_for: autoDraw = False
255.6776 	EXP 	image_for: autoDraw = True
256.1627 	DATA 	Keypress: num_5
256.1663 	EXP 	New trial (rep=0, index=57): OrderedDict([('pic', u'pic/8.png'), ('ans', ['num_8']), ('cla', u'wh'), ('no', 52)])
256.2356 	EXP 	point_for: autoDraw = False
256.2356 	EXP 	image_for: autoDraw = False
256.2356 	EXP 	image_for: image = u'pic/8.png'
256.2356 	EXP 	point_for: autoDraw = True
257.1790 	EXP 	point_for: autoDraw = False
257.1957 	EXP 	image_for: autoDraw = True
257.7309 	DATA 	Keypress: num_8
257.7340 	EXP 	New trial (rep=0, index=58): OrderedDict([('pic', u'pic/2.png'), ('ans', ['num_2']), ('cla', u'wh'), ('no', 53)])
257.8116 	EXP 	point_for: autoDraw = False
257.8116 	EXP 	image_for: autoDraw = False
257.8116 	EXP 	image_for: image = u'pic/2.png'
257.8116 	EXP 	point_for: autoDraw = True
258.7467 	EXP 	point_for: autoDraw = False
258.7634 	EXP 	image_for: autoDraw = True
259.3159 	DATA 	Keypress: num_2
259.3189 	EXP 	New trial (rep=0, index=59): OrderedDict([('pic', u'pic/5.png'), ('ans', ['num_5']), ('cla', u'wh'), ('no', 54)])
259.4072 	EXP 	point_for: autoDraw = False
259.4072 	EXP 	image_for: autoDraw = False
259.4072 	EXP 	image_for: image = u'pic/5.png'
259.4072 	EXP 	point_for: autoDraw = True
260.3321 	EXP 	point_for: autoDraw = False
260.3489 	EXP 	image_for: autoDraw = True
260.7842 	DATA 	Keypress: num_5
260.7873 	EXP 	New trial (rep=0, index=60): OrderedDict([('pic', u'pic/8.png'), ('ans', ['num_8']), ('cla', u'wh'), ('no', 55)])
260.8642 	EXP 	point_for: autoDraw = False
260.8642 	EXP 	image_for: autoDraw = False
260.8642 	EXP 	image_for: image = u'pic/8.png'
260.8642 	EXP 	point_for: autoDraw = True
261.8005 	EXP 	point_for: autoDraw = False
261.8173 	EXP 	image_for: autoDraw = True
262.3536 	DATA 	Keypress: num_8
262.3713 	EXP 	New trial (rep=0, index=61): OrderedDict([('pic', u'pic/7.png'), ('ans', ['num_7']), ('cla', u'wh'), ('no', 56)])
262.4402 	EXP 	point_for: autoDraw = False
262.4402 	EXP 	image_for: autoDraw = False
262.4402 	EXP 	image_for: image = u'pic/7.png'
262.4402 	EXP 	point_for: autoDraw = True
263.3865 	EXP 	point_for: autoDraw = False
263.4025 	EXP 	image_for: autoDraw = True
263.9363 	DATA 	Keypress: num_7
263.9388 	EXP 	New trial (rep=0, index=62): OrderedDict([('pic', u'pic/8.png'), ('ans', ['num_8']), ('cla', u'wh'), ('no', 57)])
264.0231 	EXP 	point_for: autoDraw = False
264.0231 	EXP 	image_for: autoDraw = False
264.0231 	EXP 	image_for: image = u'pic/8.png'
264.0231 	EXP 	point_for: autoDraw = True
264.9532 	EXP 	point_for: autoDraw = False
264.9695 	EXP 	image_for: autoDraw = True
265.4563 	DATA 	Keypress: num_8
265.4594 	EXP 	New trial (rep=0, index=63): OrderedDict([('pic', u'pic/9.png'), ('ans', ['num_9']), ('cla', u'wh'), ('no', 58)])
265.5542 	EXP 	point_for: autoDraw = False
265.5542 	EXP 	image_for: autoDraw = False
265.5542 	EXP 	image_for: image = u'pic/9.png'
265.5542 	EXP 	point_for: autoDraw = True
266.4726 	EXP 	point_for: autoDraw = False
266.4888 	EXP 	image_for: autoDraw = True
267.0902 	DATA 	Keypress: num_9
267.0932 	EXP 	New trial (rep=0, index=64): OrderedDict([('pic', u'pic/3.png'), ('ans', ['num_3']), ('cla', u'cross'), ('no', 59)])
267.1922 	EXP 	point_for: autoDraw = False
267.1922 	EXP 	image_for: autoDraw = False
267.1922 	EXP 	image_for: image = u'pic/3.png'
267.1922 	EXP 	point_for: autoDraw = True
268.1066 	EXP 	point_for: autoDraw = False
268.1233 	EXP 	image_for: autoDraw = True
268.8252 	DATA 	Keypress: num_3
268.8282 	EXP 	New trial (rep=0, index=65): OrderedDict([('pic', u'pic/5.png'), ('ans', ['num_5']), ('cla', u'cross'), ('no', 60)])
268.9347 	EXP 	point_for: autoDraw = False
268.9347 	EXP 	image_for: autoDraw = False
268.9347 	EXP 	image_for: image = u'pic/5.png'
268.9347 	EXP 	point_for: autoDraw = True
269.8416 	EXP 	point_for: autoDraw = False
269.8585 	EXP 	image_for: autoDraw = True
270.3441 	DATA 	Keypress: num_5
270.3472 	EXP 	New trial (rep=0, index=66): OrderedDict([('pic', u'pic/7.png'), ('ans', ['num_7']), ('cla', u'cross'), ('no', 61)])
270.4541 	EXP 	point_for: autoDraw = False
270.4541 	EXP 	image_for: autoDraw = False
270.4541 	EXP 	image_for: image = u'pic/7.png'
270.4541 	EXP 	point_for: autoDraw = True
271.3599 	EXP 	point_for: autoDraw = False
271.3765 	EXP 	image_for: autoDraw = True
272.1452 	DATA 	Keypress: num_7
272.1483 	EXP 	New trial (rep=0, index=67): OrderedDict([('pic', u'pic/7.png'), ('ans', ['num_7']), ('cla', u'cross'), ('no', 62)])
272.2222 	EXP 	point_for: autoDraw = False
272.2222 	EXP 	image_for: autoDraw = False
272.2222 	EXP 	image_for: image = u'pic/7.png'
272.2222 	EXP 	point_for: autoDraw = True
273.1616 	EXP 	point_for: autoDraw = False
273.1783 	EXP 	image_for: autoDraw = True
273.7145 	DATA 	Keypress: num_7
273.7194 	EXP 	New trial (rep=0, index=68): OrderedDict([('pic', u'pic/5.png'), ('ans', ['num_5']), ('cla', u'cross'), ('no', 63)])
273.7965 	EXP 	point_for: autoDraw = False
273.7965 	EXP 	image_for: autoDraw = False
273.7965 	EXP 	image_for: image = u'pic/5.png'
273.7965 	EXP 	point_for: autoDraw = True
274.7303 	EXP 	point_for: autoDraw = False
274.7467 	EXP 	image_for: autoDraw = True
275.2323 	DATA 	Keypress: num_5
275.2354 	EXP 	New trial (rep=0, index=69): OrderedDict([('pic', u'pic/3.png'), ('ans', ['num_3']), ('cla', u'cross'), ('no', 64)])
275.3238 	EXP 	point_for: autoDraw = False
275.3238 	EXP 	image_for: autoDraw = False
275.3238 	EXP 	image_for: image = u'pic/3.png'
275.3238 	EXP 	point_for: autoDraw = True
276.2480 	EXP 	point_for: autoDraw = False
276.2648 	EXP 	image_for: autoDraw = True
276.8669 	DATA 	Keypress: num_3
276.8701 	EXP 	New trial (rep=0, index=70): OrderedDict([('pic', u'pic/7.png'), ('ans', ['num_7']), ('cla', u'cross'), ('no', 65)])
276.9644 	EXP 	point_for: autoDraw = False
276.9644 	EXP 	image_for: autoDraw = False
276.9644 	EXP 	image_for: image = u'pic/7.png'
276.9644 	EXP 	point_for: autoDraw = True
277.8826 	EXP 	point_for: autoDraw = False
277.8993 	EXP 	image_for: autoDraw = True
278.4341 	DATA 	Keypress: num_7
278.4368 	EXP 	New trial (rep=0, index=71): OrderedDict([('pic', u'pic/5.png'), ('ans', ['num_5']), ('cla', u'cross'), ('no', 66)])
278.5129 	EXP 	point_for: autoDraw = False
278.5129 	EXP 	image_for: autoDraw = False
278.5129 	EXP 	image_for: image = u'pic/5.png'
278.5129 	EXP 	point_for: autoDraw = True
279.4507 	EXP 	point_for: autoDraw = False
279.4674 	EXP 	image_for: autoDraw = True
280.0698 	DATA 	Keypress: num_5
280.0734 	EXP 	New trial (rep=0, index=72): OrderedDict([('pic', u'pic/3.png'), ('ans', ['num_3']), ('cla', u'cross'), ('no', 67)])
280.1713 	EXP 	point_for: autoDraw = False
280.1713 	EXP 	image_for: autoDraw = False
280.1713 	EXP 	image_for: image = u'pic/3.png'
280.1713 	EXP 	point_for: autoDraw = True
281.0863 	EXP 	point_for: autoDraw = False
281.1030 	EXP 	image_for: autoDraw = True
281.6883 	DATA 	Keypress: num_3
281.6913 	EXP 	New trial (rep=0, index=73): OrderedDict([('pic', u'pic/7.png'), ('ans', ['num_7']), ('cla', u'cross'), ('no', 68)])
281.7662 	EXP 	point_for: autoDraw = False
281.7662 	EXP 	image_for: autoDraw = False
281.7662 	EXP 	image_for: image = u'pic/7.png'
281.7662 	EXP 	point_for: autoDraw = True
282.7041 	EXP 	point_for: autoDraw = False
282.7206 	EXP 	image_for: autoDraw = True
283.2242 	DATA 	Keypress: num_7
283.2275 	EXP 	New trial (rep=0, index=74): OrderedDict([('pic', u'pic/5.png'), ('ans', ['num_5']), ('cla', u'cross'), ('no', 69)])
283.3024 	EXP 	point_for: autoDraw = False
283.3024 	EXP 	image_for: autoDraw = False
283.3024 	EXP 	image_for: image = u'pic/5.png'
283.3024 	EXP 	point_for: autoDraw = True
284.2391 	EXP 	point_for: autoDraw = False
284.2562 	EXP 	image_for: autoDraw = True
284.6737 	DATA 	Keypress: num_5
284.6762 	EXP 	New trial (rep=0, index=75): OrderedDict([('pic', u'pic/3.png'), ('ans', ['num_3']), ('cla', u'cross'), ('no', 70)])
284.7555 	EXP 	point_for: autoDraw = False
284.7555 	EXP 	image_for: autoDraw = False
284.7555 	EXP 	image_for: image = u'pic/3.png'
284.7555 	EXP 	point_for: autoDraw = True
285.6908 	EXP 	point_for: autoDraw = False
285.7077 	EXP 	image_for: autoDraw = True
286.1754 	DATA 	Keypress: num_3
286.1781 	EXP 	New trial (rep=0, index=76): OrderedDict([('pic', u'pic/9.png'), ('ans', ['num_9']), ('cla', u'huan'), ('no', -1)])
286.2430 	EXP 	point_for: autoDraw = False
286.2430 	EXP 	image_for: autoDraw = False
286.2430 	EXP 	image_for: image = u'pic/9.png'
286.2430 	EXP 	point_for: autoDraw = True
287.1925 	EXP 	point_for: autoDraw = False
287.2094 	EXP 	image_for: autoDraw = True
287.8955 	DATA 	Keypress: num_9
287.8986 	EXP 	New trial (rep=0, index=77): OrderedDict([('pic', u'pic/4.png'), ('ans', ['num_4']), ('cla', u'huan'), ('no', -1)])
287.9831 	EXP 	point_for: autoDraw = False
287.9831 	EXP 	image_for: autoDraw = False
287.9831 	EXP 	image_for: image = u'pic/4.png'
287.9831 	EXP 	point_for: autoDraw = True
288.9101 	EXP 	point_for: autoDraw = False
288.9269 	EXP 	image_for: autoDraw = True
289.4128 	DATA 	Keypress: num_4
289.4162 	EXP 	New trial (rep=0, index=78): OrderedDict([('pic', u'pic/5.png'), ('ans', ['num_5']), ('cla', u'abc3'), ('no', 71)])
289.4906 	EXP 	point_for: autoDraw = False
289.4906 	EXP 	image_for: autoDraw = False
289.4906 	EXP 	image_for: image = u'pic/5.png'
289.4906 	EXP 	point_for: autoDraw = True
290.4283 	EXP 	point_for: autoDraw = False
290.4450 	EXP 	image_for: autoDraw = True
290.8798 	DATA 	Keypress: num_5
290.8824 	EXP 	New trial (rep=0, index=79): OrderedDict([('pic', u'pic/9.png'), ('ans', ['num_9']), ('cla', u'abc3'), ('no', 72)])
290.9617 	EXP 	point_for: autoDraw = False
290.9617 	EXP 	image_for: autoDraw = False
290.9617 	EXP 	image_for: image = u'pic/9.png'
290.9617 	EXP 	point_for: autoDraw = True
291.8972 	EXP 	point_for: autoDraw = False
291.9140 	EXP 	image_for: autoDraw = True
292.6816 	DATA 	Keypress: num_9
292.6842 	EXP 	New trial (rep=0, index=80): OrderedDict([('pic', u'pic/8.png'), ('ans', ['num_8']), ('cla', u'abc3'), ('no', 73)])
292.7620 	EXP 	point_for: autoDraw = False
292.7620 	EXP 	image_for: autoDraw = False
292.7620 	EXP 	image_for: image = u'pic/8.png'
292.7620 	EXP 	point_for: autoDraw = True
293.6988 	EXP 	point_for: autoDraw = False
293.7155 	EXP 	image_for: autoDraw = True
294.2842 	DATA 	Keypress: num_8
294.2873 	EXP 	New trial (rep=0, index=81): OrderedDict([('pic', u'pic/5.png'), ('ans', ['num_5']), ('cla', u'abc3'), ('no', 74)])
294.3679 	EXP 	point_for: autoDraw = False
294.3679 	EXP 	image_for: autoDraw = False
294.3679 	EXP 	image_for: image = u'pic/5.png'
294.3679 	EXP 	point_for: autoDraw = True
295.3007 	EXP 	point_for: autoDraw = False
295.3171 	EXP 	image_for: autoDraw = True
295.8528 	DATA 	Keypress: num_5
295.8561 	EXP 	New trial (rep=0, index=82): OrderedDict([('pic', u'pic/9.png'), ('ans', ['num_9']), ('cla', u'abc3'), ('no', 75)])
295.9528 	EXP 	point_for: autoDraw = False
295.9528 	EXP 	image_for: autoDraw = False
295.9528 	EXP 	image_for: image = u'pic/9.png'
295.9528 	EXP 	point_for: autoDraw = True
296.8681 	EXP 	point_for: autoDraw = False
296.8848 	EXP 	image_for: autoDraw = True
297.4881 	DATA 	Keypress: num_9
297.4928 	EXP 	New trial (rep=0, index=83): OrderedDict([('pic', u'pic/8.png'), ('ans', ['num_8']), ('cla', u'abc3'), ('no', 76)])
297.5589 	EXP 	point_for: autoDraw = False
297.5589 	EXP 	image_for: autoDraw = False
297.5589 	EXP 	image_for: image = u'pic/8.png'
297.5589 	EXP 	point_for: autoDraw = True
298.5031 	EXP 	point_for: autoDraw = False
298.5205 	EXP 	image_for: autoDraw = True
299.0055 	DATA 	Keypress: num_8
299.0086 	EXP 	New trial (rep=0, index=84): OrderedDict([('pic', u'pic/5.png'), ('ans', ['num_5']), ('cla', u'abc3'), ('no', 77)])
299.0950 	EXP 	point_for: autoDraw = False
299.0950 	EXP 	image_for: autoDraw = False
299.0950 	EXP 	image_for: image = u'pic/5.png'
299.0950 	EXP 	point_for: autoDraw = True
300.0218 	EXP 	point_for: autoDraw = False
300.0388 	EXP 	image_for: autoDraw = True
300.6075 	DATA 	Keypress: num_5
300.6105 	EXP 	New trial (rep=0, index=85): OrderedDict([('pic', u'pic/9.png'), ('ans', ['num_9']), ('cla', u'abc3'), ('no', 78)])
300.7140 	EXP 	point_for: autoDraw = False
300.7140 	EXP 	image_for: autoDraw = False
300.7140 	EXP 	image_for: image = u'pic/9.png'
300.7140 	EXP 	point_for: autoDraw = True
301.6238 	EXP 	point_for: autoDraw = False
301.6413 	EXP 	image_for: autoDraw = True
302.3421 	DATA 	Keypress: num_9
302.3451 	EXP 	New trial (rep=0, index=86): OrderedDict([('pic', u'pic/8.png'), ('ans', ['num_8']), ('cla', u'abc3'), ('no', 79)])
302.4306 	EXP 	point_for: autoDraw = False
302.4306 	EXP 	image_for: autoDraw = False
302.4306 	EXP 	image_for: image = u'pic/8.png'
302.4306 	EXP 	point_for: autoDraw = True
303.3579 	EXP 	point_for: autoDraw = False
303.3746 	EXP 	image_for: autoDraw = True
303.8595 	DATA 	Keypress: num_8
303.8620 	EXP 	New trial (rep=0, index=87): OrderedDict([('pic', u'pic/4.png'), ('ans', ['num_4']), ('cla', u'abc3'), ('no', 80)])
303.9464 	EXP 	point_for: autoDraw = False
303.9464 	EXP 	image_for: autoDraw = False
303.9464 	EXP 	image_for: image = u'pic/4.png'
303.9464 	EXP 	point_for: autoDraw = True
304.8761 	EXP 	point_for: autoDraw = False
304.8928 	EXP 	image_for: autoDraw = True
305.4122 	DATA 	Keypress: num_4
305.4153 	EXP 	New trial (rep=0, index=88): OrderedDict([('pic', u'pic/3.png'), ('ans', ['num_3']), ('cla', u'abc3'), ('no', 81)])
305.4929 	EXP 	point_for: autoDraw = False
305.4929 	EXP 	image_for: autoDraw = False
305.4929 	EXP 	image_for: image = u'pic/3.png'
305.4929 	EXP 	point_for: autoDraw = True
306.4283 	EXP 	point_for: autoDraw = False
306.4448 	EXP 	image_for: autoDraw = True
307.1969 	DATA 	Keypress: num_3
307.2000 	EXP 	New trial (rep=0, index=89): OrderedDict([('pic', u'pic/1.png'), ('ans', ['num_1']), ('cla', u'abc3'), ('no', 82)])
307.2794 	EXP 	point_for: autoDraw = False
307.2794 	EXP 	image_for: autoDraw = False
307.2794 	EXP 	image_for: image = u'pic/1.png'
307.2794 	EXP 	point_for: autoDraw = True
308.2134 	EXP 	point_for: autoDraw = False
308.2302 	EXP 	image_for: autoDraw = True
308.9664 	DATA 	Keypress: num_1
308.9694 	EXP 	New trial (rep=0, index=90): OrderedDict([('pic', u'pic/4.png'), ('ans', ['num_4']), ('cla', u'abc3'), ('no', 83)])
309.0550 	EXP 	point_for: autoDraw = False
309.0550 	EXP 	image_for: autoDraw = False
309.0550 	EXP 	image_for: image = u'pic/4.png'
309.0550 	EXP 	point_for: autoDraw = True
309.9812 	EXP 	point_for: autoDraw = False
309.9979 	EXP 	image_for: autoDraw = True
310.5165 	DATA 	Keypress: num_4
310.5191 	EXP 	New trial (rep=0, index=91): OrderedDict([('pic', u'pic/3.png'), ('ans', ['num_3']), ('cla', u'abc3'), ('no', 84)])
310.6037 	EXP 	point_for: autoDraw = False
310.6037 	EXP 	image_for: autoDraw = False
310.6037 	EXP 	image_for: image = u'pic/3.png'
310.6037 	EXP 	point_for: autoDraw = True
311.5328 	EXP 	point_for: autoDraw = False
311.5494 	EXP 	image_for: autoDraw = True
312.2190 	DATA 	Keypress: num_3
312.2224 	EXP 	New trial (rep=0, index=92): OrderedDict([('pic', u'pic/1.png'), ('ans', ['num_1']), ('cla', u'abc3'), ('no', 85)])
312.3135 	EXP 	point_for: autoDraw = False
312.3135 	EXP 	image_for: autoDraw = False
312.3135 	EXP 	image_for: image = u'pic/1.png'
312.3135 	EXP 	point_for: autoDraw = True
313.2351 	EXP 	point_for: autoDraw = False
313.2522 	EXP 	image_for: autoDraw = True
313.9204 	DATA 	Keypress: num_1
313.9234 	EXP 	New trial (rep=0, index=93): OrderedDict([('pic', u'pic/4.png'), ('ans', ['num_4']), ('cla', u'abc3'), ('no', 86)])
314.0154 	EXP 	point_for: autoDraw = False
314.0154 	EXP 	image_for: autoDraw = False
314.0154 	EXP 	image_for: image = u'pic/4.png'
314.0154 	EXP 	point_for: autoDraw = True
314.9367 	EXP 	point_for: autoDraw = False
314.9536 	EXP 	image_for: autoDraw = True
315.5220 	DATA 	Keypress: num_4
315.5251 	EXP 	New trial (rep=0, index=94): OrderedDict([('pic', u'pic/3.png'), ('ans', ['num_3']), ('cla', u'abc3'), ('no', 87)])
315.6130 	EXP 	point_for: autoDraw = False
315.6130 	EXP 	image_for: autoDraw = False
315.6130 	EXP 	image_for: image = u'pic/3.png'
315.6130 	EXP 	point_for: autoDraw = True
316.5385 	EXP 	point_for: autoDraw = False
316.5552 	EXP 	image_for: autoDraw = True
317.1906 	DATA 	Keypress: num_3
317.1937 	EXP 	New trial (rep=0, index=95): OrderedDict([('pic', u'pic/1.png'), ('ans', ['num_1']), ('cla', u'abc3'), ('no', 88)])
317.2648 	EXP 	point_for: autoDraw = False
317.2648 	EXP 	image_for: autoDraw = False
317.2648 	EXP 	image_for: image = u'pic/1.png'
317.2648 	EXP 	point_for: autoDraw = True
318.2070 	EXP 	point_for: autoDraw = False
318.2234 	EXP 	image_for: autoDraw = True
318.8414 	DATA 	Keypress: num_1
318.8441 	EXP 	New trial (rep=0, index=96): OrderedDict([('pic', u'pic/3.png'), ('ans', ['num_3']), ('cla', u'abc3'), ('no', 89)])
318.9191 	EXP 	point_for: autoDraw = False
318.9191 	EXP 	image_for: autoDraw = False
318.9191 	EXP 	image_for: image = u'pic/3.png'
318.9191 	EXP 	point_for: autoDraw = True
319.8578 	EXP 	point_for: autoDraw = False
319.8745 	EXP 	image_for: autoDraw = True
320.4769 	DATA 	Keypress: num_3
320.4800 	EXP 	New trial (rep=0, index=97): OrderedDict([('pic', u'pic/4.png'), ('ans', ['num_4']), ('cla', u'abc3'), ('no', 90)])
320.5576 	EXP 	point_for: autoDraw = False
320.5576 	EXP 	image_for: autoDraw = False
320.5576 	EXP 	image_for: image = u'pic/4.png'
320.5576 	EXP 	point_for: autoDraw = True
321.4933 	EXP 	point_for: autoDraw = False
321.5099 	EXP 	image_for: autoDraw = True
322.4115 	DATA 	Keypress: num_4
322.4142 	EXP 	New trial (rep=0, index=98): OrderedDict([('pic', u'pic/7.png'), ('ans', ['num_7']), ('cla', u'abc3'), ('no', 91)])
322.4990 	EXP 	point_for: autoDraw = False
322.4990 	EXP 	image_for: autoDraw = False
322.4990 	EXP 	image_for: image = u'pic/7.png'
322.4990 	EXP 	point_for: autoDraw = True
323.4280 	EXP 	point_for: autoDraw = False
323.4446 	EXP 	image_for: autoDraw = True
324.0796 	DATA 	Keypress: num_7
324.0822 	EXP 	New trial (rep=0, index=99): OrderedDict([('pic', u'pic/3.png'), ('ans', ['num_3']), ('cla', u'abc3'), ('no', 92)])
324.1665 	EXP 	point_for: autoDraw = False
324.1665 	EXP 	image_for: autoDraw = False
324.1665 	EXP 	image_for: image = u'pic/3.png'
324.1665 	EXP 	point_for: autoDraw = True
325.0968 	EXP 	point_for: autoDraw = False
325.1144 	EXP 	image_for: autoDraw = True
325.6827 	DATA 	Keypress: num_3
325.6857 	EXP 	New trial (rep=0, index=100): OrderedDict([('pic', u'pic/4.png'), ('ans', ['num_4']), ('cla', u'abc3'), ('no', 93)])
325.7636 	EXP 	point_for: autoDraw = False
325.7636 	EXP 	image_for: autoDraw = False
325.7636 	EXP 	image_for: image = u'pic/4.png'
325.7636 	EXP 	point_for: autoDraw = True
326.6985 	EXP 	point_for: autoDraw = False
326.7152 	EXP 	image_for: autoDraw = True
327.1506 	DATA 	Keypress: num_4
327.1537 	EXP 	New trial (rep=0, index=101): OrderedDict([('pic', u'pic/7.png'), ('ans', ['num_7']), ('cla', u'abc3'), ('no', 94)])
327.2336 	EXP 	point_for: autoDraw = False
327.2336 	EXP 	image_for: autoDraw = False
327.2336 	EXP 	image_for: image = u'pic/7.png'
327.2336 	EXP 	point_for: autoDraw = True
328.1660 	EXP 	point_for: autoDraw = False
328.1827 	EXP 	image_for: autoDraw = True
328.7684 	DATA 	Keypress: num_7
328.7714 	EXP 	New trial (rep=0, index=102): OrderedDict([('pic', u'pic/3.png'), ('ans', ['num_3']), ('cla', u'abc3'), ('no', 95)])
328.8651 	EXP 	point_for: autoDraw = False
328.8651 	EXP 	image_for: autoDraw = False
328.8651 	EXP 	image_for: image = u'pic/3.png'
328.8651 	EXP 	point_for: autoDraw = True
329.7847 	EXP 	point_for: autoDraw = False
329.8018 	EXP 	image_for: autoDraw = True
330.3701 	DATA 	Keypress: num_3
330.3732 	EXP 	New trial (rep=0, index=103): OrderedDict([('pic', u'pic/4.png'), ('ans', ['num_4']), ('cla', u'abc3'), ('no', 96)])
330.4481 	EXP 	point_for: autoDraw = False
330.4481 	EXP 	image_for: autoDraw = False
330.4481 	EXP 	image_for: image = u'pic/4.png'
330.4481 	EXP 	point_for: autoDraw = True
331.3859 	EXP 	point_for: autoDraw = False
331.4030 	EXP 	image_for: autoDraw = True
331.8383 	DATA 	Keypress: num_4
331.8414 	EXP 	New trial (rep=0, index=104): OrderedDict([('pic', u'pic/7.png'), ('ans', ['num_7']), ('cla', u'abc3'), ('no', 97)])
331.9157 	EXP 	point_for: autoDraw = False
331.9157 	EXP 	image_for: autoDraw = False
331.9157 	EXP 	image_for: image = u'pic/7.png'
331.9157 	EXP 	point_for: autoDraw = True
332.8542 	EXP 	point_for: autoDraw = False
332.8707 	EXP 	image_for: autoDraw = True
333.3894 	DATA 	Keypress: num_7
334.2330 	EXP 	window1: mouseVisible = True
