12.8772 	EXP 	Created window1 = Window(allowGUI=False, allowStencil=False, args=UNKNOWN, autoLog=True, bitsMode=UNKNOWN, blendMode='avg', color='white', colorSpace='named', fullscr=UNKNOWN, gamma=None, kwargs=UNKNOWN, lms=UNKNOWN, monitor=<psychopy.monitors.calibTools.Monitor object at 0x1E4820F0>, multiSample=False, name='window1', numSamples=2, pos=[0, 0], screen=0, size=array([1920, 1080]), stereo=False, units=u'norm', useFBO=True, useRetina=False, viewOri=0.0, viewPos=None, viewScale=None, waitBlanking=True, winType=u'pyglet')
12.8773 	EXP 	window1: recordFrameIntervals = False
13.0428 	EXP 	window1: recordFrameIntervals = True
13.2269 	EXP 	window1: recordFrameIntervals = False
13.6365 	EXP 	Created wel_text = TextStim(alignHoriz='center', alignVert='center', antialias=True, autoLog=True, bold=False, color='black', colorSpace='named', contrast=1.0, depth=0.0, flipHoriz=False, flipVert=False, font='Consolas', fontFiles=[], height=0.1, italic=False, name='wel_text', opacity=1.0, ori=0, pos=array([ 0.,  0.]), rgb=array([ 0.,  0.,  0.]), text=newstr(...), units=u'norm', win=Window(...), wrapWidth=1)
13.6428 	EXP 	Created image_practice = ImageStim(autoLog=True, color=array([ 1.,  1.,  1.]), colorSpace='rgb', contrast=1.0, depth=0.0, flipHoriz=False, flipVert=False, image='sin', interpolate=True, mask=None, maskParams=None, name='image_practice', opacity=1.0, ori=0.0, pos=array([ 0.,  0.]), size=array([ 0.45,  0.8 ]), texRes=128, units=u'norm', win=Window(...))
13.6743 	EXP 	Created point_prac = TextStim(alignHoriz='center', alignVert='center', antialias=True, autoLog=True, bold=False, color='black', colorSpace='named', contrast=1.0, depth=-2.0, flipHoriz=False, flipVert=False, font='Arial', fontFiles=[], height=0.1, italic=False, name='point_prac', opacity=1.0, ori=0, pos=array([ 0.,  0.]), rgb=array([ 0.,  0.,  0.]), text='+', units=u'norm', win=Window(...), wrapWidth=1)
13.7347 	EXP 	Created text_base = TextStim(alignHoriz='center', alignVert='center', antialias=True, autoLog=True, bold=False, color='black', colorSpace='named', contrast=1.0, depth=0.0, flipHoriz=False, flipVert=False, font='Consolas', fontFiles=[], height=0.1, italic=False, name='text_base', opacity=1.0, ori=0, pos=array([ 0.,  0.]), rgb=array([ 0.,  0.,  0.]), text=newstr(...), units=u'norm', win=Window(...), wrapWidth=1)
13.7414 	EXP 	Created huan_point = TextStim(alignHoriz='center', alignVert='center', antialias=True, autoLog=True, bold=False, color='black', colorSpace='named', contrast=1.0, depth=0.0, flipHoriz=False, flipVert=False, font='Arial', fontFiles=[], height=0.1, italic=False, name='huan_point', opacity=1.0, ori=0, pos=array([ 0.,  0.]), rgb=array([ 0.,  0.,  0.]), text='+', units=u'norm', win=Window(...), wrapWidth=1)
13.7454 	EXP 	Created image_huan = ImageStim(autoLog=True, color=array([ 1.,  1.,  1.]), colorSpace='rgb', contrast=1.0, depth=-1.0, flipHoriz=False, flipVert=False, image='sin', interpolate=True, mask=None, maskParams=None, name='image_huan', opacity=1.0, ori=0.0, pos=array([ 0.,  0.]), size=array([ 0.45,  0.8 ]), texRes=128, units=u'norm', win=Window(...))
13.7514 	EXP 	Created point_base = TextStim(alignHoriz='center', alignVert='center', antialias=True, autoLog=True, bold=False, color='black', colorSpace='named', contrast=1.0, depth=0.0, flipHoriz=False, flipVert=False, font='Arial', fontFiles=[], height=0.1, italic=False, name='point_base', opacity=1.0, ori=0, pos=array([ 0.,  0.]), rgb=array([ 0.,  0.,  0.]), text='+', units=u'norm', win=Window(...), wrapWidth=1)
13.7557 	EXP 	Created image_base = ImageStim(autoLog=True, color=array([ 1.,  1.,  1.]), colorSpace='rgb', contrast=1.0, depth=-1.0, flipHoriz=False, flipVert=False, image='sin', interpolate=True, mask=None, maskParams=None, name='image_base', opacity=1.0, ori=0.0, pos=array([ 0.,  0.]), size=array([ 0.45,  0.8 ]), texRes=128, units=u'norm', win=Window(...))
13.7618 	EXP 	Created point_for = TextStim(alignHoriz='center', alignVert='center', antialias=True, autoLog=True, bold=False, color='black', colorSpace='named', contrast=1.0, depth=0.0, flipHoriz=False, flipVert=False, font='Arial', fontFiles=[], height=0.1, italic=False, name='point_for', opacity=1.0, ori=0, pos=array([ 0.,  0.]), rgb=array([ 0.,  0.,  0.]), text='+', units=u'norm', win=Window(...), wrapWidth=1)
13.7661 	EXP 	Created image_for = ImageStim(autoLog=True, color=array([ 1.,  1.,  1.]), colorSpace='rgb', contrast=1.0, depth=-2.0, flipHoriz=False, flipVert=False, image='sin', interpolate=True, mask=None, maskParams=None, name='image_for', opacity=1.0, ori=0.0, pos=array([ 0.,  0.]), size=array([ 0.45,  0.8 ]), texRes=128, units=u'norm', win=Window(...))
13.7841 	EXP 	wel_text: autoDraw = True
35.4155 	DATA 	Keypress: space
35.4396 	EXP 	Imported pic\prac_click.csv as conditions, 47 conditions, 4 params
35.4412 	EXP 	Created sequence: random, trialTypes=47, nReps=1, seed=None
35.4425 	EXP 	New trial (rep=0, index=0): OrderedDict([('no', 1), ('pic', u'pic/1.png'), ('cla', u'practice'), ('ans', ['num_1'])])
35.5246 	EXP 	wel_text: autoDraw = False
35.5246 	EXP 	image_practice: image = u'pic/1.png'
35.5246 	EXP 	point_prac: autoDraw = True
36.4488 	EXP 	point_prac: autoDraw = False
36.5510 	EXP 	image_practice: autoDraw = True
37.4514 	DATA 	Keypress: num_1
37.4556 	EXP 	New trial (rep=0, index=1): OrderedDict([('no', 32), ('pic', u'pic/5.png'), ('cla', u'practice'), ('ans', ['num_5'])])
37.5419 	EXP 	image_practice: autoDraw = False
37.5419 	EXP 	point_prac: autoDraw = False
37.5419 	EXP 	image_practice: image = u'pic/5.png'
37.5419 	EXP 	point_prac: autoDraw = True
38.4680 	EXP 	point_prac: autoDraw = False
38.4847 	EXP 	image_practice: autoDraw = True
39.0199 	DATA 	Keypress: num_5
39.0232 	EXP 	New trial (rep=0, index=2): OrderedDict([('no', 24), ('pic', u'pic/6.png'), ('cla', u'practice'), ('ans', ['num_6'])])
39.1149 	EXP 	image_practice: autoDraw = False
39.1149 	EXP 	point_prac: autoDraw = False
39.1149 	EXP 	image_practice: image = u'pic/6.png'
39.1149 	EXP 	point_prac: autoDraw = True
40.0363 	EXP 	point_prac: autoDraw = False
40.0529 	EXP 	image_practice: autoDraw = True
40.7062 	DATA 	Keypress: num_6
40.7100 	EXP 	New trial (rep=0, index=3): OrderedDict([('no', 5), ('pic', u'pic/5.png'), ('cla', u'practice'), ('ans', ['num_5'])])
40.7971 	EXP 	image_practice: autoDraw = False
40.7971 	EXP 	point_prac: autoDraw = False
40.7971 	EXP 	image_practice: image = u'pic/5.png'
40.7971 	EXP 	point_prac: autoDraw = True
41.7213 	EXP 	point_prac: autoDraw = False
41.7379 	EXP 	image_practice: autoDraw = True
42.2397 	DATA 	Keypress: num_5
42.2430 	EXP 	New trial (rep=0, index=4): OrderedDict([('no', 41), ('pic', u'pic/5.png'), ('cla', u'practice'), ('ans', ['num_5'])])
42.3304 	EXP 	image_practice: autoDraw = False
42.3304 	EXP 	point_prac: autoDraw = False
42.3304 	EXP 	image_practice: image = u'pic/5.png'
42.3304 	EXP 	point_prac: autoDraw = True
43.2561 	EXP 	point_prac: autoDraw = False
43.2727 	EXP 	image_practice: autoDraw = True
43.7253 	DATA 	Keypress: num_5
43.7290 	EXP 	New trial (rep=0, index=5): OrderedDict([('no', 19), ('pic', u'pic/1.png'), ('cla', u'practice'), ('ans', ['num_1'])])
43.8162 	EXP 	image_practice: autoDraw = False
43.8162 	EXP 	point_prac: autoDraw = False
43.8162 	EXP 	image_practice: image = u'pic/1.png'
43.8162 	EXP 	point_prac: autoDraw = True
44.7409 	EXP 	point_prac: autoDraw = False
44.7575 	EXP 	image_practice: autoDraw = True
45.2937 	DATA 	Keypress: num_1
45.2969 	EXP 	New trial (rep=0, index=6): OrderedDict([('no', 3), ('pic', u'pic/3.png'), ('cla', u'practice'), ('ans', ['num_3'])])
45.3946 	EXP 	image_practice: autoDraw = False
45.3946 	EXP 	point_prac: autoDraw = False
45.3946 	EXP 	image_practice: image = u'pic/3.png'
45.3946 	EXP 	point_prac: autoDraw = True
46.3092 	EXP 	point_prac: autoDraw = False
46.3261 	EXP 	image_practice: autoDraw = True
47.1281 	DATA 	Keypress: num_3
47.1317 	EXP 	New trial (rep=0, index=7): OrderedDict([('no', 39), ('pic', u'pic/3.png'), ('cla', u'practice'), ('ans', ['num_3'])])
47.2277 	EXP 	image_practice: autoDraw = False
47.2277 	EXP 	point_prac: autoDraw = False
47.2277 	EXP 	image_practice: image = u'pic/3.png'
47.2277 	EXP 	point_prac: autoDraw = True
48.1443 	EXP 	point_prac: autoDraw = False
48.1609 	EXP 	image_practice: autoDraw = True
48.7295 	DATA 	Keypress: num_3
48.7330 	EXP 	New trial (rep=0, index=8): OrderedDict([('no', 43), ('pic', u'pic/7.png'), ('cla', u'practice'), ('ans', ['num_7'])])
48.8165 	EXP 	image_practice: autoDraw = False
48.8165 	EXP 	point_prac: autoDraw = False
48.8165 	EXP 	image_practice: image = u'pic/7.png'
48.8165 	EXP 	point_prac: autoDraw = True
49.7459 	EXP 	point_prac: autoDraw = False
49.7638 	EXP 	image_practice: autoDraw = True
50.5983 	DATA 	Keypress: num_7
50.6017 	EXP 	New trial (rep=0, index=9): OrderedDict([('no', 29), ('pic', u'pic/2.png'), ('cla', u'practice'), ('ans', ['num_2'])])
50.6883 	EXP 	image_practice: autoDraw = False
50.6883 	EXP 	point_prac: autoDraw = False
50.6883 	EXP 	image_practice: image = u'pic/2.png'
50.6883 	EXP 	point_prac: autoDraw = True
51.6145 	EXP 	point_prac: autoDraw = False
51.6312 	EXP 	image_practice: autoDraw = True
52.3832 	DATA 	Keypress: num_2
52.3870 	EXP 	New trial (rep=0, index=10): OrderedDict([('no', 15), ('pic', u'pic/6.png'), ('cla', u'practice'), ('ans', ['num_6'])])
52.4737 	DATA 	Keypress: num_5
52.4825 	EXP 	image_practice: autoDraw = False
52.4825 	EXP 	point_prac: autoDraw = False
52.4825 	EXP 	image_practice: image = u'pic/6.png'
52.4825 	EXP 	point_prac: autoDraw = True
53.3994 	EXP 	point_prac: autoDraw = False
53.4162 	EXP 	image_practice: autoDraw = True
54.0688 	DATA 	Keypress: num_6
54.0721 	EXP 	New trial (rep=0, index=11): OrderedDict([('no', 13), ('pic', u'pic/4.png'), ('cla', u'practice'), ('ans', ['num_4'])])
54.1609 	EXP 	image_practice: autoDraw = False
54.1609 	EXP 	point_prac: autoDraw = False
54.1609 	EXP 	image_practice: image = u'pic/4.png'
54.1609 	EXP 	point_prac: autoDraw = True
55.0846 	EXP 	point_prac: autoDraw = False
55.1013 	EXP 	image_practice: autoDraw = True
55.7197 	DATA 	Keypress: num_4
55.7226 	EXP 	New trial (rep=0, index=12): OrderedDict([('no', 37), ('pic', u'pic/1.png'), ('cla', u'practice'), ('ans', ['num_1'])])
55.8081 	EXP 	image_practice: autoDraw = False
55.8081 	EXP 	point_prac: autoDraw = False
55.8081 	EXP 	image_practice: image = u'pic/1.png'
55.8081 	EXP 	point_prac: autoDraw = True
56.7363 	EXP 	point_prac: autoDraw = False
56.7536 	EXP 	image_practice: autoDraw = True
57.5057 	DATA 	Keypress: num_1
57.5096 	EXP 	New trial (rep=0, index=13): OrderedDict([('no', 27), ('pic', u'pic/9.png'), ('cla', u'practice'), ('ans', ['num_9'])])
57.6037 	EXP 	image_practice: autoDraw = False
57.6037 	EXP 	point_prac: autoDraw = False
57.6037 	EXP 	image_practice: image = u'pic/9.png'
57.6037 	EXP 	point_prac: autoDraw = True
58.5227 	EXP 	point_prac: autoDraw = False
58.5381 	EXP 	image_practice: autoDraw = True
59.2250 	DATA 	Keypress: num_9
59.2315 	EXP 	New trial (rep=0, index=14): OrderedDict([('no', 4), ('pic', u'pic/4.png'), ('cla', u'practice'), ('ans', ['num_4'])])
59.3249 	EXP 	image_practice: autoDraw = False
59.3249 	EXP 	point_prac: autoDraw = False
59.3249 	EXP 	image_practice: image = u'pic/4.png'
59.3249 	EXP 	point_prac: autoDraw = True
60.2409 	EXP 	point_prac: autoDraw = False
60.2576 	EXP 	image_practice: autoDraw = True
60.9265 	DATA 	Keypress: num_4
60.9303 	EXP 	New trial (rep=0, index=15): OrderedDict([('no', 30), ('pic', u'pic/3.png'), ('cla', u'practice'), ('ans', ['num_3'])])
61.0435 	EXP 	image_practice: autoDraw = False
61.0435 	EXP 	point_prac: autoDraw = False
61.0435 	EXP 	image_practice: image = u'pic/3.png'
61.0435 	EXP 	point_prac: autoDraw = True
61.9426 	EXP 	point_prac: autoDraw = False
61.9591 	EXP 	image_practice: autoDraw = True
63.3287 	DATA 	Keypress: num_5
63.3455 	DATA 	Keypress: num_3
63.3493 	EXP 	New trial (rep=0, index=16): OrderedDict([('no', 14), ('pic', u'pic/5.png'), ('cla', u'practice'), ('ans', ['num_5'])])
63.4383 	EXP 	image_practice: autoDraw = False
63.4383 	EXP 	point_prac: autoDraw = False
63.4383 	EXP 	image_practice: image = u'pic/5.png'
63.4383 	EXP 	point_prac: autoDraw = True
64.3605 	EXP 	point_prac: autoDraw = False
64.3774 	EXP 	image_practice: autoDraw = True
64.9295 	DATA 	Keypress: num_5
64.9329 	EXP 	New trial (rep=0, index=17): OrderedDict([('no', 17), ('pic', u'pic/8.png'), ('cla', u'practice'), ('ans', ['num_8'])])
65.0274 	EXP 	image_practice: autoDraw = False
65.0274 	EXP 	point_prac: autoDraw = False
65.0274 	EXP 	image_practice: image = u'pic/8.png'
65.0274 	EXP 	point_prac: autoDraw = True
65.9455 	EXP 	point_prac: autoDraw = False
65.9622 	EXP 	image_practice: autoDraw = True
66.6142 	DATA 	Keypress: num_8
66.6178 	EXP 	New trial (rep=0, index=18): OrderedDict([('no', 42), ('pic', u'pic/6.png'), ('cla', u'practice'), ('ans', ['num_6'])])
66.7058 	EXP 	image_practice: autoDraw = False
66.7058 	EXP 	point_prac: autoDraw = False
66.7058 	EXP 	image_practice: image = u'pic/6.png'
66.7058 	EXP 	point_prac: autoDraw = True
67.6303 	EXP 	point_prac: autoDraw = False
67.6471 	EXP 	image_practice: autoDraw = True
68.3344 	DATA 	Keypress: num_6
68.3402 	EXP 	New trial (rep=0, index=19): OrderedDict([('no', 26), ('pic', u'pic/8.png'), ('cla', u'practice'), ('ans', ['num_8'])])
68.4313 	EXP 	image_practice: autoDraw = False
68.4313 	EXP 	point_prac: autoDraw = False
68.4313 	EXP 	image_practice: image = u'pic/8.png'
68.4313 	EXP 	point_prac: autoDraw = True
69.3488 	EXP 	point_prac: autoDraw = False
69.3656 	EXP 	image_practice: autoDraw = True
69.9358 	DATA 	Keypress: num_8
69.9534 	EXP 	New trial (rep=0, index=20): OrderedDict([('no', 7), ('pic', u'pic/7.png'), ('cla', u'practice'), ('ans', ['num_7'])])
70.0405 	EXP 	image_practice: autoDraw = False
70.0405 	EXP 	point_prac: autoDraw = False
70.0405 	EXP 	image_practice: image = u'pic/7.png'
70.0405 	EXP 	point_prac: autoDraw = True
70.9667 	EXP 	point_prac: autoDraw = False
70.9834 	EXP 	image_practice: autoDraw = True
71.8533 	DATA 	Keypress: num_7
71.8566 	EXP 	New trial (rep=0, index=21): OrderedDict([('no', 8), ('pic', u'pic/8.png'), ('cla', u'practice'), ('ans', ['num_8'])])
71.9511 	EXP 	image_practice: autoDraw = False
71.9511 	EXP 	point_prac: autoDraw = False
71.9511 	EXP 	image_practice: image = u'pic/8.png'
71.9511 	EXP 	point_prac: autoDraw = True
72.8685 	EXP 	point_prac: autoDraw = False
72.8854 	EXP 	image_practice: autoDraw = True
73.4881 	DATA 	Keypress: num_8
73.4941 	EXP 	New trial (rep=0, index=22): OrderedDict([('no', 11), ('pic', u'pic/2.png'), ('cla', u'practice'), ('ans', ['num_2'])])
73.5764 	EXP 	image_practice: autoDraw = False
73.5764 	EXP 	point_prac: autoDraw = False
73.5764 	EXP 	image_practice: image = u'pic/2.png'
73.5764 	EXP 	point_prac: autoDraw = True
74.5040 	EXP 	point_prac: autoDraw = False
74.5211 	EXP 	image_practice: autoDraw = True
75.3394 	DATA 	Keypress: num_2
75.3428 	EXP 	New trial (rep=0, index=23): OrderedDict([('no', 28), ('pic', u'pic/1.png'), ('cla', u'practice'), ('ans', ['num_1'])])
75.4302 	EXP 	image_practice: autoDraw = False
75.4302 	EXP 	point_prac: autoDraw = False
75.4302 	EXP 	image_practice: image = u'pic/1.png'
75.4302 	EXP 	point_prac: autoDraw = True
76.3568 	EXP 	point_prac: autoDraw = False
76.3721 	EXP 	image_practice: autoDraw = True
77.1582 	DATA 	Keypress: num_1
77.1616 	EXP 	New trial (rep=0, index=24): OrderedDict([('no', 31), ('pic', u'pic/4.png'), ('cla', u'practice'), ('ans', ['num_4'])])
77.2575 	EXP 	image_practice: autoDraw = False
77.2575 	EXP 	point_prac: autoDraw = False
77.2575 	EXP 	image_practice: image = u'pic/4.png'
77.2575 	EXP 	point_prac: autoDraw = True
78.1738 	EXP 	point_prac: autoDraw = False
78.1909 	EXP 	image_practice: autoDraw = True
78.8606 	DATA 	Keypress: num_4
78.8639 	EXP 	New trial (rep=0, index=25): OrderedDict([('no', 40), ('pic', u'pic/4.png'), ('cla', u'practice'), ('ans', ['num_4'])])
78.9480 	EXP 	image_practice: autoDraw = False
78.9480 	EXP 	point_prac: autoDraw = False
78.9480 	EXP 	image_practice: image = u'pic/4.png'
78.9480 	EXP 	point_prac: autoDraw = True
79.8760 	EXP 	point_prac: autoDraw = False
79.8926 	EXP 	image_practice: autoDraw = True
80.4455 	DATA 	Keypress: num_4
80.4492 	EXP 	New trial (rep=0, index=26): OrderedDict([('no', 21), ('pic', u'pic/3.png'), ('cla', u'practice'), ('ans', ['num_3'])])
80.5393 	EXP 	image_practice: autoDraw = False
80.5393 	EXP 	point_prac: autoDraw = False
80.5393 	EXP 	image_practice: image = u'pic/3.png'
80.5393 	EXP 	point_prac: autoDraw = True
81.4609 	EXP 	point_prac: autoDraw = False
81.4777 	EXP 	image_practice: autoDraw = True
82.2630 	DATA 	Keypress: num_3
82.2665 	EXP 	New trial (rep=0, index=27): OrderedDict([('no', 25), ('pic', u'pic/7.png'), ('cla', u'practice'), ('ans', ['num_7'])])
82.3559 	EXP 	image_practice: autoDraw = False
82.3559 	EXP 	point_prac: autoDraw = False
82.3559 	EXP 	image_practice: image = u'pic/7.png'
82.3559 	EXP 	point_prac: autoDraw = True
83.2791 	EXP 	point_prac: autoDraw = False
83.2956 	EXP 	image_practice: autoDraw = True
84.0482 	DATA 	Keypress: num_7
84.0515 	EXP 	New trial (rep=0, index=28): OrderedDict([('no', 36), ('pic', u'pic/9.png'), ('cla', u'practice'), ('ans', ['num_9'])])
84.1347 	EXP 	image_practice: autoDraw = False
84.1347 	EXP 	point_prac: autoDraw = False
84.1347 	EXP 	image_practice: image = u'pic/9.png'
84.1347 	EXP 	point_prac: autoDraw = True
85.0646 	EXP 	point_prac: autoDraw = False
85.0812 	EXP 	image_practice: autoDraw = True
85.8009 	DATA 	Keypress: num_9
85.8044 	EXP 	New trial (rep=0, index=29): OrderedDict([('no', 33), ('pic', u'pic/6.png'), ('cla', u'practice'), ('ans', ['num_6'])])
85.8978 	EXP 	image_practice: autoDraw = False
85.8978 	EXP 	point_prac: autoDraw = False
85.8978 	EXP 	image_practice: image = u'pic/6.png'
85.8978 	EXP 	point_prac: autoDraw = True
86.8171 	EXP 	point_prac: autoDraw = False
86.8329 	EXP 	image_practice: autoDraw = True
87.4348 	DATA 	Keypress: num_6
87.4381 	EXP 	New trial (rep=0, index=30): OrderedDict([('no', 22), ('pic', u'pic/4.png'), ('cla', u'practice'), ('ans', ['num_4'])])
87.5237 	EXP 	image_practice: autoDraw = False
87.5237 	EXP 	point_prac: autoDraw = False
87.5237 	EXP 	image_practice: image = u'pic/4.png'
87.5237 	EXP 	point_prac: autoDraw = True
88.4512 	EXP 	point_prac: autoDraw = False
88.4679 	EXP 	image_practice: autoDraw = True
89.1200 	DATA 	Keypress: num_4
89.1232 	EXP 	New trial (rep=0, index=31): OrderedDict([('no', 34), ('pic', u'pic/7.png'), ('cla', u'practice'), ('ans', ['num_7'])])
89.2092 	EXP 	image_practice: autoDraw = False
89.2092 	EXP 	point_prac: autoDraw = False
89.2092 	EXP 	image_practice: image = u'pic/7.png'
89.2092 	EXP 	point_prac: autoDraw = True
90.1362 	EXP 	point_prac: autoDraw = False
90.1533 	EXP 	image_practice: autoDraw = True
91.0732 	DATA 	Keypress: num_7
91.0801 	EXP 	New trial (rep=0, index=32): OrderedDict([('no', 45), ('pic', u'pic/9.png'), ('cla', u'practice'), ('ans', ['num_9'])])
91.1685 	EXP 	image_practice: autoDraw = False
91.1685 	EXP 	point_prac: autoDraw = False
91.1685 	EXP 	image_practice: image = u'pic/9.png'
91.1685 	EXP 	point_prac: autoDraw = True
92.0890 	EXP 	point_prac: autoDraw = False
92.1067 	EXP 	image_practice: autoDraw = True
93.0410 	DATA 	Keypress: num_9
93.0447 	EXP 	New trial (rep=0, index=33): OrderedDict([('no', 16), ('pic', u'pic/7.png'), ('cla', u'practice'), ('ans', ['num_7'])])
93.1337 	EXP 	image_practice: autoDraw = False
93.1337 	EXP 	point_prac: autoDraw = False
93.1337 	EXP 	image_practice: image = u'pic/7.png'
93.1337 	EXP 	point_prac: autoDraw = True
94.0570 	EXP 	point_prac: autoDraw = False
94.0740 	EXP 	image_practice: autoDraw = True
94.7268 	DATA 	Keypress: num_7
94.7307 	EXP 	New trial (rep=0, index=34): OrderedDict([('no', 2), ('pic', u'pic/2.png'), ('cla', u'practice'), ('ans', ['num_2'])])
94.8175 	EXP 	image_practice: autoDraw = False
94.8175 	EXP 	point_prac: autoDraw = False
94.8175 	EXP 	image_practice: image = u'pic/2.png'
94.8175 	EXP 	point_prac: autoDraw = True
95.7418 	EXP 	point_prac: autoDraw = False
95.7588 	EXP 	image_practice: autoDraw = True
96.5120 	DATA 	Keypress: num_2
96.5297 	EXP 	New trial (rep=0, index=35): OrderedDict([('no', 46), ('pic', u'pic/8.png'), ('cla', u'practice'), ('ans', ['num_8'])])
96.6254 	EXP 	image_practice: autoDraw = False
96.6254 	EXP 	point_prac: autoDraw = False
96.6254 	EXP 	image_practice: image = u'pic/8.png'
96.6254 	EXP 	point_prac: autoDraw = True
97.5446 	EXP 	point_prac: autoDraw = False
97.5612 	EXP 	image_practice: autoDraw = True
98.1456 	DATA 	Keypress: num_8
98.1489 	EXP 	New trial (rep=0, index=36): OrderedDict([('no', 9), ('pic', u'pic/9.png'), ('cla', u'practice'), ('ans', ['num_9'])])
98.2396 	EXP 	image_practice: autoDraw = False
98.2396 	EXP 	point_prac: autoDraw = False
98.2396 	EXP 	image_practice: image = u'pic/9.png'
98.2396 	EXP 	point_prac: autoDraw = True
99.1629 	EXP 	point_prac: autoDraw = False
99.1788 	EXP 	image_practice: autoDraw = True
99.8315 	DATA 	Keypress: num_9
99.8353 	EXP 	New trial (rep=0, index=37): OrderedDict([('no', 20), ('pic', u'pic/2.png'), ('cla', u'practice'), ('ans', ['num_2'])])
99.9304 	EXP 	image_practice: autoDraw = False
99.9304 	EXP 	point_prac: autoDraw = False
99.9304 	EXP 	image_practice: image = u'pic/2.png'
99.9304 	EXP 	point_prac: autoDraw = True
100.8479 	EXP 	point_prac: autoDraw = False
100.8644 	EXP 	image_practice: autoDraw = True
101.6333 	DATA 	Keypress: num_2
101.6369 	EXP 	New trial (rep=0, index=38): OrderedDict([('no', 44), ('pic', u'pic/8.png'), ('cla', u'practice'), ('ans', ['num_8'])])
101.7221 	EXP 	image_practice: autoDraw = False
101.7221 	EXP 	point_prac: autoDraw = False
101.7221 	EXP 	image_practice: image = u'pic/8.png'
101.7221 	EXP 	point_prac: autoDraw = True
102.6489 	EXP 	point_prac: autoDraw = False
102.6654 	EXP 	image_practice: autoDraw = True
103.1519 	DATA 	Keypress: num_8
103.1556 	EXP 	New trial (rep=0, index=39): OrderedDict([('no', 38), ('pic', u'pic/2.png'), ('cla', u'practice'), ('ans', ['num_2'])])
103.2567 	EXP 	image_practice: autoDraw = False
103.2567 	EXP 	point_prac: autoDraw = False
103.2567 	EXP 	image_practice: image = u'pic/2.png'
103.2567 	EXP 	point_prac: autoDraw = True
104.1680 	EXP 	point_prac: autoDraw = False
104.1845 	EXP 	image_practice: autoDraw = True
105.0026 	DATA 	Keypress: num_2
105.0058 	EXP 	New trial (rep=0, index=40): OrderedDict([('no', 23), ('pic', u'pic/5.png'), ('cla', u'practice'), ('ans', ['num_5'])])
105.1155 	EXP 	image_practice: autoDraw = False
105.1155 	EXP 	point_prac: autoDraw = False
105.1155 	EXP 	image_practice: image = u'pic/5.png'
105.1155 	EXP 	point_prac: autoDraw = True
106.0188 	EXP 	point_prac: autoDraw = False
106.0355 	EXP 	image_practice: autoDraw = True
106.6557 	DATA 	Keypress: num_5
106.6597 	EXP 	New trial (rep=0, index=41): OrderedDict([('no', 10), ('pic', u'pic/1.png'), ('cla', u'practice'), ('ans', ['num_1'])])
106.7419 	EXP 	image_practice: autoDraw = False
106.7419 	EXP 	point_prac: autoDraw = False
106.7419 	EXP 	image_practice: image = u'pic/1.png'
106.7419 	EXP 	point_prac: autoDraw = True
107.6714 	EXP 	point_prac: autoDraw = False
107.6875 	EXP 	image_practice: autoDraw = True
108.5392 	DATA 	Keypress: num_1
108.5430 	EXP 	New trial (rep=0, index=42): OrderedDict([('no', 35), ('pic', u'pic/8.png'), ('cla', u'practice'), ('ans', ['num_8'])])
108.6282 	EXP 	image_practice: autoDraw = False
108.6282 	EXP 	point_prac: autoDraw = False
108.6282 	EXP 	image_practice: image = u'pic/8.png'
108.6282 	EXP 	point_prac: autoDraw = True
109.5557 	EXP 	point_prac: autoDraw = False
109.5726 	EXP 	image_practice: autoDraw = True
110.1759 	DATA 	Keypress: num_8
110.1934 	EXP 	New trial (rep=0, index=43): OrderedDict([('no', 47), ('pic', u'pic/2.png'), ('cla', u'practice'), ('ans', ['num_2'])])
110.2811 	EXP 	image_practice: autoDraw = False
110.2811 	EXP 	point_prac: autoDraw = False
110.2811 	EXP 	image_practice: image = u'pic/2.png'
110.2811 	EXP 	point_prac: autoDraw = True
111.2073 	EXP 	point_prac: autoDraw = False
111.2244 	EXP 	image_practice: autoDraw = True
111.9597 	DATA 	Keypress: num_2
111.9630 	EXP 	New trial (rep=0, index=44): OrderedDict([('no', 6), ('pic', u'pic/6.png'), ('cla', u'practice'), ('ans', ['num_6'])])
112.0493 	EXP 	image_practice: autoDraw = False
112.0493 	EXP 	point_prac: autoDraw = False
112.0493 	EXP 	image_practice: image = u'pic/6.png'
112.0493 	EXP 	point_prac: autoDraw = True
112.9757 	EXP 	point_prac: autoDraw = False
112.9923 	EXP 	image_practice: autoDraw = True
113.5777 	DATA 	Keypress: num_6
113.5810 	EXP 	New trial (rep=0, index=45): OrderedDict([('no', 12), ('pic', u'pic/3.png'), ('cla', u'practice'), ('ans', ['num_3'])])
113.6696 	EXP 	image_practice: autoDraw = False
113.6696 	EXP 	point_prac: autoDraw = False
113.6696 	EXP 	image_practice: image = u'pic/3.png'
113.6696 	EXP 	point_prac: autoDraw = True
114.5945 	EXP 	point_prac: autoDraw = False
114.6107 	EXP 	image_practice: autoDraw = True
115.5810 	DATA 	Keypress: num_3
115.5847 	EXP 	New trial (rep=0, index=46): OrderedDict([('no', 18), ('pic', u'pic/9.png'), ('cla', u'practice'), ('ans', ['num_9'])])
115.6766 	EXP 	image_practice: autoDraw = False
115.6766 	EXP 	point_prac: autoDraw = False
115.6766 	EXP 	image_practice: image = u'pic/9.png'
115.6766 	EXP 	point_prac: autoDraw = True
116.5961 	EXP 	point_prac: autoDraw = False
116.6126 	EXP 	image_practice: autoDraw = True
117.3983 	DATA 	Keypress: num_9
117.4248 	EXP 	image_practice: autoDraw = False
117.4248 	EXP 	point_prac: autoDraw = False
117.4248 	EXP 	text_base: autoDraw = True
124.8724 	DATA 	Keypress: space
124.8838 	EXP 	Imported pic\huan.csv as conditions, 2 conditions, 4 params
124.8864 	EXP 	Created sequence: random, trialTypes=2, nReps=1, seed=None
124.8880 	EXP 	New trial (rep=0, index=0): OrderedDict([('no', 1), ('pic', u'pic/2.png'), ('cla', u'huan'), ('ans', ['num_2'])])
124.9664 	EXP 	text_base: autoDraw = False
124.9664 	EXP 	image_huan: image = u'pic/2.png'
124.9664 	EXP 	huan_point: autoDraw = True
125.9034 	EXP 	huan_point: autoDraw = False
125.9034 	EXP 	image_huan: autoDraw = True
126.6579 	DATA 	Keypress: num_2
126.6613 	EXP 	New trial (rep=0, index=1): OrderedDict([('no', 2), ('pic', u'pic/9.png'), ('cla', u'huan'), ('ans', ['num_9'])])
126.7552 	EXP 	huan_point: autoDraw = False
126.7552 	EXP 	image_huan: autoDraw = False
126.7552 	EXP 	image_huan: image = u'pic/9.png'
126.7552 	EXP 	huan_point: autoDraw = True
127.6738 	EXP 	huan_point: autoDraw = False
127.6903 	EXP 	image_huan: autoDraw = True
128.2932 	DATA 	Keypress: num_9
128.3174 	EXP 	Imported pic\baseline_c.csv as conditions, 27 conditions, 4 params
128.3193 	EXP 	Created sequence: random, trialTypes=27, nReps=1, seed=None
128.3210 	EXP 	New trial (rep=0, index=0): OrderedDict([('no', 15), ('pic', u'pic/6.png'), ('cla', u'baseline'), ('ans', ['num_6'])])
128.4274 	EXP 	huan_point: autoDraw = False
128.4274 	EXP 	image_huan: autoDraw = False
128.4274 	EXP 	image_base: image = u'pic/6.png'
128.4274 	EXP 	point_base: autoDraw = True
129.3260 	EXP 	point_base: autoDraw = False
129.3552 	EXP 	image_base: autoDraw = True
130.1954 	DATA 	Keypress: num_6
130.1996 	EXP 	New trial (rep=0, index=1): OrderedDict([('no', 14), ('pic', u'pic/5.png'), ('cla', u'baseline'), ('ans', ['num_5'])])
130.2812 	EXP 	point_base: autoDraw = False
130.2812 	EXP 	image_base: autoDraw = False
130.2812 	EXP 	image_base: image = u'pic/5.png'
130.2812 	EXP 	point_base: autoDraw = True
131.2107 	EXP 	point_base: autoDraw = False
131.2267 	EXP 	image_base: autoDraw = True
131.6642 	DATA 	Keypress: num_5
131.6804 	EXP 	New trial (rep=0, index=2): OrderedDict([('no', 1), ('pic', u'pic/1.png'), ('cla', u'baseline'), ('ans', ['num_1'])])
131.7614 	EXP 	point_base: autoDraw = False
131.7614 	EXP 	image_base: autoDraw = False
131.7614 	EXP 	image_base: image = u'pic/1.png'
131.7614 	EXP 	point_base: autoDraw = True
132.6949 	EXP 	point_base: autoDraw = False
132.7120 	EXP 	image_base: autoDraw = True
133.3808 	DATA 	Keypress: num_1
133.3840 	EXP 	New trial (rep=0, index=3): OrderedDict([('no', 5), ('pic', u'pic/5.png'), ('cla', u'baseline'), ('ans', ['num_5'])])
133.4743 	EXP 	point_base: autoDraw = False
133.4743 	EXP 	image_base: autoDraw = False
133.4743 	EXP 	image_base: image = u'pic/5.png'
133.4743 	EXP 	point_base: autoDraw = True
134.3966 	EXP 	point_base: autoDraw = False
134.4148 	EXP 	image_base: autoDraw = True
134.8990 	DATA 	Keypress: num_5
134.9026 	EXP 	New trial (rep=0, index=4): OrderedDict([('no', 7), ('pic', u'pic/7.png'), ('cla', u'baseline'), ('ans', ['num_7'])])
134.9873 	EXP 	point_base: autoDraw = False
134.9873 	EXP 	image_base: autoDraw = False
134.9873 	EXP 	image_base: image = u'pic/7.png'
134.9873 	EXP 	point_base: autoDraw = True
135.9155 	EXP 	point_base: autoDraw = False
135.9320 	EXP 	image_base: autoDraw = True
136.5520 	DATA 	Keypress: num_7
136.5717 	EXP 	New trial (rep=0, index=5): OrderedDict([('no', 21), ('pic', u'pic/3.png'), ('cla', u'baseline'), ('ans', ['num_3'])])
136.6591 	EXP 	point_base: autoDraw = False
136.6591 	EXP 	image_base: autoDraw = False
136.6591 	EXP 	image_base: image = u'pic/3.png'
136.6591 	EXP 	point_base: autoDraw = True
137.5836 	EXP 	point_base: autoDraw = False
137.6008 	EXP 	image_base: autoDraw = True
138.3532 	DATA 	Keypress: num_3
138.3563 	EXP 	New trial (rep=0, index=6): OrderedDict([('no', 27), ('pic', u'pic/9.png'), ('cla', u'baseline'), ('ans', ['num_9'])])
138.4436 	EXP 	point_base: autoDraw = False
138.4436 	EXP 	image_base: autoDraw = False
138.4436 	EXP 	image_base: image = u'pic/9.png'
138.4436 	EXP 	point_base: autoDraw = True
139.3688 	EXP 	point_base: autoDraw = False
139.3861 	EXP 	image_base: autoDraw = True
140.0876 	DATA 	Keypress: num_9
140.0906 	EXP 	New trial (rep=0, index=7): OrderedDict([('no', 6), ('pic', u'pic/6.png'), ('cla', u'baseline'), ('ans', ['num_6'])])
140.1797 	EXP 	point_base: autoDraw = False
140.1797 	EXP 	image_base: autoDraw = False
140.1797 	EXP 	image_base: image = u'pic/6.png'
140.1797 	EXP 	point_base: autoDraw = True
141.1037 	EXP 	point_base: autoDraw = False
141.1205 	EXP 	image_base: autoDraw = True
141.7412 	DATA 	Keypress: num_6
141.7454 	EXP 	New trial (rep=0, index=8): OrderedDict([('no', 20), ('pic', u'pic/2.png'), ('cla', u'baseline'), ('ans', ['num_2'])])
141.8383 	EXP 	point_base: autoDraw = False
141.8383 	EXP 	image_base: autoDraw = False
141.8383 	EXP 	image_base: image = u'pic/2.png'
141.8383 	EXP 	point_base: autoDraw = True
142.7560 	EXP 	point_base: autoDraw = False
142.7723 	EXP 	image_base: autoDraw = True
143.4243 	DATA 	Keypress: num_2
143.4273 	EXP 	New trial (rep=0, index=9): OrderedDict([('no', 13), ('pic', u'pic/4.png'), ('cla', u'baseline'), ('ans', ['num_4'])])
143.5205 	EXP 	point_base: autoDraw = False
143.5205 	EXP 	image_base: autoDraw = False
143.5205 	EXP 	image_base: image = u'pic/4.png'
143.5205 	EXP 	point_base: autoDraw = True
144.4412 	EXP 	point_base: autoDraw = False
144.4572 	EXP 	image_base: autoDraw = True
145.2605 	DATA 	Keypress: num_4
145.2638 	EXP 	New trial (rep=0, index=10): OrderedDict([('no', 3), ('pic', u'pic/3.png'), ('cla', u'baseline'), ('ans', ['num_3'])])
145.3568 	EXP 	point_base: autoDraw = False
145.3568 	EXP 	image_base: autoDraw = False
145.3568 	EXP 	image_base: image = u'pic/3.png'
145.3568 	EXP 	point_base: autoDraw = True
146.2756 	EXP 	point_base: autoDraw = False
146.2923 	EXP 	image_base: autoDraw = True
147.0797 	DATA 	Keypress: num_3
147.0967 	EXP 	New trial (rep=0, index=11): OrderedDict([('no', 8), ('pic', u'pic/8.png'), ('cla', u'baseline'), ('ans', ['num_8'])])
147.1862 	EXP 	point_base: autoDraw = False
147.1862 	EXP 	image_base: autoDraw = False
147.1862 	EXP 	image_base: image = u'pic/8.png'
147.1862 	EXP 	point_base: autoDraw = True
148.1108 	EXP 	point_base: autoDraw = False
148.1276 	EXP 	image_base: autoDraw = True
148.8629 	DATA 	Keypress: num_8
148.8659 	EXP 	New trial (rep=0, index=12): OrderedDict([('no', 25), ('pic', u'pic/7.png'), ('cla', u'baseline'), ('ans', ['num_7'])])
148.9553 	EXP 	point_base: autoDraw = False
148.9553 	EXP 	image_base: autoDraw = False
148.9553 	EXP 	image_base: image = u'pic/7.png'
148.9553 	EXP 	point_base: autoDraw = True
149.8793 	EXP 	point_base: autoDraw = False
149.8960 	EXP 	image_base: autoDraw = True
150.6647 	DATA 	Keypress: num_7
150.6680 	EXP 	New trial (rep=0, index=13): OrderedDict([('no', 4), ('pic', u'pic/4.png'), ('cla', u'baseline'), ('ans', ['num_4'])])
150.7531 	EXP 	point_base: autoDraw = False
150.7531 	EXP 	image_base: autoDraw = False
150.7531 	EXP 	image_base: image = u'pic/4.png'
150.7531 	EXP 	point_base: autoDraw = True
151.6807 	EXP 	point_base: autoDraw = False
151.6973 	EXP 	image_base: autoDraw = True
152.3169 	DATA 	Keypress: num_4
152.3200 	EXP 	New trial (rep=0, index=14): OrderedDict([('no', 19), ('pic', u'pic/1.png'), ('cla', u'baseline'), ('ans', ['num_1'])])
152.4073 	EXP 	point_base: autoDraw = False
152.4073 	EXP 	image_base: autoDraw = False
152.4073 	EXP 	image_base: image = u'pic/1.png'
152.4073 	EXP 	point_base: autoDraw = True
153.3335 	EXP 	point_base: autoDraw = False
153.3495 	EXP 	image_base: autoDraw = True
154.0514 	DATA 	Keypress: num_1
154.0545 	EXP 	New trial (rep=0, index=15): OrderedDict([('no', 18), ('pic', u'pic/9.png'), ('cla', u'baseline'), ('ans', ['num_9'])])
154.1471 	EXP 	point_base: autoDraw = False
154.1471 	EXP 	image_base: autoDraw = False
154.1471 	EXP 	image_base: image = u'pic/9.png'
154.1471 	EXP 	point_base: autoDraw = True
155.0679 	EXP 	point_base: autoDraw = False
155.0845 	EXP 	image_base: autoDraw = True
155.8700 	DATA 	Keypress: num_9
155.8731 	EXP 	New trial (rep=0, index=16): OrderedDict([('no', 9), ('pic', u'pic/9.png'), ('cla', u'baseline'), ('ans', ['num_9'])])
155.9693 	EXP 	point_base: autoDraw = False
155.9693 	EXP 	image_base: autoDraw = False
155.9693 	EXP 	image_base: image = u'pic/9.png'
155.9693 	EXP 	point_base: autoDraw = True
156.8860 	EXP 	point_base: autoDraw = False
156.9031 	EXP 	image_base: autoDraw = True
157.6397 	DATA 	Keypress: num_9
157.6575 	EXP 	New trial (rep=0, index=17): OrderedDict([('no', 24), ('pic', u'pic/6.png'), ('cla', u'baseline'), ('ans', ['num_6'])])
157.7451 	EXP 	point_base: autoDraw = False
157.7451 	EXP 	image_base: autoDraw = False
157.7451 	EXP 	image_base: image = u'pic/6.png'
157.7451 	EXP 	point_base: autoDraw = True
158.6714 	EXP 	point_base: autoDraw = False
158.6880 	EXP 	image_base: autoDraw = True
159.3241 	DATA 	Keypress: num_6
159.3291 	EXP 	New trial (rep=0, index=18): OrderedDict([('no', 2), ('pic', u'pic/2.png'), ('cla', u'baseline'), ('ans', ['num_2'])])
159.4090 	EXP 	point_base: autoDraw = False
159.4090 	EXP 	image_base: autoDraw = False
159.4090 	EXP 	image_base: image = u'pic/2.png'
159.4090 	EXP 	point_base: autoDraw = True
160.3402 	EXP 	point_base: autoDraw = False
160.3571 	EXP 	image_base: autoDraw = True
161.4259 	DATA 	Keypress: num_2
161.4289 	EXP 	New trial (rep=0, index=19): OrderedDict([('no', 22), ('pic', u'pic/4.png'), ('cla', u'baseline'), ('ans', ['num_4'])])
161.5111 	EXP 	point_base: autoDraw = False
161.5111 	EXP 	image_base: autoDraw = False
161.5111 	EXP 	image_base: image = u'pic/4.png'
161.5111 	EXP 	point_base: autoDraw = True
162.4419 	EXP 	point_base: autoDraw = False
162.4586 	EXP 	image_base: autoDraw = True
162.9938 	DATA 	Keypress: num_4
162.9969 	EXP 	New trial (rep=0, index=20): OrderedDict([('no', 23), ('pic', u'pic/5.png'), ('cla', u'baseline'), ('ans', ['num_5'])])
163.0850 	EXP 	point_base: autoDraw = False
163.0850 	EXP 	image_base: autoDraw = False
163.0850 	EXP 	image_base: image = u'pic/5.png'
163.0850 	EXP 	point_base: autoDraw = True
164.0099 	EXP 	point_base: autoDraw = False
164.0269 	EXP 	image_base: autoDraw = True
164.4293 	DATA 	Keypress: num_5
164.4323 	EXP 	New trial (rep=0, index=21): OrderedDict([('no', 17), ('pic', u'pic/8.png'), ('cla', u'baseline'), ('ans', ['num_8'])])
164.5203 	EXP 	point_base: autoDraw = False
164.5203 	EXP 	image_base: autoDraw = False
164.5203 	EXP 	image_base: image = u'pic/8.png'
164.5203 	EXP 	point_base: autoDraw = True
165.4448 	EXP 	point_base: autoDraw = False
165.4614 	EXP 	image_base: autoDraw = True
166.0481 	DATA 	Keypress: num_8
166.0659 	EXP 	New trial (rep=0, index=22): OrderedDict([('no', 10), ('pic', u'pic/1.png'), ('cla', u'baseline'), ('ans', ['num_1'])])
166.1481 	EXP 	point_base: autoDraw = False
166.1481 	EXP 	image_base: autoDraw = False
166.1481 	EXP 	image_base: image = u'pic/1.png'
166.1481 	EXP 	point_base: autoDraw = True
167.0797 	EXP 	point_base: autoDraw = False
167.0966 	EXP 	image_base: autoDraw = True
167.9015 	DATA 	Keypress: num_1
167.9070 	EXP 	New trial (rep=0, index=23): OrderedDict([('no', 26), ('pic', u'pic/8.png'), ('cla', u'baseline'), ('ans', ['num_8'])])
168.0111 	EXP 	point_base: autoDraw = False
168.0111 	EXP 	image_base: autoDraw = False
168.0111 	EXP 	image_base: image = u'pic/8.png'
168.0111 	EXP 	point_base: autoDraw = True
168.9159 	EXP 	point_base: autoDraw = False
168.9326 	EXP 	image_base: autoDraw = True
169.4669 	DATA 	Keypress: num_8
169.4699 	EXP 	New trial (rep=0, index=24): OrderedDict([('no', 16), ('pic', u'pic/7.png'), ('cla', u'baseline'), ('ans', ['num_7'])])
169.5570 	EXP 	point_base: autoDraw = False
169.5570 	EXP 	image_base: autoDraw = False
169.5570 	EXP 	image_base: image = u'pic/7.png'
169.5570 	EXP 	point_base: autoDraw = True
170.4832 	EXP 	point_base: autoDraw = False
170.4998 	EXP 	image_base: autoDraw = True
171.2853 	DATA 	Keypress: num_7
171.2884 	EXP 	New trial (rep=0, index=25): OrderedDict([('no', 12), ('pic', u'pic/3.png'), ('cla', u'baseline'), ('ans', ['num_3'])])
171.3767 	EXP 	point_base: autoDraw = False
171.3767 	EXP 	image_base: autoDraw = False
171.3767 	EXP 	image_base: image = u'pic/3.png'
171.3767 	EXP 	point_base: autoDraw = True
172.3018 	EXP 	point_base: autoDraw = False
172.3184 	EXP 	image_base: autoDraw = True
173.2374 	DATA 	Keypress: num_3
173.2404 	EXP 	New trial (rep=0, index=26): OrderedDict([('no', 11), ('pic', u'pic/2.png'), ('cla', u'baseline'), ('ans', ['num_2'])])
173.3314 	EXP 	point_base: autoDraw = False
173.3314 	EXP 	image_base: autoDraw = False
173.3314 	EXP 	image_base: image = u'pic/2.png'
173.3314 	EXP 	point_base: autoDraw = True
174.2538 	EXP 	point_base: autoDraw = False
174.2709 	EXP 	image_base: autoDraw = True
175.2393 	DATA 	Keypress: num_2
175.3874 	EXP 	Imported pic\formal_click.csv as conditions, 105 conditions, 4 params
175.3892 	EXP 	Created sequence: sequential, trialTypes=105, nReps=1, seed=None
175.3904 	EXP 	New trial (rep=0, index=0): OrderedDict([('pic', u'pic/2.png'), ('ans', ['num_2']), ('cla', u'aa'), ('no', 1)])
175.4613 	EXP 	point_base: autoDraw = False
175.4613 	EXP 	image_base: autoDraw = False
175.4613 	EXP 	image_for: image = u'pic/2.png'
175.4613 	EXP 	point_for: autoDraw = True
176.4123 	EXP 	point_for: autoDraw = False
176.4123 	EXP 	image_for: autoDraw = True
177.0911 	DATA 	Keypress: num_2
177.0952 	EXP 	New trial (rep=0, index=1): OrderedDict([('pic', u'pic/2.png'), ('ans', ['num_2']), ('cla', u'aa'), ('no', 2)])
177.1798 	EXP 	point_for: autoDraw = False
177.1798 	EXP 	image_for: autoDraw = False
177.1798 	EXP 	image_for: image = u'pic/2.png'
177.1798 	EXP 	point_for: autoDraw = True
178.1076 	EXP 	point_for: autoDraw = False
178.1247 	EXP 	image_for: autoDraw = True
178.6097 	DATA 	Keypress: num_2
178.6129 	EXP 	New trial (rep=0, index=2): OrderedDict([('pic', u'pic/7.png'), ('ans', ['num_7']), ('cla', u'aa'), ('no', 3)])
178.7075 	EXP 	point_for: autoDraw = False
178.7075 	EXP 	image_for: autoDraw = False
178.7075 	EXP 	image_for: image = u'pic/7.png'
178.7075 	EXP 	point_for: autoDraw = True
179.6258 	EXP 	point_for: autoDraw = False
179.6423 	EXP 	image_for: autoDraw = True
180.5112 	DATA 	Keypress: num_7
180.5149 	EXP 	New trial (rep=0, index=3): OrderedDict([('pic', u'pic/7.png'), ('ans', ['num_7']), ('cla', u'aa'), ('no', 4)])
180.6135 	EXP 	point_for: autoDraw = False
180.6135 	EXP 	image_for: autoDraw = False
180.6135 	EXP 	image_for: image = u'pic/7.png'
180.6135 	EXP 	point_for: autoDraw = True
181.5276 	EXP 	point_for: autoDraw = False
181.5444 	EXP 	image_for: autoDraw = True
182.3311 	DATA 	Keypress: num_7
182.3346 	EXP 	New trial (rep=0, index=4): OrderedDict([('pic', u'pic/3.png'), ('ans', ['num_3']), ('cla', u'aa'), ('no', 5)])
182.4303 	EXP 	point_for: autoDraw = False
182.4303 	EXP 	image_for: autoDraw = False
182.4303 	EXP 	image_for: image = u'pic/3.png'
182.4303 	EXP 	point_for: autoDraw = True
183.3460 	EXP 	point_for: autoDraw = False
183.3627 	EXP 	image_for: autoDraw = True
184.0821 	DATA 	Keypress: num_3
184.0856 	EXP 	New trial (rep=0, index=5): OrderedDict([('pic', u'pic/3.png'), ('ans', ['num_3']), ('cla', u'aa'), ('no', 6)])
184.1816 	EXP 	point_for: autoDraw = False
184.1816 	EXP 	image_for: autoDraw = False
184.1816 	EXP 	image_for: image = u'pic/3.png'
184.1816 	EXP 	point_for: autoDraw = True
185.0977 	EXP 	point_for: autoDraw = False
185.1149 	EXP 	image_for: autoDraw = True
185.7999 	DATA 	Keypress: num_3
185.8030 	EXP 	New trial (rep=0, index=6): OrderedDict([('pic', u'pic/9.png'), ('ans', ['num_9']), ('cla', u'aa'), ('no', 7)])
185.8983 	EXP 	point_for: autoDraw = False
185.8983 	EXP 	image_for: autoDraw = False
185.8983 	EXP 	image_for: image = u'pic/9.png'
185.8983 	EXP 	point_for: autoDraw = True
186.8161 	EXP 	point_for: autoDraw = False
186.8330 	EXP 	image_for: autoDraw = True
187.5682 	DATA 	Keypress: num_9
187.5713 	EXP 	New trial (rep=0, index=7): OrderedDict([('pic', u'pic/9.png'), ('ans', ['num_9']), ('cla', u'aa'), ('no', 8)])
187.6594 	EXP 	point_for: autoDraw = False
187.6594 	EXP 	image_for: autoDraw = False
187.6594 	EXP 	image_for: image = u'pic/9.png'
187.6594 	EXP 	point_for: autoDraw = True
188.5845 	EXP 	point_for: autoDraw = False
188.6018 	EXP 	image_for: autoDraw = True
189.3701 	DATA 	Keypress: num_9
189.3732 	EXP 	New trial (rep=0, index=8): OrderedDict([('pic', u'pic/6.png'), ('ans', ['num_6']), ('cla', u'aa'), ('no', 9)])
189.4559 	EXP 	point_for: autoDraw = False
189.4559 	EXP 	image_for: autoDraw = False
189.4559 	EXP 	image_for: image = u'pic/6.png'
189.4559 	EXP 	point_for: autoDraw = True
190.3858 	EXP 	point_for: autoDraw = False
190.4025 	EXP 	image_for: autoDraw = True
191.1566 	DATA 	Keypress: num_6
191.1619 	EXP 	New trial (rep=0, index=9): OrderedDict([('pic', u'pic/6.png'), ('ans', ['num_6']), ('cla', u'aa'), ('no', 10)])
191.2506 	EXP 	point_for: autoDraw = False
191.2506 	EXP 	image_for: autoDraw = False
191.2506 	EXP 	image_for: image = u'pic/6.png'
191.2506 	EXP 	point_for: autoDraw = True
192.1715 	EXP 	point_for: autoDraw = False
192.1882 	EXP 	image_for: autoDraw = True
192.5561 	DATA 	Keypress: num_6
192.5587 	EXP 	New trial (rep=0, index=10): OrderedDict([('pic', u'pic/7.png'), ('ans', ['num_7']), ('cla', u'huan'), ('no', -1)])
192.6407 	EXP 	point_for: autoDraw = False
192.6407 	EXP 	image_for: autoDraw = False
192.6407 	EXP 	image_for: image = u'pic/7.png'
192.6407 	EXP 	point_for: autoDraw = True
193.5729 	EXP 	point_for: autoDraw = False
193.5896 	EXP 	image_for: autoDraw = True
194.2421 	DATA 	Keypress: num_7
194.2451 	EXP 	New trial (rep=0, index=11): OrderedDict([('pic', u'pic/9.png'), ('ans', ['num_9']), ('cla', u'huan'), ('no', -1)])
194.3322 	EXP 	point_for: autoDraw = False
194.3322 	EXP 	image_for: autoDraw = False
194.3322 	EXP 	image_for: image = u'pic/9.png'
194.3322 	EXP 	point_for: autoDraw = True
195.2581 	EXP 	point_for: autoDraw = False
195.2747 	EXP 	image_for: autoDraw = True
196.0933 	DATA 	Keypress: num_9
196.0964 	EXP 	New trial (rep=0, index=12): OrderedDict([('pic', u'pic/4.png'), ('ans', ['num_4']), ('cla', u'aaa'), ('no', 11)])
196.1903 	EXP 	point_for: autoDraw = False
196.1903 	EXP 	image_for: autoDraw = False
196.1903 	EXP 	image_for: image = u'pic/4.png'
196.1903 	EXP 	point_for: autoDraw = True
197.1100 	EXP 	point_for: autoDraw = False
197.1266 	EXP 	image_for: autoDraw = True
197.7786 	DATA 	Keypress: num_4
197.7820 	EXP 	New trial (rep=0, index=13): OrderedDict([('pic', u'pic/4.png'), ('ans', ['num_4']), ('cla', u'aaa'), ('no', 12)])
197.8793 	EXP 	point_for: autoDraw = False
197.8793 	EXP 	image_for: autoDraw = False
197.8793 	EXP 	image_for: image = u'pic/4.png'
197.8793 	EXP 	point_for: autoDraw = True
198.7947 	EXP 	point_for: autoDraw = False
198.8116 	EXP 	image_for: autoDraw = True
199.2967 	DATA 	Keypress: num_4
199.2997 	EXP 	New trial (rep=0, index=14): OrderedDict([('pic', u'pic/4.png'), ('ans', ['num_4']), ('cla', u'aaa'), ('no', 13)])
199.3868 	EXP 	point_for: autoDraw = False
199.3868 	EXP 	image_for: autoDraw = False
199.3868 	EXP 	image_for: image = u'pic/4.png'
199.3868 	EXP 	point_for: autoDraw = True
200.3130 	EXP 	point_for: autoDraw = False
200.3298 	EXP 	image_for: autoDraw = True
200.7151 	DATA 	Keypress: num_4
200.7201 	EXP 	New trial (rep=0, index=15): OrderedDict([('pic', u'pic/6.png'), ('ans', ['num_6']), ('cla', u'aaa'), ('no', 14)])
200.8008 	EXP 	point_for: autoDraw = False
200.8008 	EXP 	image_for: autoDraw = False
200.8008 	EXP 	image_for: image = u'pic/6.png'
200.8008 	EXP 	point_for: autoDraw = True
201.7315 	EXP 	point_for: autoDraw = False
201.7484 	EXP 	image_for: autoDraw = True
202.3662 	DATA 	Keypress: num_6
202.3692 	EXP 	New trial (rep=0, index=16): OrderedDict([('pic', u'pic/6.png'), ('ans', ['num_6']), ('cla', u'aaa'), ('no', 15)])
202.4574 	EXP 	point_for: autoDraw = False
202.4574 	EXP 	image_for: autoDraw = False
202.4574 	EXP 	image_for: image = u'pic/6.png'
202.4574 	EXP 	point_for: autoDraw = True
203.3821 	EXP 	point_for: autoDraw = False
203.3989 	EXP 	image_for: autoDraw = True
203.7342 	DATA 	Keypress: num_6
203.7369 	EXP 	New trial (rep=0, index=17): OrderedDict([('pic', u'pic/6.png'), ('ans', ['num_6']), ('cla', u'aaa'), ('no', 16)])
203.8248 	EXP 	point_for: autoDraw = False
203.8248 	EXP 	image_for: autoDraw = False
203.8248 	EXP 	image_for: image = u'pic/6.png'
203.8248 	EXP 	point_for: autoDraw = True
204.7507 	EXP 	point_for: autoDraw = False
204.7675 	EXP 	image_for: autoDraw = True
205.1523 	DATA 	Keypress: num_6
205.1554 	EXP 	New trial (rep=0, index=18): OrderedDict([('pic', u'pic/7.png'), ('ans', ['num_7']), ('cla', u'aaa'), ('no', 17)])
205.2460 	EXP 	point_for: autoDraw = False
205.2460 	EXP 	image_for: autoDraw = False
205.2460 	EXP 	image_for: image = u'pic/7.png'
205.2460 	EXP 	point_for: autoDraw = True
206.1690 	EXP 	point_for: autoDraw = False
206.1854 	EXP 	image_for: autoDraw = True
206.8040 	DATA 	Keypress: num_7
206.8070 	EXP 	New trial (rep=0, index=19): OrderedDict([('pic', u'pic/7.png'), ('ans', ['num_7']), ('cla', u'aaa'), ('no', 18)])
206.8985 	EXP 	point_for: autoDraw = False
206.8985 	EXP 	image_for: autoDraw = False
206.8985 	EXP 	image_for: image = u'pic/7.png'
206.8985 	EXP 	point_for: autoDraw = True
207.8200 	EXP 	point_for: autoDraw = False
207.8367 	EXP 	image_for: autoDraw = True
208.4559 	DATA 	Keypress: num_7
208.4589 	EXP 	New trial (rep=0, index=20): OrderedDict([('pic', u'pic/7.png'), ('ans', ['num_7']), ('cla', u'aaa'), ('no', 19)])
208.5526 	EXP 	point_for: autoDraw = False
208.5526 	EXP 	image_for: autoDraw = False
208.5526 	EXP 	image_for: image = u'pic/7.png'
208.5526 	EXP 	point_for: autoDraw = True
209.4720 	EXP 	point_for: autoDraw = False
209.4888 	EXP 	image_for: autoDraw = True
209.9072 	DATA 	Keypress: num_7
209.9103 	EXP 	New trial (rep=0, index=21): OrderedDict([('pic', u'pic/5.png'), ('ans', ['num_5']), ('cla', u'aaa'), ('no', 20)])
210.0009 	EXP 	point_for: autoDraw = False
210.0009 	EXP 	image_for: autoDraw = False
210.0009 	EXP 	image_for: image = u'pic/5.png'
210.0009 	EXP 	point_for: autoDraw = True
210.9236 	EXP 	point_for: autoDraw = False
210.9402 	EXP 	image_for: autoDraw = True
211.5423 	DATA 	Keypress: num_5
211.5453 	EXP 	New trial (rep=0, index=22): OrderedDict([('pic', u'pic/5.png'), ('ans', ['num_5']), ('cla', u'aaa'), ('no', 21)])
211.6331 	EXP 	point_for: autoDraw = False
211.6331 	EXP 	image_for: autoDraw = False
211.6331 	EXP 	image_for: image = u'pic/5.png'
211.6331 	EXP 	point_for: autoDraw = True
212.5586 	EXP 	point_for: autoDraw = False
212.5752 	EXP 	image_for: autoDraw = True
213.0958 	DATA 	Keypress: num_5
213.0999 	EXP 	New trial (rep=0, index=23): OrderedDict([('pic', u'pic/5.png'), ('ans', ['num_5']), ('cla', u'aaa'), ('no', 22)])
213.1948 	EXP 	point_for: autoDraw = False
213.1948 	EXP 	image_for: autoDraw = False
213.1948 	EXP 	image_for: image = u'pic/5.png'
213.1948 	EXP 	point_for: autoDraw = True
214.1101 	EXP 	point_for: autoDraw = False
214.1281 	EXP 	image_for: autoDraw = True
214.6463 	DATA 	Keypress: num_5
214.6494 	EXP 	New trial (rep=0, index=24): OrderedDict([('pic', u'pic/8.png'), ('ans', ['num_8']), ('cla', u'huan'), ('no', -1)])
214.7369 	EXP 	point_for: autoDraw = False
214.7369 	EXP 	image_for: autoDraw = False
214.7369 	EXP 	image_for: image = u'pic/8.png'
214.7369 	EXP 	point_for: autoDraw = True
215.6617 	EXP 	point_for: autoDraw = False
215.6786 	EXP 	image_for: autoDraw = True
216.3147 	DATA 	Keypress: num_8
216.3182 	EXP 	New trial (rep=0, index=25): OrderedDict([('pic', u'pic/9.png'), ('ans', ['num_9']), ('cla', u'huan'), ('no', -1)])
216.4081 	EXP 	point_for: autoDraw = False
216.4081 	EXP 	image_for: autoDraw = False
216.4081 	EXP 	image_for: image = u'pic/9.png'
216.4081 	EXP 	point_for: autoDraw = True
217.3294 	EXP 	point_for: autoDraw = False
217.3461 	EXP 	image_for: autoDraw = True
218.0487 	DATA 	Keypress: num_9
218.0517 	EXP 	New trial (rep=0, index=26): OrderedDict([('pic', u'pic/1.png'), ('ans', ['num_1']), ('cla', u'abb'), ('no', 23)])
218.1404 	EXP 	point_for: autoDraw = False
218.1404 	EXP 	image_for: autoDraw = False
218.1404 	EXP 	image_for: image = u'pic/1.png'
218.1404 	EXP 	point_for: autoDraw = True
219.0650 	EXP 	point_for: autoDraw = False
219.0820 	EXP 	image_for: autoDraw = True
219.9005 	DATA 	Keypress: num_1
219.9035 	EXP 	New trial (rep=0, index=27): OrderedDict([('pic', u'pic/9.png'), ('ans', ['num_9']), ('cla', u'abb'), ('no', 24)])
219.9900 	EXP 	point_for: autoDraw = False
219.9900 	EXP 	image_for: autoDraw = False
219.9900 	EXP 	image_for: image = u'pic/9.png'
219.9900 	EXP 	point_for: autoDraw = True
220.9168 	EXP 	point_for: autoDraw = False
220.9335 	EXP 	image_for: autoDraw = True
221.6023 	DATA 	Keypress: num_9
221.6055 	EXP 	New trial (rep=0, index=28): OrderedDict([('pic', u'pic/9.png'), ('ans', ['num_9']), ('cla', u'abb'), ('no', 25)])
221.6930 	EXP 	point_for: autoDraw = False
221.6930 	EXP 	image_for: autoDraw = False
221.6930 	EXP 	image_for: image = u'pic/9.png'
221.6930 	EXP 	point_for: autoDraw = True
222.6180 	EXP 	point_for: autoDraw = False
222.6347 	EXP 	image_for: autoDraw = True
223.0537 	DATA 	Keypress: num_9
223.0569 	EXP 	New trial (rep=0, index=29): OrderedDict([('pic', u'pic/7.png'), ('ans', ['num_7']), ('cla', u'abb'), ('no', 26)])
223.1440 	EXP 	point_for: autoDraw = False
223.1440 	EXP 	image_for: autoDraw = False
223.1440 	EXP 	image_for: image = u'pic/7.png'
223.1440 	EXP 	point_for: autoDraw = True
224.0700 	EXP 	point_for: autoDraw = False
224.0869 	EXP 	image_for: autoDraw = True
224.8723 	DATA 	Keypress: num_7
224.8752 	EXP 	New trial (rep=0, index=30): OrderedDict([('pic', u'pic/9.png'), ('ans', ['num_9']), ('cla', u'abb'), ('no', 27)])
224.9629 	EXP 	point_for: autoDraw = False
224.9629 	EXP 	image_for: autoDraw = False
224.9629 	EXP 	image_for: image = u'pic/9.png'
224.9629 	EXP 	point_for: autoDraw = True
225.8882 	EXP 	point_for: autoDraw = False
225.9051 	EXP 	image_for: autoDraw = True
226.5594 	DATA 	Keypress: num_9
226.5763 	EXP 	New trial (rep=0, index=31): OrderedDict([('pic', u'pic/9.png'), ('ans', ['num_9']), ('cla', u'abb'), ('no', 28)])
226.6468 	EXP 	point_for: autoDraw = False
226.6468 	EXP 	image_for: autoDraw = False
226.6468 	EXP 	image_for: image = u'pic/9.png'
226.6468 	EXP 	point_for: autoDraw = True
227.5914 	EXP 	point_for: autoDraw = False
227.6070 	EXP 	image_for: autoDraw = True
227.9755 	DATA 	Keypress: num_9
227.9787 	EXP 	New trial (rep=0, index=32): OrderedDict([('pic', u'pic/6.png'), ('ans', ['num_6']), ('cla', u'abb'), ('no', 29)])
228.0686 	EXP 	point_for: autoDraw = False
228.0686 	EXP 	image_for: autoDraw = False
228.0686 	EXP 	image_for: image = u'pic/6.png'
228.0686 	EXP 	point_for: autoDraw = True
228.9910 	EXP 	point_for: autoDraw = False
229.0080 	EXP 	image_for: autoDraw = True
229.7604 	DATA 	Keypress: num_6
229.7634 	EXP 	New trial (rep=0, index=33): OrderedDict([('pic', u'pic/4.png'), ('ans', ['num_4']), ('cla', u'abb'), ('no', 30)])
229.8509 	EXP 	point_for: autoDraw = False
229.8509 	EXP 	image_for: autoDraw = False
229.8509 	EXP 	image_for: image = u'pic/4.png'
229.8509 	EXP 	point_for: autoDraw = True
230.7768 	EXP 	point_for: autoDraw = False
230.7934 	EXP 	image_for: autoDraw = True
231.2632 	DATA 	Keypress: num_4
231.2665 	EXP 	New trial (rep=0, index=34): OrderedDict([('pic', u'pic/4.png'), ('ans', ['num_4']), ('cla', u'abb'), ('no', 31)])
231.3512 	EXP 	point_for: autoDraw = False
231.3512 	EXP 	image_for: autoDraw = False
231.3512 	EXP 	image_for: image = u'pic/4.png'
231.3512 	EXP 	point_for: autoDraw = True
232.2783 	EXP 	point_for: autoDraw = False
232.2949 	EXP 	image_for: autoDraw = True
232.7483 	DATA 	Keypress: num_4
232.7524 	EXP 	New trial (rep=0, index=35): OrderedDict([('pic', u'pic/4.png'), ('ans', ['num_4']), ('cla', u'abb'), ('no', 32)])
232.8383 	EXP 	point_for: autoDraw = False
232.8383 	EXP 	image_for: autoDraw = False
232.8383 	EXP 	image_for: image = u'pic/4.png'
232.8383 	EXP 	point_for: autoDraw = True
233.7632 	EXP 	point_for: autoDraw = False
233.7799 	EXP 	image_for: autoDraw = True
234.1814 	DATA 	Keypress: num_4
234.1844 	EXP 	New trial (rep=0, index=36): OrderedDict([('pic', u'pic/7.png'), ('ans', ['num_7']), ('cla', u'abb'), ('no', 33)])
234.2737 	EXP 	point_for: autoDraw = False
234.2737 	EXP 	image_for: autoDraw = False
234.2737 	EXP 	image_for: image = u'pic/7.png'
234.2737 	EXP 	point_for: autoDraw = True
235.1982 	EXP 	point_for: autoDraw = False
235.2145 	EXP 	image_for: autoDraw = True
235.6830 	DATA 	Keypress: num_4
236.2001 	DATA 	Keypress: num_7
236.2032 	EXP 	New trial (rep=0, index=37): OrderedDict([('pic', u'pic/7.png'), ('ans', ['num_7']), ('cla', u'abb'), ('no', 34)])
236.2972 	EXP 	point_for: autoDraw = False
236.2972 	EXP 	image_for: autoDraw = False
236.2972 	EXP 	image_for: image = u'pic/7.png'
236.2972 	EXP 	point_for: autoDraw = True
237.2164 	EXP 	point_for: autoDraw = False
237.2332 	EXP 	image_for: autoDraw = True
237.8518 	DATA 	Keypress: num_7
237.8554 	EXP 	New trial (rep=0, index=38): OrderedDict([('pic', u'pic/4.png'), ('ans', ['num_4']), ('cla', u'abb'), ('no', 35)])
237.9506 	EXP 	point_for: autoDraw = False
237.9506 	EXP 	image_for: autoDraw = False
237.9506 	EXP 	image_for: image = u'pic/4.png'
237.9506 	EXP 	point_for: autoDraw = True
238.8682 	EXP 	point_for: autoDraw = False
238.8849 	EXP 	image_for: autoDraw = True
239.5205 	DATA 	Keypress: num_4
239.5242 	EXP 	New trial (rep=0, index=39): OrderedDict([('pic', u'pic/3.png'), ('ans', ['num_3']), ('cla', u'abb'), ('no', 36)])
239.6142 	EXP 	point_for: autoDraw = False
239.6142 	EXP 	image_for: autoDraw = False
239.6142 	EXP 	image_for: image = u'pic/3.png'
239.6142 	EXP 	point_for: autoDraw = True
240.5363 	EXP 	point_for: autoDraw = False
240.5527 	EXP 	image_for: autoDraw = True
241.3895 	DATA 	Keypress: num_3
241.3926 	EXP 	New trial (rep=0, index=40): OrderedDict([('pic', u'pic/3.png'), ('ans', ['num_3']), ('cla', u'abb'), ('no', 37)])
241.4880 	EXP 	point_for: autoDraw = False
241.4880 	EXP 	image_for: autoDraw = False
241.4880 	EXP 	image_for: image = u'pic/3.png'
241.4880 	EXP 	point_for: autoDraw = True
242.4050 	EXP 	point_for: autoDraw = False
242.4217 	EXP 	image_for: autoDraw = True
243.0913 	DATA 	Keypress: num_3
243.0960 	EXP 	New trial (rep=0, index=41): OrderedDict([('pic', u'pic/7.png'), ('ans', ['num_7']), ('cla', u'abb'), ('no', 38)])
243.1953 	EXP 	point_for: autoDraw = False
243.1953 	EXP 	image_for: autoDraw = False
243.1953 	EXP 	image_for: image = u'pic/7.png'
243.1953 	EXP 	point_for: autoDraw = True
244.1068 	EXP 	point_for: autoDraw = False
244.1244 	EXP 	image_for: autoDraw = True
244.8098 	DATA 	Keypress: num_7
244.8133 	EXP 	New trial (rep=0, index=42): OrderedDict([('pic', u'pic/1.png'), ('ans', ['num_1']), ('cla', u'abb'), ('no', 39)])
244.9015 	EXP 	point_for: autoDraw = False
244.9015 	EXP 	image_for: autoDraw = False
244.9015 	EXP 	image_for: image = u'pic/1.png'
244.9015 	EXP 	point_for: autoDraw = True
245.8253 	EXP 	point_for: autoDraw = False
245.8418 	EXP 	image_for: autoDraw = True
246.5439 	DATA 	Keypress: num_1
246.5470 	EXP 	New trial (rep=0, index=43): OrderedDict([('pic', u'pic/1.png'), ('ans', ['num_1']), ('cla', u'abb'), ('no', 40)])
246.6389 	EXP 	point_for: autoDraw = False
246.6389 	EXP 	image_for: autoDraw = False
246.6389 	EXP 	image_for: image = u'pic/1.png'
246.6389 	EXP 	point_for: autoDraw = True
247.5601 	EXP 	point_for: autoDraw = False
247.5770 	EXP 	image_for: autoDraw = True
248.2289 	DATA 	Keypress: num_1
248.2319 	EXP 	New trial (rep=0, index=44): OrderedDict([('pic', u'pic/6.png'), ('ans', ['num_6']), ('cla', u'abb'), ('no', 41)])
248.3222 	EXP 	point_for: autoDraw = False
248.3222 	EXP 	image_for: autoDraw = False
248.3222 	EXP 	image_for: image = u'pic/6.png'
248.3222 	EXP 	point_for: autoDraw = True
249.2453 	EXP 	point_for: autoDraw = False
249.2618 	EXP 	image_for: autoDraw = True
249.7971 	DATA 	Keypress: num_6
249.8001 	EXP 	New trial (rep=0, index=45): OrderedDict([('pic', u'pic/2.png'), ('ans', ['num_2']), ('cla', u'abb'), ('no', 42)])
249.8899 	EXP 	point_for: autoDraw = False
249.8899 	EXP 	image_for: autoDraw = False
249.8899 	EXP 	image_for: image = u'pic/2.png'
249.8899 	EXP 	point_for: autoDraw = True
250.8135 	EXP 	point_for: autoDraw = False
250.8301 	EXP 	image_for: autoDraw = True
251.5998 	DATA 	Keypress: num_1
252.1494 	DATA 	Keypress: num_1
252.5836 	DATA 	Keypress: num_1
252.9346 	DATA 	Keypress: num_4
253.5513 	DATA 	Keypress: num_1
254.9689 	DATA 	Keypress: num_2
254.9719 	EXP 	New trial (rep=0, index=46): OrderedDict([('pic', u'pic/2.png'), ('ans', ['num_2']), ('cla', u'abb'), ('no', 43)])
255.0597 	EXP 	point_for: autoDraw = False
255.0597 	EXP 	image_for: autoDraw = False
255.0597 	EXP 	image_for: image = u'pic/2.png'
255.0597 	EXP 	point_for: autoDraw = True
255.9853 	EXP 	point_for: autoDraw = False
256.0019 	EXP 	image_for: autoDraw = True
257.0541 	DATA 	Keypress: num_2
257.0572 	EXP 	New trial (rep=0, index=47): OrderedDict([('pic', u'pic/3.png'), ('ans', ['num_3']), ('cla', u'abb'), ('no', 44)])
257.1433 	EXP 	point_for: autoDraw = False
257.1433 	EXP 	image_for: autoDraw = False
257.1433 	EXP 	image_for: image = u'pic/3.png'
257.1433 	EXP 	point_for: autoDraw = True
258.0701 	EXP 	point_for: autoDraw = False
258.0868 	EXP 	image_for: autoDraw = True
258.8562 	DATA 	Keypress: num_3
258.8592 	EXP 	New trial (rep=0, index=48): OrderedDict([('pic', u'pic/7.png'), ('ans', ['num_7']), ('cla', u'abb'), ('no', 45)])
258.9435 	EXP 	point_for: autoDraw = False
258.9435 	EXP 	image_for: autoDraw = False
258.9435 	EXP 	image_for: image = u'pic/7.png'
258.9435 	EXP 	point_for: autoDraw = True
259.8724 	EXP 	point_for: autoDraw = False
259.8892 	EXP 	image_for: autoDraw = True
260.8586 	DATA 	Keypress: num_7
260.8616 	EXP 	New trial (rep=0, index=49): OrderedDict([('pic', u'pic/7.png'), ('ans', ['num_7']), ('cla', u'abb'), ('no', 46)])
260.9552 	EXP 	point_for: autoDraw = False
260.9552 	EXP 	image_for: autoDraw = False
260.9552 	EXP 	image_for: image = u'pic/7.png'
260.9552 	EXP 	point_for: autoDraw = True
261.8744 	EXP 	point_for: autoDraw = False
261.8912 	EXP 	image_for: autoDraw = True
262.4940 	DATA 	Keypress: num_7
262.4974 	EXP 	New trial (rep=0, index=50): OrderedDict([('pic', u'pic/9.png'), ('ans', ['num_9']), ('cla', u'huan'), ('no', -1)])
262.5899 	EXP 	point_for: autoDraw = False
262.5899 	EXP 	image_for: autoDraw = False
262.5899 	EXP 	image_for: image = u'pic/9.png'
262.5899 	EXP 	point_for: autoDraw = True
263.5094 	EXP 	point_for: autoDraw = False
263.5261 	EXP 	image_for: autoDraw = True
264.3286 	DATA 	Keypress: num_9
264.3316 	EXP 	New trial (rep=0, index=51): OrderedDict([('pic', u'pic/1.png'), ('ans', ['num_1']), ('cla', u'huan'), ('no', -1)])
264.4244 	EXP 	point_for: autoDraw = False
264.4244 	EXP 	image_for: autoDraw = False
264.4244 	EXP 	image_for: image = u'pic/1.png'
264.4244 	EXP 	point_for: autoDraw = True
265.3446 	EXP 	point_for: autoDraw = False
265.3613 	EXP 	image_for: autoDraw = True
266.1801 	DATA 	Keypress: num_1
266.1835 	EXP 	New trial (rep=0, index=52): OrderedDict([('pic', u'pic/2.png'), ('ans', ['num_2']), ('cla', u'wh'), ('no', 47)])
266.2715 	EXP 	point_for: autoDraw = False
266.2715 	EXP 	image_for: autoDraw = False
266.2715 	EXP 	image_for: image = u'pic/2.png'
266.2715 	EXP 	point_for: autoDraw = True
267.1967 	EXP 	point_for: autoDraw = False
267.2132 	EXP 	image_for: autoDraw = True
268.3496 	DATA 	Keypress: num_2
268.3526 	EXP 	New trial (rep=0, index=53): OrderedDict([('pic', u'pic/5.png'), ('ans', ['num_5']), ('cla', u'wh'), ('no', 48)])
268.4435 	EXP 	point_for: autoDraw = False
268.4435 	EXP 	image_for: autoDraw = False
268.4435 	EXP 	image_for: image = u'pic/5.png'
268.4435 	EXP 	point_for: autoDraw = True
269.3652 	EXP 	point_for: autoDraw = False
269.3816 	EXP 	image_for: autoDraw = True
269.9840 	DATA 	Keypress: num_5
269.9873 	EXP 	New trial (rep=0, index=54): OrderedDict([('pic', u'pic/8.png'), ('ans', ['num_8']), ('cla', u'wh'), ('no', 49)])
270.0860 	EXP 	point_for: autoDraw = False
270.0860 	EXP 	image_for: autoDraw = False
270.0860 	EXP 	image_for: image = u'pic/8.png'
270.0860 	EXP 	point_for: autoDraw = True
271.0005 	EXP 	point_for: autoDraw = False
271.0171 	EXP 	image_for: autoDraw = True
271.7193 	DATA 	Keypress: num_8
271.7374 	EXP 	New trial (rep=0, index=55): OrderedDict([('pic', u'pic/1.png'), ('ans', ['num_1']), ('cla', u'wh'), ('no', 50)])
271.8239 	EXP 	point_for: autoDraw = False
271.8239 	EXP 	image_for: autoDraw = False
271.8239 	EXP 	image_for: image = u'pic/1.png'
271.8239 	EXP 	point_for: autoDraw = True
272.7521 	EXP 	point_for: autoDraw = False
272.7687 	EXP 	image_for: autoDraw = True
273.4218 	DATA 	Keypress: num_4
273.9045 	DATA 	Keypress: num_4
274.1715 	DATA 	Keypress: num_1
274.1746 	EXP 	New trial (rep=0, index=56): OrderedDict([('pic', u'pic/4.png'), ('ans', ['num_4']), ('cla', u'wh'), ('no', 51)])
274.2586 	EXP 	point_for: autoDraw = False
274.2586 	EXP 	image_for: autoDraw = False
274.2586 	EXP 	image_for: image = u'pic/4.png'
274.2586 	EXP 	point_for: autoDraw = True
275.1874 	EXP 	point_for: autoDraw = False
275.2041 	EXP 	image_for: autoDraw = True
275.8230 	DATA 	Keypress: num_4
275.8262 	EXP 	New trial (rep=0, index=57): OrderedDict([('pic', u'pic/7.png'), ('ans', ['num_7']), ('cla', u'wh'), ('no', 52)])
275.9099 	EXP 	point_for: autoDraw = False
275.9099 	EXP 	image_for: autoDraw = False
275.9099 	EXP 	image_for: image = u'pic/7.png'
275.9099 	EXP 	point_for: autoDraw = True
276.8395 	EXP 	point_for: autoDraw = False
276.8561 	EXP 	image_for: autoDraw = True
277.4414 	DATA 	Keypress: num_7
277.4444 	EXP 	New trial (rep=0, index=58): OrderedDict([('pic', u'pic/1.png'), ('ans', ['num_1']), ('cla', u'wh'), ('no', 53)])
277.5333 	EXP 	point_for: autoDraw = False
277.5333 	EXP 	image_for: autoDraw = False
277.5333 	EXP 	image_for: image = u'pic/1.png'
277.5333 	EXP 	point_for: autoDraw = True
278.4573 	EXP 	point_for: autoDraw = False
278.4742 	EXP 	image_for: autoDraw = True
279.2439 	DATA 	Keypress: num_1
279.2470 	EXP 	New trial (rep=0, index=59): OrderedDict([('pic', u'pic/4.png'), ('ans', ['num_4']), ('cla', u'wh'), ('no', 54)])
279.3356 	EXP 	point_for: autoDraw = False
279.3356 	EXP 	image_for: autoDraw = False
279.3356 	EXP 	image_for: image = u'pic/4.png'
279.3356 	EXP 	point_for: autoDraw = True
280.2600 	EXP 	point_for: autoDraw = False
280.2762 	EXP 	image_for: autoDraw = True
280.9787 	DATA 	Keypress: num_4
280.9823 	EXP 	New trial (rep=0, index=60): OrderedDict([('pic', u'pic/7.png'), ('ans', ['num_7']), ('cla', u'wh'), ('no', 55)])
281.0702 	EXP 	point_for: autoDraw = False
281.0702 	EXP 	image_for: autoDraw = False
281.0702 	EXP 	image_for: image = u'pic/7.png'
281.0702 	EXP 	point_for: autoDraw = True
281.9946 	EXP 	point_for: autoDraw = False
282.0113 	EXP 	image_for: autoDraw = True
282.6471 	DATA 	Keypress: num_7
282.6508 	EXP 	New trial (rep=0, index=61): OrderedDict([('pic', u'pic/2.png'), ('ans', ['num_2']), ('cla', u'wh'), ('no', 56)])
282.7379 	EXP 	point_for: autoDraw = False
282.7379 	EXP 	image_for: autoDraw = False
282.7379 	EXP 	image_for: image = u'pic/2.png'
282.7379 	EXP 	point_for: autoDraw = True
283.6623 	EXP 	point_for: autoDraw = False
283.6790 	EXP 	image_for: autoDraw = True
284.4650 	DATA 	Keypress: num_2
284.4681 	EXP 	New trial (rep=0, index=62): OrderedDict([('pic', u'pic/5.png'), ('ans', ['num_5']), ('cla', u'wh'), ('no', 57)])
284.5709 	EXP 	point_for: autoDraw = False
284.5709 	EXP 	image_for: autoDraw = False
284.5709 	EXP 	image_for: image = u'pic/5.png'
284.5709 	EXP 	point_for: autoDraw = True
285.4809 	EXP 	point_for: autoDraw = False
285.4977 	EXP 	image_for: autoDraw = True
286.1501 	DATA 	Keypress: num_5
286.1532 	EXP 	New trial (rep=0, index=63): OrderedDict([('pic', u'pic/8.png'), ('ans', ['num_8']), ('cla', u'wh'), ('no', 58)])
286.2377 	EXP 	point_for: autoDraw = False
286.2377 	EXP 	image_for: autoDraw = False
286.2377 	EXP 	image_for: image = u'pic/8.png'
286.2377 	EXP 	point_for: autoDraw = True
287.1665 	EXP 	point_for: autoDraw = False
287.1832 	EXP 	image_for: autoDraw = True
287.8018 	DATA 	Keypress: num_8
287.8048 	EXP 	New trial (rep=0, index=64): OrderedDict([('pic', u'pic/9.png'), ('ans', ['num_9']), ('cla', u'cross'), ('no', 59)])
287.8914 	EXP 	point_for: autoDraw = False
287.8914 	EXP 	image_for: autoDraw = False
287.8914 	EXP 	image_for: image = u'pic/9.png'
287.8914 	EXP 	point_for: autoDraw = True
288.8180 	EXP 	point_for: autoDraw = False
288.8347 	EXP 	image_for: autoDraw = True
289.5037 	DATA 	Keypress: num_9
289.5068 	EXP 	New trial (rep=0, index=65): OrderedDict([('pic', u'pic/5.png'), ('ans', ['num_5']), ('cla', u'cross'), ('no', 60)])
289.6025 	EXP 	point_for: autoDraw = False
289.6025 	EXP 	image_for: autoDraw = False
289.6025 	EXP 	image_for: image = u'pic/5.png'
289.6025 	EXP 	point_for: autoDraw = True
290.5210 	EXP 	point_for: autoDraw = False
290.5364 	EXP 	image_for: autoDraw = True
291.0230 	DATA 	Keypress: num_5
291.0265 	EXP 	New trial (rep=0, index=66): OrderedDict([('pic', u'pic/1.png'), ('ans', ['num_1']), ('cla', u'cross'), ('no', 61)])
291.1363 	EXP 	point_for: autoDraw = False
291.1363 	EXP 	image_for: autoDraw = False
291.1363 	EXP 	image_for: image = u'pic/1.png'
291.1363 	EXP 	point_for: autoDraw = True
292.0382 	EXP 	point_for: autoDraw = False
292.0546 	EXP 	image_for: autoDraw = True
292.7918 	DATA 	Keypress: num_1
292.8090 	EXP 	New trial (rep=0, index=67): OrderedDict([('pic', u'pic/7.png'), ('ans', ['num_7']), ('cla', u'cross'), ('no', 62)])
292.8944 	EXP 	point_for: autoDraw = False
292.8944 	EXP 	image_for: autoDraw = False
292.8944 	EXP 	image_for: image = u'pic/7.png'
292.8944 	EXP 	point_for: autoDraw = True
293.8231 	EXP 	point_for: autoDraw = False
293.8398 	EXP 	image_for: autoDraw = True
294.4416 	DATA 	Keypress: num_7
294.4447 	EXP 	New trial (rep=0, index=68): OrderedDict([('pic', u'pic/5.png'), ('ans', ['num_5']), ('cla', u'cross'), ('no', 63)])
294.5323 	EXP 	point_for: autoDraw = False
294.5323 	EXP 	image_for: autoDraw = False
294.5323 	EXP 	image_for: image = u'pic/5.png'
294.5323 	EXP 	point_for: autoDraw = True
295.4584 	EXP 	point_for: autoDraw = False
295.4747 	EXP 	image_for: autoDraw = True
295.9265 	DATA 	Keypress: num_5
295.9295 	EXP 	New trial (rep=0, index=69): OrderedDict([('pic', u'pic/3.png'), ('ans', ['num_3']), ('cla', u'cross'), ('no', 64)])
296.0250 	EXP 	point_for: autoDraw = False
296.0250 	EXP 	image_for: autoDraw = False
296.0250 	EXP 	image_for: image = u'pic/3.png'
296.0250 	EXP 	point_for: autoDraw = True
296.9429 	EXP 	point_for: autoDraw = False
296.9596 	EXP 	image_for: autoDraw = True
297.6781 	DATA 	Keypress: num_3
297.6791 	DATA 	Keypress: num_5
297.6820 	EXP 	New trial (rep=0, index=70): OrderedDict([('pic', u'pic/7.png'), ('ans', ['num_7']), ('cla', u'cross'), ('no', 65)])
297.7727 	EXP 	point_for: autoDraw = False
297.7727 	EXP 	image_for: autoDraw = False
297.7727 	EXP 	image_for: image = u'pic/7.png'
297.7727 	EXP 	point_for: autoDraw = True
298.6940 	EXP 	point_for: autoDraw = False
298.7110 	EXP 	image_for: autoDraw = True
299.4636 	DATA 	Keypress: num_7
299.4669 	EXP 	New trial (rep=0, index=71): OrderedDict([('pic', u'pic/5.png'), ('ans', ['num_5']), ('cla', u'cross'), ('no', 66)])
299.5634 	EXP 	point_for: autoDraw = False
299.5634 	EXP 	image_for: autoDraw = False
299.5634 	EXP 	image_for: image = u'pic/5.png'
299.5634 	EXP 	point_for: autoDraw = True
300.4797 	EXP 	point_for: autoDraw = False
300.4964 	EXP 	image_for: autoDraw = True
300.9821 	DATA 	Keypress: num_5
300.9856 	EXP 	New trial (rep=0, index=72): OrderedDict([('pic', u'pic/3.png'), ('ans', ['num_3']), ('cla', u'cross'), ('no', 67)])
301.0885 	EXP 	point_for: autoDraw = False
301.0885 	EXP 	image_for: autoDraw = False
301.0885 	EXP 	image_for: image = u'pic/3.png'
301.0885 	EXP 	point_for: autoDraw = True
301.9979 	EXP 	point_for: autoDraw = False
302.0145 	EXP 	image_for: autoDraw = True
302.7855 	DATA 	Keypress: num_3
302.7896 	EXP 	New trial (rep=0, index=73): OrderedDict([('pic', u'pic/9.png'), ('ans', ['num_9']), ('cla', u'cross'), ('no', 68)])
302.8810 	EXP 	point_for: autoDraw = False
302.8810 	EXP 	image_for: autoDraw = False
302.8810 	EXP 	image_for: image = u'pic/9.png'
302.8810 	EXP 	point_for: autoDraw = True
303.8001 	EXP 	point_for: autoDraw = False
303.8164 	EXP 	image_for: autoDraw = True
304.6529 	DATA 	Keypress: num_9
304.6560 	EXP 	New trial (rep=0, index=74): OrderedDict([('pic', u'pic/5.png'), ('ans', ['num_5']), ('cla', u'cross'), ('no', 69)])
304.7382 	EXP 	point_for: autoDraw = False
304.7382 	EXP 	image_for: autoDraw = False
304.7382 	EXP 	image_for: image = u'pic/5.png'
304.7382 	EXP 	point_for: autoDraw = True
305.6681 	EXP 	point_for: autoDraw = False
305.6849 	EXP 	image_for: autoDraw = True
306.0700 	DATA 	Keypress: num_5
306.0731 	EXP 	New trial (rep=0, index=75): OrderedDict([('pic', u'pic/1.png'), ('ans', ['num_1']), ('cla', u'cross'), ('no', 70)])
306.1581 	EXP 	point_for: autoDraw = False
306.1581 	EXP 	image_for: autoDraw = False
306.1581 	EXP 	image_for: image = u'pic/1.png'
306.1581 	EXP 	point_for: autoDraw = True
307.0858 	EXP 	point_for: autoDraw = False
307.1030 	EXP 	image_for: autoDraw = True
307.8223 	DATA 	Keypress: num_1
307.8261 	EXP 	New trial (rep=0, index=76): OrderedDict([('pic', u'pic/9.png'), ('ans', ['num_9']), ('cla', u'huan'), ('no', -1)])
307.9149 	EXP 	point_for: autoDraw = False
307.9149 	EXP 	image_for: autoDraw = False
307.9149 	EXP 	image_for: image = u'pic/9.png'
307.9149 	EXP 	point_for: autoDraw = True
308.8381 	EXP 	point_for: autoDraw = False
308.8551 	EXP 	image_for: autoDraw = True
309.5241 	DATA 	Keypress: num_9
309.5274 	EXP 	New trial (rep=0, index=77): OrderedDict([('pic', u'pic/8.png'), ('ans', ['num_8']), ('cla', u'huan'), ('no', -1)])
309.6072 	EXP 	point_for: autoDraw = False
309.6072 	EXP 	image_for: autoDraw = False
309.6072 	EXP 	image_for: image = u'pic/8.png'
309.6072 	EXP 	point_for: autoDraw = True
310.5398 	EXP 	point_for: autoDraw = False
310.5565 	EXP 	image_for: autoDraw = True
311.2083 	DATA 	Keypress: num_8
311.2113 	EXP 	New trial (rep=0, index=78): OrderedDict([('pic', u'pic/7.png'), ('ans', ['num_7']), ('cla', u'abc3'), ('no', 71)])
311.3018 	EXP 	point_for: autoDraw = False
311.3018 	EXP 	image_for: autoDraw = False
311.3018 	EXP 	image_for: image = u'pic/7.png'
311.3018 	EXP 	point_for: autoDraw = True
312.2250 	EXP 	point_for: autoDraw = False
312.2415 	EXP 	image_for: autoDraw = True
312.9770 	DATA 	Keypress: num_7
312.9805 	EXP 	New trial (rep=0, index=79): OrderedDict([('pic', u'pic/1.png'), ('ans', ['num_1']), ('cla', u'abc3'), ('no', 72)])
313.0715 	EXP 	point_for: autoDraw = False
313.0715 	EXP 	image_for: autoDraw = False
313.0715 	EXP 	image_for: image = u'pic/1.png'
313.0715 	EXP 	point_for: autoDraw = True
313.9928 	EXP 	point_for: autoDraw = False
314.0095 	EXP 	image_for: autoDraw = True
314.9289 	DATA 	Keypress: num_1
314.9319 	EXP 	New trial (rep=0, index=80): OrderedDict([('pic', u'pic/5.png'), ('ans', ['num_5']), ('cla', u'abc3'), ('no', 73)])
315.0226 	EXP 	point_for: autoDraw = False
315.0226 	EXP 	image_for: autoDraw = False
315.0226 	EXP 	image_for: image = u'pic/5.png'
315.0226 	EXP 	point_for: autoDraw = True
315.9452 	EXP 	point_for: autoDraw = False
315.9619 	EXP 	image_for: autoDraw = True
316.4151 	DATA 	Keypress: num_5
316.4182 	EXP 	New trial (rep=0, index=81): OrderedDict([('pic', u'pic/7.png'), ('ans', ['num_7']), ('cla', u'abc3'), ('no', 74)])
316.5100 	EXP 	point_for: autoDraw = False
316.5100 	EXP 	image_for: autoDraw = False
316.5100 	EXP 	image_for: image = u'pic/7.png'
316.5100 	EXP 	point_for: autoDraw = True
317.4301 	EXP 	point_for: autoDraw = False
317.4466 	EXP 	image_for: autoDraw = True
318.1486 	DATA 	Keypress: num_7
318.1521 	EXP 	New trial (rep=0, index=82): OrderedDict([('pic', u'pic/1.png'), ('ans', ['num_1']), ('cla', u'abc3'), ('no', 75)])
318.2412 	EXP 	point_for: autoDraw = False
318.2412 	EXP 	image_for: autoDraw = False
318.2412 	EXP 	image_for: image = u'pic/1.png'
318.2412 	EXP 	point_for: autoDraw = True
319.1651 	EXP 	point_for: autoDraw = False
319.1817 	EXP 	image_for: autoDraw = True
319.9675 	DATA 	Keypress: num_1
319.9705 	EXP 	New trial (rep=0, index=83): OrderedDict([('pic', u'pic/5.png'), ('ans', ['num_5']), ('cla', u'abc3'), ('no', 76)])
320.0591 	EXP 	point_for: autoDraw = False
320.0591 	EXP 	image_for: autoDraw = False
320.0591 	EXP 	image_for: image = u'pic/5.png'
320.0591 	EXP 	point_for: autoDraw = True
320.9837 	EXP 	point_for: autoDraw = False
321.0006 	EXP 	image_for: autoDraw = True
321.4197 	DATA 	Keypress: num_4
321.4368 	DATA 	Keypress: num_5
321.4400 	EXP 	New trial (rep=0, index=84): OrderedDict([('pic', u'pic/7.png'), ('ans', ['num_7']), ('cla', u'abc3'), ('no', 77)])
321.5425 	EXP 	point_for: autoDraw = False
321.5425 	EXP 	image_for: autoDraw = False
321.5425 	EXP 	image_for: image = u'pic/7.png'
321.5425 	EXP 	point_for: autoDraw = True
322.4517 	EXP 	point_for: autoDraw = False
322.4698 	EXP 	image_for: autoDraw = True
322.9877 	DATA 	Keypress: num_7
322.9908 	EXP 	New trial (rep=0, index=85): OrderedDict([('pic', u'pic/1.png'), ('ans', ['num_1']), ('cla', u'abc3'), ('no', 78)])
323.0872 	EXP 	point_for: autoDraw = False
323.0872 	EXP 	image_for: autoDraw = False
323.0872 	EXP 	image_for: image = u'pic/1.png'
323.0872 	EXP 	point_for: autoDraw = True
324.0028 	EXP 	point_for: autoDraw = False
324.0193 	EXP 	image_for: autoDraw = True
324.6385 	DATA 	Keypress: num_1
324.6415 	EXP 	New trial (rep=0, index=86): OrderedDict([('pic', u'pic/5.png'), ('ans', ['num_5']), ('cla', u'abc3'), ('no', 79)])
324.7302 	EXP 	point_for: autoDraw = False
324.7302 	EXP 	image_for: autoDraw = False
324.7302 	EXP 	image_for: image = u'pic/5.png'
324.7302 	EXP 	point_for: autoDraw = True
325.6549 	EXP 	point_for: autoDraw = False
325.6724 	EXP 	image_for: autoDraw = True
326.0399 	DATA 	Keypress: num_5
326.0432 	EXP 	New trial (rep=0, index=87): OrderedDict([('pic', u'pic/9.png'), ('ans', ['num_9']), ('cla', u'abc3'), ('no', 80)])
326.1377 	EXP 	point_for: autoDraw = False
326.1377 	EXP 	image_for: autoDraw = False
326.1377 	EXP 	image_for: image = u'pic/9.png'
326.1377 	EXP 	point_for: autoDraw = True
327.0568 	EXP 	point_for: autoDraw = False
327.0730 	EXP 	image_for: autoDraw = True
327.8433 	DATA 	Keypress: num_9
327.8477 	EXP 	New trial (rep=0, index=88): OrderedDict([('pic', u'pic/6.png'), ('ans', ['num_6']), ('cla', u'abc3'), ('no', 81)])
327.9446 	EXP 	point_for: autoDraw = False
327.9446 	EXP 	image_for: autoDraw = False
327.9446 	EXP 	image_for: image = u'pic/6.png'
327.9446 	EXP 	point_for: autoDraw = True
328.8582 	EXP 	point_for: autoDraw = False
328.8752 	EXP 	image_for: autoDraw = True
329.4606 	DATA 	Keypress: num_6
329.4637 	EXP 	New trial (rep=0, index=89): OrderedDict([('pic', u'pic/2.png'), ('ans', ['num_2']), ('cla', u'abc3'), ('no', 82)])
329.5529 	EXP 	point_for: autoDraw = False
329.5529 	EXP 	image_for: autoDraw = False
329.5529 	EXP 	image_for: image = u'pic/2.png'
329.5529 	EXP 	point_for: autoDraw = True
330.4761 	EXP 	point_for: autoDraw = False
330.4925 	EXP 	image_for: autoDraw = True
331.2293 	DATA 	Keypress: num_2
331.2324 	EXP 	New trial (rep=0, index=90): OrderedDict([('pic', u'pic/9.png'), ('ans', ['num_9']), ('cla', u'abc3'), ('no', 83)])
331.3163 	EXP 	point_for: autoDraw = False
331.3163 	EXP 	image_for: autoDraw = False
331.3163 	EXP 	image_for: image = u'pic/9.png'
331.3163 	EXP 	point_for: autoDraw = True
332.2449 	EXP 	point_for: autoDraw = False
332.2614 	EXP 	image_for: autoDraw = True
332.8635 	DATA 	Keypress: num_9
332.8666 	EXP 	New trial (rep=0, index=91): OrderedDict([('pic', u'pic/6.png'), ('ans', ['num_6']), ('cla', u'abc3'), ('no', 84)])
332.9627 	EXP 	point_for: autoDraw = False
332.9627 	EXP 	image_for: autoDraw = False
332.9627 	EXP 	image_for: image = u'pic/6.png'
332.9627 	EXP 	point_for: autoDraw = True
333.8805 	EXP 	point_for: autoDraw = False
333.8964 	EXP 	image_for: autoDraw = True
334.3316 	DATA 	Keypress: num_6
334.3346 	EXP 	New trial (rep=0, index=92): OrderedDict([('pic', u'pic/2.png'), ('ans', ['num_2']), ('cla', u'abc3'), ('no', 85)])
334.4175 	EXP 	point_for: autoDraw = False
334.4175 	EXP 	image_for: autoDraw = False
334.4175 	EXP 	image_for: image = u'pic/2.png'
334.4175 	EXP 	point_for: autoDraw = True
335.3479 	EXP 	point_for: autoDraw = False
335.3645 	EXP 	image_for: autoDraw = True
335.9834 	DATA 	Keypress: num_2
335.9867 	EXP 	New trial (rep=0, index=93): OrderedDict([('pic', u'pic/9.png'), ('ans', ['num_9']), ('cla', u'abc3'), ('no', 86)])
336.0798 	EXP 	point_for: autoDraw = False
336.0798 	EXP 	image_for: autoDraw = False
336.0798 	EXP 	image_for: image = u'pic/9.png'
336.0798 	EXP 	point_for: autoDraw = True
336.9992 	EXP 	point_for: autoDraw = False
337.0162 	EXP 	image_for: autoDraw = True
337.5182 	DATA 	Keypress: num_9
337.5218 	EXP 	New trial (rep=0, index=94): OrderedDict([('pic', u'pic/6.png'), ('ans', ['num_6']), ('cla', u'abc3'), ('no', 87)])
337.6171 	EXP 	point_for: autoDraw = False
337.6171 	EXP 	image_for: autoDraw = False
337.6171 	EXP 	image_for: image = u'pic/6.png'
337.6171 	EXP 	point_for: autoDraw = True
338.5344 	EXP 	point_for: autoDraw = False
338.5511 	EXP 	image_for: autoDraw = True
338.9862 	DATA 	Keypress: num_6
338.9892 	EXP 	New trial (rep=0, index=95): OrderedDict([('pic', u'pic/2.png'), ('ans', ['num_2']), ('cla', u'abc3'), ('no', 88)])
339.0810 	EXP 	point_for: autoDraw = False
339.0810 	EXP 	image_for: autoDraw = False
339.0810 	EXP 	image_for: image = u'pic/2.png'
339.0810 	EXP 	point_for: autoDraw = True
340.0021 	EXP 	point_for: autoDraw = False
340.0188 	EXP 	image_for: autoDraw = True
340.6212 	DATA 	Keypress: num_2
340.6243 	EXP 	New trial (rep=0, index=96): OrderedDict([('pic', u'pic/3.png'), ('ans', ['num_3']), ('cla', u'abc3'), ('no', 89)])
340.7092 	EXP 	point_for: autoDraw = False
340.7092 	EXP 	image_for: autoDraw = False
340.7092 	EXP 	image_for: image = u'pic/3.png'
340.7092 	EXP 	point_for: autoDraw = True
341.6375 	EXP 	point_for: autoDraw = False
341.6540 	EXP 	image_for: autoDraw = True
342.3068 	DATA 	Keypress: num_5
342.3110 	DATA 	Keypress: num_3
342.3261 	EXP 	New trial (rep=0, index=97): OrderedDict([('pic', u'pic/2.png'), ('ans', ['num_2']), ('cla', u'abc3'), ('no', 90)])
342.4094 	EXP 	point_for: autoDraw = False
342.4094 	EXP 	image_for: autoDraw = False
342.4094 	EXP 	image_for: image = u'pic/2.png'
342.4094 	EXP 	point_for: autoDraw = True
343.3396 	EXP 	point_for: autoDraw = False
343.3570 	EXP 	image_for: autoDraw = True
343.9595 	DATA 	Keypress: num_6
344.0747 	DATA 	Keypress: num_2
344.0778 	EXP 	New trial (rep=0, index=98): OrderedDict([('pic', u'pic/8.png'), ('ans', ['num_8']), ('cla', u'abc3'), ('no', 91)])
344.1656 	EXP 	point_for: autoDraw = False
344.1656 	EXP 	image_for: autoDraw = False
344.1656 	EXP 	image_for: image = u'pic/8.png'
344.1656 	EXP 	point_for: autoDraw = True
345.0910 	EXP 	point_for: autoDraw = False
345.1077 	EXP 	image_for: autoDraw = True
345.7774 	DATA 	Keypress: num_8
345.7812 	EXP 	New trial (rep=0, index=99): OrderedDict([('pic', u'pic/3.png'), ('ans', ['num_3']), ('cla', u'abc3'), ('no', 92)])
345.8638 	DATA 	Keypress: num_4
345.8698 	EXP 	point_for: autoDraw = False
345.8698 	EXP 	image_for: autoDraw = False
345.8698 	EXP 	image_for: image = u'pic/3.png'
345.8698 	EXP 	point_for: autoDraw = True
346.7926 	EXP 	point_for: autoDraw = False
346.8094 	EXP 	image_for: autoDraw = True
347.5625 	DATA 	Keypress: num_3
347.5664 	EXP 	New trial (rep=0, index=100): OrderedDict([('pic', u'pic/2.png'), ('ans', ['num_2']), ('cla', u'abc3'), ('no', 93)])
347.6634 	EXP 	point_for: autoDraw = False
347.6634 	EXP 	image_for: autoDraw = False
347.6634 	EXP 	image_for: image = u'pic/2.png'
347.6634 	EXP 	point_for: autoDraw = True
348.5785 	EXP 	point_for: autoDraw = False
348.5952 	EXP 	image_for: autoDraw = True
349.4303 	DATA 	Keypress: num_2
349.4336 	EXP 	New trial (rep=0, index=101): OrderedDict([('pic', u'pic/8.png'), ('ans', ['num_8']), ('cla', u'abc3'), ('no', 94)])
349.5234 	EXP 	point_for: autoDraw = False
349.5234 	EXP 	image_for: autoDraw = False
349.5234 	EXP 	image_for: image = u'pic/8.png'
349.5234 	EXP 	point_for: autoDraw = True
350.4466 	EXP 	point_for: autoDraw = False
350.4629 	EXP 	image_for: autoDraw = True
351.0005 	DATA 	Keypress: num_8
351.0042 	EXP 	New trial (rep=0, index=102): OrderedDict([('pic', u'pic/3.png'), ('ans', ['num_3']), ('cla', u'abc3'), ('no', 95)])
351.1113 	EXP 	point_for: autoDraw = False
351.1113 	EXP 	image_for: autoDraw = False
351.1113 	EXP 	image_for: image = u'pic/3.png'
351.1113 	EXP 	point_for: autoDraw = True
352.0145 	EXP 	point_for: autoDraw = False
352.0313 	EXP 	image_for: autoDraw = True
352.7834 	DATA 	Keypress: num_3
352.7864 	EXP 	New trial (rep=0, index=103): OrderedDict([('pic', u'pic/2.png'), ('ans', ['num_2']), ('cla', u'abc3'), ('no', 96)])
352.8747 	EXP 	point_for: autoDraw = False
352.8747 	EXP 	image_for: autoDraw = False
352.8747 	EXP 	image_for: image = u'pic/2.png'
352.8747 	EXP 	point_for: autoDraw = True
353.7997 	EXP 	point_for: autoDraw = False
353.8164 	EXP 	image_for: autoDraw = True
354.6031 	DATA 	Keypress: num_2
354.6067 	EXP 	New trial (rep=0, index=104): OrderedDict([('pic', u'pic/8.png'), ('ans', ['num_8']), ('cla', u'abc3'), ('no', 97)])
354.6931 	EXP 	point_for: autoDraw = False
354.6931 	EXP 	image_for: autoDraw = False
354.6931 	EXP 	image_for: image = u'pic/8.png'
354.6931 	EXP 	point_for: autoDraw = True
355.6192 	EXP 	point_for: autoDraw = False
355.6355 	EXP 	image_for: autoDraw = True
356.1200 	DATA 	Keypress: num_8
356.8784 	EXP 	window1: mouseVisible = True
